#
# A fatal error has been detected by the Java Runtime Environment:
#
#  SIGSEGV (0xb) at pc=0x00007f57c550d99e, pid=6171, tid=0x00007f57ad86e700
#
# JRE version: Java(TM) SE Runtime Environment (8.0_181-b13) (build 1.8.0_181-b13)
# Java VM: Java HotSpot(TM) 64-Bit Server VM (25.181-b13 mixed mode linux-amd64 compressed oops)
# Problematic frame:
# C  [libc.so.6+0x7f99e]  fwrite+0x1e
#
# Failed to write core dump. Core dumps have been disabled. To enable core dumping, try "ulimit -c unlimited" before starting Java again
#
# If you would like to submit a bug report, please visit:
#   http://bugreport.java.com/bugreport/crash.jsp
# The crash happened outside the Java Virtual Machine in native code.
# See problematic frame for where to report the bug.
#

---------------  T H R E A D  ---------------

Current thread (0x00007f57c0158000):  JavaThread "prism" [_thread_in_native, id=6181, stack(0x00007f57ad76e000,0x00007f57ad86f000)]

siginfo: si_signo: 11 (SIGSEGV), si_code: 1 (SEGV_MAPERR), si_addr: 0x0000000000000000

Registers:
RAX=0x0000000000000006, RBX=0x00007f57c01581f8, RCX=0x0000000000000000, RDX=0x0000000000000006
RSP=0x00007f57ad86d4e0, RBP=0x0000000000000006, RSI=0x0000000000000001, RDI=0x00007f57942154d0
R8 =0x000000000000000a, R9 =0x00007f57942154d6, R10=0x0000000000000016, R11=0x00007f57c550d980
R12=0x00007f57ad86d5c8, R13=0x0000000000000000, R14=0x00007f57ad86d5d8, R15=0x00007f57c0158000
RIP=0x00007f57c550d99e, EFLAGS=0x0000000000010206, CSGSFS=0x002b000000000033, ERR=0x0000000000000004
  TRAPNO=0x000000000000000e

Top of Stack: (sp=0x00007f57ad86d4e0)
0x00007f57ad86d4e0:   0000000000000000 00007f57c01581f8
0x00007f57ad86d4f0:   00007f57942154d0 00007f57ad86d5c8
0x00007f57ad86d500:   0000000000000000 00007f57ad86d5d8
0x00007f57ad86d510:   00007f57c0158000 00007f57ad56bf6f
0x00007f57ad86d520:   0000000000000000 00007f57af0ceb60
0x00007f57ad86d530:   00007f57ad86d5a8 0000000000000000
0x00007f57ad86d540:   00007f57af0ceb60 00007f57aff77667
0x00007f57ad86d550:   00007f57ad86d5a8 00007f57aff773c7
0x00007f57ad86d560:   00007f57aff77382 00007f57ad86d568
0x00007f57ad86d570:   00007f57af0ceb60 00007f57ad86d5d8
0x00007f57ad86d580:   00007f57af0cedc8 0000000000000000
0x00007f57ad86d590:   00007f57af0ceb60 0000000000000000
0x00007f57ad86d5a0:   00007f57ad86d5c8 00007f57ad86d620
0x00007f57ad86d5b0:   00007f57aff672bd 000000073b84c248
0x00007f57ad86d5c0:   00007f57aff70d18 000000073c37ef00
0x00007f57ad86d5d0:   0000000000000000 000000073b8483f0
0x00007f57ad86d5e0:   00007f57ad86d5e0 00007f57af0cbdd5
0x00007f57ad86d5f0:   00007f57ad86d638 00007f57af0ccaf0
0x00007f57ad86d600:   0000000000000000 00007f57af0cbde0
0x00007f57ad86d610:   00007f57ad86d5c8 00007f57ad86d630
0x00007f57ad86d620:   00007f57ad86d680 00007f57aff672bd
0x00007f57ad86d630:   000000073c37ef00 000000073b8483f0
0x00007f57ad86d640:   00007f57ad86d640 00007f57af0cbca2
0x00007f57ad86d650:   00007f57ad86d698 00007f57af0ccaf0
0x00007f57ad86d660:   0000000000000000 00007f57af0cbcb0
0x00007f57ad86d670:   00007f57ad86d630 00007f57ad86d690
0x00007f57ad86d680:   00007f57ad86d6e0 00007f57aff672bd
0x00007f57ad86d690:   000000073c37ef00 000000073b8483f0
0x00007f57ad86d6a0:   00007f57ad86d6a0 00007f57af0da76b
0x00007f57ad86d6b0:   00007f57ad86d708 00007f57af106028
0x00007f57ad86d6c0:   0000000000000000 00007f57af0da8d0
0x00007f57ad86d6d0:   00007f57ad86d690 00007f57ad86d708 

Instructions: (pc=0x00007f57c550d99e)
0x00007f57c550d97e:   1f 00 41 57 41 56 41 55 41 54 55 48 89 f5 53 48
0x00007f57c550d98e:   0f af ea 48 83 ec 08 48 85 ed 0f 84 41 01 00 00
0x00007f57c550d99e:   8b 01 49 89 fe 49 89 f5 49 89 c8 25 00 80 00 00
0x00007f57c550d9ae:   75 56 48 8b 99 88 00 00 00 64 4c 8b 24 25 10 00 

Register to memory mapping:

RAX=0x0000000000000006 is an unknown value
RBX=0x00007f57c01581f8 is an unknown value
RCX=0x0000000000000000 is an unknown value
RDX=0x0000000000000006 is an unknown value
RSP=0x00007f57ad86d4e0 is pointing into the stack for thread: 0x00007f57c0158000
RBP=0x0000000000000006 is an unknown value
RSI=0x0000000000000001 is an unknown value
RDI=0x00007f57942154d0 is an unknown value
R8 =0x000000000000000a is an unknown value
R9 =0x00007f57942154d6 is an unknown value
R10=0x0000000000000016 is an unknown value
R11=0x00007f57c550d980: fwrite+0 in /lib/x86_64-linux-gnu/libc.so.6 at 0x00007f57c548e000
R12=0x00007f57ad86d5c8 is pointing into the stack for thread: 0x00007f57c0158000
R13=0x0000000000000000 is an unknown value
R14=0x00007f57ad86d5d8 is pointing into the stack for thread: 0x00007f57c0158000
R15=0x00007f57c0158000 is a thread


Stack: [0x00007f57ad76e000,0x00007f57ad86f000],  sp=0x00007f57ad86d4e0,  free space=1021k
Native frames: (J=compiled Java code, j=interpreted, Vv=VM code, C=native code)
C  [libc.so.6+0x7f99e]  fwrite+0x1e

Java frames: (J=compiled Java code, j=interpreted, Vv=VM code)
j  prism.PrismNative.PN_PrintToFile(JLjava/lang/String;)V+0
j  prism.PrismFileLog.printToLog(Ljava/lang/String;)V+5
j  prism.PrismFileLog.print(Ljava/lang/String;)V+2
j  prism.Prism.initialise()V+51
j  checkers.Checker.startPrism()V+55
j  checkers.PrismThread.startPrism()V+40
j  checkers.PrismThread.run()V+16
j  java.lang.Thread.run()V+11
v  ~StubRoutines::call_stub

---------------  P R O C E S S  ---------------

Java Threads: ( => current thread )
  0x00007f579418d800 JavaThread "Image Fetcher 0" daemon [_thread_blocked, id=6200, stack(0x00007f578e71c000,0x00007f578e81d000)]
  0x00007f5794164800 JavaThread "AWT-EventQueue-0" [_thread_blocked, id=6188, stack(0x00007f578ea1d000,0x00007f578eb1e000)]
  0x00007f5794162800 JavaThread "AWT-Shutdown" [_thread_blocked, id=6187, stack(0x00007f578eb1e000,0x00007f578ec1f000)]
  0x00007f579412f000 JavaThread "AWT-XAWT" daemon [_thread_in_native, id=6186, stack(0x00007f578ee1f000,0x00007f578ef20000)]
  0x00007f579410d800 JavaThread "Java2D Disposer" daemon [_thread_blocked, id=6185, stack(0x00007f57ac041000,0x00007f57ac142000)]
=>0x00007f57c0158000 JavaThread "prism" [_thread_in_native, id=6181, stack(0x00007f57ad76e000,0x00007f57ad86f000)]
  0x00007f57c00b6000 JavaThread "Service Thread" daemon [_thread_blocked, id=6179, stack(0x00007f57ada05000,0x00007f57adb06000)]
  0x00007f57c00b3000 JavaThread "C1 CompilerThread1" daemon [_thread_blocked, id=6178, stack(0x00007f57adb07000,0x00007f57adc07000)]
  0x00007f57c00b0800 JavaThread "C2 CompilerThread0" daemon [_thread_blocked, id=6177, stack(0x00007f57adc08000,0x00007f57add08000)]
  0x00007f57c00af000 JavaThread "Signal Dispatcher" daemon [_thread_blocked, id=6176, stack(0x00007f57add08000,0x00007f57ade09000)]
  0x00007f57c007c000 JavaThread "Finalizer" daemon [_thread_blocked, id=6175, stack(0x00007f57ae7d8000,0x00007f57ae8d9000)]
  0x00007f57c0079800 JavaThread "Reference Handler" daemon [_thread_blocked, id=6174, stack(0x00007f57ae8d9000,0x00007f57ae9da000)]
  0x00007f57c000b000 JavaThread "main" [_thread_blocked, id=6172, stack(0x00007f57c5fca000,0x00007f57c60ca000)]

Other Threads:
  0x00007f57c0070000 VMThread [stack: 0x00007f57ae9db000,0x00007f57aeadb000] [id=6173]
  0x00007f57c00bb000 WatcherThread [stack: 0x00007f57ad905000,0x00007f57ada05000] [id=6180]

VM state:not at safepoint (normal execution)

VM Mutex/Monitor currently owned by a thread: None

Heap:
 def new generation   total 41152K, used 14681K [0x000000073b600000, 0x000000073e2a0000, 0x0000000767950000)
  eden space 36608K,  40% used [0x000000073b600000, 0x000000073c4567a8, 0x000000073d9c0000)
  from space 4544K,   0% used [0x000000073d9c0000, 0x000000073d9c0000, 0x000000073de30000)
  to   space 4544K,   0% used [0x000000073de30000, 0x000000073de30000, 0x000000073e2a0000)
 tenured generation   total 91520K, used 0K [0x0000000767950000, 0x000000076d2b0000, 0x00000007c0000000)
   the space 91520K,   0% used [0x0000000767950000, 0x0000000767950000, 0x0000000767950200, 0x000000076d2b0000)
 Metaspace       used 13738K, capacity 13986K, committed 14208K, reserved 1060864K
  class space    used 1742K, capacity 1816K, committed 1920K, reserved 1048576K

Card table byte_map: [0x00007f57af779000,0x00007f57afb9f000] byte_map_base: 0x00007f57abd9e000

Polling page: 0x00007f57c60de000

CodeCache: size=245760Kb used=3302Kb max_used=3303Kb free=242458Kb
 bounds [0x00007f57aff5f000, 0x00007f57b029f000, 0x00007f57bef5f000]
 total_blobs=1412 nmethods=894 adapters=431
 compilation: enabled

Compilation events (10 events):
Event: 1.405 Thread 0x00007f57c00b3000  890       3       javax.swing.plaf.metal.MetalScrollBarUI$ScrollBarListener::handlePropertyChange (163 bytes)
Event: 1.405 Thread 0x00007f57c00b3000 nmethod 890 0x00007f57b029a650 code [0x00007f57b029a800, 0x00007f57b029b010]
Event: 1.406 Thread 0x00007f57c00b3000  891       3       javax.swing.text.SimpleAttributeSet::addAttribute (11 bytes)
Event: 1.406 Thread 0x00007f57c00b3000 nmethod 891 0x00007f57b0299e50 code [0x00007f57b0299fe0, 0x00007f57b029a490]
Event: 1.406 Thread 0x00007f57c00b3000  892       3       javax.swing.plaf.basic.BasicComboBoxUI::getHandler (25 bytes)
Event: 1.407 Thread 0x00007f57c00b3000 nmethod 892 0x00007f57b0299850 code [0x00007f57b02999c0, 0x00007f57b0299cf0]
Event: 1.407 Thread 0x00007f57c00b3000  893       1       settings.Setting::getKey (5 bytes)
Event: 1.407 Thread 0x00007f57c00b3000 nmethod 893 0x00007f57b0294190 code [0x00007f57b02942e0, 0x00007f57b02943f0]
Event: 1.407 Thread 0x00007f57c00b3000  894       3       settings.DefaultSettingOwner::getSetting (12 bytes)
Event: 1.407 Thread 0x00007f57c00b3000 nmethod 894 0x00007f57b0298e50 code [0x00007f57b0299000, 0x00007f57b02994f0]

GC Heap History (0 events):
No events

Deoptimization events (4 events):
Event: 1.090 Thread 0x00007f57c0158000 Uncommon trap: reason=bimorphic action=maybe_recompile pc=0x00007f57b01d3e0c method=javax.swing.UIDefaults.getFromHashtable(Ljava/lang/Object;)Ljava/lang/Object; @ 126
Event: 1.093 Thread 0x00007f57c0158000 Uncommon trap: reason=bimorphic action=maybe_recompile pc=0x00007f57b01d3e0c method=javax.swing.UIDefaults.getFromHashtable(Ljava/lang/Object;)Ljava/lang/Object; @ 126
Event: 1.094 Thread 0x00007f57c0158000 Uncommon trap: reason=bimorphic action=maybe_recompile pc=0x00007f57b01d3e0c method=javax.swing.UIDefaults.getFromHashtable(Ljava/lang/Object;)Ljava/lang/Object; @ 126
Event: 1.094 Thread 0x00007f57c0158000 Uncommon trap: reason=bimorphic action=maybe_recompile pc=0x00007f57b01d3e0c method=javax.swing.UIDefaults.getFromHashtable(Ljava/lang/Object;)Ljava/lang/Object; @ 126

Classes redefined (0 events):
No events

Internal exceptions (10 events):
Event: 0.046 Thread 0x00007f57c000b000 Exception <a 'java/lang/NoSuchMethodError': Method sun.misc.Unsafe.defineClass(Ljava/lang/String;[BII)Ljava/lang/Class; name or signature does not match> (0x000000073b607cb0) thrown at [/HUDSON/workspace/8-2-build-linux-amd64/jdk8u181/11358/hotspot/src/sh
Event: 0.046 Thread 0x00007f57c000b000 Exception <a 'java/lang/NoSuchMethodError': Method sun.misc.Unsafe.prefetchRead(Ljava/lang/Object;J)V name or signature does not match> (0x000000073b607f98) thrown at [/HUDSON/workspace/8-2-build-linux-amd64/jdk8u181/11358/hotspot/src/share/vm/prims/jni.c
Event: 0.155 Thread 0x00007f57c000b000 Exception <a 'java/security/PrivilegedActionException'> (0x000000073b681e98) thrown at [/HUDSON/workspace/8-2-build-linux-amd64/jdk8u181/11358/hotspot/src/share/vm/prims/jvm.cpp, line 1435]
Event: 0.155 Thread 0x00007f57c000b000 Exception <a 'java/security/PrivilegedActionException'> (0x000000073b6820a8) thrown at [/HUDSON/workspace/8-2-build-linux-amd64/jdk8u181/11358/hotspot/src/share/vm/prims/jvm.cpp, line 1435]
Event: 0.163 Thread 0x00007f57c000b000 Exception <a 'java/security/PrivilegedActionException'> (0x000000073b684690) thrown at [/HUDSON/workspace/8-2-build-linux-amd64/jdk8u181/11358/hotspot/src/share/vm/prims/jvm.cpp, line 1435]
Event: 0.163 Thread 0x00007f57c000b000 Exception <a 'java/security/PrivilegedActionException'> (0x000000073b6848a0) thrown at [/HUDSON/workspace/8-2-build-linux-amd64/jdk8u181/11358/hotspot/src/share/vm/prims/jvm.cpp, line 1435]
Event: 0.674 Thread 0x00007f57c0158000 Exception <a 'java/lang/NoSuchFieldError': method resolution failed> (0x000000073ba57ad8) thrown at [/HUDSON/workspace/8-2-build-linux-amd64/jdk8u181/11358/hotspot/src/share/vm/prims/methodHandles.cpp, line 1167]
Event: 0.681 Thread 0x00007f57c0158000 Exception <a 'java/lang/NoSuchFieldError': method resolution failed> (0x000000073ba65248) thrown at [/HUDSON/workspace/8-2-build-linux-amd64/jdk8u181/11358/hotspot/src/share/vm/prims/methodHandles.cpp, line 1167]
Event: 0.718 Thread 0x00007f57c0158000 Exception <a 'java/io/FileNotFoundException'> (0x000000073bae5610) thrown at [/HUDSON/workspace/8-2-build-linux-amd64/jdk8u181/11358/hotspot/src/share/vm/prims/jni.cpp, line 709]
Event: 0.718 Thread 0x00007f57c0158000 Exception <a 'java/io/FileNotFoundException'> (0x000000073bae5fa0) thrown at [/HUDSON/workspace/8-2-build-linux-amd64/jdk8u181/11358/hotspot/src/share/vm/prims/jni.cpp, line 709]

Events (10 events):
Event: 1.238 loading class java/util/Collections$SynchronizedRandomAccessList done
Event: 1.238 loading class java/util/Vector$ListItr
Event: 1.238 loading class java/util/Vector$ListItr done
Event: 1.238 loading class javax/swing/plaf/basic/BasicDirectoryModel$DoChangeContents
Event: 1.238 loading class javax/swing/plaf/basic/BasicDirectoryModel$DoChangeContents done
Event: 1.242 Thread 0x00007f5794213800 Thread exited: 0x00007f5794213800
Event: 1.279 loading class prism/Prism$ModelSource
Event: 1.279 loading class prism/Prism$ModelSource done
Event: 1.382 Thread 0x00007f5794213800 Thread added: 0x00007f5794213800
Event: 1.386 Thread 0x00007f5794213800 Thread exited: 0x00007f5794213800


Dynamic libraries:
00400000-00401000 r-xp 00000000 08:01 299893                             /usr/lib/jvm/jdk1.8.0_181/bin/java
00600000-00601000 rw-p 00000000 08:01 299893                             /usr/lib/jvm/jdk1.8.0_181/bin/java
00d73000-00d94000 rw-p 00000000 00:00 0                                  [heap]
73b600000-73e2a0000 rw-p 00000000 00:00 0 
73e2a0000-767950000 ---p 00000000 00:00 0 
767950000-76d2b0000 rw-p 00000000 00:00 0 
76d2b0000-7c0000000 ---p 00000000 00:00 0 
7c0000000-7c01e0000 rw-p 00000000 00:00 0 
7c01e0000-800000000 ---p 00000000 00:00 0 
7f578df73000-7f578df76000 ---p 00000000 00:00 0 
7f578df76000-7f578e074000 rw-p 00000000 00:00 0 
7f578e074000-7f578e0de000 r-xp 00000000 08:01 423062                     /usr/lib/jvm/jdk1.8.0_181/jre/lib/amd64/libt2k.so
7f578e0de000-7f578e2dd000 ---p 0006a000 08:01 423062                     /usr/lib/jvm/jdk1.8.0_181/jre/lib/amd64/libt2k.so
7f578e2dd000-7f578e2e4000 rw-p 00069000 08:01 423062                     /usr/lib/jvm/jdk1.8.0_181/jre/lib/amd64/libt2k.so
7f578e2e4000-7f578e2f4000 rw-p 00000000 00:00 0 
7f578e2f4000-7f578e305000 r-xp 00000000 08:01 423099                     /usr/lib/jvm/jdk1.8.0_181/jre/lib/amd64/libnio.so
7f578e305000-7f578e504000 ---p 00011000 08:01 423099                     /usr/lib/jvm/jdk1.8.0_181/jre/lib/amd64/libnio.so
7f578e504000-7f578e505000 rw-p 00010000 08:01 423099                     /usr/lib/jvm/jdk1.8.0_181/jre/lib/amd64/libnio.so
7f578e505000-7f578e51b000 r-xp 00000000 08:01 423096                     /usr/lib/jvm/jdk1.8.0_181/jre/lib/amd64/libnet.so
7f578e51b000-7f578e71b000 ---p 00016000 08:01 423096                     /usr/lib/jvm/jdk1.8.0_181/jre/lib/amd64/libnet.so
7f578e71b000-7f578e71c000 rw-p 00016000 08:01 423096                     /usr/lib/jvm/jdk1.8.0_181/jre/lib/amd64/libnet.so
7f578e71c000-7f578e71f000 ---p 00000000 00:00 0 
7f578e71f000-7f578ea1d000 rw-p 00000000 00:00 0 
7f578ea1d000-7f578ea20000 ---p 00000000 00:00 0 
7f578ea20000-7f578eb1e000 rw-p 00000000 00:00 0 
7f578eb1e000-7f578eb21000 ---p 00000000 00:00 0 
7f578eb21000-7f578ee1f000 rw-p 00000000 00:00 0 
7f578ee1f000-7f578ee22000 ---p 00000000 00:00 0 
7f578ee22000-7f578ef20000 rw-p 00000000 00:00 0 
7f578ef20000-7f578ef25000 r-xp 00000000 08:01 12304                      /usr/lib/x86_64-linux-gnu/libXfixes.so.3.1.0
7f578ef25000-7f578f124000 ---p 00005000 08:01 12304                      /usr/lib/x86_64-linux-gnu/libXfixes.so.3.1.0
7f578f124000-7f578f125000 r--p 00004000 08:01 12304                      /usr/lib/x86_64-linux-gnu/libXfixes.so.3.1.0
7f578f125000-7f578f126000 rw-p 00005000 08:01 12304                      /usr/lib/x86_64-linux-gnu/libXfixes.so.3.1.0
7f578f126000-7f578f12f000 r-xp 00000000 08:01 12296                      /usr/lib/x86_64-linux-gnu/libXcursor.so.1.0.2
7f578f12f000-7f578f32e000 ---p 00009000 08:01 12296                      /usr/lib/x86_64-linux-gnu/libXcursor.so.1.0.2
7f578f32e000-7f578f32f000 r--p 00008000 08:01 12296                      /usr/lib/x86_64-linux-gnu/libXcursor.so.1.0.2
7f578f32f000-7f578f330000 rw-p 00009000 08:01 12296                      /usr/lib/x86_64-linux-gnu/libXcursor.so.1.0.2
7f578f330000-7f578f395000 r-xp 00000000 08:01 423076                     /usr/lib/jvm/jdk1.8.0_181/jre/lib/amd64/libfontmanager.so
7f578f395000-7f578f594000 ---p 00065000 08:01 423076                     /usr/lib/jvm/jdk1.8.0_181/jre/lib/amd64/libfontmanager.so
7f578f594000-7f578f599000 rw-p 00064000 08:01 423076                     /usr/lib/jvm/jdk1.8.0_181/jre/lib/amd64/libfontmanager.so
7f578f599000-7f578f5a9000 rw-p 00000000 00:00 0 
7f578f5a9000-7f578f5bc000 r-xp 00000000 08:01 268771                     /lib/x86_64-linux-gnu/libbsd.so.0.8.7
7f578f5bc000-7f578f7bb000 ---p 00013000 08:01 268771                     /lib/x86_64-linux-gnu/libbsd.so.0.8.7
7f578f7bb000-7f578f7bc000 r--p 00012000 08:01 268771                     /lib/x86_64-linux-gnu/libbsd.so.0.8.7
7f578f7bc000-7f578f7bd000 rw-p 00013000 08:01 268771                     /lib/x86_64-linux-gnu/libbsd.so.0.8.7
7f578f7bd000-7f578f7be000 rw-p 00000000 00:00 0 
7f578f7be000-7f578f7c3000 r-xp 00000000 08:01 12300                      /usr/lib/x86_64-linux-gnu/libXdmcp.so.6.0.0
7f578f7c3000-7f578f9c2000 ---p 00005000 08:01 12300                      /usr/lib/x86_64-linux-gnu/libXdmcp.so.6.0.0
7f578f9c2000-7f578f9c3000 r--p 00004000 08:01 12300                      /usr/lib/x86_64-linux-gnu/libXdmcp.so.6.0.0
7f578f9c3000-7f578f9c4000 rw-p 00005000 08:01 12300                      /usr/lib/x86_64-linux-gnu/libXdmcp.so.6.0.0
7f578f9c4000-7f578f9c6000 r-xp 00000000 08:01 12289                      /usr/lib/x86_64-linux-gnu/libXau.so.6.0.0
7f578f9c6000-7f578fbc6000 ---p 00002000 08:01 12289                      /usr/lib/x86_64-linux-gnu/libXau.so.6.0.0
7f578fbc6000-7f578fbc7000 r--p 00002000 08:01 12289                      /usr/lib/x86_64-linux-gnu/libXau.so.6.0.0
7f578fbc7000-7f578fbc8000 rw-p 00003000 08:01 12289                      /usr/lib/x86_64-linux-gnu/libXau.so.6.0.0
7f578fbc8000-7f578fbee000 r-xp 00000000 08:01 13496                      /usr/lib/x86_64-linux-gnu/libxcb.so.1.1.0
7f578fbee000-7f578fdee000 ---p 00026000 08:01 13496                      /usr/lib/x86_64-linux-gnu/libxcb.so.1.1.0
7f578fdee000-7f578fdef000 r--p 00026000 08:01 13496                      /usr/lib/x86_64-linux-gnu/libxcb.so.1.1.0
7f578fdef000-7f578fdf0000 rw-p 00027000 08:01 13496                      /usr/lib/x86_64-linux-gnu/libxcb.so.1.1.0
7f578fdf0000-7f578fdff000 r-xp 00000000 08:01 12310                      /usr/lib/x86_64-linux-gnu/libXi.so.6.1.0
7f578fdff000-7f578fffe000 ---p 0000f000 08:01 12310                      /usr/lib/x86_64-linux-gnu/libXi.so.6.1.0
7f578fffe000-7f578ffff000 r--p 0000e000 08:01 12310                      /usr/lib/x86_64-linux-gnu/libXi.so.6.1.0
7f578ffff000-7f5790000000 rw-p 0000f000 08:01 12310                      /usr/lib/x86_64-linux-gnu/libXi.so.6.1.0
7f5790000000-7f5790370000 rw-p 00000000 00:00 0 
7f5790370000-7f5794000000 ---p 00000000 00:00 0 
7f5794000000-7f5794471000 rw-p 00000000 00:00 0 
7f5794471000-7f5798000000 ---p 00000000 00:00 0 
7f5798000000-7f5798021000 rw-p 00000000 00:00 0 
7f5798021000-7f579c000000 ---p 00000000 00:00 0 
7f579c000000-7f579c158000 rw-p 00000000 00:00 0 
7f579c158000-7f57a0000000 ---p 00000000 00:00 0 
7f57a0000000-7f57a002c000 rw-p 00000000 00:00 0 
7f57a002c000-7f57a4000000 ---p 00000000 00:00 0 
7f57a4000000-7f57a4021000 rw-p 00000000 00:00 0 
7f57a4021000-7f57a8000000 ---p 00000000 00:00 0 
7f57a8000000-7f57a8021000 rw-p 00000000 00:00 0 
7f57a8021000-7f57ac000000 ---p 00000000 00:00 0 
7f57ac041000-7f57ac044000 ---p 00000000 00:00 0 
7f57ac044000-7f57ac142000 rw-p 00000000 00:00 0 
7f57ac142000-7f57ac147000 r-xp 00000000 08:01 12328                      /usr/lib/x86_64-linux-gnu/libXtst.so.6.1.0
7f57ac147000-7f57ac346000 ---p 00005000 08:01 12328                      /usr/lib/x86_64-linux-gnu/libXtst.so.6.1.0
7f57ac346000-7f57ac347000 r--p 00004000 08:01 12328                      /usr/lib/x86_64-linux-gnu/libXtst.so.6.1.0
7f57ac347000-7f57ac348000 rw-p 00005000 08:01 12328                      /usr/lib/x86_64-linux-gnu/libXtst.so.6.1.0
7f57ac348000-7f57ac351000 r-xp 00000000 08:01 12322                      /usr/lib/x86_64-linux-gnu/libXrender.so.1.3.0
7f57ac351000-7f57ac550000 ---p 00009000 08:01 12322                      /usr/lib/x86_64-linux-gnu/libXrender.so.1.3.0
7f57ac550000-7f57ac551000 r--p 00008000 08:01 12322                      /usr/lib/x86_64-linux-gnu/libXrender.so.1.3.0
7f57ac551000-7f57ac552000 rw-p 00009000 08:01 12322                      /usr/lib/x86_64-linux-gnu/libXrender.so.1.3.0
7f57ac552000-7f57ac686000 r-xp 00000000 08:01 12285                      /usr/lib/x86_64-linux-gnu/libX11.so.6.3.0
7f57ac686000-7f57ac886000 ---p 00134000 08:01 12285                      /usr/lib/x86_64-linux-gnu/libX11.so.6.3.0
7f57ac886000-7f57ac887000 r--p 00134000 08:01 12285                      /usr/lib/x86_64-linux-gnu/libX11.so.6.3.0
7f57ac887000-7f57ac88b000 rw-p 00135000 08:01 12285                      /usr/lib/x86_64-linux-gnu/libX11.so.6.3.0
7f57ac88b000-7f57ac89c000 r-xp 00000000 08:01 12302                      /usr/lib/x86_64-linux-gnu/libXext.so.6.4.0
7f57ac89c000-7f57aca9b000 ---p 00011000 08:01 12302                      /usr/lib/x86_64-linux-gnu/libXext.so.6.4.0
7f57aca9b000-7f57aca9c000 r--p 00010000 08:01 12302                      /usr/lib/x86_64-linux-gnu/libXext.so.6.4.0
7f57aca9c000-7f57aca9d000 rw-p 00011000 08:01 12302                      /usr/lib/x86_64-linux-gnu/libXext.so.6.4.0
7f57aca9d000-7f57acaf1000 r-xp 00000000 08:01 423103                     /usr/lib/jvm/jdk1.8.0_181/jre/lib/amd64/libawt_xawt.so
7f57acaf1000-7f57accf1000 ---p 00054000 08:01 423103                     /usr/lib/jvm/jdk1.8.0_181/jre/lib/amd64/libawt_xawt.so
7f57accf1000-7f57accf5000 rw-p 00054000 08:01 423103                     /usr/lib/jvm/jdk1.8.0_181/jre/lib/amd64/libawt_xawt.so
7f57accf5000-7f57accf6000 rw-p 00000000 00:00 0 
7f57accf6000-7f57acd98000 r-xp 00000000 08:01 423089                     /usr/lib/jvm/jdk1.8.0_181/jre/lib/amd64/libawt.so
7f57acd98000-7f57acf98000 ---p 000a2000 08:01 423089                     /usr/lib/jvm/jdk1.8.0_181/jre/lib/amd64/libawt.so
7f57acf98000-7f57acfa4000 rw-p 000a2000 08:01 423089                     /usr/lib/jvm/jdk1.8.0_181/jre/lib/amd64/libawt.so
7f57acfa4000-7f57acfc8000 rw-p 00000000 00:00 0 
7f57acfc8000-7f57acfdf000 r-xp 00000000 08:01 292491                     /lib/x86_64-linux-gnu/libgcc_s.so.1
7f57acfdf000-7f57ad1de000 ---p 00017000 08:01 292491                     /lib/x86_64-linux-gnu/libgcc_s.so.1
7f57ad1de000-7f57ad1df000 r--p 00016000 08:01 292491                     /lib/x86_64-linux-gnu/libgcc_s.so.1
7f57ad1df000-7f57ad1e0000 rw-p 00017000 08:01 292491                     /lib/x86_64-linux-gnu/libgcc_s.so.1
7f57ad1e0000-7f57ad359000 r-xp 00000000 08:01 2222                       /usr/lib/x86_64-linux-gnu/libstdc++.so.6.0.25
7f57ad359000-7f57ad559000 ---p 00179000 08:01 2222                       /usr/lib/x86_64-linux-gnu/libstdc++.so.6.0.25
7f57ad559000-7f57ad563000 r--p 00179000 08:01 2222                       /usr/lib/x86_64-linux-gnu/libstdc++.so.6.0.25
7f57ad563000-7f57ad565000 rw-p 00183000 08:01 2222                       /usr/lib/x86_64-linux-gnu/libstdc++.so.6.0.25
7f57ad565000-7f57ad569000 rw-p 00000000 00:00 0 
7f57ad569000-7f57ad56d000 r-xp 00000000 08:01 1200040                    /home/new/Documents/git/checker2/Rover/prism-library/prism/lib/libprism.so
7f57ad56d000-7f57ad76c000 ---p 00004000 08:01 1200040                    /home/new/Documents/git/checker2/Rover/prism-library/prism/lib/libprism.so
7f57ad76c000-7f57ad76d000 r--p 00003000 08:01 1200040                    /home/new/Documents/git/checker2/Rover/prism-library/prism/lib/libprism.so
7f57ad76d000-7f57ad76e000 rw-p 00004000 08:01 1200040                    /home/new/Documents/git/checker2/Rover/prism-library/prism/lib/libprism.so
7f57ad76e000-7f57ad771000 ---p 00000000 00:00 0 
7f57ad771000-7f57ad86f000 rw-p 00000000 00:00 0 
7f57ad86f000-7f57ad904000 r--s 01109000 08:01 555531                     /usr/lib/jvm/jdk1.8.0_121/jre/lib/ext/jfxrt.jar
7f57ad904000-7f57ad905000 ---p 00000000 00:00 0 
7f57ad905000-7f57ada05000 rw-p 00000000 00:00 0 
7f57ada05000-7f57ada08000 ---p 00000000 00:00 0 
7f57ada08000-7f57adb06000 rw-p 00000000 00:00 0 
7f57adb06000-7f57adb07000 ---p 00000000 00:00 0 
7f57adb07000-7f57adb0a000 ---p 00000000 00:00 0 
7f57adb0a000-7f57adc07000 rw-p 00000000 00:00 0 
7f57adc07000-7f57adc08000 ---p 00000000 00:00 0 
7f57adc08000-7f57adc0b000 ---p 00000000 00:00 0 
7f57adc0b000-7f57add08000 rw-p 00000000 00:00 0 
7f57add08000-7f57add0b000 ---p 00000000 00:00 0 
7f57add0b000-7f57ade09000 rw-p 00000000 00:00 0 
7f57ade09000-7f57ae7d8000 r--p 00000000 08:01 6873                       /usr/lib/locale/locale-archive
7f57ae7d8000-7f57ae7db000 ---p 00000000 00:00 0 
7f57ae7db000-7f57ae8d9000 rw-p 00000000 00:00 0 
7f57ae8d9000-7f57ae8dc000 ---p 00000000 00:00 0 
7f57ae8dc000-7f57ae9da000 rw-p 00000000 00:00 0 
7f57ae9da000-7f57ae9db000 ---p 00000000 00:00 0 
7f57ae9db000-7f57aeadb000 rw-p 00000000 00:00 0 
7f57aeadb000-7f57aecb5000 r--s 03d6b000 08:01 422965                     /usr/lib/jvm/jdk1.8.0_181/jre/lib/rt.jar
7f57aecb5000-7f57af4e2000 rw-p 00000000 00:00 0 
7f57af4e2000-7f57af779000 ---p 00000000 00:00 0 
7f57af779000-7f57af790000 rw-p 00000000 00:00 0 
7f57af790000-7f57af8da000 ---p 00000000 00:00 0 
7f57af8da000-7f57af908000 rw-p 00000000 00:00 0 
7f57af908000-7f57afb9e000 ---p 00000000 00:00 0 
7f57afb9e000-7f57afbac000 rw-p 00000000 00:00 0 
7f57afbac000-7f57aff5f000 ---p 00000000 00:00 0 
7f57aff5f000-7f57b029f000 rwxp 00000000 00:00 0 
7f57b029f000-7f57bef5f000 ---p 00000000 00:00 0 
7f57bef5f000-7f57bef7a000 r-xp 00000000 08:01 423092                     /usr/lib/jvm/jdk1.8.0_181/jre/lib/amd64/libzip.so
7f57bef7a000-7f57bf17a000 ---p 0001b000 08:01 423092                     /usr/lib/jvm/jdk1.8.0_181/jre/lib/amd64/libzip.so
7f57bf17a000-7f57bf17b000 rw-p 0001b000 08:01 423092                     /usr/lib/jvm/jdk1.8.0_181/jre/lib/amd64/libzip.so
7f57bf17b000-7f57bf186000 r-xp 00000000 08:01 293372                     /lib/x86_64-linux-gnu/libnss_files-2.27.so
7f57bf186000-7f57bf385000 ---p 0000b000 08:01 293372                     /lib/x86_64-linux-gnu/libnss_files-2.27.so
7f57bf385000-7f57bf386000 r--p 0000a000 08:01 293372                     /lib/x86_64-linux-gnu/libnss_files-2.27.so
7f57bf386000-7f57bf387000 rw-p 0000b000 08:01 293372                     /lib/x86_64-linux-gnu/libnss_files-2.27.so
7f57bf387000-7f57bf38d000 rw-p 00000000 00:00 0 
7f57bf38d000-7f57bf3a4000 r-xp 00000000 08:01 293367                     /lib/x86_64-linux-gnu/libnsl-2.27.so
7f57bf3a4000-7f57bf5a3000 ---p 00017000 08:01 293367                     /lib/x86_64-linux-gnu/libnsl-2.27.so
7f57bf5a3000-7f57bf5a4000 r--p 00016000 08:01 293367                     /lib/x86_64-linux-gnu/libnsl-2.27.so
7f57bf5a4000-7f57bf5a5000 rw-p 00017000 08:01 293367                     /lib/x86_64-linux-gnu/libnsl-2.27.so
7f57bf5a5000-7f57bf5a7000 rw-p 00000000 00:00 0 
7f57bf5a7000-7f57bf5b2000 r-xp 00000000 08:01 293374                     /lib/x86_64-linux-gnu/libnss_nis-2.27.so
7f57bf5b2000-7f57bf7b1000 ---p 0000b000 08:01 293374                     /lib/x86_64-linux-gnu/libnss_nis-2.27.so
7f57bf7b1000-7f57bf7b2000 r--p 0000a000 08:01 293374                     /lib/x86_64-linux-gnu/libnss_nis-2.27.so
7f57bf7b2000-7f57bf7b3000 rw-p 0000b000 08:01 293374                     /lib/x86_64-linux-gnu/libnss_nis-2.27.so
7f57bf7b3000-7f57bf7bb000 r-xp 00000000 08:01 293370                     /lib/x86_64-linux-gnu/libnss_compat-2.27.so
7f57bf7bb000-7f57bf9bb000 ---p 00008000 08:01 293370                     /lib/x86_64-linux-gnu/libnss_compat-2.27.so
7f57bf9bb000-7f57bf9bc000 r--p 00008000 08:01 293370                     /lib/x86_64-linux-gnu/libnss_compat-2.27.so
7f57bf9bc000-7f57bf9bd000 rw-p 00009000 08:01 293370                     /lib/x86_64-linux-gnu/libnss_compat-2.27.so
7f57bf9bd000-7f57bf9e8000 r-xp 00000000 08:01 423086                     /usr/lib/jvm/jdk1.8.0_181/jre/lib/amd64/libjava.so
7f57bf9e8000-7f57bfbe7000 ---p 0002b000 08:01 423086                     /usr/lib/jvm/jdk1.8.0_181/jre/lib/amd64/libjava.so
7f57bfbe7000-7f57bfbe9000 rw-p 0002a000 08:01 423086                     /usr/lib/jvm/jdk1.8.0_181/jre/lib/amd64/libjava.so
7f57bfbe9000-7f57bfbf6000 r-xp 00000000 08:01 423091                     /usr/lib/jvm/jdk1.8.0_181/jre/lib/amd64/libverify.so
7f57bfbf6000-7f57bfdf6000 ---p 0000d000 08:01 423091                     /usr/lib/jvm/jdk1.8.0_181/jre/lib/amd64/libverify.so
7f57bfdf6000-7f57bfdf8000 rw-p 0000d000 08:01 423091                     /usr/lib/jvm/jdk1.8.0_181/jre/lib/amd64/libverify.so
7f57bfdf8000-7f57bfdff000 r-xp 00000000 08:01 293659                     /lib/x86_64-linux-gnu/librt-2.27.so
7f57bfdff000-7f57bfffe000 ---p 00007000 08:01 293659                     /lib/x86_64-linux-gnu/librt-2.27.so
7f57bfffe000-7f57bffff000 r--p 00006000 08:01 293659                     /lib/x86_64-linux-gnu/librt-2.27.so
7f57bffff000-7f57c0000000 rw-p 00007000 08:01 293659                     /lib/x86_64-linux-gnu/librt-2.27.so
7f57c0000000-7f57c0165000 rw-p 00000000 00:00 0 
7f57c0165000-7f57c4000000 ---p 00000000 00:00 0 
7f57c4046000-7f57c4059000 r--s 00345000 08:01 423003                     /usr/lib/jvm/jdk1.8.0_181/jre/lib/resources.jar
7f57c4059000-7f57c4079000 r--s 0027a000 08:01 1200044                    /home/new/Documents/git/checker2/Rover/prism-library/prism/lib/prism.jar
7f57c4079000-7f57c40ef000 rw-p 00000000 00:00 0 
7f57c40ef000-7f57c428c000 r-xp 00000000 08:01 293364                     /lib/x86_64-linux-gnu/libm-2.27.so
7f57c428c000-7f57c448b000 ---p 0019d000 08:01 293364                     /lib/x86_64-linux-gnu/libm-2.27.so
7f57c448b000-7f57c448c000 r--p 0019c000 08:01 293364                     /lib/x86_64-linux-gnu/libm-2.27.so
7f57c448c000-7f57c448d000 rw-p 0019d000 08:01 293364                     /lib/x86_64-linux-gnu/libm-2.27.so
7f57c448d000-7f57c5169000 r-xp 00000000 08:01 529445                     /usr/lib/jvm/jdk1.8.0_181/jre/lib/amd64/server/libjvm.so
7f57c5169000-7f57c5369000 ---p 00cdc000 08:01 529445                     /usr/lib/jvm/jdk1.8.0_181/jre/lib/amd64/server/libjvm.so
7f57c5369000-7f57c5443000 rw-p 00cdc000 08:01 529445                     /usr/lib/jvm/jdk1.8.0_181/jre/lib/amd64/server/libjvm.so
7f57c5443000-7f57c548e000 rw-p 00000000 00:00 0 
7f57c548e000-7f57c5675000 r-xp 00000000 08:01 293344                     /lib/x86_64-linux-gnu/libc-2.27.so
7f57c5675000-7f57c5875000 ---p 001e7000 08:01 293344                     /lib/x86_64-linux-gnu/libc-2.27.so
7f57c5875000-7f57c5879000 r--p 001e7000 08:01 293344                     /lib/x86_64-linux-gnu/libc-2.27.so
7f57c5879000-7f57c587b000 rw-p 001eb000 08:01 293344                     /lib/x86_64-linux-gnu/libc-2.27.so
7f57c587b000-7f57c587f000 rw-p 00000000 00:00 0 
7f57c587f000-7f57c5882000 r-xp 00000000 08:01 293363                     /lib/x86_64-linux-gnu/libdl-2.27.so
7f57c5882000-7f57c5a81000 ---p 00003000 08:01 293363                     /lib/x86_64-linux-gnu/libdl-2.27.so
7f57c5a81000-7f57c5a82000 r--p 00002000 08:01 293363                     /lib/x86_64-linux-gnu/libdl-2.27.so
7f57c5a82000-7f57c5a83000 rw-p 00003000 08:01 293363                     /lib/x86_64-linux-gnu/libdl-2.27.so
7f57c5a83000-7f57c5a99000 r-xp 00000000 08:01 300951                     /usr/lib/jvm/jdk1.8.0_181/lib/amd64/jli/libjli.so
7f57c5a99000-7f57c5c98000 ---p 00016000 08:01 300951                     /usr/lib/jvm/jdk1.8.0_181/lib/amd64/jli/libjli.so
7f57c5c98000-7f57c5c99000 rw-p 00015000 08:01 300951                     /usr/lib/jvm/jdk1.8.0_181/lib/amd64/jli/libjli.so
7f57c5c99000-7f57c5cb3000 r-xp 00000000 08:01 293377                     /lib/x86_64-linux-gnu/libpthread-2.27.so
7f57c5cb3000-7f57c5eb2000 ---p 0001a000 08:01 293377                     /lib/x86_64-linux-gnu/libpthread-2.27.so
7f57c5eb2000-7f57c5eb3000 r--p 00019000 08:01 293377                     /lib/x86_64-linux-gnu/libpthread-2.27.so
7f57c5eb3000-7f57c5eb4000 rw-p 0001a000 08:01 293377                     /lib/x86_64-linux-gnu/libpthread-2.27.so
7f57c5eb4000-7f57c5eb8000 rw-p 00000000 00:00 0 
7f57c5eb8000-7f57c5ee1000 r-xp 00000000 08:01 293340                     /lib/x86_64-linux-gnu/ld-2.27.so
7f57c5eea000-7f57c5ef7000 r--s 00077000 08:01 1200046                    /home/new/Documents/git/checker2/Rover/prism-library/prism/lib/colt.jar
7f57c5ef7000-7f57c5fc9000 rw-p 00000000 00:00 0 
7f57c5fc9000-7f57c5fca000 ---p 00000000 00:00 0 
7f57c5fca000-7f57c5fcd000 ---p 00000000 00:00 0 
7f57c5fcd000-7f57c60cc000 rw-p 00000000 00:00 0 
7f57c60cc000-7f57c60ce000 r--s 00007000 08:01 423114                     /usr/lib/jvm/jdk1.8.0_181/jre/lib/jfxswt.jar
7f57c60ce000-7f57c60d1000 r--s 00015000 08:01 1200054                    /home/new/Documents/git/checker2/Rover/prism-library/prism/lib/pepa.zip
7f57c60d1000-7f57c60d5000 r--s 0003d000 08:01 1200051                    /home/new/Documents/git/checker2/Rover/prism-library/prism/lib/jhoafparser.jar
7f57c60d5000-7f57c60dd000 rw-s 00000000 08:01 942688                     /tmp/hsperfdata_new/6171
7f57c60dd000-7f57c60de000 rw-p 00000000 00:00 0 
7f57c60de000-7f57c60df000 r--p 00000000 00:00 0 
7f57c60df000-7f57c60e1000 rw-p 00000000 00:00 0 
7f57c60e1000-7f57c60e2000 r--p 00029000 08:01 293340                     /lib/x86_64-linux-gnu/ld-2.27.so
7f57c60e2000-7f57c60e3000 rw-p 0002a000 08:01 293340                     /lib/x86_64-linux-gnu/ld-2.27.so
7f57c60e3000-7f57c60e4000 rw-p 00000000 00:00 0 
7ffe1b6c5000-7ffe1b6e7000 rw-p 00000000 00:00 0                          [stack]
7ffe1b7a2000-7ffe1b7a5000 r--p 00000000 00:00 0                          [vvar]
7ffe1b7a5000-7ffe1b7a7000 r-xp 00000000 00:00 0                          [vdso]
ffffffffff600000-ffffffffff601000 r-xp 00000000 00:00 0                  [vsyscall]

VM Arguments:
jvm_args: -Djava.library.path=prism-library/prism/lib/ -Dfile.encoding=UTF-8 
java_command: aCheck.CheckingDriver 96
java_class_path (initial): ./bin:prism-library/prism/lib/colt.jar:prism-library/prism/lib/jhoafparser.jar:prism-library/prism/lib/pepa.zip:prism-library/prism/lib/prism.jar:/usr/lib/jvm/jdk1.8.0_181/jre/lib/jfxswt.jar:/usr/lib/jvm/jdk1.8.0_121/jre/lib/ext/jfxrt.jar
Launcher Type: SUN_STANDARD

Environment Variables:
PATH=/usr/local/sbin:/usr/local/bin:/usr/sbin:/usr/bin:/sbin:/bin:/usr/games:/usr/local/games:/snap/bin
USERNAME=new
LD_LIBRARY_PATH=:/opt/resouces/prism-library/prism/lib/:/opt/resouces/prism-library/prism/lib/:prism-library/prism/lib/
SHELL=/bin/bash
DISPLAY=:0

Signal Handlers:
SIGSEGV: [libjvm.so+0xad2a40], sa_mask[0]=11111111011111111101111111111110, sa_flags=SA_RESTART|SA_SIGINFO
SIGBUS: [libjvm.so+0xad2a40], sa_mask[0]=11111111011111111101111111111110, sa_flags=SA_RESTART|SA_SIGINFO
SIGFPE: [libjvm.so+0x92a610], sa_mask[0]=11111111011111111101111111111110, sa_flags=SA_RESTART|SA_SIGINFO
SIGPIPE: [libjvm.so+0x92a610], sa_mask[0]=11111111011111111101111111111110, sa_flags=SA_RESTART|SA_SIGINFO
SIGXFSZ: [libjvm.so+0x92a610], sa_mask[0]=11111111011111111101111111111110, sa_flags=SA_RESTART|SA_SIGINFO
SIGILL: [libjvm.so+0x92a610], sa_mask[0]=11111111011111111101111111111110, sa_flags=SA_RESTART|SA_SIGINFO
SIGUSR1: SIG_DFL, sa_mask[0]=00000000000000000000000000000000, sa_flags=none
SIGUSR2: [libjvm.so+0x92be70], sa_mask[0]=00000000000000000000000000000000, sa_flags=SA_RESTART|SA_SIGINFO
SIGHUP: [libjvm.so+0x92d270], sa_mask[0]=11111111011111111101111111111110, sa_flags=SA_RESTART|SA_SIGINFO
SIGINT: [libjvm.so+0x92d270], sa_mask[0]=11111111011111111101111111111110, sa_flags=SA_RESTART|SA_SIGINFO
SIGTERM: [libjvm.so+0x92d270], sa_mask[0]=11111111011111111101111111111110, sa_flags=SA_RESTART|SA_SIGINFO
SIGQUIT: [libjvm.so+0x92d270], sa_mask[0]=11111111011111111101111111111110, sa_flags=SA_RESTART|SA_SIGINFO


---------------  S Y S T E M  ---------------

OS:DISTRIB_ID=Ubuntu
DISTRIB_RELEASE=18.04
DISTRIB_CODENAME=bionic
DISTRIB_DESCRIPTION="Ubuntu 18.04.1 LTS"

uname:Linux 4.15.0-29-generic #31-Ubuntu SMP Tue Jul 17 15:39:52 UTC 2018 x86_64
libc:glibc 2.27 NPTL 2.27 
rlimit: STACK 8192k, CORE 0k, NPROC 33692, NOFILE 4096, AS infinity
load average:0.32 0.10 0.15

/proc/meminfo:
MemTotal:        8684596 kB
MemFree:         4021476 kB
MemAvailable:    5896860 kB
Buffers:          274396 kB
Cached:          1875668 kB
SwapCached:            0 kB
Active:          3175064 kB
Inactive:        1228732 kB
Active(anon):    2249064 kB
Inactive(anon):   108624 kB
Active(file):     926000 kB
Inactive(file):  1120108 kB
Unevictable:          80 kB
Mlocked:              80 kB
SwapTotal:        581564 kB
SwapFree:         581564 kB
Dirty:               152 kB
Writeback:             0 kB
AnonPages:       2253852 kB
Mapped:           534220 kB
Shmem:            110124 kB
Slab:             142080 kB
SReclaimable:     101316 kB
SUnreclaim:        40764 kB
KernelStack:       10336 kB
PageTables:        47112 kB
NFS_Unstable:          0 kB
Bounce:                0 kB
WritebackTmp:          0 kB
CommitLimit:     4923860 kB
Committed_AS:    7214348 kB
VmallocTotal:   34359738367 kB
VmallocUsed:           0 kB
VmallocChunk:          0 kB
HardwareCorrupted:     0 kB
AnonHugePages:         0 kB
ShmemHugePages:        0 kB
ShmemPmdMapped:        0 kB
CmaTotal:              0 kB
CmaFree:               0 kB
HugePages_Total:       0
HugePages_Free:        0
HugePages_Rsvd:        0
HugePages_Surp:        0
Hugepagesize:       2048 kB
DirectMap4k:      122816 kB
DirectMap2M:     8790016 kB


CPU:total 1 (initial active 1) (1 cores per cpu, 1 threads per core) family 6 model 158 stepping 9, cmov, cx8, fxsr, mmx, sse, sse2, sse3, ssse3, sse4.1, sse4.2, popcnt, avx, avx2, aes, clmul, 3dnowpref, lzcnt, tsc, tscinvbit

/proc/cpuinfo:
processor	: 0
vendor_id	: GenuineIntel
cpu family	: 6
model		: 158
model name	: Intel(R) Core(TM) i7-7700HQ CPU @ 2.80GHz
stepping	: 9
cpu MHz		: 2807.998
cache size	: 6144 KB
physical id	: 0
siblings	: 1
core id		: 0
cpu cores	: 1
apicid		: 0
initial apicid	: 0
fpu		: yes
fpu_exception	: yes
cpuid level	: 22
wp		: yes
flags		: fpu vme de pse tsc msr pae mce cx8 apic sep mtrr pge mca cmov pat pse36 clflush mmx fxsr sse sse2 ht syscall nx rdtscp lm constant_tsc rep_good nopl xtopology nonstop_tsc cpuid pni pclmulqdq monitor ssse3 cx16 pcid sse4_1 sse4_2 x2apic movbe popcnt aes xsave avx rdrand hypervisor lahf_lm abm 3dnowprefetch invpcid_single pti fsgsbase avx2 invpcid rdseed clflushopt
bugs		: cpu_meltdown spectre_v1 spectre_v2 spec_store_bypass
bogomips	: 5615.99
clflush size	: 64
cache_alignment	: 64
address sizes	: 39 bits physical, 48 bits virtual
power management:



Memory: 4k page, physical 8684596k(4021476k free), swap 581564k(581564k free)

vm_info: Java HotSpot(TM) 64-Bit Server VM (25.181-b13) for linux-amd64 JRE (1.8.0_181-b13), built on Jul  7 2018 00:56:38 by "java_re" with gcc 4.3.0 20080428 (Red Hat 4.3.0-8)

time: Tue Mar 22 18:45:30 2022
elapsed time: 1 seconds (0d 0h 0m 1s)

