#
# A fatal error has been detected by the Java Runtime Environment:
#
#  SIGSEGV (0xb) at pc=0x00007f3a3575199e, pid=7770, tid=0x00007f3a1db0b700
#
# JRE version: Java(TM) SE Runtime Environment (8.0_181-b13) (build 1.8.0_181-b13)
# Java VM: Java HotSpot(TM) 64-Bit Server VM (25.181-b13 mixed mode linux-amd64 compressed oops)
# Problematic frame:
# C  [libc.so.6+0x7f99e]  fwrite+0x1e
#
# Failed to write core dump. Core dumps have been disabled. To enable core dumping, try "ulimit -c unlimited" before starting Java again
#
# If you would like to submit a bug report, please visit:
#   http://bugreport.java.com/bugreport/crash.jsp
# The crash happened outside the Java Virtual Machine in native code.
# See problematic frame for where to report the bug.
#

---------------  T H R E A D  ---------------

Current thread (0x00007f3a30168800):  JavaThread "prism" [_thread_in_native, id=7781, stack(0x00007f3a1da0b000,0x00007f3a1db0c000)]

siginfo: si_signo: 11 (SIGSEGV), si_code: 1 (SEGV_MAPERR), si_addr: 0x0000000000000000

Registers:
RAX=0x0000000000000006, RBX=0x00007f3a301689f8, RCX=0x0000000000000000, RDX=0x0000000000000006
RSP=0x00007f3a1db0a560, RBP=0x0000000000000006, RSI=0x0000000000000001, RDI=0x00007f3a04217350
R8 =0x000000000000000a, R9 =0x00007f3a04217356, R10=0x0000000000000016, R11=0x00007f3a35751980
R12=0x00007f3a1db0a648, R13=0x0000000000000000, R14=0x00007f3a1db0a658, R15=0x00007f3a30168800
RIP=0x00007f3a3575199e, EFLAGS=0x0000000000010206, CSGSFS=0x002b000000000033, ERR=0x0000000000000004
  TRAPNO=0x000000000000000e

Top of Stack: (sp=0x00007f3a1db0a560)
0x00007f3a1db0a560:   0000000000000000 00007f3a301689f8
0x00007f3a1db0a570:   00007f3a04217350 00007f3a1db0a648
0x00007f3a1db0a580:   0000000000000000 00007f3a1db0a658
0x00007f3a1db0a590:   00007f3a30168800 00007f3a1d808f6f
0x00007f3a1db0a5a0:   0000000000000000 00007f3a1f2d6b60
0x00007f3a1db0a5b0:   00007f3a1db0a628 0000000000000000
0x00007f3a1db0a5c0:   00007f3a1f2d6b60 00007f3a2017f667
0x00007f3a1db0a5d0:   00007f3a1db0a628 00007f3a2017f3c7
0x00007f3a1db0a5e0:   00007f3a2017f382 00007f3a1db0a5e8
0x00007f3a1db0a5f0:   00007f3a1f2d6b60 00007f3a1db0a658
0x00007f3a1db0a600:   00007f3a1f2d6dc8 0000000000000000
0x00007f3a1db0a610:   00007f3a1f2d6b60 0000000000000000
0x00007f3a1db0a620:   00007f3a1db0a648 00007f3a1db0a6a0
0x00007f3a1db0a630:   00007f3a2016f2bd 000000073b84c248
0x00007f3a1db0a640:   00007f3a20178d18 000000073c37eb38
0x00007f3a1db0a650:   0000000000000000 000000073b8483f0
0x00007f3a1db0a660:   00007f3a1db0a660 00007f3a1f2d3dd5
0x00007f3a1db0a670:   00007f3a1db0a6b8 00007f3a1f2d4af0
0x00007f3a1db0a680:   0000000000000000 00007f3a1f2d3de0
0x00007f3a1db0a690:   00007f3a1db0a648 00007f3a1db0a6b0
0x00007f3a1db0a6a0:   00007f3a1db0a700 00007f3a2016f2bd
0x00007f3a1db0a6b0:   000000073c37eb38 000000073b8483f0
0x00007f3a1db0a6c0:   00007f3a1db0a6c0 00007f3a1f2d3ca2
0x00007f3a1db0a6d0:   00007f3a1db0a718 00007f3a1f2d4af0
0x00007f3a1db0a6e0:   0000000000000000 00007f3a1f2d3cb0
0x00007f3a1db0a6f0:   00007f3a1db0a6b0 00007f3a1db0a710
0x00007f3a1db0a700:   00007f3a1db0a760 00007f3a2016f2bd
0x00007f3a1db0a710:   000000073c37eb38 000000073b8483f0
0x00007f3a1db0a720:   00007f3a1db0a720 00007f3a1f2e276b
0x00007f3a1db0a730:   00007f3a1db0a788 00007f3a1f30e028
0x00007f3a1db0a740:   0000000000000000 00007f3a1f2e28d0
0x00007f3a1db0a750:   00007f3a1db0a710 00007f3a1db0a788 

Instructions: (pc=0x00007f3a3575199e)
0x00007f3a3575197e:   1f 00 41 57 41 56 41 55 41 54 55 48 89 f5 53 48
0x00007f3a3575198e:   0f af ea 48 83 ec 08 48 85 ed 0f 84 41 01 00 00
0x00007f3a3575199e:   8b 01 49 89 fe 49 89 f5 49 89 c8 25 00 80 00 00
0x00007f3a357519ae:   75 56 48 8b 99 88 00 00 00 64 4c 8b 24 25 10 00 

Register to memory mapping:

RAX=0x0000000000000006 is an unknown value
RBX=0x00007f3a301689f8 is an unknown value
RCX=0x0000000000000000 is an unknown value
RDX=0x0000000000000006 is an unknown value
RSP=0x00007f3a1db0a560 is pointing into the stack for thread: 0x00007f3a30168800
RBP=0x0000000000000006 is an unknown value
RSI=0x0000000000000001 is an unknown value
RDI=0x00007f3a04217350 is an unknown value
R8 =0x000000000000000a is an unknown value
R9 =0x00007f3a04217356 is an unknown value
R10=0x0000000000000016 is an unknown value
R11=0x00007f3a35751980: fwrite+0 in /lib/x86_64-linux-gnu/libc.so.6 at 0x00007f3a356d2000
R12=0x00007f3a1db0a648 is pointing into the stack for thread: 0x00007f3a30168800
R13=0x0000000000000000 is an unknown value
R14=0x00007f3a1db0a658 is pointing into the stack for thread: 0x00007f3a30168800
R15=0x00007f3a30168800 is a thread


Stack: [0x00007f3a1da0b000,0x00007f3a1db0c000],  sp=0x00007f3a1db0a560,  free space=1021k
Native frames: (J=compiled Java code, j=interpreted, Vv=VM code, C=native code)
C  [libc.so.6+0x7f99e]  fwrite+0x1e

Java frames: (J=compiled Java code, j=interpreted, Vv=VM code)
j  prism.PrismNative.PN_PrintToFile(JLjava/lang/String;)V+0
j  prism.PrismFileLog.printToLog(Ljava/lang/String;)V+5
j  prism.PrismFileLog.print(Ljava/lang/String;)V+2
j  prism.Prism.initialise()V+51
j  checkers.Checker.startPrism()V+55
j  checkers.PrismThread.startPrism()V+40
j  checkers.PrismThread.run()V+16
j  java.lang.Thread.run()V+11
v  ~StubRoutines::call_stub

---------------  P R O C E S S  ---------------

Java Threads: ( => current thread )
  0x00007f3a0418f000 JavaThread "Image Fetcher 0" daemon [_thread_blocked, id=7830, stack(0x00007f39fe92c000,0x00007f39fea2d000)]
  0x00007f3a04164800 JavaThread "AWT-EventQueue-0" [_thread_blocked, id=7815, stack(0x00007f39fec2d000,0x00007f39fed2e000)]
  0x00007f3a04162800 JavaThread "AWT-Shutdown" [_thread_blocked, id=7813, stack(0x00007f39fed2e000,0x00007f39fee2f000)]
  0x00007f3a0412f000 JavaThread "AWT-XAWT" daemon [_thread_in_native, id=7809, stack(0x00007f39ff02f000,0x00007f39ff130000)]
  0x00007f3a0410d800 JavaThread "Java2D Disposer" daemon [_thread_blocked, id=7807, stack(0x00007f3a1c0bb000,0x00007f3a1c1bc000)]
=>0x00007f3a30168800 JavaThread "prism" [_thread_in_native, id=7781, stack(0x00007f3a1da0b000,0x00007f3a1db0c000)]
  0x00007f3a300c8000 JavaThread "Service Thread" daemon [_thread_blocked, id=7778, stack(0x00007f3a1dc0d000,0x00007f3a1dd0e000)]
  0x00007f3a300b3000 JavaThread "C1 CompilerThread1" daemon [_thread_blocked, id=7777, stack(0x00007f3a1dd0f000,0x00007f3a1de0f000)]
  0x00007f3a300b0800 JavaThread "C2 CompilerThread0" daemon [_thread_blocked, id=7776, stack(0x00007f3a1de10000,0x00007f3a1df10000)]
  0x00007f3a300af000 JavaThread "Signal Dispatcher" daemon [_thread_blocked, id=7775, stack(0x00007f3a1df10000,0x00007f3a1e011000)]
  0x00007f3a3007c000 JavaThread "Finalizer" daemon [_thread_blocked, id=7774, stack(0x00007f3a1e9e0000,0x00007f3a1eae1000)]
  0x00007f3a30079800 JavaThread "Reference Handler" daemon [_thread_blocked, id=7773, stack(0x00007f3a1eae1000,0x00007f3a1ebe2000)]
  0x00007f3a3000b000 JavaThread "main" [_thread_blocked, id=7771, stack(0x00007f3a3620e000,0x00007f3a3630e000)]

Other Threads:
  0x00007f3a30070000 VMThread [stack: 0x00007f3a1ebe3000,0x00007f3a1ece3000] [id=7772]
  0x00007f3a300cd800 WatcherThread [stack: 0x00007f3a1db0d000,0x00007f3a1dc0d000] [id=7779]

VM state:not at safepoint (normal execution)

VM Mutex/Monitor currently owned by a thread: None

Heap:
 def new generation   total 41152K, used 14681K [0x000000073b600000, 0x000000073e2a0000, 0x0000000767950000)
  eden space 36608K,  40% used [0x000000073b600000, 0x000000073c456688, 0x000000073d9c0000)
  from space 4544K,   0% used [0x000000073d9c0000, 0x000000073d9c0000, 0x000000073de30000)
  to   space 4544K,   0% used [0x000000073de30000, 0x000000073de30000, 0x000000073e2a0000)
 tenured generation   total 91520K, used 0K [0x0000000767950000, 0x000000076d2b0000, 0x00000007c0000000)
   the space 91520K,   0% used [0x0000000767950000, 0x0000000767950000, 0x0000000767950200, 0x000000076d2b0000)
 Metaspace       used 13744K, capacity 13986K, committed 14208K, reserved 1060864K
  class space    used 1742K, capacity 1816K, committed 1920K, reserved 1048576K

Card table byte_map: [0x00007f3a1f981000,0x00007f3a1fda7000] byte_map_base: 0x00007f3a1bfa6000

Polling page: 0x00007f3a36322000

CodeCache: size=245760Kb used=3378Kb max_used=3378Kb free=242381Kb
 bounds [0x00007f3a20167000, 0x00007f3a204b7000, 0x00007f3a2f167000]
 total_blobs=1440 nmethods=923 adapters=431
 compilation: enabled

Compilation events (10 events):
Event: 4.975 Thread 0x00007f3a300b3000  909       3       javax.swing.JComponent::setAlignmentX (31 bytes)
Event: 4.976 Thread 0x00007f3a300b3000 nmethod 909 0x00007f3a204a7490 code [0x00007f3a204a7620, 0x00007f3a204a7870]
Event: 4.976 Thread 0x00007f3a300b3000  908       3       javax.swing.DefaultListCellRenderer::repaint (1 bytes)
Event: 4.976 Thread 0x00007f3a300b3000 nmethod 908 0x00007f3a204a9bd0 code [0x00007f3a204a9d20, 0x00007f3a204a9e70]
Event: 4.988 Thread 0x00007f3a300b0800  918       4       java.lang.StringBuilder::<init> (7 bytes)
Event: 4.989 Thread 0x00007f3a300b0800 nmethod 918 0x00007f3a204aa110 code [0x00007f3a204aa260, 0x00007f3a204aa358]
Event: 4.994 Thread 0x00007f3a300b3000  916       3       javax.swing.JButton::<init> (22 bytes)
Event: 4.994 Thread 0x00007f3a300b3000 nmethod 916 0x00007f3a204ac210 code [0x00007f3a204ac400, 0x00007f3a204ace38]
Event: 4.994 Thread 0x00007f3a300b3000  917       3       javax.swing.JButton::updateUI (12 bytes)
Event: 4.995 Thread 0x00007f3a300b3000 nmethod 917 0x00007f3a204a92d0 code [0x00007f3a204a9460, 0x00007f3a204a9770]

GC Heap History (0 events):
No events

Deoptimization events (5 events):
Event: 3.443 Thread 0x00007f3a30168800 Uncommon trap: reason=bimorphic action=maybe_recompile pc=0x00007f3a203ea54c method=javax.swing.UIDefaults.getFromHashtable(Ljava/lang/Object;)Ljava/lang/Object; @ 126
Event: 3.457 Thread 0x00007f3a30168800 Uncommon trap: reason=bimorphic action=maybe_recompile pc=0x00007f3a203ea54c method=javax.swing.UIDefaults.getFromHashtable(Ljava/lang/Object;)Ljava/lang/Object; @ 126
Event: 3.458 Thread 0x00007f3a30168800 Uncommon trap: reason=bimorphic action=maybe_recompile pc=0x00007f3a203ea54c method=javax.swing.UIDefaults.getFromHashtable(Ljava/lang/Object;)Ljava/lang/Object; @ 126
Event: 3.459 Thread 0x00007f3a30168800 Uncommon trap: reason=bimorphic action=maybe_recompile pc=0x00007f3a203ea54c method=javax.swing.UIDefaults.getFromHashtable(Ljava/lang/Object;)Ljava/lang/Object; @ 126
Event: 4.024 Thread 0x00007f3a30168800 Uncommon trap: reason=unstable_if action=reinterpret pc=0x00007f3a204289d0 method=java.lang.ref.SoftReference.get()Ljava/lang/Object; @ 6

Classes redefined (0 events):
No events

Internal exceptions (10 events):
Event: 0.086 Thread 0x00007f3a3000b000 Exception <a 'java/lang/NoSuchMethodError': Method sun.misc.Unsafe.defineClass(Ljava/lang/String;[BII)Ljava/lang/Class; name or signature does not match> (0x000000073b607cb0) thrown at [/HUDSON/workspace/8-2-build-linux-amd64/jdk8u181/11358/hotspot/src/sh
Event: 0.086 Thread 0x00007f3a3000b000 Exception <a 'java/lang/NoSuchMethodError': Method sun.misc.Unsafe.prefetchRead(Ljava/lang/Object;J)V name or signature does not match> (0x000000073b607f98) thrown at [/HUDSON/workspace/8-2-build-linux-amd64/jdk8u181/11358/hotspot/src/share/vm/prims/jni.c
Event: 0.343 Thread 0x00007f3a3000b000 Exception <a 'java/security/PrivilegedActionException'> (0x000000073b681e98) thrown at [/HUDSON/workspace/8-2-build-linux-amd64/jdk8u181/11358/hotspot/src/share/vm/prims/jvm.cpp, line 1435]
Event: 0.343 Thread 0x00007f3a3000b000 Exception <a 'java/security/PrivilegedActionException'> (0x000000073b6820a8) thrown at [/HUDSON/workspace/8-2-build-linux-amd64/jdk8u181/11358/hotspot/src/share/vm/prims/jvm.cpp, line 1435]
Event: 0.352 Thread 0x00007f3a3000b000 Exception <a 'java/security/PrivilegedActionException'> (0x000000073b684690) thrown at [/HUDSON/workspace/8-2-build-linux-amd64/jdk8u181/11358/hotspot/src/share/vm/prims/jvm.cpp, line 1435]
Event: 0.352 Thread 0x00007f3a3000b000 Exception <a 'java/security/PrivilegedActionException'> (0x000000073b6848a0) thrown at [/HUDSON/workspace/8-2-build-linux-amd64/jdk8u181/11358/hotspot/src/share/vm/prims/jvm.cpp, line 1435]
Event: 1.532 Thread 0x00007f3a30168800 Exception <a 'java/lang/NoSuchFieldError': method resolution failed> (0x000000073ba57ad8) thrown at [/HUDSON/workspace/8-2-build-linux-amd64/jdk8u181/11358/hotspot/src/share/vm/prims/methodHandles.cpp, line 1167]
Event: 1.577 Thread 0x00007f3a30168800 Exception <a 'java/lang/NoSuchFieldError': method resolution failed> (0x000000073ba65248) thrown at [/HUDSON/workspace/8-2-build-linux-amd64/jdk8u181/11358/hotspot/src/share/vm/prims/methodHandles.cpp, line 1167]
Event: 1.724 Thread 0x00007f3a30168800 Exception <a 'java/io/FileNotFoundException'> (0x000000073bae5610) thrown at [/HUDSON/workspace/8-2-build-linux-amd64/jdk8u181/11358/hotspot/src/share/vm/prims/jni.cpp, line 709]
Event: 1.724 Thread 0x00007f3a30168800 Exception <a 'java/io/FileNotFoundException'> (0x000000073bae5fa0) thrown at [/HUDSON/workspace/8-2-build-linux-amd64/jdk8u181/11358/hotspot/src/share/vm/prims/jni.cpp, line 709]

Events (10 events):
Event: 4.911 Executing VM operation: RevokeBias done
Event: 4.911 Executing VM operation: RevokeBias
Event: 4.911 Executing VM operation: RevokeBias done
Event: 4.911 Executing VM operation: RevokeBias
Event: 4.911 Executing VM operation: RevokeBias done
Event: 4.911 Executing VM operation: RevokeBias
Event: 4.911 Executing VM operation: RevokeBias done
Event: 4.911 Executing VM operation: RevokeBias
Event: 4.911 Executing VM operation: RevokeBias done
Event: 4.911 Thread 0x00007f3a04215800 Thread exited: 0x00007f3a04215800


Dynamic libraries:
00400000-00401000 r-xp 00000000 08:01 299893                             /usr/lib/jvm/jdk1.8.0_181/bin/java
00600000-00601000 rw-p 00000000 08:01 299893                             /usr/lib/jvm/jdk1.8.0_181/bin/java
00adf000-00b00000 rw-p 00000000 00:00 0                                  [heap]
73b600000-73e2a0000 rw-p 00000000 00:00 0 
73e2a0000-767950000 ---p 00000000 00:00 0 
767950000-76d2b0000 rw-p 00000000 00:00 0 
76d2b0000-7c0000000 ---p 00000000 00:00 0 
7c0000000-7c01e0000 rw-p 00000000 00:00 0 
7c01e0000-800000000 ---p 00000000 00:00 0 
7f39fe183000-7f39fe186000 ---p 00000000 00:00 0 
7f39fe186000-7f39fe284000 rw-p 00000000 00:00 0 
7f39fe284000-7f39fe2ee000 r-xp 00000000 08:01 423062                     /usr/lib/jvm/jdk1.8.0_181/jre/lib/amd64/libt2k.so
7f39fe2ee000-7f39fe4ed000 ---p 0006a000 08:01 423062                     /usr/lib/jvm/jdk1.8.0_181/jre/lib/amd64/libt2k.so
7f39fe4ed000-7f39fe4f4000 rw-p 00069000 08:01 423062                     /usr/lib/jvm/jdk1.8.0_181/jre/lib/amd64/libt2k.so
7f39fe4f4000-7f39fe504000 rw-p 00000000 00:00 0 
7f39fe504000-7f39fe515000 r-xp 00000000 08:01 423099                     /usr/lib/jvm/jdk1.8.0_181/jre/lib/amd64/libnio.so
7f39fe515000-7f39fe714000 ---p 00011000 08:01 423099                     /usr/lib/jvm/jdk1.8.0_181/jre/lib/amd64/libnio.so
7f39fe714000-7f39fe715000 rw-p 00010000 08:01 423099                     /usr/lib/jvm/jdk1.8.0_181/jre/lib/amd64/libnio.so
7f39fe715000-7f39fe72b000 r-xp 00000000 08:01 423096                     /usr/lib/jvm/jdk1.8.0_181/jre/lib/amd64/libnet.so
7f39fe72b000-7f39fe92b000 ---p 00016000 08:01 423096                     /usr/lib/jvm/jdk1.8.0_181/jre/lib/amd64/libnet.so
7f39fe92b000-7f39fe92c000 rw-p 00016000 08:01 423096                     /usr/lib/jvm/jdk1.8.0_181/jre/lib/amd64/libnet.so
7f39fe92c000-7f39fe92f000 ---p 00000000 00:00 0 
7f39fe92f000-7f39fec2d000 rw-p 00000000 00:00 0 
7f39fec2d000-7f39fec30000 ---p 00000000 00:00 0 
7f39fec30000-7f39fed2e000 rw-p 00000000 00:00 0 
7f39fed2e000-7f39fed31000 ---p 00000000 00:00 0 
7f39fed31000-7f39ff02f000 rw-p 00000000 00:00 0 
7f39ff02f000-7f39ff032000 ---p 00000000 00:00 0 
7f39ff032000-7f39ff130000 rw-p 00000000 00:00 0 
7f39ff130000-7f39ff135000 r-xp 00000000 08:01 12304                      /usr/lib/x86_64-linux-gnu/libXfixes.so.3.1.0
7f39ff135000-7f39ff334000 ---p 00005000 08:01 12304                      /usr/lib/x86_64-linux-gnu/libXfixes.so.3.1.0
7f39ff334000-7f39ff335000 r--p 00004000 08:01 12304                      /usr/lib/x86_64-linux-gnu/libXfixes.so.3.1.0
7f39ff335000-7f39ff336000 rw-p 00005000 08:01 12304                      /usr/lib/x86_64-linux-gnu/libXfixes.so.3.1.0
7f39ff336000-7f39ff33f000 r-xp 00000000 08:01 12296                      /usr/lib/x86_64-linux-gnu/libXcursor.so.1.0.2
7f39ff33f000-7f39ff53e000 ---p 00009000 08:01 12296                      /usr/lib/x86_64-linux-gnu/libXcursor.so.1.0.2
7f39ff53e000-7f39ff53f000 r--p 00008000 08:01 12296                      /usr/lib/x86_64-linux-gnu/libXcursor.so.1.0.2
7f39ff53f000-7f39ff540000 rw-p 00009000 08:01 12296                      /usr/lib/x86_64-linux-gnu/libXcursor.so.1.0.2
7f39ff540000-7f39ff5a5000 r-xp 00000000 08:01 423076                     /usr/lib/jvm/jdk1.8.0_181/jre/lib/amd64/libfontmanager.so
7f39ff5a5000-7f39ff7a4000 ---p 00065000 08:01 423076                     /usr/lib/jvm/jdk1.8.0_181/jre/lib/amd64/libfontmanager.so
7f39ff7a4000-7f39ff7a9000 rw-p 00064000 08:01 423076                     /usr/lib/jvm/jdk1.8.0_181/jre/lib/amd64/libfontmanager.so
7f39ff7a9000-7f39ff7b9000 rw-p 00000000 00:00 0 
7f39ff7b9000-7f39ff7cc000 r-xp 00000000 08:01 268771                     /lib/x86_64-linux-gnu/libbsd.so.0.8.7
7f39ff7cc000-7f39ff9cb000 ---p 00013000 08:01 268771                     /lib/x86_64-linux-gnu/libbsd.so.0.8.7
7f39ff9cb000-7f39ff9cc000 r--p 00012000 08:01 268771                     /lib/x86_64-linux-gnu/libbsd.so.0.8.7
7f39ff9cc000-7f39ff9cd000 rw-p 00013000 08:01 268771                     /lib/x86_64-linux-gnu/libbsd.so.0.8.7
7f39ff9cd000-7f39ff9ce000 rw-p 00000000 00:00 0 
7f39ff9ce000-7f39ff9d3000 r-xp 00000000 08:01 12300                      /usr/lib/x86_64-linux-gnu/libXdmcp.so.6.0.0
7f39ff9d3000-7f39ffbd2000 ---p 00005000 08:01 12300                      /usr/lib/x86_64-linux-gnu/libXdmcp.so.6.0.0
7f39ffbd2000-7f39ffbd3000 r--p 00004000 08:01 12300                      /usr/lib/x86_64-linux-gnu/libXdmcp.so.6.0.0
7f39ffbd3000-7f39ffbd4000 rw-p 00005000 08:01 12300                      /usr/lib/x86_64-linux-gnu/libXdmcp.so.6.0.0
7f39ffbd4000-7f39ffbd6000 r-xp 00000000 08:01 12289                      /usr/lib/x86_64-linux-gnu/libXau.so.6.0.0
7f39ffbd6000-7f39ffdd6000 ---p 00002000 08:01 12289                      /usr/lib/x86_64-linux-gnu/libXau.so.6.0.0
7f39ffdd6000-7f39ffdd7000 r--p 00002000 08:01 12289                      /usr/lib/x86_64-linux-gnu/libXau.so.6.0.0
7f39ffdd7000-7f39ffdd8000 rw-p 00003000 08:01 12289                      /usr/lib/x86_64-linux-gnu/libXau.so.6.0.0
7f39ffdd8000-7f39ffdfe000 r-xp 00000000 08:01 13496                      /usr/lib/x86_64-linux-gnu/libxcb.so.1.1.0
7f39ffdfe000-7f39ffffe000 ---p 00026000 08:01 13496                      /usr/lib/x86_64-linux-gnu/libxcb.so.1.1.0
7f39ffffe000-7f39fffff000 r--p 00026000 08:01 13496                      /usr/lib/x86_64-linux-gnu/libxcb.so.1.1.0
7f39fffff000-7f3a00000000 rw-p 00027000 08:01 13496                      /usr/lib/x86_64-linux-gnu/libxcb.so.1.1.0
7f3a00000000-7f3a0034b000 rw-p 00000000 00:00 0 
7f3a0034b000-7f3a04000000 ---p 00000000 00:00 0 
7f3a04000000-7f3a04473000 rw-p 00000000 00:00 0 
7f3a04473000-7f3a08000000 ---p 00000000 00:00 0 
7f3a08000000-7f3a08021000 rw-p 00000000 00:00 0 
7f3a08021000-7f3a0c000000 ---p 00000000 00:00 0 
7f3a0c000000-7f3a0c14f000 rw-p 00000000 00:00 0 
7f3a0c14f000-7f3a10000000 ---p 00000000 00:00 0 
7f3a10000000-7f3a1002c000 rw-p 00000000 00:00 0 
7f3a1002c000-7f3a14000000 ---p 00000000 00:00 0 
7f3a14000000-7f3a14021000 rw-p 00000000 00:00 0 
7f3a14021000-7f3a18000000 ---p 00000000 00:00 0 
7f3a18000000-7f3a18021000 rw-p 00000000 00:00 0 
7f3a18021000-7f3a1c000000 ---p 00000000 00:00 0 
7f3a1c0bb000-7f3a1c0be000 ---p 00000000 00:00 0 
7f3a1c0be000-7f3a1c1bc000 rw-p 00000000 00:00 0 
7f3a1c1bc000-7f3a1c1cb000 r-xp 00000000 08:01 12310                      /usr/lib/x86_64-linux-gnu/libXi.so.6.1.0
7f3a1c1cb000-7f3a1c3ca000 ---p 0000f000 08:01 12310                      /usr/lib/x86_64-linux-gnu/libXi.so.6.1.0
7f3a1c3ca000-7f3a1c3cb000 r--p 0000e000 08:01 12310                      /usr/lib/x86_64-linux-gnu/libXi.so.6.1.0
7f3a1c3cb000-7f3a1c3cc000 rw-p 0000f000 08:01 12310                      /usr/lib/x86_64-linux-gnu/libXi.so.6.1.0
7f3a1c3cc000-7f3a1c3d1000 r-xp 00000000 08:01 12328                      /usr/lib/x86_64-linux-gnu/libXtst.so.6.1.0
7f3a1c3d1000-7f3a1c5d0000 ---p 00005000 08:01 12328                      /usr/lib/x86_64-linux-gnu/libXtst.so.6.1.0
7f3a1c5d0000-7f3a1c5d1000 r--p 00004000 08:01 12328                      /usr/lib/x86_64-linux-gnu/libXtst.so.6.1.0
7f3a1c5d1000-7f3a1c5d2000 rw-p 00005000 08:01 12328                      /usr/lib/x86_64-linux-gnu/libXtst.so.6.1.0
7f3a1c5d2000-7f3a1c5db000 r-xp 00000000 08:01 12322                      /usr/lib/x86_64-linux-gnu/libXrender.so.1.3.0
7f3a1c5db000-7f3a1c7da000 ---p 00009000 08:01 12322                      /usr/lib/x86_64-linux-gnu/libXrender.so.1.3.0
7f3a1c7da000-7f3a1c7db000 r--p 00008000 08:01 12322                      /usr/lib/x86_64-linux-gnu/libXrender.so.1.3.0
7f3a1c7db000-7f3a1c7dc000 rw-p 00009000 08:01 12322                      /usr/lib/x86_64-linux-gnu/libXrender.so.1.3.0
7f3a1c7dc000-7f3a1c910000 r-xp 00000000 08:01 12285                      /usr/lib/x86_64-linux-gnu/libX11.so.6.3.0
7f3a1c910000-7f3a1cb10000 ---p 00134000 08:01 12285                      /usr/lib/x86_64-linux-gnu/libX11.so.6.3.0
7f3a1cb10000-7f3a1cb11000 r--p 00134000 08:01 12285                      /usr/lib/x86_64-linux-gnu/libX11.so.6.3.0
7f3a1cb11000-7f3a1cb15000 rw-p 00135000 08:01 12285                      /usr/lib/x86_64-linux-gnu/libX11.so.6.3.0
7f3a1cb15000-7f3a1cb26000 r-xp 00000000 08:01 12302                      /usr/lib/x86_64-linux-gnu/libXext.so.6.4.0
7f3a1cb26000-7f3a1cd25000 ---p 00011000 08:01 12302                      /usr/lib/x86_64-linux-gnu/libXext.so.6.4.0
7f3a1cd25000-7f3a1cd26000 r--p 00010000 08:01 12302                      /usr/lib/x86_64-linux-gnu/libXext.so.6.4.0
7f3a1cd26000-7f3a1cd27000 rw-p 00011000 08:01 12302                      /usr/lib/x86_64-linux-gnu/libXext.so.6.4.0
7f3a1cd27000-7f3a1cd7b000 r-xp 00000000 08:01 423103                     /usr/lib/jvm/jdk1.8.0_181/jre/lib/amd64/libawt_xawt.so
7f3a1cd7b000-7f3a1cf7b000 ---p 00054000 08:01 423103                     /usr/lib/jvm/jdk1.8.0_181/jre/lib/amd64/libawt_xawt.so
7f3a1cf7b000-7f3a1cf7f000 rw-p 00054000 08:01 423103                     /usr/lib/jvm/jdk1.8.0_181/jre/lib/amd64/libawt_xawt.so
7f3a1cf7f000-7f3a1cf80000 rw-p 00000000 00:00 0 
7f3a1cf80000-7f3a1d022000 r-xp 00000000 08:01 423089                     /usr/lib/jvm/jdk1.8.0_181/jre/lib/amd64/libawt.so
7f3a1d022000-7f3a1d222000 ---p 000a2000 08:01 423089                     /usr/lib/jvm/jdk1.8.0_181/jre/lib/amd64/libawt.so
7f3a1d222000-7f3a1d22e000 rw-p 000a2000 08:01 423089                     /usr/lib/jvm/jdk1.8.0_181/jre/lib/amd64/libawt.so
7f3a1d22e000-7f3a1d252000 rw-p 00000000 00:00 0 
7f3a1d252000-7f3a1d269000 r-xp 00000000 08:01 292491                     /lib/x86_64-linux-gnu/libgcc_s.so.1
7f3a1d269000-7f3a1d468000 ---p 00017000 08:01 292491                     /lib/x86_64-linux-gnu/libgcc_s.so.1
7f3a1d468000-7f3a1d469000 r--p 00016000 08:01 292491                     /lib/x86_64-linux-gnu/libgcc_s.so.1
7f3a1d469000-7f3a1d46a000 rw-p 00017000 08:01 292491                     /lib/x86_64-linux-gnu/libgcc_s.so.1
7f3a1d46a000-7f3a1d5e3000 r-xp 00000000 08:01 2222                       /usr/lib/x86_64-linux-gnu/libstdc++.so.6.0.25
7f3a1d5e3000-7f3a1d7e3000 ---p 00179000 08:01 2222                       /usr/lib/x86_64-linux-gnu/libstdc++.so.6.0.25
7f3a1d7e3000-7f3a1d7ed000 r--p 00179000 08:01 2222                       /usr/lib/x86_64-linux-gnu/libstdc++.so.6.0.25
7f3a1d7ed000-7f3a1d7ef000 rw-p 00183000 08:01 2222                       /usr/lib/x86_64-linux-gnu/libstdc++.so.6.0.25
7f3a1d7ef000-7f3a1d7f3000 rw-p 00000000 00:00 0 
7f3a1d7f3000-7f3a1d806000 r--s 00345000 08:01 423003                     /usr/lib/jvm/jdk1.8.0_181/jre/lib/resources.jar
7f3a1d806000-7f3a1d80a000 r-xp 00000000 08:01 1200040                    /home/new/Documents/git/checker2/Rover/prism-library/prism/lib/libprism.so
7f3a1d80a000-7f3a1da09000 ---p 00004000 08:01 1200040                    /home/new/Documents/git/checker2/Rover/prism-library/prism/lib/libprism.so
7f3a1da09000-7f3a1da0a000 r--p 00003000 08:01 1200040                    /home/new/Documents/git/checker2/Rover/prism-library/prism/lib/libprism.so
7f3a1da0a000-7f3a1da0b000 rw-p 00004000 08:01 1200040                    /home/new/Documents/git/checker2/Rover/prism-library/prism/lib/libprism.so
7f3a1da0b000-7f3a1da0e000 ---p 00000000 00:00 0 
7f3a1da0e000-7f3a1db0c000 rw-p 00000000 00:00 0 
7f3a1db0c000-7f3a1db0d000 ---p 00000000 00:00 0 
7f3a1db0d000-7f3a1dc0d000 rw-p 00000000 00:00 0 
7f3a1dc0d000-7f3a1dc10000 ---p 00000000 00:00 0 
7f3a1dc10000-7f3a1dd0e000 rw-p 00000000 00:00 0 
7f3a1dd0e000-7f3a1dd0f000 ---p 00000000 00:00 0 
7f3a1dd0f000-7f3a1dd12000 ---p 00000000 00:00 0 
7f3a1dd12000-7f3a1de0f000 rw-p 00000000 00:00 0 
7f3a1de0f000-7f3a1de10000 ---p 00000000 00:00 0 
7f3a1de10000-7f3a1de13000 ---p 00000000 00:00 0 
7f3a1de13000-7f3a1df10000 rw-p 00000000 00:00 0 
7f3a1df10000-7f3a1df13000 ---p 00000000 00:00 0 
7f3a1df13000-7f3a1e011000 rw-p 00000000 00:00 0 
7f3a1e011000-7f3a1e9e0000 r--p 00000000 08:01 6873                       /usr/lib/locale/locale-archive
7f3a1e9e0000-7f3a1e9e3000 ---p 00000000 00:00 0 
7f3a1e9e3000-7f3a1eae1000 rw-p 00000000 00:00 0 
7f3a1eae1000-7f3a1eae4000 ---p 00000000 00:00 0 
7f3a1eae4000-7f3a1ebe2000 rw-p 00000000 00:00 0 
7f3a1ebe2000-7f3a1ebe3000 ---p 00000000 00:00 0 
7f3a1ebe3000-7f3a1ece3000 rw-p 00000000 00:00 0 
7f3a1ece3000-7f3a1eebd000 r--s 03d6b000 08:01 422965                     /usr/lib/jvm/jdk1.8.0_181/jre/lib/rt.jar
7f3a1eebd000-7f3a1f6ea000 rw-p 00000000 00:00 0 
7f3a1f6ea000-7f3a1f981000 ---p 00000000 00:00 0 
7f3a1f981000-7f3a1f998000 rw-p 00000000 00:00 0 
7f3a1f998000-7f3a1fae2000 ---p 00000000 00:00 0 
7f3a1fae2000-7f3a1fb10000 rw-p 00000000 00:00 0 
7f3a1fb10000-7f3a1fda6000 ---p 00000000 00:00 0 
7f3a1fda6000-7f3a1fdb5000 rw-p 00000000 00:00 0 
7f3a1fdb5000-7f3a20167000 ---p 00000000 00:00 0 
7f3a20167000-7f3a204b7000 rwxp 00000000 00:00 0 
7f3a204b7000-7f3a2f167000 ---p 00000000 00:00 0 
7f3a2f167000-7f3a2f182000 r-xp 00000000 08:01 423092                     /usr/lib/jvm/jdk1.8.0_181/jre/lib/amd64/libzip.so
7f3a2f182000-7f3a2f382000 ---p 0001b000 08:01 423092                     /usr/lib/jvm/jdk1.8.0_181/jre/lib/amd64/libzip.so
7f3a2f382000-7f3a2f383000 rw-p 0001b000 08:01 423092                     /usr/lib/jvm/jdk1.8.0_181/jre/lib/amd64/libzip.so
7f3a2f383000-7f3a2f38e000 r-xp 00000000 08:01 293372                     /lib/x86_64-linux-gnu/libnss_files-2.27.so
7f3a2f38e000-7f3a2f58d000 ---p 0000b000 08:01 293372                     /lib/x86_64-linux-gnu/libnss_files-2.27.so
7f3a2f58d000-7f3a2f58e000 r--p 0000a000 08:01 293372                     /lib/x86_64-linux-gnu/libnss_files-2.27.so
7f3a2f58e000-7f3a2f58f000 rw-p 0000b000 08:01 293372                     /lib/x86_64-linux-gnu/libnss_files-2.27.so
7f3a2f58f000-7f3a2f595000 rw-p 00000000 00:00 0 
7f3a2f595000-7f3a2f5ac000 r-xp 00000000 08:01 293367                     /lib/x86_64-linux-gnu/libnsl-2.27.so
7f3a2f5ac000-7f3a2f7ab000 ---p 00017000 08:01 293367                     /lib/x86_64-linux-gnu/libnsl-2.27.so
7f3a2f7ab000-7f3a2f7ac000 r--p 00016000 08:01 293367                     /lib/x86_64-linux-gnu/libnsl-2.27.so
7f3a2f7ac000-7f3a2f7ad000 rw-p 00017000 08:01 293367                     /lib/x86_64-linux-gnu/libnsl-2.27.so
7f3a2f7ad000-7f3a2f7af000 rw-p 00000000 00:00 0 
7f3a2f7af000-7f3a2f7ba000 r-xp 00000000 08:01 293374                     /lib/x86_64-linux-gnu/libnss_nis-2.27.so
7f3a2f7ba000-7f3a2f9b9000 ---p 0000b000 08:01 293374                     /lib/x86_64-linux-gnu/libnss_nis-2.27.so
7f3a2f9b9000-7f3a2f9ba000 r--p 0000a000 08:01 293374                     /lib/x86_64-linux-gnu/libnss_nis-2.27.so
7f3a2f9ba000-7f3a2f9bb000 rw-p 0000b000 08:01 293374                     /lib/x86_64-linux-gnu/libnss_nis-2.27.so
7f3a2f9bb000-7f3a2f9c3000 r-xp 00000000 08:01 293370                     /lib/x86_64-linux-gnu/libnss_compat-2.27.so
7f3a2f9c3000-7f3a2fbc3000 ---p 00008000 08:01 293370                     /lib/x86_64-linux-gnu/libnss_compat-2.27.so
7f3a2fbc3000-7f3a2fbc4000 r--p 00008000 08:01 293370                     /lib/x86_64-linux-gnu/libnss_compat-2.27.so
7f3a2fbc4000-7f3a2fbc5000 rw-p 00009000 08:01 293370                     /lib/x86_64-linux-gnu/libnss_compat-2.27.so
7f3a2fbc5000-7f3a2fbf0000 r-xp 00000000 08:01 423086                     /usr/lib/jvm/jdk1.8.0_181/jre/lib/amd64/libjava.so
7f3a2fbf0000-7f3a2fdef000 ---p 0002b000 08:01 423086                     /usr/lib/jvm/jdk1.8.0_181/jre/lib/amd64/libjava.so
7f3a2fdef000-7f3a2fdf1000 rw-p 0002a000 08:01 423086                     /usr/lib/jvm/jdk1.8.0_181/jre/lib/amd64/libjava.so
7f3a2fdf1000-7f3a2fdfe000 r-xp 00000000 08:01 423091                     /usr/lib/jvm/jdk1.8.0_181/jre/lib/amd64/libverify.so
7f3a2fdfe000-7f3a2fffe000 ---p 0000d000 08:01 423091                     /usr/lib/jvm/jdk1.8.0_181/jre/lib/amd64/libverify.so
7f3a2fffe000-7f3a30000000 rw-p 0000d000 08:01 423091                     /usr/lib/jvm/jdk1.8.0_181/jre/lib/amd64/libverify.so
7f3a30000000-7f3a30176000 rw-p 00000000 00:00 0 
7f3a30176000-7f3a34000000 ---p 00000000 00:00 0 
7f3a34000000-7f3a34095000 r--s 01109000 08:01 555531                     /usr/lib/jvm/jdk1.8.0_121/jre/lib/ext/jfxrt.jar
7f3a34095000-7f3a340b5000 r--s 0027a000 08:01 1200044                    /home/new/Documents/git/checker2/Rover/prism-library/prism/lib/prism.jar
7f3a340b5000-7f3a3412b000 rw-p 00000000 00:00 0 
7f3a3412b000-7f3a34132000 r-xp 00000000 08:01 293659                     /lib/x86_64-linux-gnu/librt-2.27.so
7f3a34132000-7f3a34331000 ---p 00007000 08:01 293659                     /lib/x86_64-linux-gnu/librt-2.27.so
7f3a34331000-7f3a34332000 r--p 00006000 08:01 293659                     /lib/x86_64-linux-gnu/librt-2.27.so
7f3a34332000-7f3a34333000 rw-p 00007000 08:01 293659                     /lib/x86_64-linux-gnu/librt-2.27.so
7f3a34333000-7f3a344d0000 r-xp 00000000 08:01 293364                     /lib/x86_64-linux-gnu/libm-2.27.so
7f3a344d0000-7f3a346cf000 ---p 0019d000 08:01 293364                     /lib/x86_64-linux-gnu/libm-2.27.so
7f3a346cf000-7f3a346d0000 r--p 0019c000 08:01 293364                     /lib/x86_64-linux-gnu/libm-2.27.so
7f3a346d0000-7f3a346d1000 rw-p 0019d000 08:01 293364                     /lib/x86_64-linux-gnu/libm-2.27.so
7f3a346d1000-7f3a353ad000 r-xp 00000000 08:01 529445                     /usr/lib/jvm/jdk1.8.0_181/jre/lib/amd64/server/libjvm.so
7f3a353ad000-7f3a355ad000 ---p 00cdc000 08:01 529445                     /usr/lib/jvm/jdk1.8.0_181/jre/lib/amd64/server/libjvm.so
7f3a355ad000-7f3a35687000 rw-p 00cdc000 08:01 529445                     /usr/lib/jvm/jdk1.8.0_181/jre/lib/amd64/server/libjvm.so
7f3a35687000-7f3a356d2000 rw-p 00000000 00:00 0 
7f3a356d2000-7f3a358b9000 r-xp 00000000 08:01 293344                     /lib/x86_64-linux-gnu/libc-2.27.so
7f3a358b9000-7f3a35ab9000 ---p 001e7000 08:01 293344                     /lib/x86_64-linux-gnu/libc-2.27.so
7f3a35ab9000-7f3a35abd000 r--p 001e7000 08:01 293344                     /lib/x86_64-linux-gnu/libc-2.27.so
7f3a35abd000-7f3a35abf000 rw-p 001eb000 08:01 293344                     /lib/x86_64-linux-gnu/libc-2.27.so
7f3a35abf000-7f3a35ac3000 rw-p 00000000 00:00 0 
7f3a35ac3000-7f3a35ac6000 r-xp 00000000 08:01 293363                     /lib/x86_64-linux-gnu/libdl-2.27.so
7f3a35ac6000-7f3a35cc5000 ---p 00003000 08:01 293363                     /lib/x86_64-linux-gnu/libdl-2.27.so
7f3a35cc5000-7f3a35cc6000 r--p 00002000 08:01 293363                     /lib/x86_64-linux-gnu/libdl-2.27.so
7f3a35cc6000-7f3a35cc7000 rw-p 00003000 08:01 293363                     /lib/x86_64-linux-gnu/libdl-2.27.so
7f3a35cc7000-7f3a35cdd000 r-xp 00000000 08:01 300951                     /usr/lib/jvm/jdk1.8.0_181/lib/amd64/jli/libjli.so
7f3a35cdd000-7f3a35edc000 ---p 00016000 08:01 300951                     /usr/lib/jvm/jdk1.8.0_181/lib/amd64/jli/libjli.so
7f3a35edc000-7f3a35edd000 rw-p 00015000 08:01 300951                     /usr/lib/jvm/jdk1.8.0_181/lib/amd64/jli/libjli.so
7f3a35edd000-7f3a35ef7000 r-xp 00000000 08:01 293377                     /lib/x86_64-linux-gnu/libpthread-2.27.so
7f3a35ef7000-7f3a360f6000 ---p 0001a000 08:01 293377                     /lib/x86_64-linux-gnu/libpthread-2.27.so
7f3a360f6000-7f3a360f7000 r--p 00019000 08:01 293377                     /lib/x86_64-linux-gnu/libpthread-2.27.so
7f3a360f7000-7f3a360f8000 rw-p 0001a000 08:01 293377                     /lib/x86_64-linux-gnu/libpthread-2.27.so
7f3a360f8000-7f3a360fc000 rw-p 00000000 00:00 0 
7f3a360fc000-7f3a36125000 r-xp 00000000 08:01 293340                     /lib/x86_64-linux-gnu/ld-2.27.so
7f3a3612e000-7f3a3613b000 r--s 00077000 08:01 1200046                    /home/new/Documents/git/checker2/Rover/prism-library/prism/lib/colt.jar
7f3a3613b000-7f3a3620d000 rw-p 00000000 00:00 0 
7f3a3620d000-7f3a3620e000 ---p 00000000 00:00 0 
7f3a3620e000-7f3a36211000 ---p 00000000 00:00 0 
7f3a36211000-7f3a36310000 rw-p 00000000 00:00 0 
7f3a36310000-7f3a36312000 r--s 00007000 08:01 423114                     /usr/lib/jvm/jdk1.8.0_181/jre/lib/jfxswt.jar
7f3a36312000-7f3a36315000 r--s 00015000 08:01 1200054                    /home/new/Documents/git/checker2/Rover/prism-library/prism/lib/pepa.zip
7f3a36315000-7f3a36319000 r--s 0003d000 08:01 1200051                    /home/new/Documents/git/checker2/Rover/prism-library/prism/lib/jhoafparser.jar
7f3a36319000-7f3a36321000 rw-s 00000000 08:01 942985                     /tmp/hsperfdata_new/7770
7f3a36321000-7f3a36322000 rw-p 00000000 00:00 0 
7f3a36322000-7f3a36323000 r--p 00000000 00:00 0 
7f3a36323000-7f3a36325000 rw-p 00000000 00:00 0 
7f3a36325000-7f3a36326000 r--p 00029000 08:01 293340                     /lib/x86_64-linux-gnu/ld-2.27.so
7f3a36326000-7f3a36327000 rw-p 0002a000 08:01 293340                     /lib/x86_64-linux-gnu/ld-2.27.so
7f3a36327000-7f3a36328000 rw-p 00000000 00:00 0 
7ffe9e1f9000-7ffe9e21b000 rw-p 00000000 00:00 0                          [stack]
7ffe9e3be000-7ffe9e3c1000 r--p 00000000 00:00 0                          [vvar]
7ffe9e3c1000-7ffe9e3c3000 r-xp 00000000 00:00 0                          [vdso]
ffffffffff600000-ffffffffff601000 r-xp 00000000 00:00 0                  [vsyscall]

VM Arguments:
jvm_args: -Djava.library.path=prism-library/prism/lib/ -Dfile.encoding=UTF-8 
java_command: aCheck.CheckingDriver 96
java_class_path (initial): ./bin:prism-library/prism/lib/colt.jar:prism-library/prism/lib/jhoafparser.jar:prism-library/prism/lib/pepa.zip:prism-library/prism/lib/prism.jar:/usr/lib/jvm/jdk1.8.0_181/jre/lib/jfxswt.jar:/usr/lib/jvm/jdk1.8.0_121/jre/lib/ext/jfxrt.jar
Launcher Type: SUN_STANDARD

Environment Variables:
PATH=/usr/local/sbin:/usr/local/bin:/usr/sbin:/usr/bin:/sbin:/bin:/usr/games:/usr/local/games:/snap/bin
USERNAME=new
LD_LIBRARY_PATH=:/opt/resouces/prism-library/prism/lib/:/opt/resouces/prism-library/prism/lib/:prism-library/prism/lib/
SHELL=/bin/bash
DISPLAY=:0

Signal Handlers:
SIGSEGV: [libjvm.so+0xad2a40], sa_mask[0]=11111111011111111101111111111110, sa_flags=SA_RESTART|SA_SIGINFO
SIGBUS: [libjvm.so+0xad2a40], sa_mask[0]=11111111011111111101111111111110, sa_flags=SA_RESTART|SA_SIGINFO
SIGFPE: [libjvm.so+0x92a610], sa_mask[0]=11111111011111111101111111111110, sa_flags=SA_RESTART|SA_SIGINFO
SIGPIPE: [libjvm.so+0x92a610], sa_mask[0]=11111111011111111101111111111110, sa_flags=SA_RESTART|SA_SIGINFO
SIGXFSZ: [libjvm.so+0x92a610], sa_mask[0]=11111111011111111101111111111110, sa_flags=SA_RESTART|SA_SIGINFO
SIGILL: [libjvm.so+0x92a610], sa_mask[0]=11111111011111111101111111111110, sa_flags=SA_RESTART|SA_SIGINFO
SIGUSR1: SIG_DFL, sa_mask[0]=00000000000000000000000000000000, sa_flags=none
SIGUSR2: [libjvm.so+0x92be70], sa_mask[0]=00000000000000000000000000000000, sa_flags=SA_RESTART|SA_SIGINFO
SIGHUP: [libjvm.so+0x92d270], sa_mask[0]=11111111011111111101111111111110, sa_flags=SA_RESTART|SA_SIGINFO
SIGINT: [libjvm.so+0x92d270], sa_mask[0]=11111111011111111101111111111110, sa_flags=SA_RESTART|SA_SIGINFO
SIGTERM: [libjvm.so+0x92d270], sa_mask[0]=11111111011111111101111111111110, sa_flags=SA_RESTART|SA_SIGINFO
SIGQUIT: [libjvm.so+0x92d270], sa_mask[0]=11111111011111111101111111111110, sa_flags=SA_RESTART|SA_SIGINFO


---------------  S Y S T E M  ---------------

OS:DISTRIB_ID=Ubuntu
DISTRIB_RELEASE=18.04
DISTRIB_CODENAME=bionic
DISTRIB_DESCRIPTION="Ubuntu 18.04.1 LTS"

uname:Linux 4.15.0-29-generic #31-Ubuntu SMP Tue Jul 17 15:39:52 UTC 2018 x86_64
libc:glibc 2.27 NPTL 2.27 
rlimit: STACK 8192k, CORE 0k, NPROC 33692, NOFILE 4096, AS infinity
load average:1.81 0.99 0.72

/proc/meminfo:
MemTotal:        8684596 kB
MemFree:         3464064 kB
MemAvailable:    5369400 kB
Buffers:          276472 kB
Cached:          1905292 kB
SwapCached:            0 kB
Active:          3896280 kB
Inactive:        1050452 kB
Active(anon):    2760312 kB
Inactive(anon):   110968 kB
Active(file):    1135968 kB
Inactive(file):   939484 kB
Unevictable:          80 kB
Mlocked:              80 kB
SwapTotal:        581564 kB
SwapFree:         581564 kB
Dirty:               272 kB
Writeback:             0 kB
AnonPages:       2765076 kB
Mapped:           684304 kB
Shmem:            112480 kB
Slab:             145384 kB
SReclaimable:     102532 kB
SUnreclaim:        42852 kB
KernelStack:       12320 kB
PageTables:        55144 kB
NFS_Unstable:          0 kB
Bounce:                0 kB
WritebackTmp:          0 kB
CommitLimit:     4923860 kB
Committed_AS:    9077536 kB
VmallocTotal:   34359738367 kB
VmallocUsed:           0 kB
VmallocChunk:          0 kB
HardwareCorrupted:     0 kB
AnonHugePages:         0 kB
ShmemHugePages:        0 kB
ShmemPmdMapped:        0 kB
CmaTotal:              0 kB
CmaFree:               0 kB
HugePages_Total:       0
HugePages_Free:        0
HugePages_Rsvd:        0
HugePages_Surp:        0
Hugepagesize:       2048 kB
DirectMap4k:      124864 kB
DirectMap2M:     8787968 kB


CPU:total 1 (initial active 1) (1 cores per cpu, 1 threads per core) family 6 model 158 stepping 9, cmov, cx8, fxsr, mmx, sse, sse2, sse3, ssse3, sse4.1, sse4.2, popcnt, avx, avx2, aes, clmul, 3dnowpref, lzcnt, tsc, tscinvbit

/proc/cpuinfo:
processor	: 0
vendor_id	: GenuineIntel
cpu family	: 6
model		: 158
model name	: Intel(R) Core(TM) i7-7700HQ CPU @ 2.80GHz
stepping	: 9
cpu MHz		: 2807.998
cache size	: 6144 KB
physical id	: 0
siblings	: 1
core id		: 0
cpu cores	: 1
apicid		: 0
initial apicid	: 0
fpu		: yes
fpu_exception	: yes
cpuid level	: 22
wp		: yes
flags		: fpu vme de pse tsc msr pae mce cx8 apic sep mtrr pge mca cmov pat pse36 clflush mmx fxsr sse sse2 ht syscall nx rdtscp lm constant_tsc rep_good nopl xtopology nonstop_tsc cpuid pni pclmulqdq monitor ssse3 cx16 pcid sse4_1 sse4_2 x2apic movbe popcnt aes xsave avx rdrand hypervisor lahf_lm abm 3dnowprefetch invpcid_single pti fsgsbase avx2 invpcid rdseed clflushopt
bugs		: cpu_meltdown spectre_v1 spectre_v2 spec_store_bypass
bogomips	: 5615.99
clflush size	: 64
cache_alignment	: 64
address sizes	: 39 bits physical, 48 bits virtual
power management:



Memory: 4k page, physical 8684596k(3464064k free), swap 581564k(581564k free)

vm_info: Java HotSpot(TM) 64-Bit Server VM (25.181-b13) for linux-amd64 JRE (1.8.0_181-b13), built on Jul  7 2018 00:56:38 by "java_re" with gcc 4.3.0 20080428 (Red Hat 4.3.0-8)

time: Tue Mar 22 19:04:37 2022
elapsed time: 5 seconds (0d 0h 0m 5s)

