#
# A fatal error has been detected by the Java Runtime Environment:
#
#  SIGSEGV (0xb) at pc=0x00007fac4ece399e, pid=1567, tid=0x00007fac3302a700
#
# JRE version: Java(TM) SE Runtime Environment (8.0_181-b13) (build 1.8.0_181-b13)
# Java VM: Java HotSpot(TM) 64-Bit Server VM (25.181-b13 mixed mode linux-amd64 compressed oops)
# Problematic frame:
# C  [libc.so.6+0x7f99e]  fwrite+0x1e
#
# Failed to write core dump. Core dumps have been disabled. To enable core dumping, try "ulimit -c unlimited" before starting Java again
#
# If you would like to submit a bug report, please visit:
#   http://bugreport.java.com/bugreport/crash.jsp
# The crash happened outside the Java Virtual Machine in native code.
# See problematic frame for where to report the bug.
#

---------------  T H R E A D  ---------------

Current thread (0x00007fac4814f000):  JavaThread "prism" [_thread_in_native, id=1577, stack(0x00007fac32f2a000,0x00007fac3302b000)]

siginfo: si_signo: 11 (SIGSEGV), si_code: 1 (SEGV_MAPERR), si_addr: 0x0000000000000000

Registers:
RAX=0x0000000000000006, RBX=0x00007fac4814f1f8, RCX=0x0000000000000000, RDX=0x0000000000000006
RSP=0x00007fac330292e0, RBP=0x0000000000000006, RSI=0x0000000000000001, RDI=0x00007fac142173a0
R8 =0x000000000000000a, R9 =0x00007fac142173a6, R10=0x0000000000000016, R11=0x00007fac4ece3980
R12=0x00007fac330293c8, R13=0x0000000000000000, R14=0x00007fac330293d8, R15=0x00007fac4814f000
RIP=0x00007fac4ece399e, EFLAGS=0x0000000000010206, CSGSFS=0x002b000000000033, ERR=0x0000000000000004
  TRAPNO=0x000000000000000e

Top of Stack: (sp=0x00007fac330292e0)
0x00007fac330292e0:   0000000000000000 00007fac4814f1f8
0x00007fac330292f0:   00007fac142173a0 00007fac330293c8
0x00007fac33029300:   0000000000000000 00007fac330293d8
0x00007fac33029310:   00007fac4814f000 00007fac32d27f6f
0x00007fac33029320:   0000000000000000 00007fac38955b60
0x00007fac33029330:   00007fac330293a8 0000000000000000
0x00007fac33029340:   00007fac38955b60 00007fac39018667
0x00007fac33029350:   00007fac330293a8 00007fac390183c7
0x00007fac33029360:   00007fac39018382 00007fac33029368
0x00007fac33029370:   00007fac38955b60 00007fac330293d8
0x00007fac33029380:   00007fac38955dc8 0000000000000000
0x00007fac33029390:   00007fac38955b60 0000000000000000
0x00007fac330293a0:   00007fac330293c8 00007fac33029420
0x00007fac330293b0:   00007fac390082bd 000000073b84c250
0x00007fac330293c0:   00007fac39011d18 000000073c37ef68
0x00007fac330293d0:   0000000000000000 000000073b8483f0
0x00007fac330293e0:   00007fac330293e0 00007fac38952dd5
0x00007fac330293f0:   00007fac33029438 00007fac38953af0
0x00007fac33029400:   0000000000000000 00007fac38952de0
0x00007fac33029410:   00007fac330293c8 00007fac33029430
0x00007fac33029420:   00007fac33029480 00007fac390082bd
0x00007fac33029430:   000000073c37ef68 000000073b8483f0
0x00007fac33029440:   00007fac33029440 00007fac38952ca2
0x00007fac33029450:   00007fac33029498 00007fac38953af0
0x00007fac33029460:   0000000000000000 00007fac38952cb0
0x00007fac33029470:   00007fac33029430 00007fac33029490
0x00007fac33029480:   00007fac330294e0 00007fac390082bd
0x00007fac33029490:   000000073c37ef68 000000073b8483f0
0x00007fac330294a0:   00007fac330294a0 00007fac3896176b
0x00007fac330294b0:   00007fac33029508 00007fac3898d028
0x00007fac330294c0:   0000000000000000 00007fac389618d0
0x00007fac330294d0:   00007fac33029490 00007fac33029508 

Instructions: (pc=0x00007fac4ece399e)
0x00007fac4ece397e:   1f 00 41 57 41 56 41 55 41 54 55 48 89 f5 53 48
0x00007fac4ece398e:   0f af ea 48 83 ec 08 48 85 ed 0f 84 41 01 00 00
0x00007fac4ece399e:   8b 01 49 89 fe 49 89 f5 49 89 c8 25 00 80 00 00
0x00007fac4ece39ae:   75 56 48 8b 99 88 00 00 00 64 4c 8b 24 25 10 00 

Register to memory mapping:

RAX=0x0000000000000006 is an unknown value
RBX=0x00007fac4814f1f8 is an unknown value
RCX=0x0000000000000000 is an unknown value
RDX=0x0000000000000006 is an unknown value
RSP=0x00007fac330292e0 is pointing into the stack for thread: 0x00007fac4814f000
RBP=0x0000000000000006 is an unknown value
RSI=0x0000000000000001 is an unknown value
RDI=0x00007fac142173a0 is an unknown value
R8 =0x000000000000000a is an unknown value
R9 =0x00007fac142173a6 is an unknown value
R10=0x0000000000000016 is an unknown value
R11=0x00007fac4ece3980: fwrite+0 in /lib/x86_64-linux-gnu/libc.so.6 at 0x00007fac4ec64000
R12=0x00007fac330293c8 is pointing into the stack for thread: 0x00007fac4814f000
R13=0x0000000000000000 is an unknown value
R14=0x00007fac330293d8 is pointing into the stack for thread: 0x00007fac4814f000
R15=0x00007fac4814f000 is a thread


Stack: [0x00007fac32f2a000,0x00007fac3302b000],  sp=0x00007fac330292e0,  free space=1020k
Native frames: (J=compiled Java code, j=interpreted, Vv=VM code, C=native code)
C  [libc.so.6+0x7f99e]  fwrite+0x1e

Java frames: (J=compiled Java code, j=interpreted, Vv=VM code)
j  prism.PrismNative.PN_PrintToFile(JLjava/lang/String;)V+0
j  prism.PrismFileLog.printToLog(Ljava/lang/String;)V+5
j  prism.PrismFileLog.print(Ljava/lang/String;)V+2
j  prism.Prism.initialise()V+51
j  checkers.Checker.startPrism()V+55
j  checkers.PrismThread.startPrism()V+40
j  checkers.PrismThread.run()V+16
j  java.lang.Thread.run()V+11
v  ~StubRoutines::call_stub

---------------  P R O C E S S  ---------------

Java Threads: ( => current thread )
  0x00007fac1418f800 JavaThread "Image Fetcher 0" daemon [_thread_blocked, id=1619, stack(0x00007fac1beff000,0x00007fac1c000000)]
  0x00007fac14164800 JavaThread "AWT-EventQueue-0" [_thread_blocked, id=1618, stack(0x00007fac3021a000,0x00007fac3031b000)]
  0x00007fac14162800 JavaThread "AWT-Shutdown" [_thread_blocked, id=1617, stack(0x00007fac3031b000,0x00007fac3041c000)]
  0x00007fac1412f000 JavaThread "AWT-XAWT" daemon [_thread_in_native, id=1616, stack(0x00007fac3061c000,0x00007fac3071d000)]
  0x00007fac1410d800 JavaThread "Java2D Disposer" daemon [_thread_blocked, id=1615, stack(0x00007fac30b2d000,0x00007fac30c2e000)]
=>0x00007fac4814f000 JavaThread "prism" [_thread_in_native, id=1577, stack(0x00007fac32f2a000,0x00007fac3302b000)]
  0x00007fac480b6000 JavaThread "Service Thread" daemon [_thread_blocked, id=1575, stack(0x00007fac3312c000,0x00007fac3322d000)]
  0x00007fac480b3000 JavaThread "C1 CompilerThread1" daemon [_thread_blocked, id=1574, stack(0x00007fac3322e000,0x00007fac3332e000)]
  0x00007fac480b0800 JavaThread "C2 CompilerThread0" daemon [_thread_blocked, id=1573, stack(0x00007fac3332f000,0x00007fac3342f000)]
  0x00007fac480af000 JavaThread "Signal Dispatcher" daemon [_thread_blocked, id=1572, stack(0x00007fac3342f000,0x00007fac33530000)]
  0x00007fac4807c000 JavaThread "Finalizer" daemon [_thread_blocked, id=1571, stack(0x00007fac33eff000,0x00007fac34000000)]
  0x00007fac48079800 JavaThread "Reference Handler" daemon [_thread_blocked, id=1570, stack(0x00007fac380ea000,0x00007fac381eb000)]
  0x00007fac4800b000 JavaThread "main" [_thread_blocked, id=1568, stack(0x00007fac4f7a0000,0x00007fac4f8a0000)]

Other Threads:
  0x00007fac48070000 VMThread [stack: 0x00007fac381ec000,0x00007fac382ec000] [id=1569]
  0x00007fac480bb000 WatcherThread [stack: 0x00007fac3302c000,0x00007fac3312c000] [id=1576]

VM state:not at safepoint (normal execution)

VM Mutex/Monitor currently owned by a thread: None

Heap:
 def new generation   total 41152K, used 14679K [0x000000073b600000, 0x000000073e2a0000, 0x0000000767950000)
  eden space 36608K,  40% used [0x000000073b600000, 0x000000073c455fc0, 0x000000073d9c0000)
  from space 4544K,   0% used [0x000000073d9c0000, 0x000000073d9c0000, 0x000000073de30000)
  to   space 4544K,   0% used [0x000000073de30000, 0x000000073de30000, 0x000000073e2a0000)
 tenured generation   total 91520K, used 0K [0x0000000767950000, 0x000000076d2b0000, 0x00000007c0000000)
   the space 91520K,   0% used [0x0000000767950000, 0x0000000767950000, 0x0000000767950200, 0x000000076d2b0000)
 Metaspace       used 13740K, capacity 13986K, committed 14208K, reserved 1060864K
  class space    used 1742K, capacity 1816K, committed 1920K, reserved 1048576K

Card table byte_map: [0x00007fac4c03e000,0x00007fac4c464000] byte_map_base: 0x00007fac48663000

Polling page: 0x00007fac4f8b4000

CodeCache: size=245760Kb used=3328Kb max_used=3331Kb free=242432Kb
 bounds [0x00007fac39000000, 0x00007fac39350000, 0x00007fac48000000]
 total_blobs=1413 nmethods=895 adapters=431
 compilation: enabled

Compilation events (10 events):
Event: 2.059 Thread 0x00007fac480b3000  891       3       java.util.concurrent.atomic.AtomicBoolean::<init> (18 bytes)
Event: 2.059 Thread 0x00007fac480b3000 nmethod 891 0x00007fac39340e10 code [0x00007fac39340f80, 0x00007fac39341190]
Event: 2.059 Thread 0x00007fac480b3000  892       3       javax.swing.text.SimpleAttributeSet::addAttribute (11 bytes)
Event: 2.060 Thread 0x00007fac480b3000 nmethod 892 0x00007fac39340610 code [0x00007fac393407a0, 0x00007fac39340c50]
Event: 2.060 Thread 0x00007fac480b3000  893       3       javax.swing.plaf.basic.BasicComboBoxUI::getHandler (25 bytes)
Event: 2.060 Thread 0x00007fac480b3000 nmethod 893 0x00007fac39340010 code [0x00007fac39340180, 0x00007fac393404b0]
Event: 2.060 Thread 0x00007fac480b3000  894       1       settings.Setting::getKey (5 bytes)
Event: 2.060 Thread 0x00007fac480b3000 nmethod 894 0x00007fac3933fd50 code [0x00007fac3933fea0, 0x00007fac3933ffb0]
Event: 2.060 Thread 0x00007fac480b3000  895       3       settings.DefaultSettingOwner::getSetting (12 bytes)
Event: 2.061 Thread 0x00007fac480b3000 nmethod 895 0x00007fac3933f350 code [0x00007fac3933f500, 0x00007fac3933f9f0]

GC Heap History (0 events):
No events

Deoptimization events (4 events):
Event: 1.724 Thread 0x00007fac4814f000 Uncommon trap: reason=bimorphic action=maybe_recompile pc=0x00007fac39278ecc method=javax.swing.UIDefaults.getFromHashtable(Ljava/lang/Object;)Ljava/lang/Object; @ 126
Event: 1.740 Thread 0x00007fac4814f000 Uncommon trap: reason=bimorphic action=maybe_recompile pc=0x00007fac39278ecc method=javax.swing.UIDefaults.getFromHashtable(Ljava/lang/Object;)Ljava/lang/Object; @ 126
Event: 1.744 Thread 0x00007fac4814f000 Uncommon trap: reason=bimorphic action=maybe_recompile pc=0x00007fac39278ecc method=javax.swing.UIDefaults.getFromHashtable(Ljava/lang/Object;)Ljava/lang/Object; @ 126
Event: 1.745 Thread 0x00007fac4814f000 Uncommon trap: reason=bimorphic action=maybe_recompile pc=0x00007fac39278ecc method=javax.swing.UIDefaults.getFromHashtable(Ljava/lang/Object;)Ljava/lang/Object; @ 126

Classes redefined (0 events):
No events

Internal exceptions (10 events):
Event: 0.037 Thread 0x00007fac4800b000 Exception <a 'java/lang/NoSuchMethodError': Method sun.misc.Unsafe.defineClass(Ljava/lang/String;[BII)Ljava/lang/Class; name or signature does not match> (0x000000073b607cb0) thrown at [/HUDSON/workspace/8-2-build-linux-amd64/jdk8u181/11358/hotspot/src/sh
Event: 0.037 Thread 0x00007fac4800b000 Exception <a 'java/lang/NoSuchMethodError': Method sun.misc.Unsafe.prefetchRead(Ljava/lang/Object;J)V name or signature does not match> (0x000000073b607f98) thrown at [/HUDSON/workspace/8-2-build-linux-amd64/jdk8u181/11358/hotspot/src/share/vm/prims/jni.c
Event: 0.201 Thread 0x00007fac4800b000 Exception <a 'java/security/PrivilegedActionException'> (0x000000073b681eb8) thrown at [/HUDSON/workspace/8-2-build-linux-amd64/jdk8u181/11358/hotspot/src/share/vm/prims/jvm.cpp, line 1435]
Event: 0.201 Thread 0x00007fac4800b000 Exception <a 'java/security/PrivilegedActionException'> (0x000000073b6820c8) thrown at [/HUDSON/workspace/8-2-build-linux-amd64/jdk8u181/11358/hotspot/src/share/vm/prims/jvm.cpp, line 1435]
Event: 0.210 Thread 0x00007fac4800b000 Exception <a 'java/security/PrivilegedActionException'> (0x000000073b6846b0) thrown at [/HUDSON/workspace/8-2-build-linux-amd64/jdk8u181/11358/hotspot/src/share/vm/prims/jvm.cpp, line 1435]
Event: 0.210 Thread 0x00007fac4800b000 Exception <a 'java/security/PrivilegedActionException'> (0x000000073b6848c0) thrown at [/HUDSON/workspace/8-2-build-linux-amd64/jdk8u181/11358/hotspot/src/share/vm/prims/jvm.cpp, line 1435]
Event: 0.982 Thread 0x00007fac4814f000 Exception <a 'java/lang/NoSuchFieldError': method resolution failed> (0x000000073ba57ad8) thrown at [/HUDSON/workspace/8-2-build-linux-amd64/jdk8u181/11358/hotspot/src/share/vm/prims/methodHandles.cpp, line 1167]
Event: 1.026 Thread 0x00007fac4814f000 Exception <a 'java/lang/NoSuchFieldError': method resolution failed> (0x000000073ba65248) thrown at [/HUDSON/workspace/8-2-build-linux-amd64/jdk8u181/11358/hotspot/src/share/vm/prims/methodHandles.cpp, line 1167]
Event: 1.134 Thread 0x00007fac4814f000 Exception <a 'java/io/FileNotFoundException'> (0x000000073bae5620) thrown at [/HUDSON/workspace/8-2-build-linux-amd64/jdk8u181/11358/hotspot/src/share/vm/prims/jni.cpp, line 709]
Event: 1.134 Thread 0x00007fac4814f000 Exception <a 'java/io/FileNotFoundException'> (0x000000073bae5fb0) thrown at [/HUDSON/workspace/8-2-build-linux-amd64/jdk8u181/11358/hotspot/src/share/vm/prims/jni.cpp, line 709]

Events (10 events):
Event: 1.900 loading class java/util/Collections$SynchronizedRandomAccessList done
Event: 1.900 loading class java/util/Vector$ListItr
Event: 1.900 loading class java/util/Vector$ListItr done
Event: 1.901 loading class javax/swing/plaf/basic/BasicDirectoryModel$DoChangeContents
Event: 1.901 loading class javax/swing/plaf/basic/BasicDirectoryModel$DoChangeContents done
Event: 1.901 Thread 0x00007fac14215800 Thread exited: 0x00007fac14215800
Event: 1.935 loading class prism/Prism$ModelSource
Event: 1.935 loading class prism/Prism$ModelSource done
Event: 2.040 Thread 0x00007fac14215800 Thread added: 0x00007fac14215800
Event: 2.046 Thread 0x00007fac14215800 Thread exited: 0x00007fac14215800


Dynamic libraries:
00400000-00401000 r-xp 00000000 08:01 299893                             /usr/lib/jvm/jdk1.8.0_181/bin/java
00600000-00601000 rw-p 00000000 08:01 299893                             /usr/lib/jvm/jdk1.8.0_181/bin/java
0225a000-0227b000 rw-p 00000000 00:00 0                                  [heap]
73b600000-73e2a0000 rw-p 00000000 00:00 0 
73e2a0000-767950000 ---p 00000000 00:00 0 
767950000-76d2b0000 rw-p 00000000 00:00 0 
76d2b0000-7c0000000 ---p 00000000 00:00 0 
7c0000000-7c01e0000 rw-p 00000000 00:00 0 
7c01e0000-800000000 ---p 00000000 00:00 0 
7fac14000000-7fac14473000 rw-p 00000000 00:00 0 
7fac14473000-7fac18000000 ---p 00000000 00:00 0 
7fac1b756000-7fac1b759000 ---p 00000000 00:00 0 
7fac1b759000-7fac1b857000 rw-p 00000000 00:00 0 
7fac1b857000-7fac1b8c1000 r-xp 00000000 08:01 423062                     /usr/lib/jvm/jdk1.8.0_181/jre/lib/amd64/libt2k.so
7fac1b8c1000-7fac1bac0000 ---p 0006a000 08:01 423062                     /usr/lib/jvm/jdk1.8.0_181/jre/lib/amd64/libt2k.so
7fac1bac0000-7fac1bac7000 rw-p 00069000 08:01 423062                     /usr/lib/jvm/jdk1.8.0_181/jre/lib/amd64/libt2k.so
7fac1bac7000-7fac1bad7000 rw-p 00000000 00:00 0 
7fac1bad7000-7fac1bae8000 r-xp 00000000 08:01 423099                     /usr/lib/jvm/jdk1.8.0_181/jre/lib/amd64/libnio.so
7fac1bae8000-7fac1bce7000 ---p 00011000 08:01 423099                     /usr/lib/jvm/jdk1.8.0_181/jre/lib/amd64/libnio.so
7fac1bce7000-7fac1bce8000 rw-p 00010000 08:01 423099                     /usr/lib/jvm/jdk1.8.0_181/jre/lib/amd64/libnio.so
7fac1bce8000-7fac1bcfe000 r-xp 00000000 08:01 423096                     /usr/lib/jvm/jdk1.8.0_181/jre/lib/amd64/libnet.so
7fac1bcfe000-7fac1befe000 ---p 00016000 08:01 423096                     /usr/lib/jvm/jdk1.8.0_181/jre/lib/amd64/libnet.so
7fac1befe000-7fac1beff000 rw-p 00016000 08:01 423096                     /usr/lib/jvm/jdk1.8.0_181/jre/lib/amd64/libnet.so
7fac1beff000-7fac1bf02000 ---p 00000000 00:00 0 
7fac1bf02000-7fac1c000000 rw-p 00000000 00:00 0 
7fac1c000000-7fac1c16b000 rw-p 00000000 00:00 0 
7fac1c16b000-7fac20000000 ---p 00000000 00:00 0 
7fac20000000-7fac20393000 rw-p 00000000 00:00 0 
7fac20393000-7fac24000000 ---p 00000000 00:00 0 
7fac24000000-7fac24021000 rw-p 00000000 00:00 0 
7fac24021000-7fac28000000 ---p 00000000 00:00 0 
7fac28000000-7fac28021000 rw-p 00000000 00:00 0 
7fac28021000-7fac2c000000 ---p 00000000 00:00 0 
7fac2c000000-7fac2c02c000 rw-p 00000000 00:00 0 
7fac2c02c000-7fac30000000 ---p 00000000 00:00 0 
7fac3001a000-7fac3021a000 rw-p 00000000 00:00 0 
7fac3021a000-7fac3021d000 ---p 00000000 00:00 0 
7fac3021d000-7fac3031b000 rw-p 00000000 00:00 0 
7fac3031b000-7fac3031e000 ---p 00000000 00:00 0 
7fac3031e000-7fac3061c000 rw-p 00000000 00:00 0 
7fac3061c000-7fac3061f000 ---p 00000000 00:00 0 
7fac3061f000-7fac3071d000 rw-p 00000000 00:00 0 
7fac3071d000-7fac30722000 r-xp 00000000 08:01 12304                      /usr/lib/x86_64-linux-gnu/libXfixes.so.3.1.0
7fac30722000-7fac30921000 ---p 00005000 08:01 12304                      /usr/lib/x86_64-linux-gnu/libXfixes.so.3.1.0
7fac30921000-7fac30922000 r--p 00004000 08:01 12304                      /usr/lib/x86_64-linux-gnu/libXfixes.so.3.1.0
7fac30922000-7fac30923000 rw-p 00005000 08:01 12304                      /usr/lib/x86_64-linux-gnu/libXfixes.so.3.1.0
7fac30923000-7fac3092c000 r-xp 00000000 08:01 12296                      /usr/lib/x86_64-linux-gnu/libXcursor.so.1.0.2
7fac3092c000-7fac30b2b000 ---p 00009000 08:01 12296                      /usr/lib/x86_64-linux-gnu/libXcursor.so.1.0.2
7fac30b2b000-7fac30b2c000 r--p 00008000 08:01 12296                      /usr/lib/x86_64-linux-gnu/libXcursor.so.1.0.2
7fac30b2c000-7fac30b2d000 rw-p 00009000 08:01 12296                      /usr/lib/x86_64-linux-gnu/libXcursor.so.1.0.2
7fac30b2d000-7fac30b30000 ---p 00000000 00:00 0 
7fac30b30000-7fac30c2e000 rw-p 00000000 00:00 0 
7fac30c2e000-7fac30c93000 r-xp 00000000 08:01 423076                     /usr/lib/jvm/jdk1.8.0_181/jre/lib/amd64/libfontmanager.so
7fac30c93000-7fac30e92000 ---p 00065000 08:01 423076                     /usr/lib/jvm/jdk1.8.0_181/jre/lib/amd64/libfontmanager.so
7fac30e92000-7fac30e97000 rw-p 00064000 08:01 423076                     /usr/lib/jvm/jdk1.8.0_181/jre/lib/amd64/libfontmanager.so
7fac30e97000-7fac30ea7000 rw-p 00000000 00:00 0 
7fac30ea7000-7fac30eba000 r-xp 00000000 08:01 268771                     /lib/x86_64-linux-gnu/libbsd.so.0.8.7
7fac30eba000-7fac310b9000 ---p 00013000 08:01 268771                     /lib/x86_64-linux-gnu/libbsd.so.0.8.7
7fac310b9000-7fac310ba000 r--p 00012000 08:01 268771                     /lib/x86_64-linux-gnu/libbsd.so.0.8.7
7fac310ba000-7fac310bb000 rw-p 00013000 08:01 268771                     /lib/x86_64-linux-gnu/libbsd.so.0.8.7
7fac310bb000-7fac310bc000 rw-p 00000000 00:00 0 
7fac310bc000-7fac310c1000 r-xp 00000000 08:01 12300                      /usr/lib/x86_64-linux-gnu/libXdmcp.so.6.0.0
7fac310c1000-7fac312c0000 ---p 00005000 08:01 12300                      /usr/lib/x86_64-linux-gnu/libXdmcp.so.6.0.0
7fac312c0000-7fac312c1000 r--p 00004000 08:01 12300                      /usr/lib/x86_64-linux-gnu/libXdmcp.so.6.0.0
7fac312c1000-7fac312c2000 rw-p 00005000 08:01 12300                      /usr/lib/x86_64-linux-gnu/libXdmcp.so.6.0.0
7fac312c2000-7fac312c4000 r-xp 00000000 08:01 12289                      /usr/lib/x86_64-linux-gnu/libXau.so.6.0.0
7fac312c4000-7fac314c4000 ---p 00002000 08:01 12289                      /usr/lib/x86_64-linux-gnu/libXau.so.6.0.0
7fac314c4000-7fac314c5000 r--p 00002000 08:01 12289                      /usr/lib/x86_64-linux-gnu/libXau.so.6.0.0
7fac314c5000-7fac314c6000 rw-p 00003000 08:01 12289                      /usr/lib/x86_64-linux-gnu/libXau.so.6.0.0
7fac314c6000-7fac314ec000 r-xp 00000000 08:01 13496                      /usr/lib/x86_64-linux-gnu/libxcb.so.1.1.0
7fac314ec000-7fac316ec000 ---p 00026000 08:01 13496                      /usr/lib/x86_64-linux-gnu/libxcb.so.1.1.0
7fac316ec000-7fac316ed000 r--p 00026000 08:01 13496                      /usr/lib/x86_64-linux-gnu/libxcb.so.1.1.0
7fac316ed000-7fac316ee000 rw-p 00027000 08:01 13496                      /usr/lib/x86_64-linux-gnu/libxcb.so.1.1.0
7fac316ee000-7fac316fd000 r-xp 00000000 08:01 12310                      /usr/lib/x86_64-linux-gnu/libXi.so.6.1.0
7fac316fd000-7fac318fc000 ---p 0000f000 08:01 12310                      /usr/lib/x86_64-linux-gnu/libXi.so.6.1.0
7fac318fc000-7fac318fd000 r--p 0000e000 08:01 12310                      /usr/lib/x86_64-linux-gnu/libXi.so.6.1.0
7fac318fd000-7fac318fe000 rw-p 0000f000 08:01 12310                      /usr/lib/x86_64-linux-gnu/libXi.so.6.1.0
7fac318fe000-7fac31903000 r-xp 00000000 08:01 12328                      /usr/lib/x86_64-linux-gnu/libXtst.so.6.1.0
7fac31903000-7fac31b02000 ---p 00005000 08:01 12328                      /usr/lib/x86_64-linux-gnu/libXtst.so.6.1.0
7fac31b02000-7fac31b03000 r--p 00004000 08:01 12328                      /usr/lib/x86_64-linux-gnu/libXtst.so.6.1.0
7fac31b03000-7fac31b04000 rw-p 00005000 08:01 12328                      /usr/lib/x86_64-linux-gnu/libXtst.so.6.1.0
7fac31b04000-7fac31b0d000 r-xp 00000000 08:01 12322                      /usr/lib/x86_64-linux-gnu/libXrender.so.1.3.0
7fac31b0d000-7fac31d0c000 ---p 00009000 08:01 12322                      /usr/lib/x86_64-linux-gnu/libXrender.so.1.3.0
7fac31d0c000-7fac31d0d000 r--p 00008000 08:01 12322                      /usr/lib/x86_64-linux-gnu/libXrender.so.1.3.0
7fac31d0d000-7fac31d0e000 rw-p 00009000 08:01 12322                      /usr/lib/x86_64-linux-gnu/libXrender.so.1.3.0
7fac31d0e000-7fac31e42000 r-xp 00000000 08:01 12285                      /usr/lib/x86_64-linux-gnu/libX11.so.6.3.0
7fac31e42000-7fac32042000 ---p 00134000 08:01 12285                      /usr/lib/x86_64-linux-gnu/libX11.so.6.3.0
7fac32042000-7fac32043000 r--p 00134000 08:01 12285                      /usr/lib/x86_64-linux-gnu/libX11.so.6.3.0
7fac32043000-7fac32047000 rw-p 00135000 08:01 12285                      /usr/lib/x86_64-linux-gnu/libX11.so.6.3.0
7fac32047000-7fac32058000 r-xp 00000000 08:01 12302                      /usr/lib/x86_64-linux-gnu/libXext.so.6.4.0
7fac32058000-7fac32257000 ---p 00011000 08:01 12302                      /usr/lib/x86_64-linux-gnu/libXext.so.6.4.0
7fac32257000-7fac32258000 r--p 00010000 08:01 12302                      /usr/lib/x86_64-linux-gnu/libXext.so.6.4.0
7fac32258000-7fac32259000 rw-p 00011000 08:01 12302                      /usr/lib/x86_64-linux-gnu/libXext.so.6.4.0
7fac32259000-7fac322ad000 r-xp 00000000 08:01 423103                     /usr/lib/jvm/jdk1.8.0_181/jre/lib/amd64/libawt_xawt.so
7fac322ad000-7fac324ad000 ---p 00054000 08:01 423103                     /usr/lib/jvm/jdk1.8.0_181/jre/lib/amd64/libawt_xawt.so
7fac324ad000-7fac324b1000 rw-p 00054000 08:01 423103                     /usr/lib/jvm/jdk1.8.0_181/jre/lib/amd64/libawt_xawt.so
7fac324b1000-7fac324b2000 rw-p 00000000 00:00 0 
7fac324b2000-7fac32554000 r-xp 00000000 08:01 423089                     /usr/lib/jvm/jdk1.8.0_181/jre/lib/amd64/libawt.so
7fac32554000-7fac32754000 ---p 000a2000 08:01 423089                     /usr/lib/jvm/jdk1.8.0_181/jre/lib/amd64/libawt.so
7fac32754000-7fac32760000 rw-p 000a2000 08:01 423089                     /usr/lib/jvm/jdk1.8.0_181/jre/lib/amd64/libawt.so
7fac32760000-7fac32784000 rw-p 00000000 00:00 0 
7fac32784000-7fac3279b000 r-xp 00000000 08:01 292491                     /lib/x86_64-linux-gnu/libgcc_s.so.1
7fac3279b000-7fac3299a000 ---p 00017000 08:01 292491                     /lib/x86_64-linux-gnu/libgcc_s.so.1
7fac3299a000-7fac3299b000 r--p 00016000 08:01 292491                     /lib/x86_64-linux-gnu/libgcc_s.so.1
7fac3299b000-7fac3299c000 rw-p 00017000 08:01 292491                     /lib/x86_64-linux-gnu/libgcc_s.so.1
7fac3299c000-7fac32b15000 r-xp 00000000 08:01 2222                       /usr/lib/x86_64-linux-gnu/libstdc++.so.6.0.25
7fac32b15000-7fac32d15000 ---p 00179000 08:01 2222                       /usr/lib/x86_64-linux-gnu/libstdc++.so.6.0.25
7fac32d15000-7fac32d1f000 r--p 00179000 08:01 2222                       /usr/lib/x86_64-linux-gnu/libstdc++.so.6.0.25
7fac32d1f000-7fac32d21000 rw-p 00183000 08:01 2222                       /usr/lib/x86_64-linux-gnu/libstdc++.so.6.0.25
7fac32d21000-7fac32d25000 rw-p 00000000 00:00 0 
7fac32d25000-7fac32d29000 r-xp 00000000 08:01 1200040                    /home/new/Documents/git/checker2/Rover/prism-library/prism/lib/libprism.so
7fac32d29000-7fac32f28000 ---p 00004000 08:01 1200040                    /home/new/Documents/git/checker2/Rover/prism-library/prism/lib/libprism.so
7fac32f28000-7fac32f29000 r--p 00003000 08:01 1200040                    /home/new/Documents/git/checker2/Rover/prism-library/prism/lib/libprism.so
7fac32f29000-7fac32f2a000 rw-p 00004000 08:01 1200040                    /home/new/Documents/git/checker2/Rover/prism-library/prism/lib/libprism.so
7fac32f2a000-7fac32f2d000 ---p 00000000 00:00 0 
7fac32f2d000-7fac3302b000 rw-p 00000000 00:00 0 
7fac3302b000-7fac3302c000 ---p 00000000 00:00 0 
7fac3302c000-7fac3312c000 rw-p 00000000 00:00 0 
7fac3312c000-7fac3312f000 ---p 00000000 00:00 0 
7fac3312f000-7fac3322d000 rw-p 00000000 00:00 0 
7fac3322d000-7fac3322e000 ---p 00000000 00:00 0 
7fac3322e000-7fac33231000 ---p 00000000 00:00 0 
7fac33231000-7fac3332e000 rw-p 00000000 00:00 0 
7fac3332e000-7fac3332f000 ---p 00000000 00:00 0 
7fac3332f000-7fac33332000 ---p 00000000 00:00 0 
7fac33332000-7fac3342f000 rw-p 00000000 00:00 0 
7fac3342f000-7fac33432000 ---p 00000000 00:00 0 
7fac33432000-7fac33530000 rw-p 00000000 00:00 0 
7fac33530000-7fac33eff000 r--p 00000000 08:01 6873                       /usr/lib/locale/locale-archive
7fac33eff000-7fac33f02000 ---p 00000000 00:00 0 
7fac33f02000-7fac34000000 rw-p 00000000 00:00 0 
7fac34000000-7fac34021000 rw-p 00000000 00:00 0 
7fac34021000-7fac38000000 ---p 00000000 00:00 0 
7fac38055000-7fac380ea000 r--s 01109000 08:01 555531                     /usr/lib/jvm/jdk1.8.0_121/jre/lib/ext/jfxrt.jar
7fac380ea000-7fac380ed000 ---p 00000000 00:00 0 
7fac380ed000-7fac381eb000 rw-p 00000000 00:00 0 
7fac381eb000-7fac381ec000 ---p 00000000 00:00 0 
7fac381ec000-7fac382ec000 rw-p 00000000 00:00 0 
7fac382ec000-7fac384c6000 r--s 03d6b000 08:01 422965                     /usr/lib/jvm/jdk1.8.0_181/jre/lib/rt.jar
7fac384c6000-7fac38d69000 rw-p 00000000 00:00 0 
7fac38d69000-7fac39000000 ---p 00000000 00:00 0 
7fac39000000-7fac39350000 rwxp 00000000 00:00 0 
7fac39350000-7fac48000000 ---p 00000000 00:00 0 
7fac48000000-7fac48167000 rw-p 00000000 00:00 0 
7fac48167000-7fac4c000000 ---p 00000000 00:00 0 
7fac4c00b000-7fac4c01e000 r--s 00345000 08:01 423003                     /usr/lib/jvm/jdk1.8.0_181/jre/lib/resources.jar
7fac4c01e000-7fac4c03e000 r--s 0027a000 08:01 1200044                    /home/new/Documents/git/checker2/Rover/prism-library/prism/lib/prism.jar
7fac4c03e000-7fac4c055000 rw-p 00000000 00:00 0 
7fac4c055000-7fac4c19f000 ---p 00000000 00:00 0 
7fac4c19f000-7fac4c1cd000 rw-p 00000000 00:00 0 
7fac4c1cd000-7fac4c463000 ---p 00000000 00:00 0 
7fac4c463000-7fac4c472000 rw-p 00000000 00:00 0 
7fac4c472000-7fac4c824000 ---p 00000000 00:00 0 
7fac4c824000-7fac4c83f000 r-xp 00000000 08:01 423092                     /usr/lib/jvm/jdk1.8.0_181/jre/lib/amd64/libzip.so
7fac4c83f000-7fac4ca3f000 ---p 0001b000 08:01 423092                     /usr/lib/jvm/jdk1.8.0_181/jre/lib/amd64/libzip.so
7fac4ca3f000-7fac4ca40000 rw-p 0001b000 08:01 423092                     /usr/lib/jvm/jdk1.8.0_181/jre/lib/amd64/libzip.so
7fac4ca40000-7fac4ca4b000 r-xp 00000000 08:01 293372                     /lib/x86_64-linux-gnu/libnss_files-2.27.so
7fac4ca4b000-7fac4cc4a000 ---p 0000b000 08:01 293372                     /lib/x86_64-linux-gnu/libnss_files-2.27.so
7fac4cc4a000-7fac4cc4b000 r--p 0000a000 08:01 293372                     /lib/x86_64-linux-gnu/libnss_files-2.27.so
7fac4cc4b000-7fac4cc4c000 rw-p 0000b000 08:01 293372                     /lib/x86_64-linux-gnu/libnss_files-2.27.so
7fac4cc4c000-7fac4cc52000 rw-p 00000000 00:00 0 
7fac4cc52000-7fac4cc69000 r-xp 00000000 08:01 293367                     /lib/x86_64-linux-gnu/libnsl-2.27.so
7fac4cc69000-7fac4ce68000 ---p 00017000 08:01 293367                     /lib/x86_64-linux-gnu/libnsl-2.27.so
7fac4ce68000-7fac4ce69000 r--p 00016000 08:01 293367                     /lib/x86_64-linux-gnu/libnsl-2.27.so
7fac4ce69000-7fac4ce6a000 rw-p 00017000 08:01 293367                     /lib/x86_64-linux-gnu/libnsl-2.27.so
7fac4ce6a000-7fac4ce6c000 rw-p 00000000 00:00 0 
7fac4ce6c000-7fac4ce77000 r-xp 00000000 08:01 293374                     /lib/x86_64-linux-gnu/libnss_nis-2.27.so
7fac4ce77000-7fac4d076000 ---p 0000b000 08:01 293374                     /lib/x86_64-linux-gnu/libnss_nis-2.27.so
7fac4d076000-7fac4d077000 r--p 0000a000 08:01 293374                     /lib/x86_64-linux-gnu/libnss_nis-2.27.so
7fac4d077000-7fac4d078000 rw-p 0000b000 08:01 293374                     /lib/x86_64-linux-gnu/libnss_nis-2.27.so
7fac4d078000-7fac4d080000 r-xp 00000000 08:01 293370                     /lib/x86_64-linux-gnu/libnss_compat-2.27.so
7fac4d080000-7fac4d280000 ---p 00008000 08:01 293370                     /lib/x86_64-linux-gnu/libnss_compat-2.27.so
7fac4d280000-7fac4d281000 r--p 00008000 08:01 293370                     /lib/x86_64-linux-gnu/libnss_compat-2.27.so
7fac4d281000-7fac4d282000 rw-p 00009000 08:01 293370                     /lib/x86_64-linux-gnu/libnss_compat-2.27.so
7fac4d282000-7fac4d2ad000 r-xp 00000000 08:01 423086                     /usr/lib/jvm/jdk1.8.0_181/jre/lib/amd64/libjava.so
7fac4d2ad000-7fac4d4ac000 ---p 0002b000 08:01 423086                     /usr/lib/jvm/jdk1.8.0_181/jre/lib/amd64/libjava.so
7fac4d4ac000-7fac4d4ae000 rw-p 0002a000 08:01 423086                     /usr/lib/jvm/jdk1.8.0_181/jre/lib/amd64/libjava.so
7fac4d4ae000-7fac4d4bb000 r-xp 00000000 08:01 423091                     /usr/lib/jvm/jdk1.8.0_181/jre/lib/amd64/libverify.so
7fac4d4bb000-7fac4d6bb000 ---p 0000d000 08:01 423091                     /usr/lib/jvm/jdk1.8.0_181/jre/lib/amd64/libverify.so
7fac4d6bb000-7fac4d6bd000 rw-p 0000d000 08:01 423091                     /usr/lib/jvm/jdk1.8.0_181/jre/lib/amd64/libverify.so
7fac4d6bd000-7fac4d6c4000 r-xp 00000000 08:01 293659                     /lib/x86_64-linux-gnu/librt-2.27.so
7fac4d6c4000-7fac4d8c3000 ---p 00007000 08:01 293659                     /lib/x86_64-linux-gnu/librt-2.27.so
7fac4d8c3000-7fac4d8c4000 r--p 00006000 08:01 293659                     /lib/x86_64-linux-gnu/librt-2.27.so
7fac4d8c4000-7fac4d8c5000 rw-p 00007000 08:01 293659                     /lib/x86_64-linux-gnu/librt-2.27.so
7fac4d8c5000-7fac4da62000 r-xp 00000000 08:01 293364                     /lib/x86_64-linux-gnu/libm-2.27.so
7fac4da62000-7fac4dc61000 ---p 0019d000 08:01 293364                     /lib/x86_64-linux-gnu/libm-2.27.so
7fac4dc61000-7fac4dc62000 r--p 0019c000 08:01 293364                     /lib/x86_64-linux-gnu/libm-2.27.so
7fac4dc62000-7fac4dc63000 rw-p 0019d000 08:01 293364                     /lib/x86_64-linux-gnu/libm-2.27.so
7fac4dc63000-7fac4e93f000 r-xp 00000000 08:01 529445                     /usr/lib/jvm/jdk1.8.0_181/jre/lib/amd64/server/libjvm.so
7fac4e93f000-7fac4eb3f000 ---p 00cdc000 08:01 529445                     /usr/lib/jvm/jdk1.8.0_181/jre/lib/amd64/server/libjvm.so
7fac4eb3f000-7fac4ec19000 rw-p 00cdc000 08:01 529445                     /usr/lib/jvm/jdk1.8.0_181/jre/lib/amd64/server/libjvm.so
7fac4ec19000-7fac4ec64000 rw-p 00000000 00:00 0 
7fac4ec64000-7fac4ee4b000 r-xp 00000000 08:01 293344                     /lib/x86_64-linux-gnu/libc-2.27.so
7fac4ee4b000-7fac4f04b000 ---p 001e7000 08:01 293344                     /lib/x86_64-linux-gnu/libc-2.27.so
7fac4f04b000-7fac4f04f000 r--p 001e7000 08:01 293344                     /lib/x86_64-linux-gnu/libc-2.27.so
7fac4f04f000-7fac4f051000 rw-p 001eb000 08:01 293344                     /lib/x86_64-linux-gnu/libc-2.27.so
7fac4f051000-7fac4f055000 rw-p 00000000 00:00 0 
7fac4f055000-7fac4f058000 r-xp 00000000 08:01 293363                     /lib/x86_64-linux-gnu/libdl-2.27.so
7fac4f058000-7fac4f257000 ---p 00003000 08:01 293363                     /lib/x86_64-linux-gnu/libdl-2.27.so
7fac4f257000-7fac4f258000 r--p 00002000 08:01 293363                     /lib/x86_64-linux-gnu/libdl-2.27.so
7fac4f258000-7fac4f259000 rw-p 00003000 08:01 293363                     /lib/x86_64-linux-gnu/libdl-2.27.so
7fac4f259000-7fac4f26f000 r-xp 00000000 08:01 300951                     /usr/lib/jvm/jdk1.8.0_181/lib/amd64/jli/libjli.so
7fac4f26f000-7fac4f46e000 ---p 00016000 08:01 300951                     /usr/lib/jvm/jdk1.8.0_181/lib/amd64/jli/libjli.so
7fac4f46e000-7fac4f46f000 rw-p 00015000 08:01 300951                     /usr/lib/jvm/jdk1.8.0_181/lib/amd64/jli/libjli.so
7fac4f46f000-7fac4f489000 r-xp 00000000 08:01 293377                     /lib/x86_64-linux-gnu/libpthread-2.27.so
7fac4f489000-7fac4f688000 ---p 0001a000 08:01 293377                     /lib/x86_64-linux-gnu/libpthread-2.27.so
7fac4f688000-7fac4f689000 r--p 00019000 08:01 293377                     /lib/x86_64-linux-gnu/libpthread-2.27.so
7fac4f689000-7fac4f68a000 rw-p 0001a000 08:01 293377                     /lib/x86_64-linux-gnu/libpthread-2.27.so
7fac4f68a000-7fac4f68e000 rw-p 00000000 00:00 0 
7fac4f68e000-7fac4f6b7000 r-xp 00000000 08:01 293340                     /lib/x86_64-linux-gnu/ld-2.27.so
7fac4f6c0000-7fac4f6cd000 r--s 00077000 08:01 1200046                    /home/new/Documents/git/checker2/Rover/prism-library/prism/lib/colt.jar
7fac4f6cd000-7fac4f79f000 rw-p 00000000 00:00 0 
7fac4f79f000-7fac4f7a0000 ---p 00000000 00:00 0 
7fac4f7a0000-7fac4f7a3000 ---p 00000000 00:00 0 
7fac4f7a3000-7fac4f8a2000 rw-p 00000000 00:00 0 
7fac4f8a2000-7fac4f8a4000 r--s 00007000 08:01 423114                     /usr/lib/jvm/jdk1.8.0_181/jre/lib/jfxswt.jar
7fac4f8a4000-7fac4f8a7000 r--s 00015000 08:01 1200054                    /home/new/Documents/git/checker2/Rover/prism-library/prism/lib/pepa.zip
7fac4f8a7000-7fac4f8ab000 r--s 0003d000 08:01 1200051                    /home/new/Documents/git/checker2/Rover/prism-library/prism/lib/jhoafparser.jar
7fac4f8ab000-7fac4f8b3000 rw-s 00000000 08:01 942891                     /tmp/hsperfdata_new/1567
7fac4f8b3000-7fac4f8b4000 rw-p 00000000 00:00 0 
7fac4f8b4000-7fac4f8b5000 r--p 00000000 00:00 0 
7fac4f8b5000-7fac4f8b7000 rw-p 00000000 00:00 0 
7fac4f8b7000-7fac4f8b8000 r--p 00029000 08:01 293340                     /lib/x86_64-linux-gnu/ld-2.27.so
7fac4f8b8000-7fac4f8b9000 rw-p 0002a000 08:01 293340                     /lib/x86_64-linux-gnu/ld-2.27.so
7fac4f8b9000-7fac4f8ba000 rw-p 00000000 00:00 0 
7ffe87b0f000-7ffe87b31000 rw-p 00000000 00:00 0                          [stack]
7ffe87b3a000-7ffe87b3d000 r--p 00000000 00:00 0                          [vvar]
7ffe87b3d000-7ffe87b3f000 r-xp 00000000 00:00 0                          [vdso]
ffffffffff600000-ffffffffff601000 r-xp 00000000 00:00 0                  [vsyscall]

VM Arguments:
jvm_args: -Djava.library.path=prism-library/prism/lib/ -Dfile.encoding=UTF-8 
java_command: aCheck.CheckingDriver 125
java_class_path (initial): ./bin:prism-library/prism/lib/colt.jar:prism-library/prism/lib/jhoafparser.jar:prism-library/prism/lib/pepa.zip:prism-library/prism/lib/prism.jar:/usr/lib/jvm/jdk1.8.0_181/jre/lib/jfxswt.jar:/usr/lib/jvm/jdk1.8.0_121/jre/lib/ext/jfxrt.jar
Launcher Type: SUN_STANDARD

Environment Variables:
PATH=/usr/local/sbin:/usr/local/bin:/usr/sbin:/usr/bin:/sbin:/bin:/usr/games:/usr/local/games:/snap/bin
USERNAME=new
LD_LIBRARY_PATH=:/opt/resouces/prism-library/prism/lib/:/opt/resouces/prism-library/prism/lib/:prism-library/prism/lib/
SHELL=/bin/bash
DISPLAY=:0

Signal Handlers:
SIGSEGV: [libjvm.so+0xad2a40], sa_mask[0]=11111111011111111101111111111110, sa_flags=SA_RESTART|SA_SIGINFO
SIGBUS: [libjvm.so+0xad2a40], sa_mask[0]=11111111011111111101111111111110, sa_flags=SA_RESTART|SA_SIGINFO
SIGFPE: [libjvm.so+0x92a610], sa_mask[0]=11111111011111111101111111111110, sa_flags=SA_RESTART|SA_SIGINFO
SIGPIPE: [libjvm.so+0x92a610], sa_mask[0]=11111111011111111101111111111110, sa_flags=SA_RESTART|SA_SIGINFO
SIGXFSZ: [libjvm.so+0x92a610], sa_mask[0]=11111111011111111101111111111110, sa_flags=SA_RESTART|SA_SIGINFO
SIGILL: [libjvm.so+0x92a610], sa_mask[0]=11111111011111111101111111111110, sa_flags=SA_RESTART|SA_SIGINFO
SIGUSR1: SIG_DFL, sa_mask[0]=00000000000000000000000000000000, sa_flags=none
SIGUSR2: [libjvm.so+0x92be70], sa_mask[0]=00000000000000000000000000000000, sa_flags=SA_RESTART|SA_SIGINFO
SIGHUP: [libjvm.so+0x92d270], sa_mask[0]=11111111011111111101111111111110, sa_flags=SA_RESTART|SA_SIGINFO
SIGINT: [libjvm.so+0x92d270], sa_mask[0]=11111111011111111101111111111110, sa_flags=SA_RESTART|SA_SIGINFO
SIGTERM: [libjvm.so+0x92d270], sa_mask[0]=11111111011111111101111111111110, sa_flags=SA_RESTART|SA_SIGINFO
SIGQUIT: [libjvm.so+0x92d270], sa_mask[0]=11111111011111111101111111111110, sa_flags=SA_RESTART|SA_SIGINFO


---------------  S Y S T E M  ---------------

OS:DISTRIB_ID=Ubuntu
DISTRIB_RELEASE=18.04
DISTRIB_CODENAME=bionic
DISTRIB_DESCRIPTION="Ubuntu 18.04.1 LTS"

uname:Linux 4.15.0-29-generic #31-Ubuntu SMP Tue Jul 17 15:39:52 UTC 2018 x86_64
libc:glibc 2.27 NPTL 2.27 
rlimit: STACK 8192k, CORE 0k, NPROC 33692, NOFILE 4096, AS infinity
load average:1.40 0.79 0.62

/proc/meminfo:
MemTotal:        8684596 kB
MemFree:         1761212 kB
MemAvailable:    4908960 kB
Buffers:          392608 kB
Cached:          2945976 kB
SwapCached:            0 kB
Active:          5040764 kB
Inactive:        1454720 kB
Active(anon):    3153096 kB
Inactive(anon):   115596 kB
Active(file):    1887668 kB
Inactive(file):  1339124 kB
Unevictable:          80 kB
Mlocked:              80 kB
SwapTotal:        581564 kB
SwapFree:         581564 kB
Dirty:               244 kB
Writeback:             0 kB
AnonPages:       3156980 kB
Mapped:           837180 kB
Shmem:            117200 kB
Slab:             277652 kB
SReclaimable:     226904 kB
SUnreclaim:        50748 kB
KernelStack:       15152 kB
PageTables:        65468 kB
NFS_Unstable:          0 kB
Bounce:                0 kB
WritebackTmp:          0 kB
CommitLimit:     4923860 kB
Committed_AS:   10044140 kB
VmallocTotal:   34359738367 kB
VmallocUsed:           0 kB
VmallocChunk:          0 kB
HardwareCorrupted:     0 kB
AnonHugePages:         0 kB
ShmemHugePages:        0 kB
ShmemPmdMapped:        0 kB
CmaTotal:              0 kB
CmaFree:               0 kB
HugePages_Total:       0
HugePages_Free:        0
HugePages_Rsvd:        0
HugePages_Surp:        0
Hugepagesize:       2048 kB
DirectMap4k:      190400 kB
DirectMap2M:     8722432 kB


CPU:total 1 (initial active 1) (1 cores per cpu, 1 threads per core) family 6 model 158 stepping 9, cmov, cx8, fxsr, mmx, sse, sse2, sse3, ssse3, sse4.1, sse4.2, popcnt, avx, avx2, aes, clmul, 3dnowpref, lzcnt, tsc, tscinvbit

/proc/cpuinfo:
processor	: 0
vendor_id	: GenuineIntel
cpu family	: 6
model		: 158
model name	: Intel(R) Core(TM) i7-7700HQ CPU @ 2.80GHz
stepping	: 9
cpu MHz		: 2807.998
cache size	: 6144 KB
physical id	: 0
siblings	: 1
core id		: 0
cpu cores	: 1
apicid		: 0
initial apicid	: 0
fpu		: yes
fpu_exception	: yes
cpuid level	: 22
wp		: yes
flags		: fpu vme de pse tsc msr pae mce cx8 apic sep mtrr pge mca cmov pat pse36 clflush mmx fxsr sse sse2 ht syscall nx rdtscp lm constant_tsc rep_good nopl xtopology nonstop_tsc cpuid pni pclmulqdq monitor ssse3 cx16 pcid sse4_1 sse4_2 x2apic movbe popcnt aes xsave avx rdrand hypervisor lahf_lm abm 3dnowprefetch invpcid_single pti fsgsbase avx2 invpcid rdseed clflushopt
bugs		: cpu_meltdown spectre_v1 spectre_v2 spec_store_bypass
bogomips	: 5615.99
clflush size	: 64
cache_alignment	: 64
address sizes	: 39 bits physical, 48 bits virtual
power management:



Memory: 4k page, physical 8684596k(1761212k free), swap 581564k(581564k free)

vm_info: Java HotSpot(TM) 64-Bit Server VM (25.181-b13) for linux-amd64 JRE (1.8.0_181-b13), built on Jul  7 2018 00:56:38 by "java_re" with gcc 4.3.0 20080428 (Red Hat 4.3.0-8)

time: Tue Mar 22 17:01:34 2022
elapsed time: 2 seconds (0d 0h 0m 2s)

