#
# A fatal error has been detected by the Java Runtime Environment:
#
#  SIGSEGV (0xb) at pc=0x00007fc83132699e, pid=2919, tid=0x00007fc82c6e0700
#
# JRE version: Java(TM) SE Runtime Environment (8.0_181-b13) (build 1.8.0_181-b13)
# Java VM: Java HotSpot(TM) 64-Bit Server VM (25.181-b13 mixed mode linux-amd64 compressed oops)
# Problematic frame:
# C  [libc.so.6+0x7f99e]  fwrite+0x1e
#
# Failed to write core dump. Core dumps have been disabled. To enable core dumping, try "ulimit -c unlimited" before starting Java again
#
# If you would like to submit a bug report, please visit:
#   http://bugreport.java.com/bugreport/crash.jsp
# The crash happened outside the Java Virtual Machine in native code.
# See problematic frame for where to report the bug.
#

---------------  T H R E A D  ---------------

Current thread (0x00007fc828168000):  JavaThread "prism" [_thread_in_native, id=2929, stack(0x00007fc82c5e0000,0x00007fc82c6e1000)]

siginfo: si_signo: 11 (SIGSEGV), si_code: 1 (SEGV_MAPERR), si_addr: 0x0000000000000000

Registers:
RAX=0x0000000000000006, RBX=0x00007fc8281681f8, RCX=0x0000000000000000, RDX=0x0000000000000006
RSP=0x00007fc82c6df2e0, RBP=0x0000000000000006, RSI=0x0000000000000001, RDI=0x00007fc80021f730
R8 =0x000000000000000a, R9 =0x00007fc80021f736, R10=0x0000000000000016, R11=0x00007fc831326980
R12=0x00007fc82c6df3c8, R13=0x0000000000000000, R14=0x00007fc82c6df3d8, R15=0x00007fc828168000
RIP=0x00007fc83132699e, EFLAGS=0x0000000000010206, CSGSFS=0x002b000000000033, ERR=0x0000000000000004
  TRAPNO=0x000000000000000e

Top of Stack: (sp=0x00007fc82c6df2e0)
0x00007fc82c6df2e0:   0000000000000000 00007fc8281681f8
0x00007fc82c6df2f0:   00007fc80021f730 00007fc82c6df3c8
0x00007fc82c6df300:   0000000000000000 00007fc82c6df3d8
0x00007fc82c6df310:   00007fc828168000 00007fc82c3ddf6f
0x00007fc82c6df320:   0000000000000000 00007fc82dfd6b60
0x00007fc82c6df330:   00007fc82c6df3a8 0000000000000000
0x00007fc82c6df340:   00007fc82dfd6b60 00007fc819018667
0x00007fc82c6df350:   00007fc82c6df3a8 00007fc8190183c7
0x00007fc82c6df360:   00007fc819018382 00007fc82c6df368
0x00007fc82c6df370:   00007fc82dfd6b60 00007fc82c6df3d8
0x00007fc82c6df380:   00007fc82dfd6dc8 0000000000000000
0x00007fc82c6df390:   00007fc82dfd6b60 0000000000000000
0x00007fc82c6df3a0:   00007fc82c6df3c8 00007fc82c6df420
0x00007fc82c6df3b0:   00007fc8190082bd 000000073b84c248
0x00007fc82c6df3c0:   00007fc819011d18 000000073c37ef20
0x00007fc82c6df3d0:   0000000000000000 000000073b8483f0
0x00007fc82c6df3e0:   00007fc82c6df3e0 00007fc82dfd3dd5
0x00007fc82c6df3f0:   00007fc82c6df438 00007fc82dfd4af0
0x00007fc82c6df400:   0000000000000000 00007fc82dfd3de0
0x00007fc82c6df410:   00007fc82c6df3c8 00007fc82c6df430
0x00007fc82c6df420:   00007fc82c6df480 00007fc8190082bd
0x00007fc82c6df430:   000000073c37ef20 000000073b8483f0
0x00007fc82c6df440:   00007fc82c6df440 00007fc82dfd3ca2
0x00007fc82c6df450:   00007fc82c6df498 00007fc82dfd4af0
0x00007fc82c6df460:   0000000000000000 00007fc82dfd3cb0
0x00007fc82c6df470:   00007fc82c6df430 00007fc82c6df490
0x00007fc82c6df480:   00007fc82c6df4e0 00007fc8190082bd
0x00007fc82c6df490:   000000073c37ef20 000000073b8483f0
0x00007fc82c6df4a0:   00007fc82c6df4a0 00007fc82dfe276b
0x00007fc82c6df4b0:   00007fc82c6df508 00007fc82e00e028
0x00007fc82c6df4c0:   0000000000000000 00007fc82dfe28d0
0x00007fc82c6df4d0:   00007fc82c6df490 00007fc82c6df508 

Instructions: (pc=0x00007fc83132699e)
0x00007fc83132697e:   1f 00 41 57 41 56 41 55 41 54 55 48 89 f5 53 48
0x00007fc83132698e:   0f af ea 48 83 ec 08 48 85 ed 0f 84 41 01 00 00
0x00007fc83132699e:   8b 01 49 89 fe 49 89 f5 49 89 c8 25 00 80 00 00
0x00007fc8313269ae:   75 56 48 8b 99 88 00 00 00 64 4c 8b 24 25 10 00 

Register to memory mapping:

RAX=0x0000000000000006 is an unknown value
RBX=0x00007fc8281681f8 is an unknown value
RCX=0x0000000000000000 is an unknown value
RDX=0x0000000000000006 is an unknown value
RSP=0x00007fc82c6df2e0 is pointing into the stack for thread: 0x00007fc828168000
RBP=0x0000000000000006 is an unknown value
RSI=0x0000000000000001 is an unknown value
RDI=0x00007fc80021f730 is an unknown value
R8 =0x000000000000000a is an unknown value
R9 =0x00007fc80021f736 is an unknown value
R10=0x0000000000000016 is an unknown value
R11=0x00007fc831326980: fwrite+0 in /lib/x86_64-linux-gnu/libc.so.6 at 0x00007fc8312a7000
R12=0x00007fc82c6df3c8 is pointing into the stack for thread: 0x00007fc828168000
R13=0x0000000000000000 is an unknown value
R14=0x00007fc82c6df3d8 is pointing into the stack for thread: 0x00007fc828168000
R15=0x00007fc828168000 is a thread


Stack: [0x00007fc82c5e0000,0x00007fc82c6e1000],  sp=0x00007fc82c6df2e0,  free space=1020k
Native frames: (J=compiled Java code, j=interpreted, Vv=VM code, C=native code)
C  [libc.so.6+0x7f99e]  fwrite+0x1e

Java frames: (J=compiled Java code, j=interpreted, Vv=VM code)
j  prism.PrismNative.PN_PrintToFile(JLjava/lang/String;)V+0
j  prism.PrismFileLog.printToLog(Ljava/lang/String;)V+5
j  prism.PrismFileLog.print(Ljava/lang/String;)V+2
j  prism.Prism.initialise()V+51
j  checkers.Checker.startPrism()V+55
j  checkers.PrismThread.startPrism()V+40
j  checkers.PrismThread.run()V+16
j  java.lang.Thread.run()V+11
v  ~StubRoutines::call_stub

---------------  P R O C E S S  ---------------

Java Threads: ( => current thread )
  0x00007fc800197800 JavaThread "Image Fetcher 0" daemon [_thread_blocked, id=2943, stack(0x00007fc7fa516000,0x00007fc7fa617000)]
  0x00007fc800164800 JavaThread "AWT-EventQueue-0" [_thread_blocked, id=2937, stack(0x00007fc7fa817000,0x00007fc7fa918000)]
  0x00007fc800162800 JavaThread "AWT-Shutdown" [_thread_blocked, id=2936, stack(0x00007fc7fa918000,0x00007fc7faa19000)]
  0x00007fc80012f800 JavaThread "AWT-XAWT" daemon [_thread_in_native, id=2931, stack(0x00007fc7fac19000,0x00007fc7fad1a000)]
  0x00007fc80010d800 JavaThread "Java2D Disposer" daemon [_thread_blocked, id=2930, stack(0x00007fc818067000,0x00007fc818168000)]
=>0x00007fc828168000 JavaThread "prism" [_thread_in_native, id=2929, stack(0x00007fc82c5e0000,0x00007fc82c6e1000)]
  0x00007fc8280c8000 JavaThread "Service Thread" daemon [_thread_blocked, id=2927, stack(0x00007fc82c897000,0x00007fc82c998000)]
  0x00007fc8280b3000 JavaThread "C1 CompilerThread1" daemon [_thread_blocked, id=2926, stack(0x00007fc82c999000,0x00007fc82ca99000)]
  0x00007fc8280b0800 JavaThread "C2 CompilerThread0" daemon [_thread_blocked, id=2925, stack(0x00007fc82ca9a000,0x00007fc82cb9a000)]
  0x00007fc8280af000 JavaThread "Signal Dispatcher" daemon [_thread_blocked, id=2924, stack(0x00007fc82cb9a000,0x00007fc82cc9b000)]
  0x00007fc82807c000 JavaThread "Finalizer" daemon [_thread_blocked, id=2923, stack(0x00007fc82d66a000,0x00007fc82d76b000)]
  0x00007fc828079800 JavaThread "Reference Handler" daemon [_thread_blocked, id=2922, stack(0x00007fc82d76b000,0x00007fc82d86c000)]
  0x00007fc82800b000 JavaThread "main" [_thread_blocked, id=2920, stack(0x00007fc831de3000,0x00007fc831ee3000)]

Other Threads:
  0x00007fc828070000 VMThread [stack: 0x00007fc82d86d000,0x00007fc82d96d000] [id=2921]
  0x00007fc8280cd800 WatcherThread [stack: 0x00007fc82c797000,0x00007fc82c897000] [id=2928]

VM state:not at safepoint (normal execution)

VM Mutex/Monitor currently owned by a thread: None

Heap:
 def new generation   total 41152K, used 14681K [0x000000073b600000, 0x000000073e2a0000, 0x0000000767950000)
  eden space 36608K,  40% used [0x000000073b600000, 0x000000073c4567e0, 0x000000073d9c0000)
  from space 4544K,   0% used [0x000000073d9c0000, 0x000000073d9c0000, 0x000000073de30000)
  to   space 4544K,   0% used [0x000000073de30000, 0x000000073de30000, 0x000000073e2a0000)
 tenured generation   total 91520K, used 0K [0x0000000767950000, 0x000000076d2b0000, 0x00000007c0000000)
   the space 91520K,   0% used [0x0000000767950000, 0x0000000767950000, 0x0000000767950200, 0x000000076d2b0000)
 Metaspace       used 13738K, capacity 13982K, committed 14208K, reserved 1060864K
  class space    used 1742K, capacity 1816K, committed 1920K, reserved 1048576K

Card table byte_map: [0x00007fc82e681000,0x00007fc82eaa7000] byte_map_base: 0x00007fc82aca6000

Polling page: 0x00007fc831ef7000

CodeCache: size=245760Kb used=3342Kb max_used=3342Kb free=242417Kb
 bounds [0x00007fc819000000, 0x00007fc819350000, 0x00007fc828000000]
 total_blobs=1422 nmethods=904 adapters=431
 compilation: enabled

Compilation events (10 events):
Event: 1.630 Thread 0x00007fc8280b3000  899       3       javax.swing.plaf.metal.MetalScrollBarUI$ScrollBarListener::handlePropertyChange (163 bytes)
Event: 1.630 Thread 0x00007fc8280b3000 nmethod 899 0x00007fc819343890 code [0x00007fc819343a40, 0x00007fc819344250]
Event: 1.631 Thread 0x00007fc8280b3000  901       3       javax.swing.text.SimpleAttributeSet::addAttribute (11 bytes)
Event: 1.631 Thread 0x00007fc8280b3000 nmethod 901 0x00007fc819342d10 code [0x00007fc819342ea0, 0x00007fc819343350]
Event: 1.631 Thread 0x00007fc8280b3000  902       3       javax.swing.plaf.basic.BasicComboBoxUI::getHandler (25 bytes)
Event: 1.632 Thread 0x00007fc8280b3000 nmethod 902 0x00007fc819342710 code [0x00007fc819342880, 0x00007fc819342bb0]
Event: 1.632 Thread 0x00007fc8280b3000  903       1       settings.Setting::getKey (5 bytes)
Event: 1.632 Thread 0x00007fc8280b3000 nmethod 903 0x00007fc819342450 code [0x00007fc8193425a0, 0x00007fc8193426b0]
Event: 1.632 Thread 0x00007fc8280b3000  904       3       settings.DefaultSettingOwner::getSetting (12 bytes)
Event: 1.632 Thread 0x00007fc8280b3000 nmethod 904 0x00007fc819344ad0 code [0x00007fc819344c80, 0x00007fc819345170]

GC Heap History (0 events):
No events

Deoptimization events (4 events):
Event: 1.273 Thread 0x00007fc828168000 Uncommon trap: reason=bimorphic action=maybe_recompile pc=0x00007fc819277ecc method=javax.swing.UIDefaults.getFromHashtable(Ljava/lang/Object;)Ljava/lang/Object; @ 126
Event: 1.277 Thread 0x00007fc828168000 Uncommon trap: reason=bimorphic action=maybe_recompile pc=0x00007fc819277ecc method=javax.swing.UIDefaults.getFromHashtable(Ljava/lang/Object;)Ljava/lang/Object; @ 126
Event: 1.277 Thread 0x00007fc828168000 Uncommon trap: reason=bimorphic action=maybe_recompile pc=0x00007fc819277ecc method=javax.swing.UIDefaults.getFromHashtable(Ljava/lang/Object;)Ljava/lang/Object; @ 126
Event: 1.278 Thread 0x00007fc828168000 Uncommon trap: reason=bimorphic action=maybe_recompile pc=0x00007fc819277ecc method=javax.swing.UIDefaults.getFromHashtable(Ljava/lang/Object;)Ljava/lang/Object; @ 126

Classes redefined (0 events):
No events

Internal exceptions (10 events):
Event: 0.040 Thread 0x00007fc82800b000 Exception <a 'java/lang/NoSuchMethodError': Method sun.misc.Unsafe.defineClass(Ljava/lang/String;[BII)Ljava/lang/Class; name or signature does not match> (0x000000073b607cb0) thrown at [/HUDSON/workspace/8-2-build-linux-amd64/jdk8u181/11358/hotspot/src/sh
Event: 0.040 Thread 0x00007fc82800b000 Exception <a 'java/lang/NoSuchMethodError': Method sun.misc.Unsafe.prefetchRead(Ljava/lang/Object;J)V name or signature does not match> (0x000000073b607f98) thrown at [/HUDSON/workspace/8-2-build-linux-amd64/jdk8u181/11358/hotspot/src/share/vm/prims/jni.c
Event: 0.183 Thread 0x00007fc82800b000 Exception <a 'java/security/PrivilegedActionException'> (0x000000073b681e98) thrown at [/HUDSON/workspace/8-2-build-linux-amd64/jdk8u181/11358/hotspot/src/share/vm/prims/jvm.cpp, line 1435]
Event: 0.183 Thread 0x00007fc82800b000 Exception <a 'java/security/PrivilegedActionException'> (0x000000073b6820a8) thrown at [/HUDSON/workspace/8-2-build-linux-amd64/jdk8u181/11358/hotspot/src/share/vm/prims/jvm.cpp, line 1435]
Event: 0.194 Thread 0x00007fc82800b000 Exception <a 'java/security/PrivilegedActionException'> (0x000000073b684690) thrown at [/HUDSON/workspace/8-2-build-linux-amd64/jdk8u181/11358/hotspot/src/share/vm/prims/jvm.cpp, line 1435]
Event: 0.194 Thread 0x00007fc82800b000 Exception <a 'java/security/PrivilegedActionException'> (0x000000073b6848a0) thrown at [/HUDSON/workspace/8-2-build-linux-amd64/jdk8u181/11358/hotspot/src/share/vm/prims/jvm.cpp, line 1435]
Event: 0.819 Thread 0x00007fc828168000 Exception <a 'java/lang/NoSuchFieldError': method resolution failed> (0x000000073ba57ad8) thrown at [/HUDSON/workspace/8-2-build-linux-amd64/jdk8u181/11358/hotspot/src/share/vm/prims/methodHandles.cpp, line 1167]
Event: 0.822 Thread 0x00007fc828168000 Exception <a 'java/lang/NoSuchFieldError': method resolution failed> (0x000000073ba65248) thrown at [/HUDSON/workspace/8-2-build-linux-amd64/jdk8u181/11358/hotspot/src/share/vm/prims/methodHandles.cpp, line 1167]
Event: 0.864 Thread 0x00007fc828168000 Exception <a 'java/io/FileNotFoundException'> (0x000000073bae5620) thrown at [/HUDSON/workspace/8-2-build-linux-amd64/jdk8u181/11358/hotspot/src/share/vm/prims/jni.cpp, line 709]
Event: 0.864 Thread 0x00007fc828168000 Exception <a 'java/io/FileNotFoundException'> (0x000000073bae5fb0) thrown at [/HUDSON/workspace/8-2-build-linux-amd64/jdk8u181/11358/hotspot/src/share/vm/prims/jni.cpp, line 709]

Events (10 events):
Event: 1.444 loading class java/util/Vector$ListItr done
Event: 1.444 loading class javax/swing/plaf/basic/BasicDirectoryModel$DoChangeContents
Event: 1.444 loading class javax/swing/plaf/basic/BasicDirectoryModel$DoChangeContents done
Event: 1.444 Thread 0x00007fc80021d800 Thread exited: 0x00007fc80021d800
Event: 1.492 loading class prism/Prism$ModelSource
Event: 1.492 loading class prism/Prism$ModelSource done
Event: 1.605 Thread 0x00007fc80021e800 Thread added: 0x00007fc80021e800
Event: 1.608 Executing VM operation: ForceSafepoint
Event: 1.610 Executing VM operation: ForceSafepoint done
Event: 1.617 Thread 0x00007fc80021e800 Thread exited: 0x00007fc80021e800


Dynamic libraries:
00400000-00401000 r-xp 00000000 08:01 299893                             /usr/lib/jvm/jdk1.8.0_181/bin/java
00600000-00601000 rw-p 00000000 08:01 299893                             /usr/lib/jvm/jdk1.8.0_181/bin/java
01992000-019b3000 rw-p 00000000 00:00 0                                  [heap]
73b600000-73e2a0000 rw-p 00000000 00:00 0 
73e2a0000-767950000 ---p 00000000 00:00 0 
767950000-76d2b0000 rw-p 00000000 00:00 0 
76d2b0000-7c0000000 ---p 00000000 00:00 0 
7c0000000-7c01e0000 rw-p 00000000 00:00 0 
7c01e0000-800000000 ---p 00000000 00:00 0 
7fc7f9d6d000-7fc7f9d70000 ---p 00000000 00:00 0 
7fc7f9d70000-7fc7f9e6e000 rw-p 00000000 00:00 0 
7fc7f9e6e000-7fc7f9ed8000 r-xp 00000000 08:01 423062                     /usr/lib/jvm/jdk1.8.0_181/jre/lib/amd64/libt2k.so
7fc7f9ed8000-7fc7fa0d7000 ---p 0006a000 08:01 423062                     /usr/lib/jvm/jdk1.8.0_181/jre/lib/amd64/libt2k.so
7fc7fa0d7000-7fc7fa0de000 rw-p 00069000 08:01 423062                     /usr/lib/jvm/jdk1.8.0_181/jre/lib/amd64/libt2k.so
7fc7fa0de000-7fc7fa0ee000 rw-p 00000000 00:00 0 
7fc7fa0ee000-7fc7fa0ff000 r-xp 00000000 08:01 423099                     /usr/lib/jvm/jdk1.8.0_181/jre/lib/amd64/libnio.so
7fc7fa0ff000-7fc7fa2fe000 ---p 00011000 08:01 423099                     /usr/lib/jvm/jdk1.8.0_181/jre/lib/amd64/libnio.so
7fc7fa2fe000-7fc7fa2ff000 rw-p 00010000 08:01 423099                     /usr/lib/jvm/jdk1.8.0_181/jre/lib/amd64/libnio.so
7fc7fa2ff000-7fc7fa315000 r-xp 00000000 08:01 423096                     /usr/lib/jvm/jdk1.8.0_181/jre/lib/amd64/libnet.so
7fc7fa315000-7fc7fa515000 ---p 00016000 08:01 423096                     /usr/lib/jvm/jdk1.8.0_181/jre/lib/amd64/libnet.so
7fc7fa515000-7fc7fa516000 rw-p 00016000 08:01 423096                     /usr/lib/jvm/jdk1.8.0_181/jre/lib/amd64/libnet.so
7fc7fa516000-7fc7fa519000 ---p 00000000 00:00 0 
7fc7fa519000-7fc7fa817000 rw-p 00000000 00:00 0 
7fc7fa817000-7fc7fa81a000 ---p 00000000 00:00 0 
7fc7fa81a000-7fc7fa918000 rw-p 00000000 00:00 0 
7fc7fa918000-7fc7fa91b000 ---p 00000000 00:00 0 
7fc7fa91b000-7fc7fac19000 rw-p 00000000 00:00 0 
7fc7fac19000-7fc7fac1c000 ---p 00000000 00:00 0 
7fc7fac1c000-7fc7fad1a000 rw-p 00000000 00:00 0 
7fc7fad1a000-7fc7fad1f000 r-xp 00000000 08:01 12304                      /usr/lib/x86_64-linux-gnu/libXfixes.so.3.1.0
7fc7fad1f000-7fc7faf1e000 ---p 00005000 08:01 12304                      /usr/lib/x86_64-linux-gnu/libXfixes.so.3.1.0
7fc7faf1e000-7fc7faf1f000 r--p 00004000 08:01 12304                      /usr/lib/x86_64-linux-gnu/libXfixes.so.3.1.0
7fc7faf1f000-7fc7faf20000 rw-p 00005000 08:01 12304                      /usr/lib/x86_64-linux-gnu/libXfixes.so.3.1.0
7fc7faf20000-7fc7faf29000 r-xp 00000000 08:01 12296                      /usr/lib/x86_64-linux-gnu/libXcursor.so.1.0.2
7fc7faf29000-7fc7fb128000 ---p 00009000 08:01 12296                      /usr/lib/x86_64-linux-gnu/libXcursor.so.1.0.2
7fc7fb128000-7fc7fb129000 r--p 00008000 08:01 12296                      /usr/lib/x86_64-linux-gnu/libXcursor.so.1.0.2
7fc7fb129000-7fc7fb12a000 rw-p 00009000 08:01 12296                      /usr/lib/x86_64-linux-gnu/libXcursor.so.1.0.2
7fc7fb12a000-7fc7fb18f000 r-xp 00000000 08:01 423076                     /usr/lib/jvm/jdk1.8.0_181/jre/lib/amd64/libfontmanager.so
7fc7fb18f000-7fc7fb38e000 ---p 00065000 08:01 423076                     /usr/lib/jvm/jdk1.8.0_181/jre/lib/amd64/libfontmanager.so
7fc7fb38e000-7fc7fb393000 rw-p 00064000 08:01 423076                     /usr/lib/jvm/jdk1.8.0_181/jre/lib/amd64/libfontmanager.so
7fc7fb393000-7fc7fb3a3000 rw-p 00000000 00:00 0 
7fc7fb3a3000-7fc7fb3b6000 r-xp 00000000 08:01 268771                     /lib/x86_64-linux-gnu/libbsd.so.0.8.7
7fc7fb3b6000-7fc7fb5b5000 ---p 00013000 08:01 268771                     /lib/x86_64-linux-gnu/libbsd.so.0.8.7
7fc7fb5b5000-7fc7fb5b6000 r--p 00012000 08:01 268771                     /lib/x86_64-linux-gnu/libbsd.so.0.8.7
7fc7fb5b6000-7fc7fb5b7000 rw-p 00013000 08:01 268771                     /lib/x86_64-linux-gnu/libbsd.so.0.8.7
7fc7fb5b7000-7fc7fb5b8000 rw-p 00000000 00:00 0 
7fc7fb5b8000-7fc7fb5bd000 r-xp 00000000 08:01 12300                      /usr/lib/x86_64-linux-gnu/libXdmcp.so.6.0.0
7fc7fb5bd000-7fc7fb7bc000 ---p 00005000 08:01 12300                      /usr/lib/x86_64-linux-gnu/libXdmcp.so.6.0.0
7fc7fb7bc000-7fc7fb7bd000 r--p 00004000 08:01 12300                      /usr/lib/x86_64-linux-gnu/libXdmcp.so.6.0.0
7fc7fb7bd000-7fc7fb7be000 rw-p 00005000 08:01 12300                      /usr/lib/x86_64-linux-gnu/libXdmcp.so.6.0.0
7fc7fb7be000-7fc7fb7c0000 r-xp 00000000 08:01 12289                      /usr/lib/x86_64-linux-gnu/libXau.so.6.0.0
7fc7fb7c0000-7fc7fb9c0000 ---p 00002000 08:01 12289                      /usr/lib/x86_64-linux-gnu/libXau.so.6.0.0
7fc7fb9c0000-7fc7fb9c1000 r--p 00002000 08:01 12289                      /usr/lib/x86_64-linux-gnu/libXau.so.6.0.0
7fc7fb9c1000-7fc7fb9c2000 rw-p 00003000 08:01 12289                      /usr/lib/x86_64-linux-gnu/libXau.so.6.0.0
7fc7fb9c2000-7fc7fb9e8000 r-xp 00000000 08:01 13496                      /usr/lib/x86_64-linux-gnu/libxcb.so.1.1.0
7fc7fb9e8000-7fc7fbbe8000 ---p 00026000 08:01 13496                      /usr/lib/x86_64-linux-gnu/libxcb.so.1.1.0
7fc7fbbe8000-7fc7fbbe9000 r--p 00026000 08:01 13496                      /usr/lib/x86_64-linux-gnu/libxcb.so.1.1.0
7fc7fbbe9000-7fc7fbbea000 rw-p 00027000 08:01 13496                      /usr/lib/x86_64-linux-gnu/libxcb.so.1.1.0
7fc7fbbea000-7fc7fbbf9000 r-xp 00000000 08:01 12310                      /usr/lib/x86_64-linux-gnu/libXi.so.6.1.0
7fc7fbbf9000-7fc7fbdf8000 ---p 0000f000 08:01 12310                      /usr/lib/x86_64-linux-gnu/libXi.so.6.1.0
7fc7fbdf8000-7fc7fbdf9000 r--p 0000e000 08:01 12310                      /usr/lib/x86_64-linux-gnu/libXi.so.6.1.0
7fc7fbdf9000-7fc7fbdfa000 rw-p 0000f000 08:01 12310                      /usr/lib/x86_64-linux-gnu/libXi.so.6.1.0
7fc7fbdfa000-7fc7fbdff000 r-xp 00000000 08:01 12328                      /usr/lib/x86_64-linux-gnu/libXtst.so.6.1.0
7fc7fbdff000-7fc7fbffe000 ---p 00005000 08:01 12328                      /usr/lib/x86_64-linux-gnu/libXtst.so.6.1.0
7fc7fbffe000-7fc7fbfff000 r--p 00004000 08:01 12328                      /usr/lib/x86_64-linux-gnu/libXtst.so.6.1.0
7fc7fbfff000-7fc7fc000000 rw-p 00005000 08:01 12328                      /usr/lib/x86_64-linux-gnu/libXtst.so.6.1.0
7fc7fc000000-7fc7fc3fa000 rw-p 00000000 00:00 0 
7fc7fc3fa000-7fc800000000 ---p 00000000 00:00 0 
7fc800000000-7fc80047b000 rw-p 00000000 00:00 0 
7fc80047b000-7fc804000000 ---p 00000000 00:00 0 
7fc804000000-7fc804021000 rw-p 00000000 00:00 0 
7fc804021000-7fc808000000 ---p 00000000 00:00 0 
7fc808000000-7fc80811a000 rw-p 00000000 00:00 0 
7fc80811a000-7fc80c000000 ---p 00000000 00:00 0 
7fc80c000000-7fc80c02c000 rw-p 00000000 00:00 0 
7fc80c02c000-7fc810000000 ---p 00000000 00:00 0 
7fc810000000-7fc810021000 rw-p 00000000 00:00 0 
7fc810021000-7fc814000000 ---p 00000000 00:00 0 
7fc814000000-7fc814021000 rw-p 00000000 00:00 0 
7fc814021000-7fc818000000 ---p 00000000 00:00 0 
7fc818067000-7fc81806a000 ---p 00000000 00:00 0 
7fc81806a000-7fc818168000 rw-p 00000000 00:00 0 
7fc818168000-7fc818171000 r-xp 00000000 08:01 12322                      /usr/lib/x86_64-linux-gnu/libXrender.so.1.3.0
7fc818171000-7fc818370000 ---p 00009000 08:01 12322                      /usr/lib/x86_64-linux-gnu/libXrender.so.1.3.0
7fc818370000-7fc818371000 r--p 00008000 08:01 12322                      /usr/lib/x86_64-linux-gnu/libXrender.so.1.3.0
7fc818371000-7fc818372000 rw-p 00009000 08:01 12322                      /usr/lib/x86_64-linux-gnu/libXrender.so.1.3.0
7fc818372000-7fc8184a6000 r-xp 00000000 08:01 12285                      /usr/lib/x86_64-linux-gnu/libX11.so.6.3.0
7fc8184a6000-7fc8186a6000 ---p 00134000 08:01 12285                      /usr/lib/x86_64-linux-gnu/libX11.so.6.3.0
7fc8186a6000-7fc8186a7000 r--p 00134000 08:01 12285                      /usr/lib/x86_64-linux-gnu/libX11.so.6.3.0
7fc8186a7000-7fc8186ab000 rw-p 00135000 08:01 12285                      /usr/lib/x86_64-linux-gnu/libX11.so.6.3.0
7fc8186ab000-7fc8186bc000 r-xp 00000000 08:01 12302                      /usr/lib/x86_64-linux-gnu/libXext.so.6.4.0
7fc8186bc000-7fc8188bb000 ---p 00011000 08:01 12302                      /usr/lib/x86_64-linux-gnu/libXext.so.6.4.0
7fc8188bb000-7fc8188bc000 r--p 00010000 08:01 12302                      /usr/lib/x86_64-linux-gnu/libXext.so.6.4.0
7fc8188bc000-7fc8188bd000 rw-p 00011000 08:01 12302                      /usr/lib/x86_64-linux-gnu/libXext.so.6.4.0
7fc8188bd000-7fc818911000 r-xp 00000000 08:01 423103                     /usr/lib/jvm/jdk1.8.0_181/jre/lib/amd64/libawt_xawt.so
7fc818911000-7fc818b11000 ---p 00054000 08:01 423103                     /usr/lib/jvm/jdk1.8.0_181/jre/lib/amd64/libawt_xawt.so
7fc818b11000-7fc818b15000 rw-p 00054000 08:01 423103                     /usr/lib/jvm/jdk1.8.0_181/jre/lib/amd64/libawt_xawt.so
7fc818b15000-7fc818b16000 rw-p 00000000 00:00 0 
7fc818b16000-7fc818bb8000 r-xp 00000000 08:01 423089                     /usr/lib/jvm/jdk1.8.0_181/jre/lib/amd64/libawt.so
7fc818bb8000-7fc818db8000 ---p 000a2000 08:01 423089                     /usr/lib/jvm/jdk1.8.0_181/jre/lib/amd64/libawt.so
7fc818db8000-7fc818dc4000 rw-p 000a2000 08:01 423089                     /usr/lib/jvm/jdk1.8.0_181/jre/lib/amd64/libawt.so
7fc818dc4000-7fc818de8000 rw-p 00000000 00:00 0 
7fc818de8000-7fc818dff000 r-xp 00000000 08:01 292491                     /lib/x86_64-linux-gnu/libgcc_s.so.1
7fc818dff000-7fc818ffe000 ---p 00017000 08:01 292491                     /lib/x86_64-linux-gnu/libgcc_s.so.1
7fc818ffe000-7fc818fff000 r--p 00016000 08:01 292491                     /lib/x86_64-linux-gnu/libgcc_s.so.1
7fc818fff000-7fc819000000 rw-p 00017000 08:01 292491                     /lib/x86_64-linux-gnu/libgcc_s.so.1
7fc819000000-7fc819350000 rwxp 00000000 00:00 0 
7fc819350000-7fc828000000 ---p 00000000 00:00 0 
7fc828000000-7fc828175000 rw-p 00000000 00:00 0 
7fc828175000-7fc82c000000 ---p 00000000 00:00 0 
7fc82c03f000-7fc82c1b8000 r-xp 00000000 08:01 2222                       /usr/lib/x86_64-linux-gnu/libstdc++.so.6.0.25
7fc82c1b8000-7fc82c3b8000 ---p 00179000 08:01 2222                       /usr/lib/x86_64-linux-gnu/libstdc++.so.6.0.25
7fc82c3b8000-7fc82c3c2000 r--p 00179000 08:01 2222                       /usr/lib/x86_64-linux-gnu/libstdc++.so.6.0.25
7fc82c3c2000-7fc82c3c4000 rw-p 00183000 08:01 2222                       /usr/lib/x86_64-linux-gnu/libstdc++.so.6.0.25
7fc82c3c4000-7fc82c3c8000 rw-p 00000000 00:00 0 
7fc82c3c8000-7fc82c3db000 r--s 00345000 08:01 423003                     /usr/lib/jvm/jdk1.8.0_181/jre/lib/resources.jar
7fc82c3db000-7fc82c3df000 r-xp 00000000 08:01 1200040                    /home/new/Documents/git/checker2/Rover/prism-library/prism/lib/libprism.so
7fc82c3df000-7fc82c5de000 ---p 00004000 08:01 1200040                    /home/new/Documents/git/checker2/Rover/prism-library/prism/lib/libprism.so
7fc82c5de000-7fc82c5df000 r--p 00003000 08:01 1200040                    /home/new/Documents/git/checker2/Rover/prism-library/prism/lib/libprism.so
7fc82c5df000-7fc82c5e0000 rw-p 00004000 08:01 1200040                    /home/new/Documents/git/checker2/Rover/prism-library/prism/lib/libprism.so
7fc82c5e0000-7fc82c5e3000 ---p 00000000 00:00 0 
7fc82c5e3000-7fc82c6e1000 rw-p 00000000 00:00 0 
7fc82c6e1000-7fc82c776000 r--s 01109000 08:01 555531                     /usr/lib/jvm/jdk1.8.0_121/jre/lib/ext/jfxrt.jar
7fc82c776000-7fc82c796000 r--s 0027a000 08:01 1200044                    /home/new/Documents/git/checker2/Rover/prism-library/prism/lib/prism.jar
7fc82c796000-7fc82c797000 ---p 00000000 00:00 0 
7fc82c797000-7fc82c897000 rw-p 00000000 00:00 0 
7fc82c897000-7fc82c89a000 ---p 00000000 00:00 0 
7fc82c89a000-7fc82c998000 rw-p 00000000 00:00 0 
7fc82c998000-7fc82c999000 ---p 00000000 00:00 0 
7fc82c999000-7fc82c99c000 ---p 00000000 00:00 0 
7fc82c99c000-7fc82ca99000 rw-p 00000000 00:00 0 
7fc82ca99000-7fc82ca9a000 ---p 00000000 00:00 0 
7fc82ca9a000-7fc82ca9d000 ---p 00000000 00:00 0 
7fc82ca9d000-7fc82cb9a000 rw-p 00000000 00:00 0 
7fc82cb9a000-7fc82cb9d000 ---p 00000000 00:00 0 
7fc82cb9d000-7fc82cc9b000 rw-p 00000000 00:00 0 
7fc82cc9b000-7fc82d66a000 r--p 00000000 08:01 6873                       /usr/lib/locale/locale-archive
7fc82d66a000-7fc82d66d000 ---p 00000000 00:00 0 
7fc82d66d000-7fc82d76b000 rw-p 00000000 00:00 0 
7fc82d76b000-7fc82d76e000 ---p 00000000 00:00 0 
7fc82d76e000-7fc82d86c000 rw-p 00000000 00:00 0 
7fc82d86c000-7fc82d86d000 ---p 00000000 00:00 0 
7fc82d86d000-7fc82d96d000 rw-p 00000000 00:00 0 
7fc82d96d000-7fc82db47000 r--s 03d6b000 08:01 422965                     /usr/lib/jvm/jdk1.8.0_181/jre/lib/rt.jar
7fc82db47000-7fc82e3ea000 rw-p 00000000 00:00 0 
7fc82e3ea000-7fc82e681000 ---p 00000000 00:00 0 
7fc82e681000-7fc82e698000 rw-p 00000000 00:00 0 
7fc82e698000-7fc82e7e2000 ---p 00000000 00:00 0 
7fc82e7e2000-7fc82e810000 rw-p 00000000 00:00 0 
7fc82e810000-7fc82eaa6000 ---p 00000000 00:00 0 
7fc82eaa6000-7fc82eab5000 rw-p 00000000 00:00 0 
7fc82eab5000-7fc82ee67000 ---p 00000000 00:00 0 
7fc82ee67000-7fc82ee82000 r-xp 00000000 08:01 423092                     /usr/lib/jvm/jdk1.8.0_181/jre/lib/amd64/libzip.so
7fc82ee82000-7fc82f082000 ---p 0001b000 08:01 423092                     /usr/lib/jvm/jdk1.8.0_181/jre/lib/amd64/libzip.so
7fc82f082000-7fc82f083000 rw-p 0001b000 08:01 423092                     /usr/lib/jvm/jdk1.8.0_181/jre/lib/amd64/libzip.so
7fc82f083000-7fc82f08e000 r-xp 00000000 08:01 293372                     /lib/x86_64-linux-gnu/libnss_files-2.27.so
7fc82f08e000-7fc82f28d000 ---p 0000b000 08:01 293372                     /lib/x86_64-linux-gnu/libnss_files-2.27.so
7fc82f28d000-7fc82f28e000 r--p 0000a000 08:01 293372                     /lib/x86_64-linux-gnu/libnss_files-2.27.so
7fc82f28e000-7fc82f28f000 rw-p 0000b000 08:01 293372                     /lib/x86_64-linux-gnu/libnss_files-2.27.so
7fc82f28f000-7fc82f295000 rw-p 00000000 00:00 0 
7fc82f295000-7fc82f2ac000 r-xp 00000000 08:01 293367                     /lib/x86_64-linux-gnu/libnsl-2.27.so
7fc82f2ac000-7fc82f4ab000 ---p 00017000 08:01 293367                     /lib/x86_64-linux-gnu/libnsl-2.27.so
7fc82f4ab000-7fc82f4ac000 r--p 00016000 08:01 293367                     /lib/x86_64-linux-gnu/libnsl-2.27.so
7fc82f4ac000-7fc82f4ad000 rw-p 00017000 08:01 293367                     /lib/x86_64-linux-gnu/libnsl-2.27.so
7fc82f4ad000-7fc82f4af000 rw-p 00000000 00:00 0 
7fc82f4af000-7fc82f4ba000 r-xp 00000000 08:01 293374                     /lib/x86_64-linux-gnu/libnss_nis-2.27.so
7fc82f4ba000-7fc82f6b9000 ---p 0000b000 08:01 293374                     /lib/x86_64-linux-gnu/libnss_nis-2.27.so
7fc82f6b9000-7fc82f6ba000 r--p 0000a000 08:01 293374                     /lib/x86_64-linux-gnu/libnss_nis-2.27.so
7fc82f6ba000-7fc82f6bb000 rw-p 0000b000 08:01 293374                     /lib/x86_64-linux-gnu/libnss_nis-2.27.so
7fc82f6bb000-7fc82f6c3000 r-xp 00000000 08:01 293370                     /lib/x86_64-linux-gnu/libnss_compat-2.27.so
7fc82f6c3000-7fc82f8c3000 ---p 00008000 08:01 293370                     /lib/x86_64-linux-gnu/libnss_compat-2.27.so
7fc82f8c3000-7fc82f8c4000 r--p 00008000 08:01 293370                     /lib/x86_64-linux-gnu/libnss_compat-2.27.so
7fc82f8c4000-7fc82f8c5000 rw-p 00009000 08:01 293370                     /lib/x86_64-linux-gnu/libnss_compat-2.27.so
7fc82f8c5000-7fc82f8f0000 r-xp 00000000 08:01 423086                     /usr/lib/jvm/jdk1.8.0_181/jre/lib/amd64/libjava.so
7fc82f8f0000-7fc82faef000 ---p 0002b000 08:01 423086                     /usr/lib/jvm/jdk1.8.0_181/jre/lib/amd64/libjava.so
7fc82faef000-7fc82faf1000 rw-p 0002a000 08:01 423086                     /usr/lib/jvm/jdk1.8.0_181/jre/lib/amd64/libjava.so
7fc82faf1000-7fc82fafe000 r-xp 00000000 08:01 423091                     /usr/lib/jvm/jdk1.8.0_181/jre/lib/amd64/libverify.so
7fc82fafe000-7fc82fcfe000 ---p 0000d000 08:01 423091                     /usr/lib/jvm/jdk1.8.0_181/jre/lib/amd64/libverify.so
7fc82fcfe000-7fc82fd00000 rw-p 0000d000 08:01 423091                     /usr/lib/jvm/jdk1.8.0_181/jre/lib/amd64/libverify.so
7fc82fd00000-7fc82fd07000 r-xp 00000000 08:01 293659                     /lib/x86_64-linux-gnu/librt-2.27.so
7fc82fd07000-7fc82ff06000 ---p 00007000 08:01 293659                     /lib/x86_64-linux-gnu/librt-2.27.so
7fc82ff06000-7fc82ff07000 r--p 00006000 08:01 293659                     /lib/x86_64-linux-gnu/librt-2.27.so
7fc82ff07000-7fc82ff08000 rw-p 00007000 08:01 293659                     /lib/x86_64-linux-gnu/librt-2.27.so
7fc82ff08000-7fc8300a5000 r-xp 00000000 08:01 293364                     /lib/x86_64-linux-gnu/libm-2.27.so
7fc8300a5000-7fc8302a4000 ---p 0019d000 08:01 293364                     /lib/x86_64-linux-gnu/libm-2.27.so
7fc8302a4000-7fc8302a5000 r--p 0019c000 08:01 293364                     /lib/x86_64-linux-gnu/libm-2.27.so
7fc8302a5000-7fc8302a6000 rw-p 0019d000 08:01 293364                     /lib/x86_64-linux-gnu/libm-2.27.so
7fc8302a6000-7fc830f82000 r-xp 00000000 08:01 529445                     /usr/lib/jvm/jdk1.8.0_181/jre/lib/amd64/server/libjvm.so
7fc830f82000-7fc831182000 ---p 00cdc000 08:01 529445                     /usr/lib/jvm/jdk1.8.0_181/jre/lib/amd64/server/libjvm.so
7fc831182000-7fc83125c000 rw-p 00cdc000 08:01 529445                     /usr/lib/jvm/jdk1.8.0_181/jre/lib/amd64/server/libjvm.so
7fc83125c000-7fc8312a7000 rw-p 00000000 00:00 0 
7fc8312a7000-7fc83148e000 r-xp 00000000 08:01 293344                     /lib/x86_64-linux-gnu/libc-2.27.so
7fc83148e000-7fc83168e000 ---p 001e7000 08:01 293344                     /lib/x86_64-linux-gnu/libc-2.27.so
7fc83168e000-7fc831692000 r--p 001e7000 08:01 293344                     /lib/x86_64-linux-gnu/libc-2.27.so
7fc831692000-7fc831694000 rw-p 001eb000 08:01 293344                     /lib/x86_64-linux-gnu/libc-2.27.so
7fc831694000-7fc831698000 rw-p 00000000 00:00 0 
7fc831698000-7fc83169b000 r-xp 00000000 08:01 293363                     /lib/x86_64-linux-gnu/libdl-2.27.so
7fc83169b000-7fc83189a000 ---p 00003000 08:01 293363                     /lib/x86_64-linux-gnu/libdl-2.27.so
7fc83189a000-7fc83189b000 r--p 00002000 08:01 293363                     /lib/x86_64-linux-gnu/libdl-2.27.so
7fc83189b000-7fc83189c000 rw-p 00003000 08:01 293363                     /lib/x86_64-linux-gnu/libdl-2.27.so
7fc83189c000-7fc8318b2000 r-xp 00000000 08:01 300951                     /usr/lib/jvm/jdk1.8.0_181/lib/amd64/jli/libjli.so
7fc8318b2000-7fc831ab1000 ---p 00016000 08:01 300951                     /usr/lib/jvm/jdk1.8.0_181/lib/amd64/jli/libjli.so
7fc831ab1000-7fc831ab2000 rw-p 00015000 08:01 300951                     /usr/lib/jvm/jdk1.8.0_181/lib/amd64/jli/libjli.so
7fc831ab2000-7fc831acc000 r-xp 00000000 08:01 293377                     /lib/x86_64-linux-gnu/libpthread-2.27.so
7fc831acc000-7fc831ccb000 ---p 0001a000 08:01 293377                     /lib/x86_64-linux-gnu/libpthread-2.27.so
7fc831ccb000-7fc831ccc000 r--p 00019000 08:01 293377                     /lib/x86_64-linux-gnu/libpthread-2.27.so
7fc831ccc000-7fc831ccd000 rw-p 0001a000 08:01 293377                     /lib/x86_64-linux-gnu/libpthread-2.27.so
7fc831ccd000-7fc831cd1000 rw-p 00000000 00:00 0 
7fc831cd1000-7fc831cfa000 r-xp 00000000 08:01 293340                     /lib/x86_64-linux-gnu/ld-2.27.so
7fc831d03000-7fc831d10000 r--s 00077000 08:01 1200046                    /home/new/Documents/git/checker2/Rover/prism-library/prism/lib/colt.jar
7fc831d10000-7fc831de2000 rw-p 00000000 00:00 0 
7fc831de2000-7fc831de3000 ---p 00000000 00:00 0 
7fc831de3000-7fc831de6000 ---p 00000000 00:00 0 
7fc831de6000-7fc831ee5000 rw-p 00000000 00:00 0 
7fc831ee5000-7fc831ee7000 r--s 00007000 08:01 423114                     /usr/lib/jvm/jdk1.8.0_181/jre/lib/jfxswt.jar
7fc831ee7000-7fc831eea000 r--s 00015000 08:01 1200054                    /home/new/Documents/git/checker2/Rover/prism-library/prism/lib/pepa.zip
7fc831eea000-7fc831eee000 r--s 0003d000 08:01 1200051                    /home/new/Documents/git/checker2/Rover/prism-library/prism/lib/jhoafparser.jar
7fc831eee000-7fc831ef6000 rw-s 00000000 08:01 942891                     /tmp/hsperfdata_new/2919
7fc831ef6000-7fc831ef7000 rw-p 00000000 00:00 0 
7fc831ef7000-7fc831ef8000 r--p 00000000 00:00 0 
7fc831ef8000-7fc831efa000 rw-p 00000000 00:00 0 
7fc831efa000-7fc831efb000 r--p 00029000 08:01 293340                     /lib/x86_64-linux-gnu/ld-2.27.so
7fc831efb000-7fc831efc000 rw-p 0002a000 08:01 293340                     /lib/x86_64-linux-gnu/ld-2.27.so
7fc831efc000-7fc831efd000 rw-p 00000000 00:00 0 
7fff909b6000-7fff909d8000 rw-p 00000000 00:00 0                          [stack]
7fff909fb000-7fff909fe000 r--p 00000000 00:00 0                          [vvar]
7fff909fe000-7fff90a00000 r-xp 00000000 00:00 0                          [vdso]
ffffffffff600000-ffffffffff601000 r-xp 00000000 00:00 0                  [vsyscall]

VM Arguments:
jvm_args: -Djava.library.path=prism-library/prism/lib/ -Dfile.encoding=UTF-8 
java_command: aCheck.CheckingDriver 60
java_class_path (initial): ./bin:prism-library/prism/lib/colt.jar:prism-library/prism/lib/jhoafparser.jar:prism-library/prism/lib/pepa.zip:prism-library/prism/lib/prism.jar:/usr/lib/jvm/jdk1.8.0_181/jre/lib/jfxswt.jar:/usr/lib/jvm/jdk1.8.0_121/jre/lib/ext/jfxrt.jar
Launcher Type: SUN_STANDARD

Environment Variables:
PATH=/usr/local/sbin:/usr/local/bin:/usr/sbin:/usr/bin:/sbin:/bin:/usr/games:/usr/local/games:/snap/bin
USERNAME=new
LD_LIBRARY_PATH=:/opt/resouces/prism-library/prism/lib/:/opt/resouces/prism-library/prism/lib/:prism-library/prism/lib/
SHELL=/bin/bash
DISPLAY=:0

Signal Handlers:
SIGSEGV: [libjvm.so+0xad2a40], sa_mask[0]=11111111011111111101111111111110, sa_flags=SA_RESTART|SA_SIGINFO
SIGBUS: [libjvm.so+0xad2a40], sa_mask[0]=11111111011111111101111111111110, sa_flags=SA_RESTART|SA_SIGINFO
SIGFPE: [libjvm.so+0x92a610], sa_mask[0]=11111111011111111101111111111110, sa_flags=SA_RESTART|SA_SIGINFO
SIGPIPE: [libjvm.so+0x92a610], sa_mask[0]=11111111011111111101111111111110, sa_flags=SA_RESTART|SA_SIGINFO
SIGXFSZ: [libjvm.so+0x92a610], sa_mask[0]=11111111011111111101111111111110, sa_flags=SA_RESTART|SA_SIGINFO
SIGILL: [libjvm.so+0x92a610], sa_mask[0]=11111111011111111101111111111110, sa_flags=SA_RESTART|SA_SIGINFO
SIGUSR1: SIG_DFL, sa_mask[0]=00000000000000000000000000000000, sa_flags=none
SIGUSR2: [libjvm.so+0x92be70], sa_mask[0]=00000000000000000000000000000000, sa_flags=SA_RESTART|SA_SIGINFO
SIGHUP: [libjvm.so+0x92d270], sa_mask[0]=11111111011111111101111111111110, sa_flags=SA_RESTART|SA_SIGINFO
SIGINT: [libjvm.so+0x92d270], sa_mask[0]=11111111011111111101111111111110, sa_flags=SA_RESTART|SA_SIGINFO
SIGTERM: [libjvm.so+0x92d270], sa_mask[0]=11111111011111111101111111111110, sa_flags=SA_RESTART|SA_SIGINFO
SIGQUIT: [libjvm.so+0x92d270], sa_mask[0]=11111111011111111101111111111110, sa_flags=SA_RESTART|SA_SIGINFO


---------------  S Y S T E M  ---------------

OS:DISTRIB_ID=Ubuntu
DISTRIB_RELEASE=18.04
DISTRIB_CODENAME=bionic
DISTRIB_DESCRIPTION="Ubuntu 18.04.1 LTS"

uname:Linux 4.15.0-29-generic #31-Ubuntu SMP Tue Jul 17 15:39:52 UTC 2018 x86_64
libc:glibc 2.27 NPTL 2.27 
rlimit: STACK 8192k, CORE 0k, NPROC 33692, NOFILE 4096, AS infinity
load average:0.28 0.95 0.82

/proc/meminfo:
MemTotal:        8684596 kB
MemFree:         1755376 kB
MemAvailable:    4904256 kB
Buffers:          393040 kB
Cached:          2944348 kB
SwapCached:            0 kB
Active:          5049160 kB
Inactive:        1451960 kB
Active(anon):    3159936 kB
Inactive(anon):   113260 kB
Active(file):    1889224 kB
Inactive(file):  1338700 kB
Unevictable:          80 kB
Mlocked:              80 kB
SwapTotal:        581564 kB
SwapFree:         581564 kB
Dirty:               132 kB
Writeback:             0 kB
AnonPages:       3163816 kB
Mapped:           836828 kB
Shmem:            114872 kB
Slab:             277608 kB
SReclaimable:     226904 kB
SUnreclaim:        50704 kB
KernelStack:       15200 kB
PageTables:        65484 kB
NFS_Unstable:          0 kB
Bounce:                0 kB
WritebackTmp:          0 kB
CommitLimit:     4923860 kB
Committed_AS:   10055332 kB
VmallocTotal:   34359738367 kB
VmallocUsed:           0 kB
VmallocChunk:          0 kB
HardwareCorrupted:     0 kB
AnonHugePages:         0 kB
ShmemHugePages:        0 kB
ShmemPmdMapped:        0 kB
CmaTotal:              0 kB
CmaFree:               0 kB
HugePages_Total:       0
HugePages_Free:        0
HugePages_Rsvd:        0
HugePages_Surp:        0
Hugepagesize:       2048 kB
DirectMap4k:      190400 kB
DirectMap2M:     8722432 kB


CPU:total 1 (initial active 1) (1 cores per cpu, 1 threads per core) family 6 model 158 stepping 9, cmov, cx8, fxsr, mmx, sse, sse2, sse3, ssse3, sse4.1, sse4.2, popcnt, avx, avx2, aes, clmul, 3dnowpref, lzcnt, tsc, tscinvbit

/proc/cpuinfo:
processor	: 0
vendor_id	: GenuineIntel
cpu family	: 6
model		: 158
model name	: Intel(R) Core(TM) i7-7700HQ CPU @ 2.80GHz
stepping	: 9
cpu MHz		: 2807.998
cache size	: 6144 KB
physical id	: 0
siblings	: 1
core id		: 0
cpu cores	: 1
apicid		: 0
initial apicid	: 0
fpu		: yes
fpu_exception	: yes
cpuid level	: 22
wp		: yes
flags		: fpu vme de pse tsc msr pae mce cx8 apic sep mtrr pge mca cmov pat pse36 clflush mmx fxsr sse sse2 ht syscall nx rdtscp lm constant_tsc rep_good nopl xtopology nonstop_tsc cpuid pni pclmulqdq monitor ssse3 cx16 pcid sse4_1 sse4_2 x2apic movbe popcnt aes xsave avx rdrand hypervisor lahf_lm abm 3dnowprefetch invpcid_single pti fsgsbase avx2 invpcid rdseed clflushopt
bugs		: cpu_meltdown spectre_v1 spectre_v2 spec_store_bypass
bogomips	: 5615.99
clflush size	: 64
cache_alignment	: 64
address sizes	: 39 bits physical, 48 bits virtual
power management:



Memory: 4k page, physical 8684596k(1755376k free), swap 581564k(581564k free)

vm_info: Java HotSpot(TM) 64-Bit Server VM (25.181-b13) for linux-amd64 JRE (1.8.0_181-b13), built on Jul  7 2018 00:56:38 by "java_re" with gcc 4.3.0 20080428 (Red Hat 4.3.0-8)

time: Tue Mar 22 17:11:13 2022
elapsed time: 1 seconds (0d 0h 0m 1s)

