#
# A fatal error has been detected by the Java Runtime Environment:
#
#  SIGSEGV (0xb) at pc=0x00007feb280c799e, pid=1428, tid=0x00007feb1047a700
#
# JRE version: Java(TM) SE Runtime Environment (8.0_181-b13) (build 1.8.0_181-b13)
# Java VM: Java HotSpot(TM) 64-Bit Server VM (25.181-b13 mixed mode linux-amd64 compressed oops)
# Problematic frame:
# C  [libc.so.6+0x7f99e]  fwrite+0x1e
#
# Failed to write core dump. Core dumps have been disabled. To enable core dumping, try "ulimit -c unlimited" before starting Java again
#
# If you would like to submit a bug report, please visit:
#   http://bugreport.java.com/bugreport/crash.jsp
# The crash happened outside the Java Virtual Machine in native code.
# See problematic frame for where to report the bug.
#

---------------  T H R E A D  ---------------

Current thread (0x00007feb2014e800):  JavaThread "prism" [_thread_in_native, id=1454, stack(0x00007feb1037a000,0x00007feb1047b000)]

siginfo: si_signo: 11 (SIGSEGV), si_code: 1 (SEGV_MAPERR), si_addr: 0x0000000000000000

Registers:
RAX=0x0000000000000006, RBX=0x00007feb2014e9f8, RCX=0x0000000000000000, RDX=0x0000000000000006
RSP=0x00007feb10479460, RBP=0x0000000000000006, RSI=0x0000000000000001, RDI=0x00007feaf82186c0
R8 =0x000000000000000a, R9 =0x00007feaf82186c6, R10=0x0000000000000016, R11=0x00007feb280c7980
R12=0x00007feb10479548, R13=0x0000000000000000, R14=0x00007feb10479558, R15=0x00007feb2014e800
RIP=0x00007feb280c799e, EFLAGS=0x0000000000010206, CSGSFS=0x002b000000000033, ERR=0x0000000000000004
  TRAPNO=0x000000000000000e

Top of Stack: (sp=0x00007feb10479460)
0x00007feb10479460:   0000000000000000 00007feb2014e9f8
0x00007feb10479470:   00007feaf82186c0 00007feb10479548
0x00007feb10479480:   0000000000000000 00007feb10479558
0x00007feb10479490:   00007feb2014e800 00007feb10177f6f
0x00007feb104794a0:   0000000000000000 00007feb24d77b60
0x00007feb104794b0:   00007feb10479528 0000000000000000
0x00007feb104794c0:   00007feb24d77b60 00007feb11018667
0x00007feb104794d0:   00007feb10479528 00007feb110183c7
0x00007feb104794e0:   00007feb11018382 00007feb104794e8
0x00007feb104794f0:   00007feb24d77b60 00007feb10479558
0x00007feb10479500:   00007feb24d77dc8 0000000000000000
0x00007feb10479510:   00007feb24d77b60 0000000000000000
0x00007feb10479520:   00007feb10479548 00007feb104795a0
0x00007feb10479530:   00007feb110082bd 000000073b84c250
0x00007feb10479540:   00007feb11011d18 000000073c37ddc0
0x00007feb10479550:   0000000000000000 000000073b8483f0
0x00007feb10479560:   00007feb10479560 00007feb24d74dd5
0x00007feb10479570:   00007feb104795b8 00007feb24d75af0
0x00007feb10479580:   0000000000000000 00007feb24d74de0
0x00007feb10479590:   00007feb10479548 00007feb104795b0
0x00007feb104795a0:   00007feb10479600 00007feb110082bd
0x00007feb104795b0:   000000073c37ddc0 000000073b8483f0
0x00007feb104795c0:   00007feb104795c0 00007feb24d74ca2
0x00007feb104795d0:   00007feb10479618 00007feb24d75af0
0x00007feb104795e0:   0000000000000000 00007feb24d74cb0
0x00007feb104795f0:   00007feb104795b0 00007feb10479610
0x00007feb10479600:   00007feb10479660 00007feb110082bd
0x00007feb10479610:   000000073c37ddc0 000000073b8483f0
0x00007feb10479620:   00007feb10479620 00007feb24d8376b
0x00007feb10479630:   00007feb10479688 00007feb24daf028
0x00007feb10479640:   0000000000000000 00007feb24d838d0
0x00007feb10479650:   00007feb10479610 00007feb10479688 

Instructions: (pc=0x00007feb280c799e)
0x00007feb280c797e:   1f 00 41 57 41 56 41 55 41 54 55 48 89 f5 53 48
0x00007feb280c798e:   0f af ea 48 83 ec 08 48 85 ed 0f 84 41 01 00 00
0x00007feb280c799e:   8b 01 49 89 fe 49 89 f5 49 89 c8 25 00 80 00 00
0x00007feb280c79ae:   75 56 48 8b 99 88 00 00 00 64 4c 8b 24 25 10 00 

Register to memory mapping:

RAX=0x0000000000000006 is an unknown value
RBX=0x00007feb2014e9f8 is an unknown value
RCX=0x0000000000000000 is an unknown value
RDX=0x0000000000000006 is an unknown value
RSP=0x00007feb10479460 is pointing into the stack for thread: 0x00007feb2014e800
RBP=0x0000000000000006 is an unknown value
RSI=0x0000000000000001 is an unknown value
RDI=0x00007feaf82186c0 is an unknown value
R8 =0x000000000000000a is an unknown value
R9 =0x00007feaf82186c6 is an unknown value
R10=0x0000000000000016 is an unknown value
R11=0x00007feb280c7980: fwrite+0 in /lib/x86_64-linux-gnu/libc.so.6 at 0x00007feb28048000
R12=0x00007feb10479548 is pointing into the stack for thread: 0x00007feb2014e800
R13=0x0000000000000000 is an unknown value
R14=0x00007feb10479558 is pointing into the stack for thread: 0x00007feb2014e800
R15=0x00007feb2014e800 is a thread


Stack: [0x00007feb1037a000,0x00007feb1047b000],  sp=0x00007feb10479460,  free space=1021k
Native frames: (J=compiled Java code, j=interpreted, Vv=VM code, C=native code)
C  [libc.so.6+0x7f99e]  fwrite+0x1e

Java frames: (J=compiled Java code, j=interpreted, Vv=VM code)
j  prism.PrismNative.PN_PrintToFile(JLjava/lang/String;)V+0
j  prism.PrismFileLog.printToLog(Ljava/lang/String;)V+5
j  prism.PrismFileLog.print(Ljava/lang/String;)V+2
j  prism.Prism.initialise()V+51
j  checkers.Checker.startPrism()V+55
j  checkers.PrismThread.startPrism()V+40
j  checkers.PrismThread.run()V+16
j  java.lang.Thread.run()V+11
v  ~StubRoutines::call_stub

---------------  P R O C E S S  ---------------

Java Threads: ( => current thread )
  0x00007feaf8191800 JavaThread "Image Fetcher 0" daemon [_thread_blocked, id=1459, stack(0x00007feaf12f5000,0x00007feaf13f6000)]
  0x00007feaf8164800 JavaThread "AWT-EventQueue-0" [_thread_blocked, id=1458, stack(0x00007feaf15f6000,0x00007feaf16f7000)]
  0x00007feaf8162800 JavaThread "AWT-Shutdown" [_thread_blocked, id=1457, stack(0x00007feaf16f7000,0x00007feaf17f8000)]
  0x00007feaf812f000 JavaThread "AWT-XAWT" daemon [_thread_in_native, id=1456, stack(0x00007feaf19f8000,0x00007feaf1af9000)]
  0x00007feaf810d800 JavaThread "Java2D Disposer" daemon [_thread_blocked, id=1455, stack(0x00007feb10074000,0x00007feb10175000)]
=>0x00007feb2014e800 JavaThread "prism" [_thread_in_native, id=1454, stack(0x00007feb1037a000,0x00007feb1047b000)]
  0x00007feb200b6000 JavaThread "Service Thread" daemon [_thread_blocked, id=1452, stack(0x00007feb24007000,0x00007feb24108000)]
  0x00007feb200b3000 JavaThread "C1 CompilerThread1" daemon [_thread_blocked, id=1451, stack(0x00007feb24109000,0x00007feb24209000)]
  0x00007feb200b0800 JavaThread "C2 CompilerThread0" daemon [_thread_blocked, id=1449, stack(0x00007feb2420a000,0x00007feb2430a000)]
  0x00007feb200af000 JavaThread "Signal Dispatcher" daemon [_thread_blocked, id=1445, stack(0x00007feb2430a000,0x00007feb2440b000)]
  0x00007feb2007c000 JavaThread "Finalizer" daemon [_thread_blocked, id=1442, stack(0x00007feb2440b000,0x00007feb2450c000)]
  0x00007feb20079800 JavaThread "Reference Handler" daemon [_thread_blocked, id=1441, stack(0x00007feb2450c000,0x00007feb2460d000)]
  0x00007feb2000b000 JavaThread "main" [_thread_blocked, id=1431, stack(0x00007feb28b84000,0x00007feb28c84000)]

Other Threads:
  0x00007feb20070000 VMThread [stack: 0x00007feb2460e000,0x00007feb2470e000] [id=1435]
  0x00007feb200bb000 WatcherThread [stack: 0x00007feb10531000,0x00007feb10631000] [id=1453]

VM state:not at safepoint (normal execution)

VM Mutex/Monitor currently owned by a thread: None

Heap:
 def new generation   total 41152K, used 14680K [0x000000073b600000, 0x000000073e2a0000, 0x0000000767950000)
  eden space 36608K,  40% used [0x000000073b600000, 0x000000073c4561c8, 0x000000073d9c0000)
  from space 4544K,   0% used [0x000000073d9c0000, 0x000000073d9c0000, 0x000000073de30000)
  to   space 4544K,   0% used [0x000000073de30000, 0x000000073de30000, 0x000000073e2a0000)
 tenured generation   total 91520K, used 0K [0x0000000767950000, 0x000000076d2b0000, 0x00000007c0000000)
   the space 91520K,   0% used [0x0000000767950000, 0x0000000767950000, 0x0000000767950200, 0x000000076d2b0000)
 Metaspace       used 13733K, capacity 13986K, committed 14208K, reserved 1060864K
  class space    used 1742K, capacity 1816K, committed 1920K, reserved 1048576K

Card table byte_map: [0x00007feb25422000,0x00007feb25848000] byte_map_base: 0x00007feb21a47000

Polling page: 0x00007feb28c98000

CodeCache: size=245760Kb used=3341Kb max_used=3341Kb free=242418Kb
 bounds [0x00007feb11000000, 0x00007feb11350000, 0x00007feb20000000]
 total_blobs=1426 nmethods=908 adapters=431
 compilation: enabled

Compilation events (10 events):
Event: 1.223 Thread 0x00007feb200b3000  900       3       javax.swing.JComponent::setRequestFocusEnabled (16 bytes)
Event: 1.223 Thread 0x00007feb200b3000 nmethod 900 0x00007feb11341010 code [0x00007feb11341180, 0x00007feb11341410]
Event: 1.223 Thread 0x00007feb200b3000  901       3       java.awt.EventQueue::eventToCacheIndex (80 bytes)
Event: 1.223 Thread 0x00007feb200b3000 nmethod 901 0x00007feb11340910 code [0x00007feb11340aa0, 0x00007feb11340f70]
Event: 1.224 Thread 0x00007feb200b3000  902       3       javax.swing.plaf.metal.MetalScrollBarUI$ScrollBarListener::handlePropertyChange (163 bytes)
Event: 1.224 Thread 0x00007feb200b3000 nmethod 902 0x00007feb11342210 code [0x00007feb113423c0, 0x00007feb11342bd0]
Event: 1.225 Thread 0x00007feb200b3000  903       3       java.util.concurrent.atomic.AtomicBoolean::<init> (18 bytes)
Event: 1.225 Thread 0x00007feb200b3000 nmethod 903 0x00007feb113404d0 code [0x00007feb11340640, 0x00007feb11340850]
Event: 1.225 Thread 0x00007feb200b3000  904       3       javax.swing.text.SimpleAttributeSet::addAttribute (11 bytes)
Event: 1.225 Thread 0x00007feb200b3000 nmethod 904 0x00007feb113419d0 code [0x00007feb11341b60, 0x00007feb11342010]

GC Heap History (0 events):
No events

Deoptimization events (4 events):
Event: 0.887 Thread 0x00007feb2014e800 Uncommon trap: reason=bimorphic action=maybe_recompile pc=0x00007feb1127014c method=javax.swing.UIDefaults.getFromHashtable(Ljava/lang/Object;)Ljava/lang/Object; @ 126
Event: 0.893 Thread 0x00007feb2014e800 Uncommon trap: reason=bimorphic action=maybe_recompile pc=0x00007feb1127014c method=javax.swing.UIDefaults.getFromHashtable(Ljava/lang/Object;)Ljava/lang/Object; @ 126
Event: 0.894 Thread 0x00007feb2014e800 Uncommon trap: reason=bimorphic action=maybe_recompile pc=0x00007feb1127014c method=javax.swing.UIDefaults.getFromHashtable(Ljava/lang/Object;)Ljava/lang/Object; @ 126
Event: 0.895 Thread 0x00007feb2014e800 Uncommon trap: reason=bimorphic action=maybe_recompile pc=0x00007feb1127014c method=javax.swing.UIDefaults.getFromHashtable(Ljava/lang/Object;)Ljava/lang/Object; @ 126

Classes redefined (0 events):
No events

Internal exceptions (10 events):
Event: 0.043 Thread 0x00007feb2000b000 Exception <a 'java/lang/NoSuchMethodError': Method sun.misc.Unsafe.defineClass(Ljava/lang/String;[BII)Ljava/lang/Class; name or signature does not match> (0x000000073b607cb0) thrown at [/HUDSON/workspace/8-2-build-linux-amd64/jdk8u181/11358/hotspot/src/sh
Event: 0.043 Thread 0x00007feb2000b000 Exception <a 'java/lang/NoSuchMethodError': Method sun.misc.Unsafe.prefetchRead(Ljava/lang/Object;J)V name or signature does not match> (0x000000073b607f98) thrown at [/HUDSON/workspace/8-2-build-linux-amd64/jdk8u181/11358/hotspot/src/share/vm/prims/jni.c
Event: 0.149 Thread 0x00007feb2000b000 Exception <a 'java/security/PrivilegedActionException'> (0x000000073b681eb8) thrown at [/HUDSON/workspace/8-2-build-linux-amd64/jdk8u181/11358/hotspot/src/share/vm/prims/jvm.cpp, line 1435]
Event: 0.149 Thread 0x00007feb2000b000 Exception <a 'java/security/PrivilegedActionException'> (0x000000073b6820c8) thrown at [/HUDSON/workspace/8-2-build-linux-amd64/jdk8u181/11358/hotspot/src/share/vm/prims/jvm.cpp, line 1435]
Event: 0.159 Thread 0x00007feb2000b000 Exception <a 'java/security/PrivilegedActionException'> (0x000000073b6846b0) thrown at [/HUDSON/workspace/8-2-build-linux-amd64/jdk8u181/11358/hotspot/src/share/vm/prims/jvm.cpp, line 1435]
Event: 0.159 Thread 0x00007feb2000b000 Exception <a 'java/security/PrivilegedActionException'> (0x000000073b6848c0) thrown at [/HUDSON/workspace/8-2-build-linux-amd64/jdk8u181/11358/hotspot/src/share/vm/prims/jvm.cpp, line 1435]
Event: 0.491 Thread 0x00007feb2014e800 Exception <a 'java/lang/NoSuchFieldError': method resolution failed> (0x000000073ba57ad8) thrown at [/HUDSON/workspace/8-2-build-linux-amd64/jdk8u181/11358/hotspot/src/share/vm/prims/methodHandles.cpp, line 1167]
Event: 0.493 Thread 0x00007feb2014e800 Exception <a 'java/lang/NoSuchFieldError': method resolution failed> (0x000000073ba65248) thrown at [/HUDSON/workspace/8-2-build-linux-amd64/jdk8u181/11358/hotspot/src/share/vm/prims/methodHandles.cpp, line 1167]
Event: 0.538 Thread 0x00007feb2014e800 Exception <a 'java/io/FileNotFoundException'> (0x000000073bae4558) thrown at [/HUDSON/workspace/8-2-build-linux-amd64/jdk8u181/11358/hotspot/src/share/vm/prims/jni.cpp, line 709]
Event: 0.538 Thread 0x00007feb2014e800 Exception <a 'java/io/FileNotFoundException'> (0x000000073bae4ee8) thrown at [/HUDSON/workspace/8-2-build-linux-amd64/jdk8u181/11358/hotspot/src/share/vm/prims/jni.cpp, line 709]

Events (10 events):
Event: 1.062 loading class java/util/Collections$SynchronizedRandomAccessList done
Event: 1.062 loading class java/util/Vector$ListItr
Event: 1.062 loading class java/util/Vector$ListItr done
Event: 1.062 loading class javax/swing/plaf/basic/BasicDirectoryModel$DoChangeContents
Event: 1.062 loading class javax/swing/plaf/basic/BasicDirectoryModel$DoChangeContents done
Event: 1.064 Thread 0x00007feaf8217800 Thread exited: 0x00007feaf8217800
Event: 1.099 loading class prism/Prism$ModelSource
Event: 1.099 loading class prism/Prism$ModelSource done
Event: 1.200 Thread 0x00007feaf8217800 Thread added: 0x00007feaf8217800
Event: 1.215 Thread 0x00007feaf8217800 Thread exited: 0x00007feaf8217800


Dynamic libraries:
00400000-00401000 r-xp 00000000 08:01 299893                             /usr/lib/jvm/jdk1.8.0_181/bin/java
00600000-00601000 rw-p 00000000 08:01 299893                             /usr/lib/jvm/jdk1.8.0_181/bin/java
02149000-0216a000 rw-p 00000000 00:00 0                                  [heap]
73b600000-73e2a0000 rw-p 00000000 00:00 0 
73e2a0000-767950000 ---p 00000000 00:00 0 
767950000-76d2b0000 rw-p 00000000 00:00 0 
76d2b0000-7c0000000 ---p 00000000 00:00 0 
7c0000000-7c01e0000 rw-p 00000000 00:00 0 
7c01e0000-800000000 ---p 00000000 00:00 0 
7feaf0b4c000-7feaf0b4f000 ---p 00000000 00:00 0 
7feaf0b4f000-7feaf0c4d000 rw-p 00000000 00:00 0 
7feaf0c4d000-7feaf0cb7000 r-xp 00000000 08:01 423062                     /usr/lib/jvm/jdk1.8.0_181/jre/lib/amd64/libt2k.so
7feaf0cb7000-7feaf0eb6000 ---p 0006a000 08:01 423062                     /usr/lib/jvm/jdk1.8.0_181/jre/lib/amd64/libt2k.so
7feaf0eb6000-7feaf0ebd000 rw-p 00069000 08:01 423062                     /usr/lib/jvm/jdk1.8.0_181/jre/lib/amd64/libt2k.so
7feaf0ebd000-7feaf0ecd000 rw-p 00000000 00:00 0 
7feaf0ecd000-7feaf0ede000 r-xp 00000000 08:01 423099                     /usr/lib/jvm/jdk1.8.0_181/jre/lib/amd64/libnio.so
7feaf0ede000-7feaf10dd000 ---p 00011000 08:01 423099                     /usr/lib/jvm/jdk1.8.0_181/jre/lib/amd64/libnio.so
7feaf10dd000-7feaf10de000 rw-p 00010000 08:01 423099                     /usr/lib/jvm/jdk1.8.0_181/jre/lib/amd64/libnio.so
7feaf10de000-7feaf10f4000 r-xp 00000000 08:01 423096                     /usr/lib/jvm/jdk1.8.0_181/jre/lib/amd64/libnet.so
7feaf10f4000-7feaf12f4000 ---p 00016000 08:01 423096                     /usr/lib/jvm/jdk1.8.0_181/jre/lib/amd64/libnet.so
7feaf12f4000-7feaf12f5000 rw-p 00016000 08:01 423096                     /usr/lib/jvm/jdk1.8.0_181/jre/lib/amd64/libnet.so
7feaf12f5000-7feaf12f8000 ---p 00000000 00:00 0 
7feaf12f8000-7feaf15f6000 rw-p 00000000 00:00 0 
7feaf15f6000-7feaf15f9000 ---p 00000000 00:00 0 
7feaf15f9000-7feaf16f7000 rw-p 00000000 00:00 0 
7feaf16f7000-7feaf16fa000 ---p 00000000 00:00 0 
7feaf16fa000-7feaf19f8000 rw-p 00000000 00:00 0 
7feaf19f8000-7feaf19fb000 ---p 00000000 00:00 0 
7feaf19fb000-7feaf1af9000 rw-p 00000000 00:00 0 
7feaf1af9000-7feaf1afe000 r-xp 00000000 08:01 12304                      /usr/lib/x86_64-linux-gnu/libXfixes.so.3.1.0
7feaf1afe000-7feaf1cfd000 ---p 00005000 08:01 12304                      /usr/lib/x86_64-linux-gnu/libXfixes.so.3.1.0
7feaf1cfd000-7feaf1cfe000 r--p 00004000 08:01 12304                      /usr/lib/x86_64-linux-gnu/libXfixes.so.3.1.0
7feaf1cfe000-7feaf1cff000 rw-p 00005000 08:01 12304                      /usr/lib/x86_64-linux-gnu/libXfixes.so.3.1.0
7feaf1cff000-7feaf1d08000 r-xp 00000000 08:01 12296                      /usr/lib/x86_64-linux-gnu/libXcursor.so.1.0.2
7feaf1d08000-7feaf1f07000 ---p 00009000 08:01 12296                      /usr/lib/x86_64-linux-gnu/libXcursor.so.1.0.2
7feaf1f07000-7feaf1f08000 r--p 00008000 08:01 12296                      /usr/lib/x86_64-linux-gnu/libXcursor.so.1.0.2
7feaf1f08000-7feaf1f09000 rw-p 00009000 08:01 12296                      /usr/lib/x86_64-linux-gnu/libXcursor.so.1.0.2
7feaf1f09000-7feaf1f6e000 r-xp 00000000 08:01 423076                     /usr/lib/jvm/jdk1.8.0_181/jre/lib/amd64/libfontmanager.so
7feaf1f6e000-7feaf216d000 ---p 00065000 08:01 423076                     /usr/lib/jvm/jdk1.8.0_181/jre/lib/amd64/libfontmanager.so
7feaf216d000-7feaf2172000 rw-p 00064000 08:01 423076                     /usr/lib/jvm/jdk1.8.0_181/jre/lib/amd64/libfontmanager.so
7feaf2172000-7feaf2182000 rw-p 00000000 00:00 0 
7feaf2182000-7feaf2195000 r-xp 00000000 08:01 268771                     /lib/x86_64-linux-gnu/libbsd.so.0.8.7
7feaf2195000-7feaf2394000 ---p 00013000 08:01 268771                     /lib/x86_64-linux-gnu/libbsd.so.0.8.7
7feaf2394000-7feaf2395000 r--p 00012000 08:01 268771                     /lib/x86_64-linux-gnu/libbsd.so.0.8.7
7feaf2395000-7feaf2396000 rw-p 00013000 08:01 268771                     /lib/x86_64-linux-gnu/libbsd.so.0.8.7
7feaf2396000-7feaf2397000 rw-p 00000000 00:00 0 
7feaf2397000-7feaf239c000 r-xp 00000000 08:01 12300                      /usr/lib/x86_64-linux-gnu/libXdmcp.so.6.0.0
7feaf239c000-7feaf259b000 ---p 00005000 08:01 12300                      /usr/lib/x86_64-linux-gnu/libXdmcp.so.6.0.0
7feaf259b000-7feaf259c000 r--p 00004000 08:01 12300                      /usr/lib/x86_64-linux-gnu/libXdmcp.so.6.0.0
7feaf259c000-7feaf259d000 rw-p 00005000 08:01 12300                      /usr/lib/x86_64-linux-gnu/libXdmcp.so.6.0.0
7feaf259d000-7feaf259f000 r-xp 00000000 08:01 12289                      /usr/lib/x86_64-linux-gnu/libXau.so.6.0.0
7feaf259f000-7feaf279f000 ---p 00002000 08:01 12289                      /usr/lib/x86_64-linux-gnu/libXau.so.6.0.0
7feaf279f000-7feaf27a0000 r--p 00002000 08:01 12289                      /usr/lib/x86_64-linux-gnu/libXau.so.6.0.0
7feaf27a0000-7feaf27a1000 rw-p 00003000 08:01 12289                      /usr/lib/x86_64-linux-gnu/libXau.so.6.0.0
7feaf27a1000-7feaf27c7000 r-xp 00000000 08:01 13496                      /usr/lib/x86_64-linux-gnu/libxcb.so.1.1.0
7feaf27c7000-7feaf29c7000 ---p 00026000 08:01 13496                      /usr/lib/x86_64-linux-gnu/libxcb.so.1.1.0
7feaf29c7000-7feaf29c8000 r--p 00026000 08:01 13496                      /usr/lib/x86_64-linux-gnu/libxcb.so.1.1.0
7feaf29c8000-7feaf29c9000 rw-p 00027000 08:01 13496                      /usr/lib/x86_64-linux-gnu/libxcb.so.1.1.0
7feaf29c9000-7feaf29d8000 r-xp 00000000 08:01 12310                      /usr/lib/x86_64-linux-gnu/libXi.so.6.1.0
7feaf29d8000-7feaf2bd7000 ---p 0000f000 08:01 12310                      /usr/lib/x86_64-linux-gnu/libXi.so.6.1.0
7feaf2bd7000-7feaf2bd8000 r--p 0000e000 08:01 12310                      /usr/lib/x86_64-linux-gnu/libXi.so.6.1.0
7feaf2bd8000-7feaf2bd9000 rw-p 0000f000 08:01 12310                      /usr/lib/x86_64-linux-gnu/libXi.so.6.1.0
7feaf2bd9000-7feaf2bde000 r-xp 00000000 08:01 12328                      /usr/lib/x86_64-linux-gnu/libXtst.so.6.1.0
7feaf2bde000-7feaf2ddd000 ---p 00005000 08:01 12328                      /usr/lib/x86_64-linux-gnu/libXtst.so.6.1.0
7feaf2ddd000-7feaf2dde000 r--p 00004000 08:01 12328                      /usr/lib/x86_64-linux-gnu/libXtst.so.6.1.0
7feaf2dde000-7feaf2ddf000 rw-p 00005000 08:01 12328                      /usr/lib/x86_64-linux-gnu/libXtst.so.6.1.0
7feaf2ddf000-7feaf2de8000 r-xp 00000000 08:01 12322                      /usr/lib/x86_64-linux-gnu/libXrender.so.1.3.0
7feaf2de8000-7feaf2fe7000 ---p 00009000 08:01 12322                      /usr/lib/x86_64-linux-gnu/libXrender.so.1.3.0
7feaf2fe7000-7feaf2fe8000 r--p 00008000 08:01 12322                      /usr/lib/x86_64-linux-gnu/libXrender.so.1.3.0
7feaf2fe8000-7feaf2fe9000 rw-p 00009000 08:01 12322                      /usr/lib/x86_64-linux-gnu/libXrender.so.1.3.0
7feaf2fe9000-7feaf311d000 r-xp 00000000 08:01 12285                      /usr/lib/x86_64-linux-gnu/libX11.so.6.3.0
7feaf311d000-7feaf331d000 ---p 00134000 08:01 12285                      /usr/lib/x86_64-linux-gnu/libX11.so.6.3.0
7feaf331d000-7feaf331e000 r--p 00134000 08:01 12285                      /usr/lib/x86_64-linux-gnu/libX11.so.6.3.0
7feaf331e000-7feaf3322000 rw-p 00135000 08:01 12285                      /usr/lib/x86_64-linux-gnu/libX11.so.6.3.0
7feaf3322000-7feaf3333000 r-xp 00000000 08:01 12302                      /usr/lib/x86_64-linux-gnu/libXext.so.6.4.0
7feaf3333000-7feaf3532000 ---p 00011000 08:01 12302                      /usr/lib/x86_64-linux-gnu/libXext.so.6.4.0
7feaf3532000-7feaf3533000 r--p 00010000 08:01 12302                      /usr/lib/x86_64-linux-gnu/libXext.so.6.4.0
7feaf3533000-7feaf3534000 rw-p 00011000 08:01 12302                      /usr/lib/x86_64-linux-gnu/libXext.so.6.4.0
7feaf3534000-7feaf3588000 r-xp 00000000 08:01 423103                     /usr/lib/jvm/jdk1.8.0_181/jre/lib/amd64/libawt_xawt.so
7feaf3588000-7feaf3788000 ---p 00054000 08:01 423103                     /usr/lib/jvm/jdk1.8.0_181/jre/lib/amd64/libawt_xawt.so
7feaf3788000-7feaf378c000 rw-p 00054000 08:01 423103                     /usr/lib/jvm/jdk1.8.0_181/jre/lib/amd64/libawt_xawt.so
7feaf378c000-7feaf378d000 rw-p 00000000 00:00 0 
7feaf378d000-7feaf382f000 r-xp 00000000 08:01 423089                     /usr/lib/jvm/jdk1.8.0_181/jre/lib/amd64/libawt.so
7feaf382f000-7feaf3a2f000 ---p 000a2000 08:01 423089                     /usr/lib/jvm/jdk1.8.0_181/jre/lib/amd64/libawt.so
7feaf3a2f000-7feaf3a3b000 rw-p 000a2000 08:01 423089                     /usr/lib/jvm/jdk1.8.0_181/jre/lib/amd64/libawt.so
7feaf3a3b000-7feaf3a5f000 rw-p 00000000 00:00 0 
7feaf3a5f000-7feaf3a76000 r-xp 00000000 08:01 292491                     /lib/x86_64-linux-gnu/libgcc_s.so.1
7feaf3a76000-7feaf3c75000 ---p 00017000 08:01 292491                     /lib/x86_64-linux-gnu/libgcc_s.so.1
7feaf3c75000-7feaf3c76000 r--p 00016000 08:01 292491                     /lib/x86_64-linux-gnu/libgcc_s.so.1
7feaf3c76000-7feaf3c77000 rw-p 00017000 08:01 292491                     /lib/x86_64-linux-gnu/libgcc_s.so.1
7feaf3c77000-7feaf3df0000 r-xp 00000000 08:01 2222                       /usr/lib/x86_64-linux-gnu/libstdc++.so.6.0.25
7feaf3df0000-7feaf3ff0000 ---p 00179000 08:01 2222                       /usr/lib/x86_64-linux-gnu/libstdc++.so.6.0.25
7feaf3ff0000-7feaf3ffa000 r--p 00179000 08:01 2222                       /usr/lib/x86_64-linux-gnu/libstdc++.so.6.0.25
7feaf3ffa000-7feaf3ffc000 rw-p 00183000 08:01 2222                       /usr/lib/x86_64-linux-gnu/libstdc++.so.6.0.25
7feaf3ffc000-7feaf4000000 rw-p 00000000 00:00 0 
7feaf4000000-7feaf43ac000 rw-p 00000000 00:00 0 
7feaf43ac000-7feaf8000000 ---p 00000000 00:00 0 
7feaf8000000-7feaf82e5000 rw-p 00000000 00:00 0 
7feaf82e5000-7feafc000000 ---p 00000000 00:00 0 
7feafc000000-7feafc021000 rw-p 00000000 00:00 0 
7feafc021000-7feb00000000 ---p 00000000 00:00 0 
7feb00000000-7feb000ff000 rw-p 00000000 00:00 0 
7feb000ff000-7feb04000000 ---p 00000000 00:00 0 
7feb04000000-7feb0402c000 rw-p 00000000 00:00 0 
7feb0402c000-7feb08000000 ---p 00000000 00:00 0 
7feb08000000-7feb08021000 rw-p 00000000 00:00 0 
7feb08021000-7feb0c000000 ---p 00000000 00:00 0 
7feb0c000000-7feb0c021000 rw-p 00000000 00:00 0 
7feb0c021000-7feb10000000 ---p 00000000 00:00 0 
7feb10061000-7feb10074000 r--s 00345000 08:01 423003                     /usr/lib/jvm/jdk1.8.0_181/jre/lib/resources.jar
7feb10074000-7feb10077000 ---p 00000000 00:00 0 
7feb10077000-7feb10175000 rw-p 00000000 00:00 0 
7feb10175000-7feb10179000 r-xp 00000000 08:01 1200040                    /home/new/Documents/git/checker2/Rover/prism-library/prism/lib/libprism.so
7feb10179000-7feb10378000 ---p 00004000 08:01 1200040                    /home/new/Documents/git/checker2/Rover/prism-library/prism/lib/libprism.so
7feb10378000-7feb10379000 r--p 00003000 08:01 1200040                    /home/new/Documents/git/checker2/Rover/prism-library/prism/lib/libprism.so
7feb10379000-7feb1037a000 rw-p 00004000 08:01 1200040                    /home/new/Documents/git/checker2/Rover/prism-library/prism/lib/libprism.so
7feb1037a000-7feb1037d000 ---p 00000000 00:00 0 
7feb1037d000-7feb1047b000 rw-p 00000000 00:00 0 
7feb1047b000-7feb10510000 r--s 01109000 08:01 555531                     /usr/lib/jvm/jdk1.8.0_121/jre/lib/ext/jfxrt.jar
7feb10510000-7feb10530000 r--s 0027a000 08:01 1200044                    /home/new/Documents/git/checker2/Rover/prism-library/prism/lib/prism.jar
7feb10530000-7feb10531000 ---p 00000000 00:00 0 
7feb10531000-7feb10631000 rw-p 00000000 00:00 0 
7feb10631000-7feb11000000 r--p 00000000 08:01 6873                       /usr/lib/locale/locale-archive
7feb11000000-7feb11350000 rwxp 00000000 00:00 0 
7feb11350000-7feb20000000 ---p 00000000 00:00 0 
7feb20000000-7feb20167000 rw-p 00000000 00:00 0 
7feb20167000-7feb24000000 ---p 00000000 00:00 0 
7feb24007000-7feb2400a000 ---p 00000000 00:00 0 
7feb2400a000-7feb24108000 rw-p 00000000 00:00 0 
7feb24108000-7feb24109000 ---p 00000000 00:00 0 
7feb24109000-7feb2410c000 ---p 00000000 00:00 0 
7feb2410c000-7feb24209000 rw-p 00000000 00:00 0 
7feb24209000-7feb2420a000 ---p 00000000 00:00 0 
7feb2420a000-7feb2420d000 ---p 00000000 00:00 0 
7feb2420d000-7feb2430a000 rw-p 00000000 00:00 0 
7feb2430a000-7feb2430d000 ---p 00000000 00:00 0 
7feb2430d000-7feb2440b000 rw-p 00000000 00:00 0 
7feb2440b000-7feb2440e000 ---p 00000000 00:00 0 
7feb2440e000-7feb2450c000 rw-p 00000000 00:00 0 
7feb2450c000-7feb2450f000 ---p 00000000 00:00 0 
7feb2450f000-7feb2460d000 rw-p 00000000 00:00 0 
7feb2460d000-7feb2460e000 ---p 00000000 00:00 0 
7feb2460e000-7feb2470e000 rw-p 00000000 00:00 0 
7feb2470e000-7feb248e8000 r--s 03d6b000 08:01 422965                     /usr/lib/jvm/jdk1.8.0_181/jre/lib/rt.jar
7feb248e8000-7feb2518b000 rw-p 00000000 00:00 0 
7feb2518b000-7feb25422000 ---p 00000000 00:00 0 
7feb25422000-7feb25439000 rw-p 00000000 00:00 0 
7feb25439000-7feb25583000 ---p 00000000 00:00 0 
7feb25583000-7feb255b1000 rw-p 00000000 00:00 0 
7feb255b1000-7feb25847000 ---p 00000000 00:00 0 
7feb25847000-7feb25856000 rw-p 00000000 00:00 0 
7feb25856000-7feb25c08000 ---p 00000000 00:00 0 
7feb25c08000-7feb25c23000 r-xp 00000000 08:01 423092                     /usr/lib/jvm/jdk1.8.0_181/jre/lib/amd64/libzip.so
7feb25c23000-7feb25e23000 ---p 0001b000 08:01 423092                     /usr/lib/jvm/jdk1.8.0_181/jre/lib/amd64/libzip.so
7feb25e23000-7feb25e24000 rw-p 0001b000 08:01 423092                     /usr/lib/jvm/jdk1.8.0_181/jre/lib/amd64/libzip.so
7feb25e24000-7feb25e2f000 r-xp 00000000 08:01 293372                     /lib/x86_64-linux-gnu/libnss_files-2.27.so
7feb25e2f000-7feb2602e000 ---p 0000b000 08:01 293372                     /lib/x86_64-linux-gnu/libnss_files-2.27.so
7feb2602e000-7feb2602f000 r--p 0000a000 08:01 293372                     /lib/x86_64-linux-gnu/libnss_files-2.27.so
7feb2602f000-7feb26030000 rw-p 0000b000 08:01 293372                     /lib/x86_64-linux-gnu/libnss_files-2.27.so
7feb26030000-7feb26036000 rw-p 00000000 00:00 0 
7feb26036000-7feb2604d000 r-xp 00000000 08:01 293367                     /lib/x86_64-linux-gnu/libnsl-2.27.so
7feb2604d000-7feb2624c000 ---p 00017000 08:01 293367                     /lib/x86_64-linux-gnu/libnsl-2.27.so
7feb2624c000-7feb2624d000 r--p 00016000 08:01 293367                     /lib/x86_64-linux-gnu/libnsl-2.27.so
7feb2624d000-7feb2624e000 rw-p 00017000 08:01 293367                     /lib/x86_64-linux-gnu/libnsl-2.27.so
7feb2624e000-7feb26250000 rw-p 00000000 00:00 0 
7feb26250000-7feb2625b000 r-xp 00000000 08:01 293374                     /lib/x86_64-linux-gnu/libnss_nis-2.27.so
7feb2625b000-7feb2645a000 ---p 0000b000 08:01 293374                     /lib/x86_64-linux-gnu/libnss_nis-2.27.so
7feb2645a000-7feb2645b000 r--p 0000a000 08:01 293374                     /lib/x86_64-linux-gnu/libnss_nis-2.27.so
7feb2645b000-7feb2645c000 rw-p 0000b000 08:01 293374                     /lib/x86_64-linux-gnu/libnss_nis-2.27.so
7feb2645c000-7feb26464000 r-xp 00000000 08:01 293370                     /lib/x86_64-linux-gnu/libnss_compat-2.27.so
7feb26464000-7feb26664000 ---p 00008000 08:01 293370                     /lib/x86_64-linux-gnu/libnss_compat-2.27.so
7feb26664000-7feb26665000 r--p 00008000 08:01 293370                     /lib/x86_64-linux-gnu/libnss_compat-2.27.so
7feb26665000-7feb26666000 rw-p 00009000 08:01 293370                     /lib/x86_64-linux-gnu/libnss_compat-2.27.so
7feb26666000-7feb26691000 r-xp 00000000 08:01 423086                     /usr/lib/jvm/jdk1.8.0_181/jre/lib/amd64/libjava.so
7feb26691000-7feb26890000 ---p 0002b000 08:01 423086                     /usr/lib/jvm/jdk1.8.0_181/jre/lib/amd64/libjava.so
7feb26890000-7feb26892000 rw-p 0002a000 08:01 423086                     /usr/lib/jvm/jdk1.8.0_181/jre/lib/amd64/libjava.so
7feb26892000-7feb2689f000 r-xp 00000000 08:01 423091                     /usr/lib/jvm/jdk1.8.0_181/jre/lib/amd64/libverify.so
7feb2689f000-7feb26a9f000 ---p 0000d000 08:01 423091                     /usr/lib/jvm/jdk1.8.0_181/jre/lib/amd64/libverify.so
7feb26a9f000-7feb26aa1000 rw-p 0000d000 08:01 423091                     /usr/lib/jvm/jdk1.8.0_181/jre/lib/amd64/libverify.so
7feb26aa1000-7feb26aa8000 r-xp 00000000 08:01 293659                     /lib/x86_64-linux-gnu/librt-2.27.so
7feb26aa8000-7feb26ca7000 ---p 00007000 08:01 293659                     /lib/x86_64-linux-gnu/librt-2.27.so
7feb26ca7000-7feb26ca8000 r--p 00006000 08:01 293659                     /lib/x86_64-linux-gnu/librt-2.27.so
7feb26ca8000-7feb26ca9000 rw-p 00007000 08:01 293659                     /lib/x86_64-linux-gnu/librt-2.27.so
7feb26ca9000-7feb26e46000 r-xp 00000000 08:01 293364                     /lib/x86_64-linux-gnu/libm-2.27.so
7feb26e46000-7feb27045000 ---p 0019d000 08:01 293364                     /lib/x86_64-linux-gnu/libm-2.27.so
7feb27045000-7feb27046000 r--p 0019c000 08:01 293364                     /lib/x86_64-linux-gnu/libm-2.27.so
7feb27046000-7feb27047000 rw-p 0019d000 08:01 293364                     /lib/x86_64-linux-gnu/libm-2.27.so
7feb27047000-7feb27d23000 r-xp 00000000 08:01 529445                     /usr/lib/jvm/jdk1.8.0_181/jre/lib/amd64/server/libjvm.so
7feb27d23000-7feb27f23000 ---p 00cdc000 08:01 529445                     /usr/lib/jvm/jdk1.8.0_181/jre/lib/amd64/server/libjvm.so
7feb27f23000-7feb27ffd000 rw-p 00cdc000 08:01 529445                     /usr/lib/jvm/jdk1.8.0_181/jre/lib/amd64/server/libjvm.so
7feb27ffd000-7feb28048000 rw-p 00000000 00:00 0 
7feb28048000-7feb2822f000 r-xp 00000000 08:01 293344                     /lib/x86_64-linux-gnu/libc-2.27.so
7feb2822f000-7feb2842f000 ---p 001e7000 08:01 293344                     /lib/x86_64-linux-gnu/libc-2.27.so
7feb2842f000-7feb28433000 r--p 001e7000 08:01 293344                     /lib/x86_64-linux-gnu/libc-2.27.so
7feb28433000-7feb28435000 rw-p 001eb000 08:01 293344                     /lib/x86_64-linux-gnu/libc-2.27.so
7feb28435000-7feb28439000 rw-p 00000000 00:00 0 
7feb28439000-7feb2843c000 r-xp 00000000 08:01 293363                     /lib/x86_64-linux-gnu/libdl-2.27.so
7feb2843c000-7feb2863b000 ---p 00003000 08:01 293363                     /lib/x86_64-linux-gnu/libdl-2.27.so
7feb2863b000-7feb2863c000 r--p 00002000 08:01 293363                     /lib/x86_64-linux-gnu/libdl-2.27.so
7feb2863c000-7feb2863d000 rw-p 00003000 08:01 293363                     /lib/x86_64-linux-gnu/libdl-2.27.so
7feb2863d000-7feb28653000 r-xp 00000000 08:01 300951                     /usr/lib/jvm/jdk1.8.0_181/lib/amd64/jli/libjli.so
7feb28653000-7feb28852000 ---p 00016000 08:01 300951                     /usr/lib/jvm/jdk1.8.0_181/lib/amd64/jli/libjli.so
7feb28852000-7feb28853000 rw-p 00015000 08:01 300951                     /usr/lib/jvm/jdk1.8.0_181/lib/amd64/jli/libjli.so
7feb28853000-7feb2886d000 r-xp 00000000 08:01 293377                     /lib/x86_64-linux-gnu/libpthread-2.27.so
7feb2886d000-7feb28a6c000 ---p 0001a000 08:01 293377                     /lib/x86_64-linux-gnu/libpthread-2.27.so
7feb28a6c000-7feb28a6d000 r--p 00019000 08:01 293377                     /lib/x86_64-linux-gnu/libpthread-2.27.so
7feb28a6d000-7feb28a6e000 rw-p 0001a000 08:01 293377                     /lib/x86_64-linux-gnu/libpthread-2.27.so
7feb28a6e000-7feb28a72000 rw-p 00000000 00:00 0 
7feb28a72000-7feb28a9b000 r-xp 00000000 08:01 293340                     /lib/x86_64-linux-gnu/ld-2.27.so
7feb28aa4000-7feb28ab1000 r--s 00077000 08:01 1200046                    /home/new/Documents/git/checker2/Rover/prism-library/prism/lib/colt.jar
7feb28ab1000-7feb28b83000 rw-p 00000000 00:00 0 
7feb28b83000-7feb28b84000 ---p 00000000 00:00 0 
7feb28b84000-7feb28b87000 ---p 00000000 00:00 0 
7feb28b87000-7feb28c86000 rw-p 00000000 00:00 0 
7feb28c86000-7feb28c88000 r--s 00007000 08:01 423114                     /usr/lib/jvm/jdk1.8.0_181/jre/lib/jfxswt.jar
7feb28c88000-7feb28c8b000 r--s 00015000 08:01 1200054                    /home/new/Documents/git/checker2/Rover/prism-library/prism/lib/pepa.zip
7feb28c8b000-7feb28c8f000 r--s 0003d000 08:01 1200051                    /home/new/Documents/git/checker2/Rover/prism-library/prism/lib/jhoafparser.jar
7feb28c8f000-7feb28c97000 rw-s 00000000 08:01 942891                     /tmp/hsperfdata_new/1428
7feb28c97000-7feb28c98000 rw-p 00000000 00:00 0 
7feb28c98000-7feb28c99000 r--p 00000000 00:00 0 
7feb28c99000-7feb28c9b000 rw-p 00000000 00:00 0 
7feb28c9b000-7feb28c9c000 r--p 00029000 08:01 293340                     /lib/x86_64-linux-gnu/ld-2.27.so
7feb28c9c000-7feb28c9d000 rw-p 0002a000 08:01 293340                     /lib/x86_64-linux-gnu/ld-2.27.so
7feb28c9d000-7feb28c9e000 rw-p 00000000 00:00 0 
7fff9f870000-7fff9f891000 rw-p 00000000 00:00 0                          [stack]
7fff9f8c7000-7fff9f8ca000 r--p 00000000 00:00 0                          [vvar]
7fff9f8ca000-7fff9f8cc000 r-xp 00000000 00:00 0                          [vdso]
ffffffffff600000-ffffffffff601000 r-xp 00000000 00:00 0                  [vsyscall]

VM Arguments:
jvm_args: -Djava.library.path=prism-library/prism/lib/ -Dfile.encoding=UTF-8 
java_command: aCheck.CheckingDriver 121
java_class_path (initial): ./bin:prism-library/prism/lib/colt.jar:prism-library/prism/lib/jhoafparser.jar:prism-library/prism/lib/pepa.zip:prism-library/prism/lib/prism.jar:/usr/lib/jvm/jdk1.8.0_181/jre/lib/jfxswt.jar:/usr/lib/jvm/jdk1.8.0_121/jre/lib/ext/jfxrt.jar
Launcher Type: SUN_STANDARD

Environment Variables:
PATH=/usr/local/sbin:/usr/local/bin:/usr/sbin:/usr/bin:/sbin:/bin:/usr/games:/usr/local/games:/snap/bin
USERNAME=new
LD_LIBRARY_PATH=:/opt/resouces/prism-library/prism/lib/:prism-library/prism/lib/
SHELL=/bin/bash
DISPLAY=:0

Signal Handlers:
SIGSEGV: [libjvm.so+0xad2a40], sa_mask[0]=11111111011111111101111111111110, sa_flags=SA_RESTART|SA_SIGINFO
SIGBUS: [libjvm.so+0xad2a40], sa_mask[0]=11111111011111111101111111111110, sa_flags=SA_RESTART|SA_SIGINFO
SIGFPE: [libjvm.so+0x92a610], sa_mask[0]=11111111011111111101111111111110, sa_flags=SA_RESTART|SA_SIGINFO
SIGPIPE: [libjvm.so+0x92a610], sa_mask[0]=11111111011111111101111111111110, sa_flags=SA_RESTART|SA_SIGINFO
SIGXFSZ: [libjvm.so+0x92a610], sa_mask[0]=11111111011111111101111111111110, sa_flags=SA_RESTART|SA_SIGINFO
SIGILL: [libjvm.so+0x92a610], sa_mask[0]=11111111011111111101111111111110, sa_flags=SA_RESTART|SA_SIGINFO
SIGUSR1: SIG_DFL, sa_mask[0]=00000000000000000000000000000000, sa_flags=none
SIGUSR2: [libjvm.so+0x92be70], sa_mask[0]=00000000000000000000000000000000, sa_flags=SA_RESTART|SA_SIGINFO
SIGHUP: [libjvm.so+0x92d270], sa_mask[0]=11111111011111111101111111111110, sa_flags=SA_RESTART|SA_SIGINFO
SIGINT: [libjvm.so+0x92d270], sa_mask[0]=11111111011111111101111111111110, sa_flags=SA_RESTART|SA_SIGINFO
SIGTERM: [libjvm.so+0x92d270], sa_mask[0]=11111111011111111101111111111110, sa_flags=SA_RESTART|SA_SIGINFO
SIGQUIT: [libjvm.so+0x92d270], sa_mask[0]=11111111011111111101111111111110, sa_flags=SA_RESTART|SA_SIGINFO


---------------  S Y S T E M  ---------------

OS:DISTRIB_ID=Ubuntu
DISTRIB_RELEASE=18.04
DISTRIB_CODENAME=bionic
DISTRIB_DESCRIPTION="Ubuntu 18.04.1 LTS"

uname:Linux 4.15.0-29-generic #31-Ubuntu SMP Tue Jul 17 15:39:52 UTC 2018 x86_64
libc:glibc 2.27 NPTL 2.27 
rlimit: STACK 8192k, CORE 0k, NPROC 33692, NOFILE 4096, AS infinity
load average:0.86 0.65 0.57

/proc/meminfo:
MemTotal:        8684596 kB
MemFree:         1771436 kB
MemAvailable:    4919136 kB
Buffers:          392600 kB
Cached:          2939708 kB
SwapCached:            0 kB
Active:          5037256 kB
Inactive:        1448516 kB
Active(anon):    3149660 kB
Inactive(anon):   109372 kB
Active(file):    1887596 kB
Inactive(file):  1339144 kB
Unevictable:          80 kB
Mlocked:              80 kB
SwapTotal:        581564 kB
SwapFree:         581564 kB
Dirty:               104 kB
Writeback:             0 kB
AnonPages:       3153516 kB
Mapped:           832024 kB
Shmem:            110976 kB
Slab:             277572 kB
SReclaimable:     226908 kB
SUnreclaim:        50664 kB
KernelStack:       15024 kB
PageTables:        65364 kB
NFS_Unstable:          0 kB
Bounce:                0 kB
WritebackTmp:          0 kB
CommitLimit:     4923860 kB
Committed_AS:   10017960 kB
VmallocTotal:   34359738367 kB
VmallocUsed:           0 kB
VmallocChunk:          0 kB
HardwareCorrupted:     0 kB
AnonHugePages:         0 kB
ShmemHugePages:        0 kB
ShmemPmdMapped:        0 kB
CmaTotal:              0 kB
CmaFree:               0 kB
HugePages_Total:       0
HugePages_Free:        0
HugePages_Rsvd:        0
HugePages_Surp:        0
Hugepagesize:       2048 kB
DirectMap4k:      190400 kB
DirectMap2M:     8722432 kB


CPU:total 1 (initial active 1) (1 cores per cpu, 1 threads per core) family 6 model 158 stepping 9, cmov, cx8, fxsr, mmx, sse, sse2, sse3, ssse3, sse4.1, sse4.2, popcnt, avx, avx2, aes, clmul, 3dnowpref, lzcnt, tsc, tscinvbit

/proc/cpuinfo:
processor	: 0
vendor_id	: GenuineIntel
cpu family	: 6
model		: 158
model name	: Intel(R) Core(TM) i7-7700HQ CPU @ 2.80GHz
stepping	: 9
cpu MHz		: 2807.998
cache size	: 6144 KB
physical id	: 0
siblings	: 1
core id		: 0
cpu cores	: 1
apicid		: 0
initial apicid	: 0
fpu		: yes
fpu_exception	: yes
cpuid level	: 22
wp		: yes
flags		: fpu vme de pse tsc msr pae mce cx8 apic sep mtrr pge mca cmov pat pse36 clflush mmx fxsr sse sse2 ht syscall nx rdtscp lm constant_tsc rep_good nopl xtopology nonstop_tsc cpuid pni pclmulqdq monitor ssse3 cx16 pcid sse4_1 sse4_2 x2apic movbe popcnt aes xsave avx rdrand hypervisor lahf_lm abm 3dnowprefetch invpcid_single pti fsgsbase avx2 invpcid rdseed clflushopt
bugs		: cpu_meltdown spectre_v1 spectre_v2 spec_store_bypass
bogomips	: 5615.99
clflush size	: 64
cache_alignment	: 64
address sizes	: 39 bits physical, 48 bits virtual
power management:



Memory: 4k page, physical 8684596k(1771436k free), swap 581564k(581564k free)

vm_info: Java HotSpot(TM) 64-Bit Server VM (25.181-b13) for linux-amd64 JRE (1.8.0_181-b13), built on Jul  7 2018 00:56:38 by "java_re" with gcc 4.3.0 20080428 (Red Hat 4.3.0-8)

time: Tue Mar 22 17:01:11 2022
elapsed time: 1 seconds (0d 0h 0m 1s)

