#
# A fatal error has been detected by the Java Runtime Environment:
#
#  SIGSEGV (0xb) at pc=0x00007f4b7356a99e, pid=24416, tid=0x00007f4b57630700
#
# JRE version: Java(TM) SE Runtime Environment (8.0_181-b13) (build 1.8.0_181-b13)
# Java VM: Java HotSpot(TM) 64-Bit Server VM (25.181-b13 mixed mode linux-amd64 compressed oops)
# Problematic frame:
# C  [libc.so.6+0x7f99e]  fwrite+0x1e
#
# Failed to write core dump. Core dumps have been disabled. To enable core dumping, try "ulimit -c unlimited" before starting Java again
#
# If you would like to submit a bug report, please visit:
#   http://bugreport.java.com/bugreport/crash.jsp
# The crash happened outside the Java Virtual Machine in native code.
# See problematic frame for where to report the bug.
#

---------------  T H R E A D  ---------------

Current thread (0x00007f4b6c15f000):  JavaThread "prism" [_thread_in_native, id=24426, stack(0x00007f4b57530000,0x00007f4b57631000)]

siginfo: si_signo: 11 (SIGSEGV), si_code: 1 (SEGV_MAPERR), si_addr: 0x0000000000000000

Registers:
RAX=0x0000000000000006, RBX=0x00007f4b6c15f1f8, RCX=0x0000000000000000, RDX=0x0000000000000006
RSP=0x00007f4b5762f660, RBP=0x0000000000000006, RSI=0x0000000000000001, RDI=0x00007f4b40217380
R8 =0x000000000000000a, R9 =0x00007f4b40217386, R10=0x0000000000000016, R11=0x00007f4b7356a980
R12=0x00007f4b5762f748, R13=0x0000000000000000, R14=0x00007f4b5762f758, R15=0x00007f4b6c15f000
RIP=0x00007f4b7356a99e, EFLAGS=0x0000000000010206, CSGSFS=0x002b000000000033, ERR=0x0000000000000004
  TRAPNO=0x000000000000000e

Top of Stack: (sp=0x00007f4b5762f660)
0x00007f4b5762f660:   0000000000000000 00007f4b6c15f1f8
0x00007f4b5762f670:   00007f4b40217380 00007f4b5762f748
0x00007f4b5762f680:   0000000000000000 00007f4b5762f758
0x00007f4b5762f690:   00007f4b6c15f000 00007f4b5732df6f
0x00007f4b5762f6a0:   0000000000000000 00007f4b5cc19b40
0x00007f4b5762f6b0:   00007f4b5762f728 0000000000000000
0x00007f4b5762f6c0:   00007f4b5cc19b40 00007f4b5d018667
0x00007f4b5762f6d0:   00007f4b5762f728 00007f4b5d0183c7
0x00007f4b5762f6e0:   00007f4b5d018382 00007f4b5762f6e8
0x00007f4b5762f6f0:   00007f4b5cc19b40 00007f4b5762f758
0x00007f4b5762f700:   00007f4b5cc19da8 0000000000000000
0x00007f4b5762f710:   00007f4b5cc19b40 0000000000000000
0x00007f4b5762f720:   00007f4b5762f748 00007f4b5762f7a0
0x00007f4b5762f730:   00007f4b5d0082bd 0000000708b18570
0x00007f4b5762f740:   00007f4b5d011d18 0000000709750090
0x00007f4b5762f750:   0000000000000000 0000000708b14920
0x00007f4b5762f760:   00007f4b5762f760 00007f4b5cc16dbd
0x00007f4b5762f770:   00007f4b5762f7b8 00007f4b5cc17ad0
0x00007f4b5762f780:   0000000000000000 00007f4b5cc16dc8
0x00007f4b5762f790:   00007f4b5762f748 00007f4b5762f7b0
0x00007f4b5762f7a0:   00007f4b5762f800 00007f4b5d0082bd
0x00007f4b5762f7b0:   0000000709750090 0000000708b14920
0x00007f4b5762f7c0:   00007f4b5762f7c0 00007f4b5cc16c8a
0x00007f4b5762f7d0:   00007f4b5762f818 00007f4b5cc17ad0
0x00007f4b5762f7e0:   0000000000000000 00007f4b5cc16c98
0x00007f4b5762f7f0:   00007f4b5762f7b0 00007f4b5762f810
0x00007f4b5762f800:   00007f4b5762f860 00007f4b5d0082bd
0x00007f4b5762f810:   0000000709750090 0000000708b14920
0x00007f4b5762f820:   00007f4b5762f820 00007f4b5cc2576b
0x00007f4b5762f830:   00007f4b5762f888 00007f4b5cc51028
0x00007f4b5762f840:   0000000000000000 00007f4b5cc258d0
0x00007f4b5762f850:   00007f4b5762f810 00007f4b5762f888 

Instructions: (pc=0x00007f4b7356a99e)
0x00007f4b7356a97e:   1f 00 41 57 41 56 41 55 41 54 55 48 89 f5 53 48
0x00007f4b7356a98e:   0f af ea 48 83 ec 08 48 85 ed 0f 84 41 01 00 00
0x00007f4b7356a99e:   8b 01 49 89 fe 49 89 f5 49 89 c8 25 00 80 00 00
0x00007f4b7356a9ae:   75 56 48 8b 99 88 00 00 00 64 4c 8b 24 25 10 00 

Register to memory mapping:

RAX=0x0000000000000006 is an unknown value
RBX=0x00007f4b6c15f1f8 is an unknown value
RCX=0x0000000000000000 is an unknown value
RDX=0x0000000000000006 is an unknown value
RSP=0x00007f4b5762f660 is pointing into the stack for thread: 0x00007f4b6c15f000
RBP=0x0000000000000006 is an unknown value
RSI=0x0000000000000001 is an unknown value
RDI=0x00007f4b40217380 is an unknown value
R8 =0x000000000000000a is an unknown value
R9 =0x00007f4b40217386 is an unknown value
R10=0x0000000000000016 is an unknown value
R11=0x00007f4b7356a980: fwrite+0 in /lib/x86_64-linux-gnu/libc.so.6 at 0x00007f4b734eb000
R12=0x00007f4b5762f748 is pointing into the stack for thread: 0x00007f4b6c15f000
R13=0x0000000000000000 is an unknown value
R14=0x00007f4b5762f758 is pointing into the stack for thread: 0x00007f4b6c15f000
R15=0x00007f4b6c15f000 is a thread


Stack: [0x00007f4b57530000,0x00007f4b57631000],  sp=0x00007f4b5762f660,  free space=1021k
Native frames: (J=compiled Java code, j=interpreted, Vv=VM code, C=native code)
C  [libc.so.6+0x7f99e]  fwrite+0x1e

Java frames: (J=compiled Java code, j=interpreted, Vv=VM code)
j  prism.PrismNative.PN_PrintToFile(JLjava/lang/String;)V+0
j  prism.PrismFileLog.printToLog(Ljava/lang/String;)V+5
j  prism.PrismFileLog.print(Ljava/lang/String;)V+2
j  prism.Prism.initialise()V+51
j  checkers.Checker.startPrism()V+55
j  checkers.PrismThread.startPrism()V+71
j  checkers.PrismThread.run()V+39
j  java.lang.Thread.run()V+11
v  ~StubRoutines::call_stub

---------------  P R O C E S S  ---------------

Java Threads: ( => current thread )
  0x00007f4b4018f800 JavaThread "Image Fetcher 0" daemon [_thread_blocked, id=24445, stack(0x00007f4b5451f000,0x00007f4b54620000)]
  0x00007f4b40164800 JavaThread "AWT-EventQueue-0" [_thread_blocked, id=24442, stack(0x00007f4b54820000,0x00007f4b54921000)]
  0x00007f4b40162800 JavaThread "AWT-Shutdown" [_thread_blocked, id=24441, stack(0x00007f4b54921000,0x00007f4b54a22000)]
  0x00007f4b4012f000 JavaThread "AWT-XAWT" daemon [_thread_in_native, id=24440, stack(0x00007f4b54c22000,0x00007f4b54d23000)]
  0x00007f4b4010d800 JavaThread "Java2D Disposer" daemon [_thread_blocked, id=24439, stack(0x00007f4b55133000,0x00007f4b55234000)]
=>0x00007f4b6c15f000 JavaThread "prism" [_thread_in_native, id=24426, stack(0x00007f4b57530000,0x00007f4b57631000)]
  0x00007f4b6c0c8000 JavaThread "Service Thread" daemon [_thread_blocked, id=24424, stack(0x00007f4b5c1fa000,0x00007f4b5c2fb000)]
  0x00007f4b6c0b3000 JavaThread "C1 CompilerThread1" daemon [_thread_blocked, id=24423, stack(0x00007f4b5c2fc000,0x00007f4b5c3fc000)]
  0x00007f4b6c0b0800 JavaThread "C2 CompilerThread0" daemon [_thread_blocked, id=24422, stack(0x00007f4b5c3fd000,0x00007f4b5c4fd000)]
  0x00007f4b6c0af000 JavaThread "Signal Dispatcher" daemon [_thread_blocked, id=24421, stack(0x00007f4b5c4fd000,0x00007f4b5c5fe000)]
  0x00007f4b6c07c000 JavaThread "Finalizer" daemon [_thread_blocked, id=24420, stack(0x00007f4b5c5fe000,0x00007f4b5c6ff000)]
  0x00007f4b6c079800 JavaThread "Reference Handler" daemon [_thread_blocked, id=24419, stack(0x00007f4b5c6ff000,0x00007f4b5c800000)]
  0x00007f4b6c00b000 JavaThread "main" [_thread_blocked, id=24417, stack(0x00007f4b74027000,0x00007f4b74127000)]

Other Threads:
  0x00007f4b6c070000 VMThread [stack: 0x00007f4b7000b000,0x00007f4b7010b000] [id=24418]
  0x00007f4b6c0cd800 WatcherThread [stack: 0x00007f4b5c0fa000,0x00007f4b5c1fa000] [id=24425]

VM state:not at safepoint (normal execution)

VM Mutex/Monitor currently owned by a thread: None

Heap:
 def new generation   total 56512K, used 17083K [0x0000000708800000, 0x000000070c550000, 0x0000000745aa0000)
  eden space 50240K,  34% used [0x0000000708800000, 0x00000007098aedd8, 0x000000070b910000)
  from space 6272K,   0% used [0x000000070b910000, 0x000000070b910000, 0x000000070bf30000)
  to   space 6272K,   0% used [0x000000070bf30000, 0x000000070bf30000, 0x000000070c550000)
 tenured generation   total 125632K, used 0K [0x0000000745aa0000, 0x000000074d550000, 0x00000007c0000000)
   the space 125632K,   0% used [0x0000000745aa0000, 0x0000000745aa0000, 0x0000000745aa0200, 0x000000074d550000)
 Metaspace       used 13739K, capacity 13986K, committed 14208K, reserved 1060864K
  class space    used 1742K, capacity 1816K, committed 1920K, reserved 1048576K

Card table byte_map: [0x00007f4b7072e000,0x00007f4b70ceb000] byte_map_base: 0x00007f4b6ceea000

Polling page: 0x00007f4b7413b000

CodeCache: size=245760Kb used=3340Kb max_used=3340Kb free=242419Kb
 bounds [0x00007f4b5d000000, 0x00007f4b5d350000, 0x00007f4b6c000000]
 total_blobs=1427 nmethods=909 adapters=431
 compilation: enabled

Compilation events (10 events):
Event: 3.046 Thread 0x00007f4b6c0b3000  908       3       java.util.concurrent.atomic.AtomicBoolean::<init> (18 bytes)
Event: 3.046 Thread 0x00007f4b6c0b3000 nmethod 908 0x00007f4b5d339490 code [0x00007f4b5d339600, 0x00007f4b5d339810]
Event: 3.047 Thread 0x00007f4b6c0b3000  909       3       javax.swing.text.SimpleAttributeSet::addAttribute (11 bytes)
Event: 3.047 Thread 0x00007f4b6c0b3000 nmethod 909 0x00007f4b5d343950 code [0x00007f4b5d343ae0, 0x00007f4b5d343f90]
Event: 3.047 Thread 0x00007f4b6c0b3000  910       3       javax.swing.plaf.basic.BasicComboBoxUI::getHandler (25 bytes)
Event: 3.047 Thread 0x00007f4b6c0b3000 nmethod 910 0x00007f4b5d343350 code [0x00007f4b5d3434c0, 0x00007f4b5d3437f0]
Event: 3.052 Thread 0x00007f4b6c0b3000  912       3       settings.DefaultSettingOwner::getSetting (12 bytes)
Event: 3.052 Thread 0x00007f4b6c0b3000 nmethod 912 0x00007f4b5d3428d0 code [0x00007f4b5d342a80, 0x00007f4b5d342f70]
Event: 3.052 Thread 0x00007f4b6c0b3000  911       1       settings.Setting::getKey (5 bytes)
Event: 3.052 Thread 0x00007f4b6c0b3000 nmethod 911 0x00007f4b5d3391d0 code [0x00007f4b5d339320, 0x00007f4b5d339430]

GC Heap History (0 events):
No events

Deoptimization events (4 events):
Event: 2.223 Thread 0x00007f4b6c15f000 Uncommon trap: reason=bimorphic action=maybe_recompile pc=0x00007f4b5d26fb8c method=javax.swing.UIDefaults.getFromHashtable(Ljava/lang/Object;)Ljava/lang/Object; @ 126
Event: 2.234 Thread 0x00007f4b6c15f000 Uncommon trap: reason=bimorphic action=maybe_recompile pc=0x00007f4b5d26fb8c method=javax.swing.UIDefaults.getFromHashtable(Ljava/lang/Object;)Ljava/lang/Object; @ 126
Event: 2.235 Thread 0x00007f4b6c15f000 Uncommon trap: reason=bimorphic action=maybe_recompile pc=0x00007f4b5d26fb8c method=javax.swing.UIDefaults.getFromHashtable(Ljava/lang/Object;)Ljava/lang/Object; @ 126
Event: 2.236 Thread 0x00007f4b6c15f000 Uncommon trap: reason=bimorphic action=maybe_recompile pc=0x00007f4b5d26fb8c method=javax.swing.UIDefaults.getFromHashtable(Ljava/lang/Object;)Ljava/lang/Object; @ 126

Classes redefined (0 events):
No events

Internal exceptions (10 events):
Event: 0.063 Thread 0x00007f4b6c00b000 Exception <a 'java/lang/NoSuchMethodError': Method sun.misc.Unsafe.defineClass(Ljava/lang/String;[BII)Ljava/lang/Class; name or signature does not match> (0x0000000708807cb0) thrown at [/HUDSON/workspace/8-2-build-linux-amd64/jdk8u181/11358/hotspot/src/sh
Event: 0.064 Thread 0x00007f4b6c00b000 Exception <a 'java/lang/NoSuchMethodError': Method sun.misc.Unsafe.prefetchRead(Ljava/lang/Object;J)V name or signature does not match> (0x0000000708807f98) thrown at [/HUDSON/workspace/8-2-build-linux-amd64/jdk8u181/11358/hotspot/src/share/vm/prims/jni.c
Event: 0.264 Thread 0x00007f4b6c00b000 Exception <a 'java/security/PrivilegedActionException'> (0x0000000708880f30) thrown at [/HUDSON/workspace/8-2-build-linux-amd64/jdk8u181/11358/hotspot/src/share/vm/prims/jvm.cpp, line 1435]
Event: 0.264 Thread 0x00007f4b6c00b000 Exception <a 'java/security/PrivilegedActionException'> (0x0000000708881140) thrown at [/HUDSON/workspace/8-2-build-linux-amd64/jdk8u181/11358/hotspot/src/share/vm/prims/jvm.cpp, line 1435]
Event: 0.268 Thread 0x00007f4b6c00b000 Exception <a 'java/security/PrivilegedActionException'> (0x0000000708883728) thrown at [/HUDSON/workspace/8-2-build-linux-amd64/jdk8u181/11358/hotspot/src/share/vm/prims/jvm.cpp, line 1435]
Event: 0.268 Thread 0x00007f4b6c00b000 Exception <a 'java/security/PrivilegedActionException'> (0x0000000708883938) thrown at [/HUDSON/workspace/8-2-build-linux-amd64/jdk8u181/11358/hotspot/src/share/vm/prims/jvm.cpp, line 1435]
Event: 1.166 Thread 0x00007f4b6c15f000 Exception <a 'java/lang/NoSuchFieldError': method resolution failed> (0x0000000708d1db18) thrown at [/HUDSON/workspace/8-2-build-linux-amd64/jdk8u181/11358/hotspot/src/share/vm/prims/methodHandles.cpp, line 1167]
Event: 1.201 Thread 0x00007f4b6c15f000 Exception <a 'java/lang/NoSuchFieldError': method resolution failed> (0x0000000708d2b288) thrown at [/HUDSON/workspace/8-2-build-linux-amd64/jdk8u181/11358/hotspot/src/share/vm/prims/methodHandles.cpp, line 1167]
Event: 1.289 Thread 0x00007f4b6c15f000 Exception <a 'java/io/FileNotFoundException'> (0x0000000708dab588) thrown at [/HUDSON/workspace/8-2-build-linux-amd64/jdk8u181/11358/hotspot/src/share/vm/prims/jni.cpp, line 709]
Event: 1.289 Thread 0x00007f4b6c15f000 Exception <a 'java/io/FileNotFoundException'> (0x0000000708dabf18) thrown at [/HUDSON/workspace/8-2-build-linux-amd64/jdk8u181/11358/hotspot/src/share/vm/prims/jni.cpp, line 709]

Events (10 events):
Event: 2.602 loading class javax/swing/event/TableColumnModelListener
Event: 2.602 loading class javax/swing/event/TableColumnModelListener done
Event: 2.602 loading class javax/swing/event/CellEditorListener
Event: 2.602 loading class javax/swing/event/CellEditorListener done
Event: 2.608 Thread 0x00007f4b40215800 Thread exited: 0x00007f4b40215800
Event: 2.608 loading class javax/swing/JTable done
Event: 2.714 loading class prism/Prism$ModelSource
Event: 2.714 loading class prism/Prism$ModelSource done
Event: 2.990 Thread 0x00007f4b40215800 Thread added: 0x00007f4b40215800
Event: 3.004 Thread 0x00007f4b40215800 Thread exited: 0x00007f4b40215800


Dynamic libraries:
00400000-00401000 r-xp 00000000 08:01 299893                             /usr/lib/jvm/jdk1.8.0_181/bin/java
00600000-00601000 rw-p 00000000 08:01 299893                             /usr/lib/jvm/jdk1.8.0_181/bin/java
0078a000-007ab000 rw-p 00000000 00:00 0                                  [heap]
708800000-70c550000 rw-p 00000000 00:00 0 
70c550000-745aa0000 ---p 00000000 00:00 0 
745aa0000-74d550000 rw-p 00000000 00:00 0 
74d550000-7c0000000 ---p 00000000 00:00 0 
7c0000000-7c01e0000 rw-p 00000000 00:00 0 
7c01e0000-800000000 ---p 00000000 00:00 0 
7f4b3bc7f000-7f4b3bc82000 ---p 00000000 00:00 0 
7f4b3bc82000-7f4b3bd80000 rw-p 00000000 00:00 0 
7f4b3bd80000-7f4b3bdea000 r-xp 00000000 08:01 423062                     /usr/lib/jvm/jdk1.8.0_181/jre/lib/amd64/libt2k.so
7f4b3bdea000-7f4b3bfe9000 ---p 0006a000 08:01 423062                     /usr/lib/jvm/jdk1.8.0_181/jre/lib/amd64/libt2k.so
7f4b3bfe9000-7f4b3bff0000 rw-p 00069000 08:01 423062                     /usr/lib/jvm/jdk1.8.0_181/jre/lib/amd64/libt2k.so
7f4b3bff0000-7f4b3c000000 rw-p 00000000 00:00 0 
7f4b3c000000-7f4b3c389000 rw-p 00000000 00:00 0 
7f4b3c389000-7f4b40000000 ---p 00000000 00:00 0 
7f4b40000000-7f4b40473000 rw-p 00000000 00:00 0 
7f4b40473000-7f4b44000000 ---p 00000000 00:00 0 
7f4b44000000-7f4b44021000 rw-p 00000000 00:00 0 
7f4b44021000-7f4b48000000 ---p 00000000 00:00 0 
7f4b48000000-7f4b48154000 rw-p 00000000 00:00 0 
7f4b48154000-7f4b4c000000 ---p 00000000 00:00 0 
7f4b4c000000-7f4b4c021000 rw-p 00000000 00:00 0 
7f4b4c021000-7f4b50000000 ---p 00000000 00:00 0 
7f4b50000000-7f4b5002c000 rw-p 00000000 00:00 0 
7f4b5002c000-7f4b54000000 ---p 00000000 00:00 0 
7f4b540f7000-7f4b54108000 r-xp 00000000 08:01 423099                     /usr/lib/jvm/jdk1.8.0_181/jre/lib/amd64/libnio.so
7f4b54108000-7f4b54307000 ---p 00011000 08:01 423099                     /usr/lib/jvm/jdk1.8.0_181/jre/lib/amd64/libnio.so
7f4b54307000-7f4b54308000 rw-p 00010000 08:01 423099                     /usr/lib/jvm/jdk1.8.0_181/jre/lib/amd64/libnio.so
7f4b54308000-7f4b5431e000 r-xp 00000000 08:01 423096                     /usr/lib/jvm/jdk1.8.0_181/jre/lib/amd64/libnet.so
7f4b5431e000-7f4b5451e000 ---p 00016000 08:01 423096                     /usr/lib/jvm/jdk1.8.0_181/jre/lib/amd64/libnet.so
7f4b5451e000-7f4b5451f000 rw-p 00016000 08:01 423096                     /usr/lib/jvm/jdk1.8.0_181/jre/lib/amd64/libnet.so
7f4b5451f000-7f4b54522000 ---p 00000000 00:00 0 
7f4b54522000-7f4b54820000 rw-p 00000000 00:00 0 
7f4b54820000-7f4b54823000 ---p 00000000 00:00 0 
7f4b54823000-7f4b54921000 rw-p 00000000 00:00 0 
7f4b54921000-7f4b54924000 ---p 00000000 00:00 0 
7f4b54924000-7f4b54c22000 rw-p 00000000 00:00 0 
7f4b54c22000-7f4b54c25000 ---p 00000000 00:00 0 
7f4b54c25000-7f4b54d23000 rw-p 00000000 00:00 0 
7f4b54d23000-7f4b54d28000 r-xp 00000000 08:01 12304                      /usr/lib/x86_64-linux-gnu/libXfixes.so.3.1.0
7f4b54d28000-7f4b54f27000 ---p 00005000 08:01 12304                      /usr/lib/x86_64-linux-gnu/libXfixes.so.3.1.0
7f4b54f27000-7f4b54f28000 r--p 00004000 08:01 12304                      /usr/lib/x86_64-linux-gnu/libXfixes.so.3.1.0
7f4b54f28000-7f4b54f29000 rw-p 00005000 08:01 12304                      /usr/lib/x86_64-linux-gnu/libXfixes.so.3.1.0
7f4b54f29000-7f4b54f32000 r-xp 00000000 08:01 12296                      /usr/lib/x86_64-linux-gnu/libXcursor.so.1.0.2
7f4b54f32000-7f4b55131000 ---p 00009000 08:01 12296                      /usr/lib/x86_64-linux-gnu/libXcursor.so.1.0.2
7f4b55131000-7f4b55132000 r--p 00008000 08:01 12296                      /usr/lib/x86_64-linux-gnu/libXcursor.so.1.0.2
7f4b55132000-7f4b55133000 rw-p 00009000 08:01 12296                      /usr/lib/x86_64-linux-gnu/libXcursor.so.1.0.2
7f4b55133000-7f4b55136000 ---p 00000000 00:00 0 
7f4b55136000-7f4b55234000 rw-p 00000000 00:00 0 
7f4b55234000-7f4b55299000 r-xp 00000000 08:01 423076                     /usr/lib/jvm/jdk1.8.0_181/jre/lib/amd64/libfontmanager.so
7f4b55299000-7f4b55498000 ---p 00065000 08:01 423076                     /usr/lib/jvm/jdk1.8.0_181/jre/lib/amd64/libfontmanager.so
7f4b55498000-7f4b5549d000 rw-p 00064000 08:01 423076                     /usr/lib/jvm/jdk1.8.0_181/jre/lib/amd64/libfontmanager.so
7f4b5549d000-7f4b554ad000 rw-p 00000000 00:00 0 
7f4b554ad000-7f4b554c0000 r-xp 00000000 08:01 268771                     /lib/x86_64-linux-gnu/libbsd.so.0.8.7
7f4b554c0000-7f4b556bf000 ---p 00013000 08:01 268771                     /lib/x86_64-linux-gnu/libbsd.so.0.8.7
7f4b556bf000-7f4b556c0000 r--p 00012000 08:01 268771                     /lib/x86_64-linux-gnu/libbsd.so.0.8.7
7f4b556c0000-7f4b556c1000 rw-p 00013000 08:01 268771                     /lib/x86_64-linux-gnu/libbsd.so.0.8.7
7f4b556c1000-7f4b556c2000 rw-p 00000000 00:00 0 
7f4b556c2000-7f4b556c7000 r-xp 00000000 08:01 12300                      /usr/lib/x86_64-linux-gnu/libXdmcp.so.6.0.0
7f4b556c7000-7f4b558c6000 ---p 00005000 08:01 12300                      /usr/lib/x86_64-linux-gnu/libXdmcp.so.6.0.0
7f4b558c6000-7f4b558c7000 r--p 00004000 08:01 12300                      /usr/lib/x86_64-linux-gnu/libXdmcp.so.6.0.0
7f4b558c7000-7f4b558c8000 rw-p 00005000 08:01 12300                      /usr/lib/x86_64-linux-gnu/libXdmcp.so.6.0.0
7f4b558c8000-7f4b558ca000 r-xp 00000000 08:01 12289                      /usr/lib/x86_64-linux-gnu/libXau.so.6.0.0
7f4b558ca000-7f4b55aca000 ---p 00002000 08:01 12289                      /usr/lib/x86_64-linux-gnu/libXau.so.6.0.0
7f4b55aca000-7f4b55acb000 r--p 00002000 08:01 12289                      /usr/lib/x86_64-linux-gnu/libXau.so.6.0.0
7f4b55acb000-7f4b55acc000 rw-p 00003000 08:01 12289                      /usr/lib/x86_64-linux-gnu/libXau.so.6.0.0
7f4b55acc000-7f4b55af2000 r-xp 00000000 08:01 13496                      /usr/lib/x86_64-linux-gnu/libxcb.so.1.1.0
7f4b55af2000-7f4b55cf2000 ---p 00026000 08:01 13496                      /usr/lib/x86_64-linux-gnu/libxcb.so.1.1.0
7f4b55cf2000-7f4b55cf3000 r--p 00026000 08:01 13496                      /usr/lib/x86_64-linux-gnu/libxcb.so.1.1.0
7f4b55cf3000-7f4b55cf4000 rw-p 00027000 08:01 13496                      /usr/lib/x86_64-linux-gnu/libxcb.so.1.1.0
7f4b55cf4000-7f4b55d03000 r-xp 00000000 08:01 12310                      /usr/lib/x86_64-linux-gnu/libXi.so.6.1.0
7f4b55d03000-7f4b55f02000 ---p 0000f000 08:01 12310                      /usr/lib/x86_64-linux-gnu/libXi.so.6.1.0
7f4b55f02000-7f4b55f03000 r--p 0000e000 08:01 12310                      /usr/lib/x86_64-linux-gnu/libXi.so.6.1.0
7f4b55f03000-7f4b55f04000 rw-p 0000f000 08:01 12310                      /usr/lib/x86_64-linux-gnu/libXi.so.6.1.0
7f4b55f04000-7f4b55f09000 r-xp 00000000 08:01 12328                      /usr/lib/x86_64-linux-gnu/libXtst.so.6.1.0
7f4b55f09000-7f4b56108000 ---p 00005000 08:01 12328                      /usr/lib/x86_64-linux-gnu/libXtst.so.6.1.0
7f4b56108000-7f4b56109000 r--p 00004000 08:01 12328                      /usr/lib/x86_64-linux-gnu/libXtst.so.6.1.0
7f4b56109000-7f4b5610a000 rw-p 00005000 08:01 12328                      /usr/lib/x86_64-linux-gnu/libXtst.so.6.1.0
7f4b5610a000-7f4b56113000 r-xp 00000000 08:01 12322                      /usr/lib/x86_64-linux-gnu/libXrender.so.1.3.0
7f4b56113000-7f4b56312000 ---p 00009000 08:01 12322                      /usr/lib/x86_64-linux-gnu/libXrender.so.1.3.0
7f4b56312000-7f4b56313000 r--p 00008000 08:01 12322                      /usr/lib/x86_64-linux-gnu/libXrender.so.1.3.0
7f4b56313000-7f4b56314000 rw-p 00009000 08:01 12322                      /usr/lib/x86_64-linux-gnu/libXrender.so.1.3.0
7f4b56314000-7f4b56448000 r-xp 00000000 08:01 12285                      /usr/lib/x86_64-linux-gnu/libX11.so.6.3.0
7f4b56448000-7f4b56648000 ---p 00134000 08:01 12285                      /usr/lib/x86_64-linux-gnu/libX11.so.6.3.0
7f4b56648000-7f4b56649000 r--p 00134000 08:01 12285                      /usr/lib/x86_64-linux-gnu/libX11.so.6.3.0
7f4b56649000-7f4b5664d000 rw-p 00135000 08:01 12285                      /usr/lib/x86_64-linux-gnu/libX11.so.6.3.0
7f4b5664d000-7f4b5665e000 r-xp 00000000 08:01 12302                      /usr/lib/x86_64-linux-gnu/libXext.so.6.4.0
7f4b5665e000-7f4b5685d000 ---p 00011000 08:01 12302                      /usr/lib/x86_64-linux-gnu/libXext.so.6.4.0
7f4b5685d000-7f4b5685e000 r--p 00010000 08:01 12302                      /usr/lib/x86_64-linux-gnu/libXext.so.6.4.0
7f4b5685e000-7f4b5685f000 rw-p 00011000 08:01 12302                      /usr/lib/x86_64-linux-gnu/libXext.so.6.4.0
7f4b5685f000-7f4b568b3000 r-xp 00000000 08:01 423103                     /usr/lib/jvm/jdk1.8.0_181/jre/lib/amd64/libawt_xawt.so
7f4b568b3000-7f4b56ab3000 ---p 00054000 08:01 423103                     /usr/lib/jvm/jdk1.8.0_181/jre/lib/amd64/libawt_xawt.so
7f4b56ab3000-7f4b56ab7000 rw-p 00054000 08:01 423103                     /usr/lib/jvm/jdk1.8.0_181/jre/lib/amd64/libawt_xawt.so
7f4b56ab7000-7f4b56ab8000 rw-p 00000000 00:00 0 
7f4b56ab8000-7f4b56b5a000 r-xp 00000000 08:01 423089                     /usr/lib/jvm/jdk1.8.0_181/jre/lib/amd64/libawt.so
7f4b56b5a000-7f4b56d5a000 ---p 000a2000 08:01 423089                     /usr/lib/jvm/jdk1.8.0_181/jre/lib/amd64/libawt.so
7f4b56d5a000-7f4b56d66000 rw-p 000a2000 08:01 423089                     /usr/lib/jvm/jdk1.8.0_181/jre/lib/amd64/libawt.so
7f4b56d66000-7f4b56d8a000 rw-p 00000000 00:00 0 
7f4b56d8a000-7f4b56da1000 r-xp 00000000 08:01 292491                     /lib/x86_64-linux-gnu/libgcc_s.so.1
7f4b56da1000-7f4b56fa0000 ---p 00017000 08:01 292491                     /lib/x86_64-linux-gnu/libgcc_s.so.1
7f4b56fa0000-7f4b56fa1000 r--p 00016000 08:01 292491                     /lib/x86_64-linux-gnu/libgcc_s.so.1
7f4b56fa1000-7f4b56fa2000 rw-p 00017000 08:01 292491                     /lib/x86_64-linux-gnu/libgcc_s.so.1
7f4b56fa2000-7f4b5711b000 r-xp 00000000 08:01 2222                       /usr/lib/x86_64-linux-gnu/libstdc++.so.6.0.25
7f4b5711b000-7f4b5731b000 ---p 00179000 08:01 2222                       /usr/lib/x86_64-linux-gnu/libstdc++.so.6.0.25
7f4b5731b000-7f4b57325000 r--p 00179000 08:01 2222                       /usr/lib/x86_64-linux-gnu/libstdc++.so.6.0.25
7f4b57325000-7f4b57327000 rw-p 00183000 08:01 2222                       /usr/lib/x86_64-linux-gnu/libstdc++.so.6.0.25
7f4b57327000-7f4b5732b000 rw-p 00000000 00:00 0 
7f4b5732b000-7f4b5732f000 r-xp 00000000 08:01 1053981                    /opt/resources/prism-library/prism/lib/libprism.so
7f4b5732f000-7f4b5752e000 ---p 00004000 08:01 1053981                    /opt/resources/prism-library/prism/lib/libprism.so
7f4b5752e000-7f4b5752f000 r--p 00003000 08:01 1053981                    /opt/resources/prism-library/prism/lib/libprism.so
7f4b5752f000-7f4b57530000 rw-p 00004000 08:01 1053981                    /opt/resources/prism-library/prism/lib/libprism.so
7f4b57530000-7f4b57533000 ---p 00000000 00:00 0 
7f4b57533000-7f4b57631000 rw-p 00000000 00:00 0 
7f4b57631000-7f4b58000000 r--p 00000000 08:01 6873                       /usr/lib/locale/locale-archive
7f4b58000000-7f4b58021000 rw-p 00000000 00:00 0 
7f4b58021000-7f4b5c000000 ---p 00000000 00:00 0 
7f4b5c031000-7f4b5c044000 r--s 00345000 08:01 423003                     /usr/lib/jvm/jdk1.8.0_181/jre/lib/resources.jar
7f4b5c044000-7f4b5c0d9000 r--s 01109000 08:01 555531                     /usr/lib/jvm/jdk1.8.0_121/jre/lib/ext/jfxrt.jar
7f4b5c0d9000-7f4b5c0f9000 r--s 0027a000 08:01 1053985                    /opt/resources/prism-library/prism/lib/prism.jar
7f4b5c0f9000-7f4b5c0fa000 ---p 00000000 00:00 0 
7f4b5c0fa000-7f4b5c1fa000 rw-p 00000000 00:00 0 
7f4b5c1fa000-7f4b5c1fd000 ---p 00000000 00:00 0 
7f4b5c1fd000-7f4b5c2fb000 rw-p 00000000 00:00 0 
7f4b5c2fb000-7f4b5c2fc000 ---p 00000000 00:00 0 
7f4b5c2fc000-7f4b5c2ff000 ---p 00000000 00:00 0 
7f4b5c2ff000-7f4b5c3fc000 rw-p 00000000 00:00 0 
7f4b5c3fc000-7f4b5c3fd000 ---p 00000000 00:00 0 
7f4b5c3fd000-7f4b5c400000 ---p 00000000 00:00 0 
7f4b5c400000-7f4b5c4fd000 rw-p 00000000 00:00 0 
7f4b5c4fd000-7f4b5c500000 ---p 00000000 00:00 0 
7f4b5c500000-7f4b5c5fe000 rw-p 00000000 00:00 0 
7f4b5c5fe000-7f4b5c601000 ---p 00000000 00:00 0 
7f4b5c601000-7f4b5c6ff000 rw-p 00000000 00:00 0 
7f4b5c6ff000-7f4b5c702000 ---p 00000000 00:00 0 
7f4b5c702000-7f4b5d000000 rw-p 00000000 00:00 0 
7f4b5d000000-7f4b5d350000 rwxp 00000000 00:00 0 
7f4b5d350000-7f4b6c000000 ---p 00000000 00:00 0 
7f4b6c000000-7f4b6c177000 rw-p 00000000 00:00 0 
7f4b6c177000-7f4b70000000 ---p 00000000 00:00 0 
7f4b7000a000-7f4b7000b000 ---p 00000000 00:00 0 
7f4b7000b000-7f4b7010b000 rw-p 00000000 00:00 0 
7f4b7010b000-7f4b702e5000 r--s 03d6b000 08:01 422965                     /usr/lib/jvm/jdk1.8.0_181/jre/lib/rt.jar
7f4b702e5000-7f4b70399000 rw-p 00000000 00:00 0 
7f4b70399000-7f4b7072e000 ---p 00000000 00:00 0 
7f4b7072e000-7f4b7074d000 rw-p 00000000 00:00 0 
7f4b7074d000-7f4b70917000 ---p 00000000 00:00 0 
7f4b70917000-7f4b70955000 rw-p 00000000 00:00 0 
7f4b70955000-7f4b70cea000 ---p 00000000 00:00 0 
7f4b70cea000-7f4b70cf9000 rw-p 00000000 00:00 0 
7f4b70cf9000-7f4b710ab000 ---p 00000000 00:00 0 
7f4b710ab000-7f4b710c6000 r-xp 00000000 08:01 423092                     /usr/lib/jvm/jdk1.8.0_181/jre/lib/amd64/libzip.so
7f4b710c6000-7f4b712c6000 ---p 0001b000 08:01 423092                     /usr/lib/jvm/jdk1.8.0_181/jre/lib/amd64/libzip.so
7f4b712c6000-7f4b712c7000 rw-p 0001b000 08:01 423092                     /usr/lib/jvm/jdk1.8.0_181/jre/lib/amd64/libzip.so
7f4b712c7000-7f4b712d2000 r-xp 00000000 08:01 293372                     /lib/x86_64-linux-gnu/libnss_files-2.27.so
7f4b712d2000-7f4b714d1000 ---p 0000b000 08:01 293372                     /lib/x86_64-linux-gnu/libnss_files-2.27.so
7f4b714d1000-7f4b714d2000 r--p 0000a000 08:01 293372                     /lib/x86_64-linux-gnu/libnss_files-2.27.so
7f4b714d2000-7f4b714d3000 rw-p 0000b000 08:01 293372                     /lib/x86_64-linux-gnu/libnss_files-2.27.so
7f4b714d3000-7f4b714d9000 rw-p 00000000 00:00 0 
7f4b714d9000-7f4b714f0000 r-xp 00000000 08:01 293367                     /lib/x86_64-linux-gnu/libnsl-2.27.so
7f4b714f0000-7f4b716ef000 ---p 00017000 08:01 293367                     /lib/x86_64-linux-gnu/libnsl-2.27.so
7f4b716ef000-7f4b716f0000 r--p 00016000 08:01 293367                     /lib/x86_64-linux-gnu/libnsl-2.27.so
7f4b716f0000-7f4b716f1000 rw-p 00017000 08:01 293367                     /lib/x86_64-linux-gnu/libnsl-2.27.so
7f4b716f1000-7f4b716f3000 rw-p 00000000 00:00 0 
7f4b716f3000-7f4b716fe000 r-xp 00000000 08:01 293374                     /lib/x86_64-linux-gnu/libnss_nis-2.27.so
7f4b716fe000-7f4b718fd000 ---p 0000b000 08:01 293374                     /lib/x86_64-linux-gnu/libnss_nis-2.27.so
7f4b718fd000-7f4b718fe000 r--p 0000a000 08:01 293374                     /lib/x86_64-linux-gnu/libnss_nis-2.27.so
7f4b718fe000-7f4b718ff000 rw-p 0000b000 08:01 293374                     /lib/x86_64-linux-gnu/libnss_nis-2.27.so
7f4b718ff000-7f4b71907000 r-xp 00000000 08:01 293370                     /lib/x86_64-linux-gnu/libnss_compat-2.27.so
7f4b71907000-7f4b71b07000 ---p 00008000 08:01 293370                     /lib/x86_64-linux-gnu/libnss_compat-2.27.so
7f4b71b07000-7f4b71b08000 r--p 00008000 08:01 293370                     /lib/x86_64-linux-gnu/libnss_compat-2.27.so
7f4b71b08000-7f4b71b09000 rw-p 00009000 08:01 293370                     /lib/x86_64-linux-gnu/libnss_compat-2.27.so
7f4b71b09000-7f4b71b34000 r-xp 00000000 08:01 423086                     /usr/lib/jvm/jdk1.8.0_181/jre/lib/amd64/libjava.so
7f4b71b34000-7f4b71d33000 ---p 0002b000 08:01 423086                     /usr/lib/jvm/jdk1.8.0_181/jre/lib/amd64/libjava.so
7f4b71d33000-7f4b71d35000 rw-p 0002a000 08:01 423086                     /usr/lib/jvm/jdk1.8.0_181/jre/lib/amd64/libjava.so
7f4b71d35000-7f4b71d42000 r-xp 00000000 08:01 423091                     /usr/lib/jvm/jdk1.8.0_181/jre/lib/amd64/libverify.so
7f4b71d42000-7f4b71f42000 ---p 0000d000 08:01 423091                     /usr/lib/jvm/jdk1.8.0_181/jre/lib/amd64/libverify.so
7f4b71f42000-7f4b71f44000 rw-p 0000d000 08:01 423091                     /usr/lib/jvm/jdk1.8.0_181/jre/lib/amd64/libverify.so
7f4b71f44000-7f4b71f4b000 r-xp 00000000 08:01 293659                     /lib/x86_64-linux-gnu/librt-2.27.so
7f4b71f4b000-7f4b7214a000 ---p 00007000 08:01 293659                     /lib/x86_64-linux-gnu/librt-2.27.so
7f4b7214a000-7f4b7214b000 r--p 00006000 08:01 293659                     /lib/x86_64-linux-gnu/librt-2.27.so
7f4b7214b000-7f4b7214c000 rw-p 00007000 08:01 293659                     /lib/x86_64-linux-gnu/librt-2.27.so
7f4b7214c000-7f4b722e9000 r-xp 00000000 08:01 293364                     /lib/x86_64-linux-gnu/libm-2.27.so
7f4b722e9000-7f4b724e8000 ---p 0019d000 08:01 293364                     /lib/x86_64-linux-gnu/libm-2.27.so
7f4b724e8000-7f4b724e9000 r--p 0019c000 08:01 293364                     /lib/x86_64-linux-gnu/libm-2.27.so
7f4b724e9000-7f4b724ea000 rw-p 0019d000 08:01 293364                     /lib/x86_64-linux-gnu/libm-2.27.so
7f4b724ea000-7f4b731c6000 r-xp 00000000 08:01 529445                     /usr/lib/jvm/jdk1.8.0_181/jre/lib/amd64/server/libjvm.so
7f4b731c6000-7f4b733c6000 ---p 00cdc000 08:01 529445                     /usr/lib/jvm/jdk1.8.0_181/jre/lib/amd64/server/libjvm.so
7f4b733c6000-7f4b734a0000 rw-p 00cdc000 08:01 529445                     /usr/lib/jvm/jdk1.8.0_181/jre/lib/amd64/server/libjvm.so
7f4b734a0000-7f4b734eb000 rw-p 00000000 00:00 0 
7f4b734eb000-7f4b736d2000 r-xp 00000000 08:01 293344                     /lib/x86_64-linux-gnu/libc-2.27.so
7f4b736d2000-7f4b738d2000 ---p 001e7000 08:01 293344                     /lib/x86_64-linux-gnu/libc-2.27.so
7f4b738d2000-7f4b738d6000 r--p 001e7000 08:01 293344                     /lib/x86_64-linux-gnu/libc-2.27.so
7f4b738d6000-7f4b738d8000 rw-p 001eb000 08:01 293344                     /lib/x86_64-linux-gnu/libc-2.27.so
7f4b738d8000-7f4b738dc000 rw-p 00000000 00:00 0 
7f4b738dc000-7f4b738df000 r-xp 00000000 08:01 293363                     /lib/x86_64-linux-gnu/libdl-2.27.so
7f4b738df000-7f4b73ade000 ---p 00003000 08:01 293363                     /lib/x86_64-linux-gnu/libdl-2.27.so
7f4b73ade000-7f4b73adf000 r--p 00002000 08:01 293363                     /lib/x86_64-linux-gnu/libdl-2.27.so
7f4b73adf000-7f4b73ae0000 rw-p 00003000 08:01 293363                     /lib/x86_64-linux-gnu/libdl-2.27.so
7f4b73ae0000-7f4b73af6000 r-xp 00000000 08:01 300951                     /usr/lib/jvm/jdk1.8.0_181/lib/amd64/jli/libjli.so
7f4b73af6000-7f4b73cf5000 ---p 00016000 08:01 300951                     /usr/lib/jvm/jdk1.8.0_181/lib/amd64/jli/libjli.so
7f4b73cf5000-7f4b73cf6000 rw-p 00015000 08:01 300951                     /usr/lib/jvm/jdk1.8.0_181/lib/amd64/jli/libjli.so
7f4b73cf6000-7f4b73d10000 r-xp 00000000 08:01 293377                     /lib/x86_64-linux-gnu/libpthread-2.27.so
7f4b73d10000-7f4b73f0f000 ---p 0001a000 08:01 293377                     /lib/x86_64-linux-gnu/libpthread-2.27.so
7f4b73f0f000-7f4b73f10000 r--p 00019000 08:01 293377                     /lib/x86_64-linux-gnu/libpthread-2.27.so
7f4b73f10000-7f4b73f11000 rw-p 0001a000 08:01 293377                     /lib/x86_64-linux-gnu/libpthread-2.27.so
7f4b73f11000-7f4b73f15000 rw-p 00000000 00:00 0 
7f4b73f15000-7f4b73f3e000 r-xp 00000000 08:01 293340                     /lib/x86_64-linux-gnu/ld-2.27.so
7f4b73f47000-7f4b73f54000 r--s 00077000 08:01 1053987                    /opt/resources/prism-library/prism/lib/colt.jar
7f4b73f54000-7f4b74026000 rw-p 00000000 00:00 0 
7f4b74026000-7f4b74027000 ---p 00000000 00:00 0 
7f4b74027000-7f4b7402a000 ---p 00000000 00:00 0 
7f4b7402a000-7f4b74129000 rw-p 00000000 00:00 0 
7f4b74129000-7f4b7412b000 r--s 00007000 08:01 423114                     /usr/lib/jvm/jdk1.8.0_181/jre/lib/jfxswt.jar
7f4b7412b000-7f4b7412e000 r--s 00015000 08:01 1053995                    /opt/resources/prism-library/prism/lib/pepa.zip
7f4b7412e000-7f4b74132000 r--s 0003d000 08:01 1053992                    /opt/resources/prism-library/prism/lib/jhoafparser.jar
7f4b74132000-7f4b7413a000 rw-s 00000000 08:01 942961                     /tmp/hsperfdata_new/24416
7f4b7413a000-7f4b7413b000 rw-p 00000000 00:00 0 
7f4b7413b000-7f4b7413c000 r--p 00000000 00:00 0 
7f4b7413c000-7f4b7413e000 rw-p 00000000 00:00 0 
7f4b7413e000-7f4b7413f000 r--p 00029000 08:01 293340                     /lib/x86_64-linux-gnu/ld-2.27.so
7f4b7413f000-7f4b74140000 rw-p 0002a000 08:01 293340                     /lib/x86_64-linux-gnu/ld-2.27.so
7f4b74140000-7f4b74141000 rw-p 00000000 00:00 0 
7ffdddd28000-7ffdddd4a000 rw-p 00000000 00:00 0                          [stack]
7ffdddd7b000-7ffdddd7e000 r--p 00000000 00:00 0                          [vvar]
7ffdddd7e000-7ffdddd80000 r-xp 00000000 00:00 0                          [vdso]
ffffffffff600000-ffffffffff601000 r-xp 00000000 00:00 0                  [vsyscall]

VM Arguments:
jvm_args: -Djava.library.path=/opt/resources/prism-library/prism/lib/ -Dfile.encoding=UTF-8 
java_command: aCheck.CheckingDriver 123
java_class_path (initial): /home/new/Documents/git/checker2/Rover/bin:/opt/resources/prism-library/prism/lib/colt.jar:/opt/resources/prism-library/prism/lib/jhoafparser.jar:/opt/resources/prism-library/prism/lib/pepa.zip:/opt/resources/prism-library/prism/lib/prism.jar:/usr/lib/jvm/jdk1.8.0_181/jre/lib/jfxswt.jar:/usr/lib/jvm/jdk1.8.0_121/jre/lib/ext/jfxrt.jar
Launcher Type: SUN_STANDARD

Environment Variables:
PATH=/usr/local/sbin:/usr/local/bin:/usr/sbin:/usr/bin:/sbin:/bin:/usr/games:/usr/local/games:/snap/bin
USERNAME=new
LD_LIBRARY_PATH=/opt/resources/prism-library/prism/lib/
SHELL=/bin/bash
DISPLAY=:0

Signal Handlers:
SIGSEGV: [libjvm.so+0xad2a40], sa_mask[0]=11111111011111111101111111111110, sa_flags=SA_RESTART|SA_SIGINFO
SIGBUS: [libjvm.so+0xad2a40], sa_mask[0]=11111111011111111101111111111110, sa_flags=SA_RESTART|SA_SIGINFO
SIGFPE: [libjvm.so+0x92a610], sa_mask[0]=11111111011111111101111111111110, sa_flags=SA_RESTART|SA_SIGINFO
SIGPIPE: [libjvm.so+0x92a610], sa_mask[0]=11111111011111111101111111111110, sa_flags=SA_RESTART|SA_SIGINFO
SIGXFSZ: [libjvm.so+0x92a610], sa_mask[0]=11111111011111111101111111111110, sa_flags=SA_RESTART|SA_SIGINFO
SIGILL: [libjvm.so+0x92a610], sa_mask[0]=11111111011111111101111111111110, sa_flags=SA_RESTART|SA_SIGINFO
SIGUSR1: SIG_DFL, sa_mask[0]=00000000000000000000000000000000, sa_flags=none
SIGUSR2: [libjvm.so+0x92be70], sa_mask[0]=00000000000000000000000000000000, sa_flags=SA_RESTART|SA_SIGINFO
SIGHUP: [libjvm.so+0x92d270], sa_mask[0]=11111111011111111101111111111110, sa_flags=SA_RESTART|SA_SIGINFO
SIGINT: [libjvm.so+0x92d270], sa_mask[0]=11111111011111111101111111111110, sa_flags=SA_RESTART|SA_SIGINFO
SIGTERM: [libjvm.so+0x92d270], sa_mask[0]=11111111011111111101111111111110, sa_flags=SA_RESTART|SA_SIGINFO
SIGQUIT: [libjvm.so+0x92d270], sa_mask[0]=11111111011111111101111111111110, sa_flags=SA_RESTART|SA_SIGINFO


---------------  S Y S T E M  ---------------

OS:DISTRIB_ID=Ubuntu
DISTRIB_RELEASE=18.04
DISTRIB_CODENAME=bionic
DISTRIB_DESCRIPTION="Ubuntu 18.04.1 LTS"

uname:Linux 4.15.0-29-generic #31-Ubuntu SMP Tue Jul 17 15:39:52 UTC 2018 x86_64
libc:glibc 2.27 NPTL 2.27 
rlimit: STACK 8192k, CORE 0k, NPROC 46716, NOFILE 4096, AS infinity
load average:2.02 1.68 1.46

/proc/meminfo:
MemTotal:       12018728 kB
MemFree:         4883420 kB
MemAvailable:    7462096 kB
Buffers:          292772 kB
Cached:          2534360 kB
SwapCached:            0 kB
Active:          5093876 kB
Inactive:        1599672 kB
Active(anon):    3862500 kB
Inactive(anon):   145796 kB
Active(file):    1231376 kB
Inactive(file):  1453876 kB
Unevictable:          80 kB
Mlocked:              80 kB
SwapTotal:        581564 kB
SwapFree:         581564 kB
Dirty:               200 kB
Writeback:             0 kB
AnonPages:       3866472 kB
Mapped:           682484 kB
Shmem:            148056 kB
Slab:             272168 kB
SReclaimable:     212340 kB
SUnreclaim:        59828 kB
KernelStack:       19856 kB
PageTables:        77036 kB
NFS_Unstable:          0 kB
Bounce:                0 kB
WritebackTmp:          0 kB
CommitLimit:     6590928 kB
Committed_AS:   10341672 kB
VmallocTotal:   34359738367 kB
VmallocUsed:           0 kB
VmallocChunk:          0 kB
HardwareCorrupted:     0 kB
AnonHugePages:         0 kB
ShmemHugePages:        0 kB
ShmemPmdMapped:        0 kB
CmaTotal:              0 kB
CmaFree:               0 kB
HugePages_Total:       0
HugePages_Free:        0
HugePages_Rsvd:        0
HugePages_Surp:        0
Hugepagesize:       2048 kB
DirectMap4k:      202688 kB
DirectMap2M:    12097536 kB


CPU:total 1 (initial active 1) (1 cores per cpu, 1 threads per core) family 6 model 158 stepping 9, cmov, cx8, fxsr, mmx, sse, sse2, sse3, ssse3, sse4.1, sse4.2, popcnt, avx, avx2, aes, clmul, 3dnowpref, lzcnt, tsc, tscinvbit

/proc/cpuinfo:
processor	: 0
vendor_id	: GenuineIntel
cpu family	: 6
model		: 158
model name	: Intel(R) Core(TM) i7-7700HQ CPU @ 2.80GHz
stepping	: 9
cpu MHz		: 2807.998
cache size	: 6144 KB
physical id	: 0
siblings	: 1
core id		: 0
cpu cores	: 1
apicid		: 0
initial apicid	: 0
fpu		: yes
fpu_exception	: yes
cpuid level	: 22
wp		: yes
flags		: fpu vme de pse tsc msr pae mce cx8 apic sep mtrr pge mca cmov pat pse36 clflush mmx fxsr sse sse2 ht syscall nx rdtscp lm constant_tsc rep_good nopl xtopology nonstop_tsc cpuid pni pclmulqdq monitor ssse3 cx16 pcid sse4_1 sse4_2 x2apic movbe popcnt aes xsave avx rdrand hypervisor lahf_lm abm 3dnowprefetch invpcid_single pti fsgsbase avx2 invpcid rdseed clflushopt
bugs		: cpu_meltdown spectre_v1 spectre_v2 spec_store_bypass
bogomips	: 5615.99
clflush size	: 64
cache_alignment	: 64
address sizes	: 39 bits physical, 48 bits virtual
power management:



Memory: 4k page, physical 12018728k(4883420k free), swap 581564k(581564k free)

vm_info: Java HotSpot(TM) 64-Bit Server VM (25.181-b13) for linux-amd64 JRE (1.8.0_181-b13), built on Jul  7 2018 00:56:38 by "java_re" with gcc 4.3.0 20080428 (Red Hat 4.3.0-8)

time: Sun Mar 27 00:09:24 2022
elapsed time: 3 seconds (0d 0h 0m 3s)

