#
# A fatal error has been detected by the Java Runtime Environment:
#
#  SIGSEGV (0xb) at pc=0x00007f257415a99e, pid=24103, tid=0x00007f255c22c700
#
# JRE version: Java(TM) SE Runtime Environment (8.0_181-b13) (build 1.8.0_181-b13)
# Java VM: Java HotSpot(TM) 64-Bit Server VM (25.181-b13 mixed mode linux-amd64 compressed oops)
# Problematic frame:
# C  [libc.so.6+0x7f99e]  fwrite+0x1e
#
# Failed to write core dump. Core dumps have been disabled. To enable core dumping, try "ulimit -c unlimited" before starting Java again
#
# If you would like to submit a bug report, please visit:
#   http://bugreport.java.com/bugreport/crash.jsp
# The crash happened outside the Java Virtual Machine in native code.
# See problematic frame for where to report the bug.
#

---------------  T H R E A D  ---------------

Current thread (0x00007f256c15f000):  JavaThread "prism" [_thread_in_native, id=24116, stack(0x00007f255c12c000,0x00007f255c22d000)]

siginfo: si_signo: 11 (SIGSEGV), si_code: 1 (SEGV_MAPERR), si_addr: 0x0000000000000000

Registers:
RAX=0x0000000000000006, RBX=0x00007f256c15f1f8, RCX=0x0000000000000000, RDX=0x0000000000000006
RSP=0x00007f255c22b2e0, RBP=0x0000000000000006, RSI=0x0000000000000001, RDI=0x00007f2544215200
R8 =0x000000000000000a, R9 =0x00007f2544215206, R10=0x0000000000000016, R11=0x00007f257415a980
R12=0x00007f255c22b3c8, R13=0x0000000000000000, R14=0x00007f255c22b3d8, R15=0x00007f256c15f000
RIP=0x00007f257415a99e, EFLAGS=0x0000000000010206, CSGSFS=0x002b000000000033, ERR=0x0000000000000004
  TRAPNO=0x000000000000000e

Top of Stack: (sp=0x00007f255c22b2e0)
0x00007f255c22b2e0:   0000000000000000 00007f256c15f1f8
0x00007f255c22b2f0:   00007f2544215200 00007f255c22b3c8
0x00007f255c22b300:   0000000000000000 00007f255c22b3d8
0x00007f255c22b310:   00007f256c15f000 00007f253fdfdf6f
0x00007f255c22b320:   0000000000000000 00007f2570b64b40
0x00007f255c22b330:   00007f255c22b3a8 0000000000000000
0x00007f255c22b340:   00007f2570b64b40 00007f255d018667
0x00007f255c22b350:   00007f255c22b3a8 00007f255d0183c7
0x00007f255c22b360:   00007f255d018382 00007f255c22b368
0x00007f255c22b370:   00007f2570b64b40 00007f255c22b3d8
0x00007f255c22b380:   00007f2570b64da8 0000000000000000
0x00007f255c22b390:   00007f2570b64b40 0000000000000000
0x00007f255c22b3a0:   00007f255c22b3c8 00007f255c22b420
0x00007f255c22b3b0:   00007f255d0082bd 0000000708b18570
0x00007f255c22b3c0:   00007f255d011d18 0000000709750970
0x00007f255c22b3d0:   0000000000000000 0000000708b14920
0x00007f255c22b3e0:   00007f255c22b3e0 00007f2570b61dbd
0x00007f255c22b3f0:   00007f255c22b438 00007f2570b62ad0
0x00007f255c22b400:   0000000000000000 00007f2570b61dc8
0x00007f255c22b410:   00007f255c22b3c8 00007f255c22b430
0x00007f255c22b420:   00007f255c22b480 00007f255d0082bd
0x00007f255c22b430:   0000000709750970 0000000708b14920
0x00007f255c22b440:   00007f255c22b440 00007f2570b61c8a
0x00007f255c22b450:   00007f255c22b498 00007f2570b62ad0
0x00007f255c22b460:   0000000000000000 00007f2570b61c98
0x00007f255c22b470:   00007f255c22b430 00007f255c22b490
0x00007f255c22b480:   00007f255c22b4e0 00007f255d0082bd
0x00007f255c22b490:   0000000709750970 0000000708b14920
0x00007f255c22b4a0:   00007f255c22b4a0 00007f2570b7076b
0x00007f255c22b4b0:   00007f255c22b508 00007f2570b9c028
0x00007f255c22b4c0:   0000000000000000 00007f2570b708d0
0x00007f255c22b4d0:   00007f255c22b490 00007f255c22b508 

Instructions: (pc=0x00007f257415a99e)
0x00007f257415a97e:   1f 00 41 57 41 56 41 55 41 54 55 48 89 f5 53 48
0x00007f257415a98e:   0f af ea 48 83 ec 08 48 85 ed 0f 84 41 01 00 00
0x00007f257415a99e:   8b 01 49 89 fe 49 89 f5 49 89 c8 25 00 80 00 00
0x00007f257415a9ae:   75 56 48 8b 99 88 00 00 00 64 4c 8b 24 25 10 00 

Register to memory mapping:

RAX=0x0000000000000006 is an unknown value
RBX=0x00007f256c15f1f8 is an unknown value
RCX=0x0000000000000000 is an unknown value
RDX=0x0000000000000006 is an unknown value
RSP=0x00007f255c22b2e0 is pointing into the stack for thread: 0x00007f256c15f000
RBP=0x0000000000000006 is an unknown value
RSI=0x0000000000000001 is an unknown value
RDI=0x00007f2544215200 is an unknown value
R8 =0x000000000000000a is an unknown value
R9 =0x00007f2544215206 is an unknown value
R10=0x0000000000000016 is an unknown value
R11=0x00007f257415a980: fwrite+0 in /lib/x86_64-linux-gnu/libc.so.6 at 0x00007f25740db000
R12=0x00007f255c22b3c8 is pointing into the stack for thread: 0x00007f256c15f000
R13=0x0000000000000000 is an unknown value
R14=0x00007f255c22b3d8 is pointing into the stack for thread: 0x00007f256c15f000
R15=0x00007f256c15f000 is a thread


Stack: [0x00007f255c12c000,0x00007f255c22d000],  sp=0x00007f255c22b2e0,  free space=1020k
Native frames: (J=compiled Java code, j=interpreted, Vv=VM code, C=native code)
C  [libc.so.6+0x7f99e]  fwrite+0x1e

Java frames: (J=compiled Java code, j=interpreted, Vv=VM code)
j  prism.PrismNative.PN_PrintToFile(JLjava/lang/String;)V+0
j  prism.PrismFileLog.printToLog(Ljava/lang/String;)V+5
j  prism.PrismFileLog.print(Ljava/lang/String;)V+2
j  prism.Prism.initialise()V+51
j  checkers.Checker.startPrism()V+55
j  checkers.PrismThread.startPrism()V+71
j  checkers.PrismThread.run()V+39
j  java.lang.Thread.run()V+11
v  ~StubRoutines::call_stub

---------------  P R O C E S S  ---------------

Java Threads: ( => current thread )
  0x00007f254418d800 JavaThread "Image Fetcher 0" daemon [_thread_blocked, id=24132, stack(0x00007f253d0f0000,0x00007f253d1f1000)]
  0x00007f2544164800 JavaThread "AWT-EventQueue-0" [_thread_blocked, id=24131, stack(0x00007f253d3f1000,0x00007f253d4f2000)]
  0x00007f2544162800 JavaThread "AWT-Shutdown" [_thread_blocked, id=24130, stack(0x00007f253d4f2000,0x00007f253d5f3000)]
  0x00007f254412f000 JavaThread "AWT-XAWT" daemon [_thread_in_native, id=24129, stack(0x00007f253d7f3000,0x00007f253d8f4000)]
  0x00007f254410d800 JavaThread "Java2D Disposer" daemon [_thread_blocked, id=24128, stack(0x00007f255c02b000,0x00007f255c12c000)]
=>0x00007f256c15f000 JavaThread "prism" [_thread_in_native, id=24116, stack(0x00007f255c12c000,0x00007f255c22d000)]
  0x00007f256c0c8000 JavaThread "Service Thread" daemon [_thread_blocked, id=24111, stack(0x00007f255c32e000,0x00007f255c42f000)]
  0x00007f256c0b3000 JavaThread "C1 CompilerThread1" daemon [_thread_blocked, id=24110, stack(0x00007f255c430000,0x00007f255c530000)]
  0x00007f256c0b1000 JavaThread "C2 CompilerThread0" daemon [_thread_blocked, id=24109, stack(0x00007f255c531000,0x00007f255c631000)]
  0x00007f256c0af800 JavaThread "Signal Dispatcher" daemon [_thread_blocked, id=24108, stack(0x00007f25700f7000,0x00007f25701f8000)]
  0x00007f256c07c000 JavaThread "Finalizer" daemon [_thread_blocked, id=24107, stack(0x00007f25701f8000,0x00007f25702f9000)]
  0x00007f256c079800 JavaThread "Reference Handler" daemon [_thread_blocked, id=24106, stack(0x00007f25702f9000,0x00007f25703fa000)]
  0x00007f256c00b800 JavaThread "main" [_thread_blocked, id=24104, stack(0x00007f2574c17000,0x00007f2574d17000)]

Other Threads:
  0x00007f256c070000 VMThread [stack: 0x00007f25703fb000,0x00007f25704fb000] [id=24105]
  0x00007f256c0cd800 WatcherThread [stack: 0x00007f255c22e000,0x00007f255c32e000] [id=24112]

VM state:not at safepoint (normal execution)

VM Mutex/Monitor currently owned by a thread: None

Heap:
 def new generation   total 56512K, used 17083K [0x0000000708800000, 0x000000070c550000, 0x0000000745aa0000)
  eden space 50240K,  34% used [0x0000000708800000, 0x00000007098aecf8, 0x000000070b910000)
  from space 6272K,   0% used [0x000000070b910000, 0x000000070b910000, 0x000000070bf30000)
  to   space 6272K,   0% used [0x000000070bf30000, 0x000000070bf30000, 0x000000070c550000)
 tenured generation   total 125632K, used 0K [0x0000000745aa0000, 0x000000074d550000, 0x00000007c0000000)
   the space 125632K,   0% used [0x0000000745aa0000, 0x0000000745aa0000, 0x0000000745aa0200, 0x000000074d550000)
 Metaspace       used 13736K, capacity 13986K, committed 14208K, reserved 1060864K
  class space    used 1742K, capacity 1816K, committed 1920K, reserved 1048576K

Card table byte_map: [0x00007f257131e000,0x00007f25718db000] byte_map_base: 0x00007f256dada000

Polling page: 0x00007f2574d2b000

CodeCache: size=245760Kb used=3383Kb max_used=3383Kb free=242376Kb
 bounds [0x00007f255d000000, 0x00007f255d360000, 0x00007f256c000000]
 total_blobs=1433 nmethods=915 adapters=431
 compilation: enabled

Compilation events (10 events):
Event: 2.749 Thread 0x00007f256c0b1000 nmethod 910 0x00007f255d342850 code [0x00007f255d3429a0, 0x00007f255d342a98]
Event: 2.749 Thread 0x00007f256c0b1000  911       4       javax.swing.RepaintManager::currentManager (37 bytes)
Event: 2.750 Thread 0x00007f256c0b1000 nmethod 911 0x00007f255d342550 code [0x00007f255d3426a0, 0x00007f255d342748]
Event: 2.751 Thread 0x00007f256c0b3000 nmethod 897 0x00007f255d343fd0 code [0x00007f255d3441a0, 0x00007f255d3449d8]
Event: 2.751 Thread 0x00007f256c0b3000  900       3       java.awt.geom.Rectangle2D::<init> (5 bytes)
Event: 2.751 Thread 0x00007f256c0b3000 nmethod 900 0x00007f255d3420d0 code [0x00007f255d342240, 0x00007f255d342450]
Event: 2.751 Thread 0x00007f256c0b3000  901       3       java.awt.geom.RectangularShape::<init> (5 bytes)
Event: 2.751 Thread 0x00007f256c0b3000 nmethod 901 0x00007f255d343c10 code [0x00007f255d343d80, 0x00007f255d343f30]
Event: 2.751 Thread 0x00007f256c0b3000  909       3       javax.swing.plaf.basic.BasicTextUI::propertyChange (36 bytes)
Event: 2.752 Thread 0x00007f256c0b3000 nmethod 909 0x00007f255d345e50 code [0x00007f255d346000, 0x00007f255d346540]

GC Heap History (0 events):
No events

Deoptimization events (4 events):
Event: 2.085 Thread 0x00007f256c15f000 Uncommon trap: reason=bimorphic action=maybe_recompile pc=0x00007f255d2761cc method=javax.swing.UIDefaults.getFromHashtable(Ljava/lang/Object;)Ljava/lang/Object; @ 126
Event: 2.089 Thread 0x00007f256c15f000 Uncommon trap: reason=bimorphic action=maybe_recompile pc=0x00007f255d2761cc method=javax.swing.UIDefaults.getFromHashtable(Ljava/lang/Object;)Ljava/lang/Object; @ 126
Event: 2.091 Thread 0x00007f256c15f000 Uncommon trap: reason=bimorphic action=maybe_recompile pc=0x00007f255d2761cc method=javax.swing.UIDefaults.getFromHashtable(Ljava/lang/Object;)Ljava/lang/Object; @ 126
Event: 2.091 Thread 0x00007f256c15f000 Uncommon trap: reason=bimorphic action=maybe_recompile pc=0x00007f255d2761cc method=javax.swing.UIDefaults.getFromHashtable(Ljava/lang/Object;)Ljava/lang/Object; @ 126

Classes redefined (0 events):
No events

Internal exceptions (10 events):
Event: 0.065 Thread 0x00007f256c00b800 Exception <a 'java/lang/NoSuchMethodError': Method sun.misc.Unsafe.defineClass(Ljava/lang/String;[BII)Ljava/lang/Class; name or signature does not match> (0x0000000708807cb0) thrown at [/HUDSON/workspace/8-2-build-linux-amd64/jdk8u181/11358/hotspot/src/sh
Event: 0.065 Thread 0x00007f256c00b800 Exception <a 'java/lang/NoSuchMethodError': Method sun.misc.Unsafe.prefetchRead(Ljava/lang/Object;J)V name or signature does not match> (0x0000000708807f98) thrown at [/HUDSON/workspace/8-2-build-linux-amd64/jdk8u181/11358/hotspot/src/share/vm/prims/jni.c
Event: 0.271 Thread 0x00007f256c00b800 Exception <a 'java/security/PrivilegedActionException'> (0x0000000708880f30) thrown at [/HUDSON/workspace/8-2-build-linux-amd64/jdk8u181/11358/hotspot/src/share/vm/prims/jvm.cpp, line 1435]
Event: 0.271 Thread 0x00007f256c00b800 Exception <a 'java/security/PrivilegedActionException'> (0x0000000708881140) thrown at [/HUDSON/workspace/8-2-build-linux-amd64/jdk8u181/11358/hotspot/src/share/vm/prims/jvm.cpp, line 1435]
Event: 0.277 Thread 0x00007f256c00b800 Exception <a 'java/security/PrivilegedActionException'> (0x0000000708883728) thrown at [/HUDSON/workspace/8-2-build-linux-amd64/jdk8u181/11358/hotspot/src/share/vm/prims/jvm.cpp, line 1435]
Event: 0.277 Thread 0x00007f256c00b800 Exception <a 'java/security/PrivilegedActionException'> (0x0000000708883938) thrown at [/HUDSON/workspace/8-2-build-linux-amd64/jdk8u181/11358/hotspot/src/share/vm/prims/jvm.cpp, line 1435]
Event: 1.150 Thread 0x00007f256c15f000 Exception <a 'java/lang/NoSuchFieldError': method resolution failed> (0x0000000708d1db18) thrown at [/HUDSON/workspace/8-2-build-linux-amd64/jdk8u181/11358/hotspot/src/share/vm/prims/methodHandles.cpp, line 1167]
Event: 1.173 Thread 0x00007f256c15f000 Exception <a 'java/lang/NoSuchFieldError': method resolution failed> (0x0000000708d2b288) thrown at [/HUDSON/workspace/8-2-build-linux-amd64/jdk8u181/11358/hotspot/src/share/vm/prims/methodHandles.cpp, line 1167]
Event: 1.271 Thread 0x00007f256c15f000 Exception <a 'java/io/FileNotFoundException'> (0x0000000708dab678) thrown at [/HUDSON/workspace/8-2-build-linux-amd64/jdk8u181/11358/hotspot/src/share/vm/prims/jni.cpp, line 709]
Event: 1.271 Thread 0x00007f256c15f000 Exception <a 'java/io/FileNotFoundException'> (0x0000000708dac008) thrown at [/HUDSON/workspace/8-2-build-linux-amd64/jdk8u181/11358/hotspot/src/share/vm/prims/jni.cpp, line 709]

Events (10 events):
Event: 2.397 loading class java/util/Collections$SynchronizedRandomAccessList done
Event: 2.397 loading class java/util/Vector$ListItr
Event: 2.397 loading class java/util/Vector$ListItr done
Event: 2.397 loading class javax/swing/plaf/basic/BasicDirectoryModel$DoChangeContents
Event: 2.397 loading class javax/swing/plaf/basic/BasicDirectoryModel$DoChangeContents done
Event: 2.403 Thread 0x00007f2544213800 Thread exited: 0x00007f2544213800
Event: 2.473 loading class prism/Prism$ModelSource
Event: 2.473 loading class prism/Prism$ModelSource done
Event: 2.702 Thread 0x00007f2544213800 Thread added: 0x00007f2544213800
Event: 2.713 Thread 0x00007f2544213800 Thread exited: 0x00007f2544213800


Dynamic libraries:
00400000-00401000 r-xp 00000000 08:01 299893                             /usr/lib/jvm/jdk1.8.0_181/bin/java
00600000-00601000 rw-p 00000000 08:01 299893                             /usr/lib/jvm/jdk1.8.0_181/bin/java
01925000-01946000 rw-p 00000000 00:00 0                                  [heap]
708800000-70c550000 rw-p 00000000 00:00 0 
70c550000-745aa0000 ---p 00000000 00:00 0 
745aa0000-74d550000 rw-p 00000000 00:00 0 
74d550000-7c0000000 ---p 00000000 00:00 0 
7c0000000-7c01e0000 rw-p 00000000 00:00 0 
7c01e0000-800000000 ---p 00000000 00:00 0 
7f253c947000-7f253c94a000 ---p 00000000 00:00 0 
7f253c94a000-7f253ca48000 rw-p 00000000 00:00 0 
7f253ca48000-7f253cab2000 r-xp 00000000 08:01 423062                     /usr/lib/jvm/jdk1.8.0_181/jre/lib/amd64/libt2k.so
7f253cab2000-7f253ccb1000 ---p 0006a000 08:01 423062                     /usr/lib/jvm/jdk1.8.0_181/jre/lib/amd64/libt2k.so
7f253ccb1000-7f253ccb8000 rw-p 00069000 08:01 423062                     /usr/lib/jvm/jdk1.8.0_181/jre/lib/amd64/libt2k.so
7f253ccb8000-7f253ccc8000 rw-p 00000000 00:00 0 
7f253ccc8000-7f253ccd9000 r-xp 00000000 08:01 423099                     /usr/lib/jvm/jdk1.8.0_181/jre/lib/amd64/libnio.so
7f253ccd9000-7f253ced8000 ---p 00011000 08:01 423099                     /usr/lib/jvm/jdk1.8.0_181/jre/lib/amd64/libnio.so
7f253ced8000-7f253ced9000 rw-p 00010000 08:01 423099                     /usr/lib/jvm/jdk1.8.0_181/jre/lib/amd64/libnio.so
7f253ced9000-7f253ceef000 r-xp 00000000 08:01 423096                     /usr/lib/jvm/jdk1.8.0_181/jre/lib/amd64/libnet.so
7f253ceef000-7f253d0ef000 ---p 00016000 08:01 423096                     /usr/lib/jvm/jdk1.8.0_181/jre/lib/amd64/libnet.so
7f253d0ef000-7f253d0f0000 rw-p 00016000 08:01 423096                     /usr/lib/jvm/jdk1.8.0_181/jre/lib/amd64/libnet.so
7f253d0f0000-7f253d0f3000 ---p 00000000 00:00 0 
7f253d0f3000-7f253d3f1000 rw-p 00000000 00:00 0 
7f253d3f1000-7f253d3f4000 ---p 00000000 00:00 0 
7f253d3f4000-7f253d4f2000 rw-p 00000000 00:00 0 
7f253d4f2000-7f253d4f5000 ---p 00000000 00:00 0 
7f253d4f5000-7f253d7f3000 rw-p 00000000 00:00 0 
7f253d7f3000-7f253d7f6000 ---p 00000000 00:00 0 
7f253d7f6000-7f253d8f4000 rw-p 00000000 00:00 0 
7f253d8f4000-7f253d8f9000 r-xp 00000000 08:01 12304                      /usr/lib/x86_64-linux-gnu/libXfixes.so.3.1.0
7f253d8f9000-7f253daf8000 ---p 00005000 08:01 12304                      /usr/lib/x86_64-linux-gnu/libXfixes.so.3.1.0
7f253daf8000-7f253daf9000 r--p 00004000 08:01 12304                      /usr/lib/x86_64-linux-gnu/libXfixes.so.3.1.0
7f253daf9000-7f253dafa000 rw-p 00005000 08:01 12304                      /usr/lib/x86_64-linux-gnu/libXfixes.so.3.1.0
7f253dafa000-7f253db03000 r-xp 00000000 08:01 12296                      /usr/lib/x86_64-linux-gnu/libXcursor.so.1.0.2
7f253db03000-7f253dd02000 ---p 00009000 08:01 12296                      /usr/lib/x86_64-linux-gnu/libXcursor.so.1.0.2
7f253dd02000-7f253dd03000 r--p 00008000 08:01 12296                      /usr/lib/x86_64-linux-gnu/libXcursor.so.1.0.2
7f253dd03000-7f253dd04000 rw-p 00009000 08:01 12296                      /usr/lib/x86_64-linux-gnu/libXcursor.so.1.0.2
7f253dd04000-7f253dd69000 r-xp 00000000 08:01 423076                     /usr/lib/jvm/jdk1.8.0_181/jre/lib/amd64/libfontmanager.so
7f253dd69000-7f253df68000 ---p 00065000 08:01 423076                     /usr/lib/jvm/jdk1.8.0_181/jre/lib/amd64/libfontmanager.so
7f253df68000-7f253df6d000 rw-p 00064000 08:01 423076                     /usr/lib/jvm/jdk1.8.0_181/jre/lib/amd64/libfontmanager.so
7f253df6d000-7f253df7d000 rw-p 00000000 00:00 0 
7f253df7d000-7f253df90000 r-xp 00000000 08:01 268771                     /lib/x86_64-linux-gnu/libbsd.so.0.8.7
7f253df90000-7f253e18f000 ---p 00013000 08:01 268771                     /lib/x86_64-linux-gnu/libbsd.so.0.8.7
7f253e18f000-7f253e190000 r--p 00012000 08:01 268771                     /lib/x86_64-linux-gnu/libbsd.so.0.8.7
7f253e190000-7f253e191000 rw-p 00013000 08:01 268771                     /lib/x86_64-linux-gnu/libbsd.so.0.8.7
7f253e191000-7f253e192000 rw-p 00000000 00:00 0 
7f253e192000-7f253e197000 r-xp 00000000 08:01 12300                      /usr/lib/x86_64-linux-gnu/libXdmcp.so.6.0.0
7f253e197000-7f253e396000 ---p 00005000 08:01 12300                      /usr/lib/x86_64-linux-gnu/libXdmcp.so.6.0.0
7f253e396000-7f253e397000 r--p 00004000 08:01 12300                      /usr/lib/x86_64-linux-gnu/libXdmcp.so.6.0.0
7f253e397000-7f253e398000 rw-p 00005000 08:01 12300                      /usr/lib/x86_64-linux-gnu/libXdmcp.so.6.0.0
7f253e398000-7f253e39a000 r-xp 00000000 08:01 12289                      /usr/lib/x86_64-linux-gnu/libXau.so.6.0.0
7f253e39a000-7f253e59a000 ---p 00002000 08:01 12289                      /usr/lib/x86_64-linux-gnu/libXau.so.6.0.0
7f253e59a000-7f253e59b000 r--p 00002000 08:01 12289                      /usr/lib/x86_64-linux-gnu/libXau.so.6.0.0
7f253e59b000-7f253e59c000 rw-p 00003000 08:01 12289                      /usr/lib/x86_64-linux-gnu/libXau.so.6.0.0
7f253e59c000-7f253e5c2000 r-xp 00000000 08:01 13496                      /usr/lib/x86_64-linux-gnu/libxcb.so.1.1.0
7f253e5c2000-7f253e7c2000 ---p 00026000 08:01 13496                      /usr/lib/x86_64-linux-gnu/libxcb.so.1.1.0
7f253e7c2000-7f253e7c3000 r--p 00026000 08:01 13496                      /usr/lib/x86_64-linux-gnu/libxcb.so.1.1.0
7f253e7c3000-7f253e7c4000 rw-p 00027000 08:01 13496                      /usr/lib/x86_64-linux-gnu/libxcb.so.1.1.0
7f253e7c4000-7f253e7d3000 r-xp 00000000 08:01 12310                      /usr/lib/x86_64-linux-gnu/libXi.so.6.1.0
7f253e7d3000-7f253e9d2000 ---p 0000f000 08:01 12310                      /usr/lib/x86_64-linux-gnu/libXi.so.6.1.0
7f253e9d2000-7f253e9d3000 r--p 0000e000 08:01 12310                      /usr/lib/x86_64-linux-gnu/libXi.so.6.1.0
7f253e9d3000-7f253e9d4000 rw-p 0000f000 08:01 12310                      /usr/lib/x86_64-linux-gnu/libXi.so.6.1.0
7f253e9d4000-7f253e9d9000 r-xp 00000000 08:01 12328                      /usr/lib/x86_64-linux-gnu/libXtst.so.6.1.0
7f253e9d9000-7f253ebd8000 ---p 00005000 08:01 12328                      /usr/lib/x86_64-linux-gnu/libXtst.so.6.1.0
7f253ebd8000-7f253ebd9000 r--p 00004000 08:01 12328                      /usr/lib/x86_64-linux-gnu/libXtst.so.6.1.0
7f253ebd9000-7f253ebda000 rw-p 00005000 08:01 12328                      /usr/lib/x86_64-linux-gnu/libXtst.so.6.1.0
7f253ebda000-7f253ebe3000 r-xp 00000000 08:01 12322                      /usr/lib/x86_64-linux-gnu/libXrender.so.1.3.0
7f253ebe3000-7f253ede2000 ---p 00009000 08:01 12322                      /usr/lib/x86_64-linux-gnu/libXrender.so.1.3.0
7f253ede2000-7f253ede3000 r--p 00008000 08:01 12322                      /usr/lib/x86_64-linux-gnu/libXrender.so.1.3.0
7f253ede3000-7f253ede4000 rw-p 00009000 08:01 12322                      /usr/lib/x86_64-linux-gnu/libXrender.so.1.3.0
7f253ede4000-7f253ef18000 r-xp 00000000 08:01 12285                      /usr/lib/x86_64-linux-gnu/libX11.so.6.3.0
7f253ef18000-7f253f118000 ---p 00134000 08:01 12285                      /usr/lib/x86_64-linux-gnu/libX11.so.6.3.0
7f253f118000-7f253f119000 r--p 00134000 08:01 12285                      /usr/lib/x86_64-linux-gnu/libX11.so.6.3.0
7f253f119000-7f253f11d000 rw-p 00135000 08:01 12285                      /usr/lib/x86_64-linux-gnu/libX11.so.6.3.0
7f253f11d000-7f253f12e000 r-xp 00000000 08:01 12302                      /usr/lib/x86_64-linux-gnu/libXext.so.6.4.0
7f253f12e000-7f253f32d000 ---p 00011000 08:01 12302                      /usr/lib/x86_64-linux-gnu/libXext.so.6.4.0
7f253f32d000-7f253f32e000 r--p 00010000 08:01 12302                      /usr/lib/x86_64-linux-gnu/libXext.so.6.4.0
7f253f32e000-7f253f32f000 rw-p 00011000 08:01 12302                      /usr/lib/x86_64-linux-gnu/libXext.so.6.4.0
7f253f32f000-7f253f383000 r-xp 00000000 08:01 423103                     /usr/lib/jvm/jdk1.8.0_181/jre/lib/amd64/libawt_xawt.so
7f253f383000-7f253f583000 ---p 00054000 08:01 423103                     /usr/lib/jvm/jdk1.8.0_181/jre/lib/amd64/libawt_xawt.so
7f253f583000-7f253f587000 rw-p 00054000 08:01 423103                     /usr/lib/jvm/jdk1.8.0_181/jre/lib/amd64/libawt_xawt.so
7f253f587000-7f253f588000 rw-p 00000000 00:00 0 
7f253f588000-7f253f62a000 r-xp 00000000 08:01 423089                     /usr/lib/jvm/jdk1.8.0_181/jre/lib/amd64/libawt.so
7f253f62a000-7f253f82a000 ---p 000a2000 08:01 423089                     /usr/lib/jvm/jdk1.8.0_181/jre/lib/amd64/libawt.so
7f253f82a000-7f253f836000 rw-p 000a2000 08:01 423089                     /usr/lib/jvm/jdk1.8.0_181/jre/lib/amd64/libawt.so
7f253f836000-7f253f85a000 rw-p 00000000 00:00 0 
7f253f85a000-7f253f871000 r-xp 00000000 08:01 292491                     /lib/x86_64-linux-gnu/libgcc_s.so.1
7f253f871000-7f253fa70000 ---p 00017000 08:01 292491                     /lib/x86_64-linux-gnu/libgcc_s.so.1
7f253fa70000-7f253fa71000 r--p 00016000 08:01 292491                     /lib/x86_64-linux-gnu/libgcc_s.so.1
7f253fa71000-7f253fa72000 rw-p 00017000 08:01 292491                     /lib/x86_64-linux-gnu/libgcc_s.so.1
7f253fa72000-7f253fbeb000 r-xp 00000000 08:01 2222                       /usr/lib/x86_64-linux-gnu/libstdc++.so.6.0.25
7f253fbeb000-7f253fdeb000 ---p 00179000 08:01 2222                       /usr/lib/x86_64-linux-gnu/libstdc++.so.6.0.25
7f253fdeb000-7f253fdf5000 r--p 00179000 08:01 2222                       /usr/lib/x86_64-linux-gnu/libstdc++.so.6.0.25
7f253fdf5000-7f253fdf7000 rw-p 00183000 08:01 2222                       /usr/lib/x86_64-linux-gnu/libstdc++.so.6.0.25
7f253fdf7000-7f253fdfb000 rw-p 00000000 00:00 0 
7f253fdfb000-7f253fdff000 r-xp 00000000 08:01 1053981                    /opt/resources/prism-library/prism/lib/libprism.so
7f253fdff000-7f253fffe000 ---p 00004000 08:01 1053981                    /opt/resources/prism-library/prism/lib/libprism.so
7f253fffe000-7f253ffff000 r--p 00003000 08:01 1053981                    /opt/resources/prism-library/prism/lib/libprism.so
7f253ffff000-7f2540000000 rw-p 00004000 08:01 1053981                    /opt/resources/prism-library/prism/lib/libprism.so
7f2540000000-7f2540336000 rw-p 00000000 00:00 0 
7f2540336000-7f2544000000 ---p 00000000 00:00 0 
7f2544000000-7f2544471000 rw-p 00000000 00:00 0 
7f2544471000-7f2548000000 ---p 00000000 00:00 0 
7f2548000000-7f2548021000 rw-p 00000000 00:00 0 
7f2548021000-7f254c000000 ---p 00000000 00:00 0 
7f254c000000-7f254c167000 rw-p 00000000 00:00 0 
7f254c167000-7f2550000000 ---p 00000000 00:00 0 
7f2550000000-7f255002c000 rw-p 00000000 00:00 0 
7f255002c000-7f2554000000 ---p 00000000 00:00 0 
7f2554000000-7f2554021000 rw-p 00000000 00:00 0 
7f2554021000-7f2558000000 ---p 00000000 00:00 0 
7f2558000000-7f2558021000 rw-p 00000000 00:00 0 
7f2558021000-7f255c000000 ---p 00000000 00:00 0 
7f255c02b000-7f255c02e000 ---p 00000000 00:00 0 
7f255c02e000-7f255c12c000 rw-p 00000000 00:00 0 
7f255c12c000-7f255c12f000 ---p 00000000 00:00 0 
7f255c12f000-7f255c22d000 rw-p 00000000 00:00 0 
7f255c22d000-7f255c22e000 ---p 00000000 00:00 0 
7f255c22e000-7f255c32e000 rw-p 00000000 00:00 0 
7f255c32e000-7f255c331000 ---p 00000000 00:00 0 
7f255c331000-7f255c42f000 rw-p 00000000 00:00 0 
7f255c42f000-7f255c430000 ---p 00000000 00:00 0 
7f255c430000-7f255c433000 ---p 00000000 00:00 0 
7f255c433000-7f255c530000 rw-p 00000000 00:00 0 
7f255c530000-7f255c531000 ---p 00000000 00:00 0 
7f255c531000-7f255c534000 ---p 00000000 00:00 0 
7f255c534000-7f255c631000 rw-p 00000000 00:00 0 
7f255c631000-7f255d000000 r--p 00000000 08:01 6873                       /usr/lib/locale/locale-archive
7f255d000000-7f255d360000 rwxp 00000000 00:00 0 
7f255d360000-7f256c000000 ---p 00000000 00:00 0 
7f256c000000-7f256c177000 rw-p 00000000 00:00 0 
7f256c177000-7f2570000000 ---p 00000000 00:00 0 
7f257002f000-7f2570042000 r--s 00345000 08:01 423003                     /usr/lib/jvm/jdk1.8.0_181/jre/lib/resources.jar
7f2570042000-7f25700d7000 r--s 01109000 08:01 555531                     /usr/lib/jvm/jdk1.8.0_121/jre/lib/ext/jfxrt.jar
7f25700d7000-7f25700f7000 r--s 0027a000 08:01 1053985                    /opt/resources/prism-library/prism/lib/prism.jar
7f25700f7000-7f25700fa000 ---p 00000000 00:00 0 
7f25700fa000-7f25701f8000 rw-p 00000000 00:00 0 
7f25701f8000-7f25701fb000 ---p 00000000 00:00 0 
7f25701fb000-7f25702f9000 rw-p 00000000 00:00 0 
7f25702f9000-7f25702fc000 ---p 00000000 00:00 0 
7f25702fc000-7f25703fa000 rw-p 00000000 00:00 0 
7f25703fa000-7f25703fb000 ---p 00000000 00:00 0 
7f25703fb000-7f25704fb000 rw-p 00000000 00:00 0 
7f25704fb000-7f25706d5000 r--s 03d6b000 08:01 422965                     /usr/lib/jvm/jdk1.8.0_181/jre/lib/rt.jar
7f25706d5000-7f2570f89000 rw-p 00000000 00:00 0 
7f2570f89000-7f257131e000 ---p 00000000 00:00 0 
7f257131e000-7f257133d000 rw-p 00000000 00:00 0 
7f257133d000-7f2571507000 ---p 00000000 00:00 0 
7f2571507000-7f2571545000 rw-p 00000000 00:00 0 
7f2571545000-7f25718da000 ---p 00000000 00:00 0 
7f25718da000-7f25718e9000 rw-p 00000000 00:00 0 
7f25718e9000-7f2571c9b000 ---p 00000000 00:00 0 
7f2571c9b000-7f2571cb6000 r-xp 00000000 08:01 423092                     /usr/lib/jvm/jdk1.8.0_181/jre/lib/amd64/libzip.so
7f2571cb6000-7f2571eb6000 ---p 0001b000 08:01 423092                     /usr/lib/jvm/jdk1.8.0_181/jre/lib/amd64/libzip.so
7f2571eb6000-7f2571eb7000 rw-p 0001b000 08:01 423092                     /usr/lib/jvm/jdk1.8.0_181/jre/lib/amd64/libzip.so
7f2571eb7000-7f2571ec2000 r-xp 00000000 08:01 293372                     /lib/x86_64-linux-gnu/libnss_files-2.27.so
7f2571ec2000-7f25720c1000 ---p 0000b000 08:01 293372                     /lib/x86_64-linux-gnu/libnss_files-2.27.so
7f25720c1000-7f25720c2000 r--p 0000a000 08:01 293372                     /lib/x86_64-linux-gnu/libnss_files-2.27.so
7f25720c2000-7f25720c3000 rw-p 0000b000 08:01 293372                     /lib/x86_64-linux-gnu/libnss_files-2.27.so
7f25720c3000-7f25720c9000 rw-p 00000000 00:00 0 
7f25720c9000-7f25720e0000 r-xp 00000000 08:01 293367                     /lib/x86_64-linux-gnu/libnsl-2.27.so
7f25720e0000-7f25722df000 ---p 00017000 08:01 293367                     /lib/x86_64-linux-gnu/libnsl-2.27.so
7f25722df000-7f25722e0000 r--p 00016000 08:01 293367                     /lib/x86_64-linux-gnu/libnsl-2.27.so
7f25722e0000-7f25722e1000 rw-p 00017000 08:01 293367                     /lib/x86_64-linux-gnu/libnsl-2.27.so
7f25722e1000-7f25722e3000 rw-p 00000000 00:00 0 
7f25722e3000-7f25722ee000 r-xp 00000000 08:01 293374                     /lib/x86_64-linux-gnu/libnss_nis-2.27.so
7f25722ee000-7f25724ed000 ---p 0000b000 08:01 293374                     /lib/x86_64-linux-gnu/libnss_nis-2.27.so
7f25724ed000-7f25724ee000 r--p 0000a000 08:01 293374                     /lib/x86_64-linux-gnu/libnss_nis-2.27.so
7f25724ee000-7f25724ef000 rw-p 0000b000 08:01 293374                     /lib/x86_64-linux-gnu/libnss_nis-2.27.so
7f25724ef000-7f25724f7000 r-xp 00000000 08:01 293370                     /lib/x86_64-linux-gnu/libnss_compat-2.27.so
7f25724f7000-7f25726f7000 ---p 00008000 08:01 293370                     /lib/x86_64-linux-gnu/libnss_compat-2.27.so
7f25726f7000-7f25726f8000 r--p 00008000 08:01 293370                     /lib/x86_64-linux-gnu/libnss_compat-2.27.so
7f25726f8000-7f25726f9000 rw-p 00009000 08:01 293370                     /lib/x86_64-linux-gnu/libnss_compat-2.27.so
7f25726f9000-7f2572724000 r-xp 00000000 08:01 423086                     /usr/lib/jvm/jdk1.8.0_181/jre/lib/amd64/libjava.so
7f2572724000-7f2572923000 ---p 0002b000 08:01 423086                     /usr/lib/jvm/jdk1.8.0_181/jre/lib/amd64/libjava.so
7f2572923000-7f2572925000 rw-p 0002a000 08:01 423086                     /usr/lib/jvm/jdk1.8.0_181/jre/lib/amd64/libjava.so
7f2572925000-7f2572932000 r-xp 00000000 08:01 423091                     /usr/lib/jvm/jdk1.8.0_181/jre/lib/amd64/libverify.so
7f2572932000-7f2572b32000 ---p 0000d000 08:01 423091                     /usr/lib/jvm/jdk1.8.0_181/jre/lib/amd64/libverify.so
7f2572b32000-7f2572b34000 rw-p 0000d000 08:01 423091                     /usr/lib/jvm/jdk1.8.0_181/jre/lib/amd64/libverify.so
7f2572b34000-7f2572b3b000 r-xp 00000000 08:01 293659                     /lib/x86_64-linux-gnu/librt-2.27.so
7f2572b3b000-7f2572d3a000 ---p 00007000 08:01 293659                     /lib/x86_64-linux-gnu/librt-2.27.so
7f2572d3a000-7f2572d3b000 r--p 00006000 08:01 293659                     /lib/x86_64-linux-gnu/librt-2.27.so
7f2572d3b000-7f2572d3c000 rw-p 00007000 08:01 293659                     /lib/x86_64-linux-gnu/librt-2.27.so
7f2572d3c000-7f2572ed9000 r-xp 00000000 08:01 293364                     /lib/x86_64-linux-gnu/libm-2.27.so
7f2572ed9000-7f25730d8000 ---p 0019d000 08:01 293364                     /lib/x86_64-linux-gnu/libm-2.27.so
7f25730d8000-7f25730d9000 r--p 0019c000 08:01 293364                     /lib/x86_64-linux-gnu/libm-2.27.so
7f25730d9000-7f25730da000 rw-p 0019d000 08:01 293364                     /lib/x86_64-linux-gnu/libm-2.27.so
7f25730da000-7f2573db6000 r-xp 00000000 08:01 529445                     /usr/lib/jvm/jdk1.8.0_181/jre/lib/amd64/server/libjvm.so
7f2573db6000-7f2573fb6000 ---p 00cdc000 08:01 529445                     /usr/lib/jvm/jdk1.8.0_181/jre/lib/amd64/server/libjvm.so
7f2573fb6000-7f2574090000 rw-p 00cdc000 08:01 529445                     /usr/lib/jvm/jdk1.8.0_181/jre/lib/amd64/server/libjvm.so
7f2574090000-7f25740db000 rw-p 00000000 00:00 0 
7f25740db000-7f25742c2000 r-xp 00000000 08:01 293344                     /lib/x86_64-linux-gnu/libc-2.27.so
7f25742c2000-7f25744c2000 ---p 001e7000 08:01 293344                     /lib/x86_64-linux-gnu/libc-2.27.so
7f25744c2000-7f25744c6000 r--p 001e7000 08:01 293344                     /lib/x86_64-linux-gnu/libc-2.27.so
7f25744c6000-7f25744c8000 rw-p 001eb000 08:01 293344                     /lib/x86_64-linux-gnu/libc-2.27.so
7f25744c8000-7f25744cc000 rw-p 00000000 00:00 0 
7f25744cc000-7f25744cf000 r-xp 00000000 08:01 293363                     /lib/x86_64-linux-gnu/libdl-2.27.so
7f25744cf000-7f25746ce000 ---p 00003000 08:01 293363                     /lib/x86_64-linux-gnu/libdl-2.27.so
7f25746ce000-7f25746cf000 r--p 00002000 08:01 293363                     /lib/x86_64-linux-gnu/libdl-2.27.so
7f25746cf000-7f25746d0000 rw-p 00003000 08:01 293363                     /lib/x86_64-linux-gnu/libdl-2.27.so
7f25746d0000-7f25746e6000 r-xp 00000000 08:01 300951                     /usr/lib/jvm/jdk1.8.0_181/lib/amd64/jli/libjli.so
7f25746e6000-7f25748e5000 ---p 00016000 08:01 300951                     /usr/lib/jvm/jdk1.8.0_181/lib/amd64/jli/libjli.so
7f25748e5000-7f25748e6000 rw-p 00015000 08:01 300951                     /usr/lib/jvm/jdk1.8.0_181/lib/amd64/jli/libjli.so
7f25748e6000-7f2574900000 r-xp 00000000 08:01 293377                     /lib/x86_64-linux-gnu/libpthread-2.27.so
7f2574900000-7f2574aff000 ---p 0001a000 08:01 293377                     /lib/x86_64-linux-gnu/libpthread-2.27.so
7f2574aff000-7f2574b00000 r--p 00019000 08:01 293377                     /lib/x86_64-linux-gnu/libpthread-2.27.so
7f2574b00000-7f2574b01000 rw-p 0001a000 08:01 293377                     /lib/x86_64-linux-gnu/libpthread-2.27.so
7f2574b01000-7f2574b05000 rw-p 00000000 00:00 0 
7f2574b05000-7f2574b2e000 r-xp 00000000 08:01 293340                     /lib/x86_64-linux-gnu/ld-2.27.so
7f2574b37000-7f2574b44000 r--s 00077000 08:01 1053987                    /opt/resources/prism-library/prism/lib/colt.jar
7f2574b44000-7f2574c16000 rw-p 00000000 00:00 0 
7f2574c16000-7f2574c17000 ---p 00000000 00:00 0 
7f2574c17000-7f2574c1a000 ---p 00000000 00:00 0 
7f2574c1a000-7f2574d19000 rw-p 00000000 00:00 0 
7f2574d19000-7f2574d1b000 r--s 00007000 08:01 423114                     /usr/lib/jvm/jdk1.8.0_181/jre/lib/jfxswt.jar
7f2574d1b000-7f2574d1e000 r--s 00015000 08:01 1053995                    /opt/resources/prism-library/prism/lib/pepa.zip
7f2574d1e000-7f2574d22000 r--s 0003d000 08:01 1053992                    /opt/resources/prism-library/prism/lib/jhoafparser.jar
7f2574d22000-7f2574d2a000 rw-s 00000000 08:01 942961                     /tmp/hsperfdata_new/24103
7f2574d2a000-7f2574d2b000 rw-p 00000000 00:00 0 
7f2574d2b000-7f2574d2c000 r--p 00000000 00:00 0 
7f2574d2c000-7f2574d2e000 rw-p 00000000 00:00 0 
7f2574d2e000-7f2574d2f000 r--p 00029000 08:01 293340                     /lib/x86_64-linux-gnu/ld-2.27.so
7f2574d2f000-7f2574d30000 rw-p 0002a000 08:01 293340                     /lib/x86_64-linux-gnu/ld-2.27.so
7f2574d30000-7f2574d31000 rw-p 00000000 00:00 0 
7fffb5159000-7fffb517b000 rw-p 00000000 00:00 0                          [stack]
7fffb51ee000-7fffb51f1000 r--p 00000000 00:00 0                          [vvar]
7fffb51f1000-7fffb51f3000 r-xp 00000000 00:00 0                          [vdso]
ffffffffff600000-ffffffffff601000 r-xp 00000000 00:00 0                  [vsyscall]

VM Arguments:
jvm_args: -Djava.library.path=/opt/resources/prism-library/prism/lib/ -Dfile.encoding=UTF-8 
java_command: aCheck.CheckingDriver 123
java_class_path (initial): /home/new/Documents/git/checker2/Rover/bin:/opt/resources/prism-library/prism/lib/colt.jar:/opt/resources/prism-library/prism/lib/jhoafparser.jar:/opt/resources/prism-library/prism/lib/pepa.zip:/opt/resources/prism-library/prism/lib/prism.jar:/usr/lib/jvm/jdk1.8.0_181/jre/lib/jfxswt.jar:/usr/lib/jvm/jdk1.8.0_121/jre/lib/ext/jfxrt.jar
Launcher Type: SUN_STANDARD

Environment Variables:
PATH=/usr/local/sbin:/usr/local/bin:/usr/sbin:/usr/bin:/sbin:/bin:/usr/games:/usr/local/games:/snap/bin
USERNAME=new
LD_LIBRARY_PATH=:/opt/resouces/prism-library/prism/lib/:/opt/resouces/prism-library/prism/lib/:/opt/resources/prism-library/prism/lib/
SHELL=/bin/bash
DISPLAY=:0

Signal Handlers:
SIGSEGV: [libjvm.so+0xad2a40], sa_mask[0]=11111111011111111101111111111110, sa_flags=SA_RESTART|SA_SIGINFO
SIGBUS: [libjvm.so+0xad2a40], sa_mask[0]=11111111011111111101111111111110, sa_flags=SA_RESTART|SA_SIGINFO
SIGFPE: [libjvm.so+0x92a610], sa_mask[0]=11111111011111111101111111111110, sa_flags=SA_RESTART|SA_SIGINFO
SIGPIPE: [libjvm.so+0x92a610], sa_mask[0]=11111111011111111101111111111110, sa_flags=SA_RESTART|SA_SIGINFO
SIGXFSZ: [libjvm.so+0x92a610], sa_mask[0]=11111111011111111101111111111110, sa_flags=SA_RESTART|SA_SIGINFO
SIGILL: [libjvm.so+0x92a610], sa_mask[0]=11111111011111111101111111111110, sa_flags=SA_RESTART|SA_SIGINFO
SIGUSR1: SIG_DFL, sa_mask[0]=00000000000000000000000000000000, sa_flags=none
SIGUSR2: [libjvm.so+0x92be70], sa_mask[0]=00000000000000000000000000000000, sa_flags=SA_RESTART|SA_SIGINFO
SIGHUP: [libjvm.so+0x92d270], sa_mask[0]=11111111011111111101111111111110, sa_flags=SA_RESTART|SA_SIGINFO
SIGINT: [libjvm.so+0x92d270], sa_mask[0]=11111111011111111101111111111110, sa_flags=SA_RESTART|SA_SIGINFO
SIGTERM: [libjvm.so+0x92d270], sa_mask[0]=11111111011111111101111111111110, sa_flags=SA_RESTART|SA_SIGINFO
SIGQUIT: [libjvm.so+0x92d270], sa_mask[0]=11111111011111111101111111111110, sa_flags=SA_RESTART|SA_SIGINFO


---------------  S Y S T E M  ---------------

OS:DISTRIB_ID=Ubuntu
DISTRIB_RELEASE=18.04
DISTRIB_CODENAME=bionic
DISTRIB_DESCRIPTION="Ubuntu 18.04.1 LTS"

uname:Linux 4.15.0-29-generic #31-Ubuntu SMP Tue Jul 17 15:39:52 UTC 2018 x86_64
libc:glibc 2.27 NPTL 2.27 
rlimit: STACK 8192k, CORE 0k, NPROC 46716, NOFILE 4096, AS infinity
load average:1.21 1.34 1.33

/proc/meminfo:
MemTotal:       12018728 kB
MemFree:         4888148 kB
MemAvailable:    7467300 kB
Buffers:          292680 kB
Cached:          2532872 kB
SwapCached:            0 kB
Active:          5090708 kB
Inactive:        1598400 kB
Active(anon):    3859640 kB
Inactive(anon):   143864 kB
Active(file):    1231068 kB
Inactive(file):  1454536 kB
Unevictable:          80 kB
Mlocked:              80 kB
SwapTotal:        581564 kB
SwapFree:         581564 kB
Dirty:               104 kB
Writeback:             0 kB
AnonPages:       3863656 kB
Mapped:           680284 kB
Shmem:            146124 kB
Slab:             272244 kB
SReclaimable:     212464 kB
SUnreclaim:        59780 kB
KernelStack:       19740 kB
PageTables:        76904 kB
NFS_Unstable:          0 kB
Bounce:                0 kB
WritebackTmp:          0 kB
CommitLimit:     6590928 kB
Committed_AS:   10322852 kB
VmallocTotal:   34359738367 kB
VmallocUsed:           0 kB
VmallocChunk:          0 kB
HardwareCorrupted:     0 kB
AnonHugePages:         0 kB
ShmemHugePages:        0 kB
ShmemPmdMapped:        0 kB
CmaTotal:              0 kB
CmaFree:               0 kB
HugePages_Total:       0
HugePages_Free:        0
HugePages_Rsvd:        0
HugePages_Surp:        0
Hugepagesize:       2048 kB
DirectMap4k:      202688 kB
DirectMap2M:    12097536 kB


CPU:total 1 (initial active 1) (1 cores per cpu, 1 threads per core) family 6 model 158 stepping 9, cmov, cx8, fxsr, mmx, sse, sse2, sse3, ssse3, sse4.1, sse4.2, popcnt, avx, avx2, aes, clmul, 3dnowpref, lzcnt, tsc, tscinvbit

/proc/cpuinfo:
processor	: 0
vendor_id	: GenuineIntel
cpu family	: 6
model		: 158
model name	: Intel(R) Core(TM) i7-7700HQ CPU @ 2.80GHz
stepping	: 9
cpu MHz		: 2807.998
cache size	: 6144 KB
physical id	: 0
siblings	: 1
core id		: 0
cpu cores	: 1
apicid		: 0
initial apicid	: 0
fpu		: yes
fpu_exception	: yes
cpuid level	: 22
wp		: yes
flags		: fpu vme de pse tsc msr pae mce cx8 apic sep mtrr pge mca cmov pat pse36 clflush mmx fxsr sse sse2 ht syscall nx rdtscp lm constant_tsc rep_good nopl xtopology nonstop_tsc cpuid pni pclmulqdq monitor ssse3 cx16 pcid sse4_1 sse4_2 x2apic movbe popcnt aes xsave avx rdrand hypervisor lahf_lm abm 3dnowprefetch invpcid_single pti fsgsbase avx2 invpcid rdseed clflushopt
bugs		: cpu_meltdown spectre_v1 spectre_v2 spec_store_bypass
bogomips	: 5615.99
clflush size	: 64
cache_alignment	: 64
address sizes	: 39 bits physical, 48 bits virtual
power management:



Memory: 4k page, physical 12018728k(4886412k free), swap 581564k(581564k free)

vm_info: Java HotSpot(TM) 64-Bit Server VM (25.181-b13) for linux-amd64 JRE (1.8.0_181-b13), built on Jul  7 2018 00:56:38 by "java_re" with gcc 4.3.0 20080428 (Red Hat 4.3.0-8)

time: Sun Mar 27 00:07:23 2022
elapsed time: 2 seconds (0d 0h 0m 2s)

