#
# A fatal error has been detected by the Java Runtime Environment:
#
#  SIGSEGV (0xb) at pc=0x00007f73c959599e, pid=24311, tid=0x00007f73b16a9700
#
# JRE version: Java(TM) SE Runtime Environment (8.0_181-b13) (build 1.8.0_181-b13)
# Java VM: Java HotSpot(TM) 64-Bit Server VM (25.181-b13 mixed mode linux-amd64 compressed oops)
# Problematic frame:
# C  [libc.so.6+0x7f99e]  fwrite+0x1e
#
# Failed to write core dump. Core dumps have been disabled. To enable core dumping, try "ulimit -c unlimited" before starting Java again
#
# If you would like to submit a bug report, please visit:
#   http://bugreport.java.com/bugreport/crash.jsp
# The crash happened outside the Java Virtual Machine in native code.
# See problematic frame for where to report the bug.
#

---------------  T H R E A D  ---------------

Current thread (0x00007f73c4170000):  JavaThread "prism" [_thread_in_native, id=24321, stack(0x00007f73b15a9000,0x00007f73b16aa000)]

siginfo: si_signo: 11 (SIGSEGV), si_code: 1 (SEGV_MAPERR), si_addr: 0x0000000000000000

Registers:
RAX=0x0000000000000006, RBX=0x00007f73c41701f8, RCX=0x0000000000000000, RDX=0x0000000000000006
RSP=0x00007f73b16a82e0, RBP=0x0000000000000006, RSI=0x0000000000000001, RDI=0x00007f7398192740
R8 =0x000000000000000a, R9 =0x00007f7398192746, R10=0x0000000000000016, R11=0x00007f73c9595980
R12=0x00007f73b16a83c8, R13=0x0000000000000000, R14=0x00007f73b16a83d8, R15=0x00007f73c4170000
RIP=0x00007f73c959599e, EFLAGS=0x0000000000010206, CSGSFS=0x002b000000000033, ERR=0x0000000000000004
  TRAPNO=0x000000000000000e

Top of Stack: (sp=0x00007f73b16a82e0)
0x00007f73b16a82e0:   0000000000000000 00007f73c41701f8
0x00007f73b16a82f0:   00007f7398192740 00007f73b16a83c8
0x00007f73b16a8300:   0000000000000000 00007f73b16a83d8
0x00007f73b16a8310:   00007f73c4170000 00007f73b13a6f6f
0x00007f73b16a8320:   0000000000000000 00007f73b2e28b40
0x00007f73b16a8330:   00007f73b16a83a8 0000000000000000
0x00007f73b16a8340:   00007f73b2e28b40 00007f73b3f77667
0x00007f73b16a8350:   00007f73b16a83a8 00007f73b3f773c7
0x00007f73b16a8360:   00007f73b3f77382 00007f73b16a8368
0x00007f73b16a8370:   00007f73b2e28b40 00007f73b16a83d8
0x00007f73b16a8380:   00007f73b2e28da8 0000000000000000
0x00007f73b16a8390:   00007f73b2e28b40 0000000000000000
0x00007f73b16a83a0:   00007f73b16a83c8 00007f73b16a8420
0x00007f73b16a83b0:   00007f73b3f672bd 0000000708b18570
0x00007f73b16a83c0:   00007f73b3f70d18 0000000709750240
0x00007f73b16a83d0:   0000000000000000 0000000708b14920
0x00007f73b16a83e0:   00007f73b16a83e0 00007f73b2e25dbd
0x00007f73b16a83f0:   00007f73b16a8438 00007f73b2e26ad0
0x00007f73b16a8400:   0000000000000000 00007f73b2e25dc8
0x00007f73b16a8410:   00007f73b16a83c8 00007f73b16a8430
0x00007f73b16a8420:   00007f73b16a8480 00007f73b3f672bd
0x00007f73b16a8430:   0000000709750240 0000000708b14920
0x00007f73b16a8440:   00007f73b16a8440 00007f73b2e25c8a
0x00007f73b16a8450:   00007f73b16a8498 00007f73b2e26ad0
0x00007f73b16a8460:   0000000000000000 00007f73b2e25c98
0x00007f73b16a8470:   00007f73b16a8430 00007f73b16a8490
0x00007f73b16a8480:   00007f73b16a84e0 00007f73b3f672bd
0x00007f73b16a8490:   0000000709750240 0000000708b14920
0x00007f73b16a84a0:   00007f73b16a84a0 00007f73b2e3476b
0x00007f73b16a84b0:   00007f73b16a8508 00007f73b2e60028
0x00007f73b16a84c0:   0000000000000000 00007f73b2e348d0
0x00007f73b16a84d0:   00007f73b16a8490 00007f73b16a8508 

Instructions: (pc=0x00007f73c959599e)
0x00007f73c959597e:   1f 00 41 57 41 56 41 55 41 54 55 48 89 f5 53 48
0x00007f73c959598e:   0f af ea 48 83 ec 08 48 85 ed 0f 84 41 01 00 00
0x00007f73c959599e:   8b 01 49 89 fe 49 89 f5 49 89 c8 25 00 80 00 00
0x00007f73c95959ae:   75 56 48 8b 99 88 00 00 00 64 4c 8b 24 25 10 00 

Register to memory mapping:

RAX=0x0000000000000006 is an unknown value
RBX=0x00007f73c41701f8 is an unknown value
RCX=0x0000000000000000 is an unknown value
RDX=0x0000000000000006 is an unknown value
RSP=0x00007f73b16a82e0 is pointing into the stack for thread: 0x00007f73c4170000
RBP=0x0000000000000006 is an unknown value
RSI=0x0000000000000001 is an unknown value
RDI=0x00007f7398192740 is an unknown value
R8 =0x000000000000000a is an unknown value
R9 =0x00007f7398192746 is an unknown value
R10=0x0000000000000016 is an unknown value
R11=0x00007f73c9595980: fwrite+0 in /lib/x86_64-linux-gnu/libc.so.6 at 0x00007f73c9516000
R12=0x00007f73b16a83c8 is pointing into the stack for thread: 0x00007f73c4170000
R13=0x0000000000000000 is an unknown value
R14=0x00007f73b16a83d8 is pointing into the stack for thread: 0x00007f73c4170000
R15=0x00007f73c4170000 is a thread


Stack: [0x00007f73b15a9000,0x00007f73b16aa000],  sp=0x00007f73b16a82e0,  free space=1020k
Native frames: (J=compiled Java code, j=interpreted, Vv=VM code, C=native code)
C  [libc.so.6+0x7f99e]  fwrite+0x1e

Java frames: (J=compiled Java code, j=interpreted, Vv=VM code)
j  prism.PrismNative.PN_PrintToFile(JLjava/lang/String;)V+0
j  prism.PrismFileLog.printToLog(Ljava/lang/String;)V+5
j  prism.PrismFileLog.print(Ljava/lang/String;)V+2
j  prism.Prism.initialise()V+51
j  checkers.Checker.startPrism()V+55
j  checkers.PrismThread.startPrism()V+71
j  checkers.PrismThread.run()V+39
j  java.lang.Thread.run()V+11
v  ~StubRoutines::call_stub

---------------  P R O C E S S  ---------------

Java Threads: ( => current thread )
  0x00007f739818d800 JavaThread "Image Fetcher 0" daemon [_thread_blocked, id=24337, stack(0x00007f7392516000,0x00007f7392617000)]
  0x00007f7398164800 JavaThread "AWT-EventQueue-0" [_thread_blocked, id=24336, stack(0x00007f7392817000,0x00007f7392918000)]
  0x00007f7398162800 JavaThread "AWT-Shutdown" [_thread_blocked, id=24335, stack(0x00007f7392918000,0x00007f7392a19000)]
  0x00007f739812f000 JavaThread "AWT-XAWT" daemon [_thread_in_native, id=24334, stack(0x00007f7392c19000,0x00007f7392d1a000)]
  0x00007f739810d800 JavaThread "Java2D Disposer" daemon [_thread_blocked, id=24333, stack(0x00007f73b006f000,0x00007f73b0170000)]
=>0x00007f73c4170000 JavaThread "prism" [_thread_in_native, id=24321, stack(0x00007f73b15a9000,0x00007f73b16aa000)]
  0x00007f73c40d0000 JavaThread "Service Thread" daemon [_thread_blocked, id=24319, stack(0x00007f73b1860000,0x00007f73b1961000)]
  0x00007f73c40b3000 JavaThread "C1 CompilerThread1" daemon [_thread_blocked, id=24318, stack(0x00007f73b1962000,0x00007f73b1a62000)]
  0x00007f73c40b1000 JavaThread "C2 CompilerThread0" daemon [_thread_blocked, id=24317, stack(0x00007f73b1a63000,0x00007f73b1b63000)]
  0x00007f73c40af800 JavaThread "Signal Dispatcher" daemon [_thread_blocked, id=24316, stack(0x00007f73b1b63000,0x00007f73b1c64000)]
  0x00007f73c407c000 JavaThread "Finalizer" daemon [_thread_blocked, id=24315, stack(0x00007f73b2633000,0x00007f73b2734000)]
  0x00007f73c4079800 JavaThread "Reference Handler" daemon [_thread_blocked, id=24314, stack(0x00007f73b2734000,0x00007f73b2835000)]
  0x00007f73c400b800 JavaThread "main" [_thread_blocked, id=24312, stack(0x00007f73ca052000,0x00007f73ca152000)]

Other Threads:
  0x00007f73c4070000 VMThread [stack: 0x00007f73c8001000,0x00007f73c8101000] [id=24313]
  0x00007f73c40d5800 WatcherThread [stack: 0x00007f73b1760000,0x00007f73b1860000] [id=24320]

VM state:not at safepoint (normal execution)

VM Mutex/Monitor currently owned by a thread: None

Heap:
 def new generation   total 56512K, used 17083K [0x0000000708800000, 0x000000070c550000, 0x0000000745aa0000)
  eden space 50240K,  34% used [0x0000000708800000, 0x00000007098aee30, 0x000000070b910000)
  from space 6272K,   0% used [0x000000070b910000, 0x000000070b910000, 0x000000070bf30000)
  to   space 6272K,   0% used [0x000000070bf30000, 0x000000070bf30000, 0x000000070c550000)
 tenured generation   total 125632K, used 0K [0x0000000745aa0000, 0x000000074d550000, 0x00000007c0000000)
   the space 125632K,   0% used [0x0000000745aa0000, 0x0000000745aa0000, 0x0000000745aa0200, 0x000000074d550000)
 Metaspace       used 13735K, capacity 13986K, committed 14208K, reserved 1060864K
  class space    used 1742K, capacity 1816K, committed 1920K, reserved 1048576K

Card table byte_map: [0x00007f73b35e2000,0x00007f73b3b9f000] byte_map_base: 0x00007f73afd9e000

Polling page: 0x00007f73ca166000

CodeCache: size=245760Kb used=3337Kb max_used=3340Kb free=242422Kb
 bounds [0x00007f73b3f5f000, 0x00007f73b42af000, 0x00007f73c2f5f000]
 total_blobs=1424 nmethods=906 adapters=431
 compilation: enabled

Compilation events (10 events):
Event: 2.690 Thread 0x00007f73c40b3000  902       3       java.util.concurrent.locks.LockSupport::setBlocker (12 bytes)
Event: 2.690 Thread 0x00007f73c40b3000 nmethod 902 0x00007f73b429e310 code [0x00007f73b429e460, 0x00007f73b429e5b0]
Event: 2.691 Thread 0x00007f73c40b3000  903       3       javax.swing.text.SimpleAttributeSet::addAttribute (11 bytes)
Event: 2.691 Thread 0x00007f73c40b3000 nmethod 903 0x00007f73b429db10 code [0x00007f73b429dca0, 0x00007f73b429e150]
Event: 2.692 Thread 0x00007f73c40b3000  904       3       javax.swing.plaf.basic.BasicComboBoxUI::getHandler (25 bytes)
Event: 2.692 Thread 0x00007f73c40b3000 nmethod 904 0x00007f73b429d510 code [0x00007f73b429d680, 0x00007f73b429d9b0]
Event: 2.695 Thread 0x00007f73c40b3000  905       1       settings.Setting::getKey (5 bytes)
Event: 2.695 Thread 0x00007f73c40b3000 nmethod 905 0x00007f73b42a2fd0 code [0x00007f73b42a3120, 0x00007f73b42a3230]
Event: 2.695 Thread 0x00007f73c40b3000  906       3       settings.DefaultSettingOwner::getSetting (12 bytes)
Event: 2.696 Thread 0x00007f73c40b3000 nmethod 906 0x00007f73b42a25d0 code [0x00007f73b42a2780, 0x00007f73b42a2c70]

GC Heap History (0 events):
No events

Deoptimization events (4 events):
Event: 2.032 Thread 0x00007f73c4170000 Uncommon trap: reason=bimorphic action=maybe_recompile pc=0x00007f73b41c7a4c method=javax.swing.UIDefaults.getFromHashtable(Ljava/lang/Object;)Ljava/lang/Object; @ 126
Event: 2.044 Thread 0x00007f73c4170000 Uncommon trap: reason=bimorphic action=maybe_recompile pc=0x00007f73b41c7a4c method=javax.swing.UIDefaults.getFromHashtable(Ljava/lang/Object;)Ljava/lang/Object; @ 126
Event: 2.047 Thread 0x00007f73c4170000 Uncommon trap: reason=bimorphic action=maybe_recompile pc=0x00007f73b41c7a4c method=javax.swing.UIDefaults.getFromHashtable(Ljava/lang/Object;)Ljava/lang/Object; @ 126
Event: 2.048 Thread 0x00007f73c4170000 Uncommon trap: reason=bimorphic action=maybe_recompile pc=0x00007f73b41c7a4c method=javax.swing.UIDefaults.getFromHashtable(Ljava/lang/Object;)Ljava/lang/Object; @ 126

Classes redefined (0 events):
No events

Internal exceptions (10 events):
Event: 0.046 Thread 0x00007f73c400b800 Exception <a 'java/lang/NoSuchMethodError': Method sun.misc.Unsafe.defineClass(Ljava/lang/String;[BII)Ljava/lang/Class; name or signature does not match> (0x0000000708807cb0) thrown at [/HUDSON/workspace/8-2-build-linux-amd64/jdk8u181/11358/hotspot/src/sh
Event: 0.046 Thread 0x00007f73c400b800 Exception <a 'java/lang/NoSuchMethodError': Method sun.misc.Unsafe.prefetchRead(Ljava/lang/Object;J)V name or signature does not match> (0x0000000708807f98) thrown at [/HUDSON/workspace/8-2-build-linux-amd64/jdk8u181/11358/hotspot/src/share/vm/prims/jni.c
Event: 0.233 Thread 0x00007f73c400b800 Exception <a 'java/security/PrivilegedActionException'> (0x0000000708880f30) thrown at [/HUDSON/workspace/8-2-build-linux-amd64/jdk8u181/11358/hotspot/src/share/vm/prims/jvm.cpp, line 1435]
Event: 0.233 Thread 0x00007f73c400b800 Exception <a 'java/security/PrivilegedActionException'> (0x0000000708881140) thrown at [/HUDSON/workspace/8-2-build-linux-amd64/jdk8u181/11358/hotspot/src/share/vm/prims/jvm.cpp, line 1435]
Event: 0.241 Thread 0x00007f73c400b800 Exception <a 'java/security/PrivilegedActionException'> (0x0000000708883728) thrown at [/HUDSON/workspace/8-2-build-linux-amd64/jdk8u181/11358/hotspot/src/share/vm/prims/jvm.cpp, line 1435]
Event: 0.241 Thread 0x00007f73c400b800 Exception <a 'java/security/PrivilegedActionException'> (0x0000000708883938) thrown at [/HUDSON/workspace/8-2-build-linux-amd64/jdk8u181/11358/hotspot/src/share/vm/prims/jvm.cpp, line 1435]
Event: 1.149 Thread 0x00007f73c4170000 Exception <a 'java/lang/NoSuchFieldError': method resolution failed> (0x0000000708d1db18) thrown at [/HUDSON/workspace/8-2-build-linux-amd64/jdk8u181/11358/hotspot/src/share/vm/prims/methodHandles.cpp, line 1167]
Event: 1.168 Thread 0x00007f73c4170000 Exception <a 'java/lang/NoSuchFieldError': method resolution failed> (0x0000000708d2b288) thrown at [/HUDSON/workspace/8-2-build-linux-amd64/jdk8u181/11358/hotspot/src/share/vm/prims/methodHandles.cpp, line 1167]
Event: 1.284 Thread 0x00007f73c4170000 Exception <a 'java/io/FileNotFoundException'> (0x0000000708dab678) thrown at [/HUDSON/workspace/8-2-build-linux-amd64/jdk8u181/11358/hotspot/src/share/vm/prims/jni.cpp, line 709]
Event: 1.284 Thread 0x00007f73c4170000 Exception <a 'java/io/FileNotFoundException'> (0x0000000708dac008) thrown at [/HUDSON/workspace/8-2-build-linux-amd64/jdk8u181/11358/hotspot/src/share/vm/prims/jni.cpp, line 709]

Events (10 events):
Event: 2.357 loading class javax/swing/JTable
Event: 2.357 loading class javax/swing/event/TableColumnModelListener
Event: 2.357 loading class javax/swing/event/TableColumnModelListener done
Event: 2.357 loading class javax/swing/event/CellEditorListener
Event: 2.357 loading class javax/swing/event/CellEditorListener done
Event: 2.358 loading class javax/swing/JTable done
Event: 2.460 loading class prism/Prism$ModelSource
Event: 2.460 loading class prism/Prism$ModelSource done
Event: 2.626 Thread 0x00007f7398213800 Thread added: 0x00007f7398213800
Event: 2.645 Thread 0x00007f7398213800 Thread exited: 0x00007f7398213800


Dynamic libraries:
00400000-00401000 r-xp 00000000 08:01 299893                             /usr/lib/jvm/jdk1.8.0_181/bin/java
00600000-00601000 rw-p 00000000 08:01 299893                             /usr/lib/jvm/jdk1.8.0_181/bin/java
00786000-007a7000 rw-p 00000000 00:00 0                                  [heap]
708800000-70c550000 rw-p 00000000 00:00 0 
70c550000-745aa0000 ---p 00000000 00:00 0 
745aa0000-74d550000 rw-p 00000000 00:00 0 
74d550000-7c0000000 ---p 00000000 00:00 0 
7c0000000-7c01e0000 rw-p 00000000 00:00 0 
7c01e0000-800000000 ---p 00000000 00:00 0 
7f7391d6d000-7f7391d70000 ---p 00000000 00:00 0 
7f7391d70000-7f7391e6e000 rw-p 00000000 00:00 0 
7f7391e6e000-7f7391ed8000 r-xp 00000000 08:01 423062                     /usr/lib/jvm/jdk1.8.0_181/jre/lib/amd64/libt2k.so
7f7391ed8000-7f73920d7000 ---p 0006a000 08:01 423062                     /usr/lib/jvm/jdk1.8.0_181/jre/lib/amd64/libt2k.so
7f73920d7000-7f73920de000 rw-p 00069000 08:01 423062                     /usr/lib/jvm/jdk1.8.0_181/jre/lib/amd64/libt2k.so
7f73920de000-7f73920ee000 rw-p 00000000 00:00 0 
7f73920ee000-7f73920ff000 r-xp 00000000 08:01 423099                     /usr/lib/jvm/jdk1.8.0_181/jre/lib/amd64/libnio.so
7f73920ff000-7f73922fe000 ---p 00011000 08:01 423099                     /usr/lib/jvm/jdk1.8.0_181/jre/lib/amd64/libnio.so
7f73922fe000-7f73922ff000 rw-p 00010000 08:01 423099                     /usr/lib/jvm/jdk1.8.0_181/jre/lib/amd64/libnio.so
7f73922ff000-7f7392315000 r-xp 00000000 08:01 423096                     /usr/lib/jvm/jdk1.8.0_181/jre/lib/amd64/libnet.so
7f7392315000-7f7392515000 ---p 00016000 08:01 423096                     /usr/lib/jvm/jdk1.8.0_181/jre/lib/amd64/libnet.so
7f7392515000-7f7392516000 rw-p 00016000 08:01 423096                     /usr/lib/jvm/jdk1.8.0_181/jre/lib/amd64/libnet.so
7f7392516000-7f7392519000 ---p 00000000 00:00 0 
7f7392519000-7f7392817000 rw-p 00000000 00:00 0 
7f7392817000-7f739281a000 ---p 00000000 00:00 0 
7f739281a000-7f7392918000 rw-p 00000000 00:00 0 
7f7392918000-7f739291b000 ---p 00000000 00:00 0 
7f739291b000-7f7392c19000 rw-p 00000000 00:00 0 
7f7392c19000-7f7392c1c000 ---p 00000000 00:00 0 
7f7392c1c000-7f7392d1a000 rw-p 00000000 00:00 0 
7f7392d1a000-7f7392d1f000 r-xp 00000000 08:01 12304                      /usr/lib/x86_64-linux-gnu/libXfixes.so.3.1.0
7f7392d1f000-7f7392f1e000 ---p 00005000 08:01 12304                      /usr/lib/x86_64-linux-gnu/libXfixes.so.3.1.0
7f7392f1e000-7f7392f1f000 r--p 00004000 08:01 12304                      /usr/lib/x86_64-linux-gnu/libXfixes.so.3.1.0
7f7392f1f000-7f7392f20000 rw-p 00005000 08:01 12304                      /usr/lib/x86_64-linux-gnu/libXfixes.so.3.1.0
7f7392f20000-7f7392f29000 r-xp 00000000 08:01 12296                      /usr/lib/x86_64-linux-gnu/libXcursor.so.1.0.2
7f7392f29000-7f7393128000 ---p 00009000 08:01 12296                      /usr/lib/x86_64-linux-gnu/libXcursor.so.1.0.2
7f7393128000-7f7393129000 r--p 00008000 08:01 12296                      /usr/lib/x86_64-linux-gnu/libXcursor.so.1.0.2
7f7393129000-7f739312a000 rw-p 00009000 08:01 12296                      /usr/lib/x86_64-linux-gnu/libXcursor.so.1.0.2
7f739312a000-7f739318f000 r-xp 00000000 08:01 423076                     /usr/lib/jvm/jdk1.8.0_181/jre/lib/amd64/libfontmanager.so
7f739318f000-7f739338e000 ---p 00065000 08:01 423076                     /usr/lib/jvm/jdk1.8.0_181/jre/lib/amd64/libfontmanager.so
7f739338e000-7f7393393000 rw-p 00064000 08:01 423076                     /usr/lib/jvm/jdk1.8.0_181/jre/lib/amd64/libfontmanager.so
7f7393393000-7f73933a3000 rw-p 00000000 00:00 0 
7f73933a3000-7f73933b6000 r-xp 00000000 08:01 268771                     /lib/x86_64-linux-gnu/libbsd.so.0.8.7
7f73933b6000-7f73935b5000 ---p 00013000 08:01 268771                     /lib/x86_64-linux-gnu/libbsd.so.0.8.7
7f73935b5000-7f73935b6000 r--p 00012000 08:01 268771                     /lib/x86_64-linux-gnu/libbsd.so.0.8.7
7f73935b6000-7f73935b7000 rw-p 00013000 08:01 268771                     /lib/x86_64-linux-gnu/libbsd.so.0.8.7
7f73935b7000-7f73935b8000 rw-p 00000000 00:00 0 
7f73935b8000-7f73935bd000 r-xp 00000000 08:01 12300                      /usr/lib/x86_64-linux-gnu/libXdmcp.so.6.0.0
7f73935bd000-7f73937bc000 ---p 00005000 08:01 12300                      /usr/lib/x86_64-linux-gnu/libXdmcp.so.6.0.0
7f73937bc000-7f73937bd000 r--p 00004000 08:01 12300                      /usr/lib/x86_64-linux-gnu/libXdmcp.so.6.0.0
7f73937bd000-7f73937be000 rw-p 00005000 08:01 12300                      /usr/lib/x86_64-linux-gnu/libXdmcp.so.6.0.0
7f73937be000-7f73937c0000 r-xp 00000000 08:01 12289                      /usr/lib/x86_64-linux-gnu/libXau.so.6.0.0
7f73937c0000-7f73939c0000 ---p 00002000 08:01 12289                      /usr/lib/x86_64-linux-gnu/libXau.so.6.0.0
7f73939c0000-7f73939c1000 r--p 00002000 08:01 12289                      /usr/lib/x86_64-linux-gnu/libXau.so.6.0.0
7f73939c1000-7f73939c2000 rw-p 00003000 08:01 12289                      /usr/lib/x86_64-linux-gnu/libXau.so.6.0.0
7f73939c2000-7f73939e8000 r-xp 00000000 08:01 13496                      /usr/lib/x86_64-linux-gnu/libxcb.so.1.1.0
7f73939e8000-7f7393be8000 ---p 00026000 08:01 13496                      /usr/lib/x86_64-linux-gnu/libxcb.so.1.1.0
7f7393be8000-7f7393be9000 r--p 00026000 08:01 13496                      /usr/lib/x86_64-linux-gnu/libxcb.so.1.1.0
7f7393be9000-7f7393bea000 rw-p 00027000 08:01 13496                      /usr/lib/x86_64-linux-gnu/libxcb.so.1.1.0
7f7393bea000-7f7393bf9000 r-xp 00000000 08:01 12310                      /usr/lib/x86_64-linux-gnu/libXi.so.6.1.0
7f7393bf9000-7f7393df8000 ---p 0000f000 08:01 12310                      /usr/lib/x86_64-linux-gnu/libXi.so.6.1.0
7f7393df8000-7f7393df9000 r--p 0000e000 08:01 12310                      /usr/lib/x86_64-linux-gnu/libXi.so.6.1.0
7f7393df9000-7f7393dfa000 rw-p 0000f000 08:01 12310                      /usr/lib/x86_64-linux-gnu/libXi.so.6.1.0
7f7393dfa000-7f7393dff000 r-xp 00000000 08:01 12328                      /usr/lib/x86_64-linux-gnu/libXtst.so.6.1.0
7f7393dff000-7f7393ffe000 ---p 00005000 08:01 12328                      /usr/lib/x86_64-linux-gnu/libXtst.so.6.1.0
7f7393ffe000-7f7393fff000 r--p 00004000 08:01 12328                      /usr/lib/x86_64-linux-gnu/libXtst.so.6.1.0
7f7393fff000-7f7394000000 rw-p 00005000 08:01 12328                      /usr/lib/x86_64-linux-gnu/libXtst.so.6.1.0
7f7394000000-7f739436c000 rw-p 00000000 00:00 0 
7f739436c000-7f7398000000 ---p 00000000 00:00 0 
7f7398000000-7f7398471000 rw-p 00000000 00:00 0 
7f7398471000-7f739c000000 ---p 00000000 00:00 0 
7f739c000000-7f739c021000 rw-p 00000000 00:00 0 
7f739c021000-7f73a0000000 ---p 00000000 00:00 0 
7f73a0000000-7f73a0177000 rw-p 00000000 00:00 0 
7f73a0177000-7f73a4000000 ---p 00000000 00:00 0 
7f73a4000000-7f73a402c000 rw-p 00000000 00:00 0 
7f73a402c000-7f73a8000000 ---p 00000000 00:00 0 
7f73a8000000-7f73a8021000 rw-p 00000000 00:00 0 
7f73a8021000-7f73ac000000 ---p 00000000 00:00 0 
7f73ac000000-7f73ac021000 rw-p 00000000 00:00 0 
7f73ac021000-7f73b0000000 ---p 00000000 00:00 0 
7f73b006f000-7f73b0072000 ---p 00000000 00:00 0 
7f73b0072000-7f73b0170000 rw-p 00000000 00:00 0 
7f73b0170000-7f73b0179000 r-xp 00000000 08:01 12322                      /usr/lib/x86_64-linux-gnu/libXrender.so.1.3.0
7f73b0179000-7f73b0378000 ---p 00009000 08:01 12322                      /usr/lib/x86_64-linux-gnu/libXrender.so.1.3.0
7f73b0378000-7f73b0379000 r--p 00008000 08:01 12322                      /usr/lib/x86_64-linux-gnu/libXrender.so.1.3.0
7f73b0379000-7f73b037a000 rw-p 00009000 08:01 12322                      /usr/lib/x86_64-linux-gnu/libXrender.so.1.3.0
7f73b037a000-7f73b04ae000 r-xp 00000000 08:01 12285                      /usr/lib/x86_64-linux-gnu/libX11.so.6.3.0
7f73b04ae000-7f73b06ae000 ---p 00134000 08:01 12285                      /usr/lib/x86_64-linux-gnu/libX11.so.6.3.0
7f73b06ae000-7f73b06af000 r--p 00134000 08:01 12285                      /usr/lib/x86_64-linux-gnu/libX11.so.6.3.0
7f73b06af000-7f73b06b3000 rw-p 00135000 08:01 12285                      /usr/lib/x86_64-linux-gnu/libX11.so.6.3.0
7f73b06b3000-7f73b06c4000 r-xp 00000000 08:01 12302                      /usr/lib/x86_64-linux-gnu/libXext.so.6.4.0
7f73b06c4000-7f73b08c3000 ---p 00011000 08:01 12302                      /usr/lib/x86_64-linux-gnu/libXext.so.6.4.0
7f73b08c3000-7f73b08c4000 r--p 00010000 08:01 12302                      /usr/lib/x86_64-linux-gnu/libXext.so.6.4.0
7f73b08c4000-7f73b08c5000 rw-p 00011000 08:01 12302                      /usr/lib/x86_64-linux-gnu/libXext.so.6.4.0
7f73b08c5000-7f73b0919000 r-xp 00000000 08:01 423103                     /usr/lib/jvm/jdk1.8.0_181/jre/lib/amd64/libawt_xawt.so
7f73b0919000-7f73b0b19000 ---p 00054000 08:01 423103                     /usr/lib/jvm/jdk1.8.0_181/jre/lib/amd64/libawt_xawt.so
7f73b0b19000-7f73b0b1d000 rw-p 00054000 08:01 423103                     /usr/lib/jvm/jdk1.8.0_181/jre/lib/amd64/libawt_xawt.so
7f73b0b1d000-7f73b0b1e000 rw-p 00000000 00:00 0 
7f73b0b1e000-7f73b0bc0000 r-xp 00000000 08:01 423089                     /usr/lib/jvm/jdk1.8.0_181/jre/lib/amd64/libawt.so
7f73b0bc0000-7f73b0dc0000 ---p 000a2000 08:01 423089                     /usr/lib/jvm/jdk1.8.0_181/jre/lib/amd64/libawt.so
7f73b0dc0000-7f73b0dcc000 rw-p 000a2000 08:01 423089                     /usr/lib/jvm/jdk1.8.0_181/jre/lib/amd64/libawt.so
7f73b0dcc000-7f73b0df0000 rw-p 00000000 00:00 0 
7f73b0df0000-7f73b0e07000 r-xp 00000000 08:01 292491                     /lib/x86_64-linux-gnu/libgcc_s.so.1
7f73b0e07000-7f73b1006000 ---p 00017000 08:01 292491                     /lib/x86_64-linux-gnu/libgcc_s.so.1
7f73b1006000-7f73b1007000 r--p 00016000 08:01 292491                     /lib/x86_64-linux-gnu/libgcc_s.so.1
7f73b1007000-7f73b1008000 rw-p 00017000 08:01 292491                     /lib/x86_64-linux-gnu/libgcc_s.so.1
7f73b1008000-7f73b1181000 r-xp 00000000 08:01 2222                       /usr/lib/x86_64-linux-gnu/libstdc++.so.6.0.25
7f73b1181000-7f73b1381000 ---p 00179000 08:01 2222                       /usr/lib/x86_64-linux-gnu/libstdc++.so.6.0.25
7f73b1381000-7f73b138b000 r--p 00179000 08:01 2222                       /usr/lib/x86_64-linux-gnu/libstdc++.so.6.0.25
7f73b138b000-7f73b138d000 rw-p 00183000 08:01 2222                       /usr/lib/x86_64-linux-gnu/libstdc++.so.6.0.25
7f73b138d000-7f73b1391000 rw-p 00000000 00:00 0 
7f73b1391000-7f73b13a4000 r--s 00345000 08:01 423003                     /usr/lib/jvm/jdk1.8.0_181/jre/lib/resources.jar
7f73b13a4000-7f73b13a8000 r-xp 00000000 08:01 1053981                    /opt/resources/prism-library/prism/lib/libprism.so
7f73b13a8000-7f73b15a7000 ---p 00004000 08:01 1053981                    /opt/resources/prism-library/prism/lib/libprism.so
7f73b15a7000-7f73b15a8000 r--p 00003000 08:01 1053981                    /opt/resources/prism-library/prism/lib/libprism.so
7f73b15a8000-7f73b15a9000 rw-p 00004000 08:01 1053981                    /opt/resources/prism-library/prism/lib/libprism.so
7f73b15a9000-7f73b15ac000 ---p 00000000 00:00 0 
7f73b15ac000-7f73b16aa000 rw-p 00000000 00:00 0 
7f73b16aa000-7f73b173f000 r--s 01109000 08:01 555531                     /usr/lib/jvm/jdk1.8.0_121/jre/lib/ext/jfxrt.jar
7f73b173f000-7f73b175f000 r--s 0027a000 08:01 1053985                    /opt/resources/prism-library/prism/lib/prism.jar
7f73b175f000-7f73b1760000 ---p 00000000 00:00 0 
7f73b1760000-7f73b1860000 rw-p 00000000 00:00 0 
7f73b1860000-7f73b1863000 ---p 00000000 00:00 0 
7f73b1863000-7f73b1961000 rw-p 00000000 00:00 0 
7f73b1961000-7f73b1962000 ---p 00000000 00:00 0 
7f73b1962000-7f73b1965000 ---p 00000000 00:00 0 
7f73b1965000-7f73b1a62000 rw-p 00000000 00:00 0 
7f73b1a62000-7f73b1a63000 ---p 00000000 00:00 0 
7f73b1a63000-7f73b1a66000 ---p 00000000 00:00 0 
7f73b1a66000-7f73b1b63000 rw-p 00000000 00:00 0 
7f73b1b63000-7f73b1b66000 ---p 00000000 00:00 0 
7f73b1b66000-7f73b1c64000 rw-p 00000000 00:00 0 
7f73b1c64000-7f73b2633000 r--p 00000000 08:01 6873                       /usr/lib/locale/locale-archive
7f73b2633000-7f73b2636000 ---p 00000000 00:00 0 
7f73b2636000-7f73b2734000 rw-p 00000000 00:00 0 
7f73b2734000-7f73b2737000 ---p 00000000 00:00 0 
7f73b2737000-7f73b2835000 rw-p 00000000 00:00 0 
7f73b2835000-7f73b2a0f000 r--s 03d6b000 08:01 422965                     /usr/lib/jvm/jdk1.8.0_181/jre/lib/rt.jar
7f73b2a0f000-7f73b324d000 rw-p 00000000 00:00 0 
7f73b324d000-7f73b35e2000 ---p 00000000 00:00 0 
7f73b35e2000-7f73b3601000 rw-p 00000000 00:00 0 
7f73b3601000-7f73b37cb000 ---p 00000000 00:00 0 
7f73b37cb000-7f73b3809000 rw-p 00000000 00:00 0 
7f73b3809000-7f73b3b9e000 ---p 00000000 00:00 0 
7f73b3b9e000-7f73b3bad000 rw-p 00000000 00:00 0 
7f73b3bad000-7f73b3f5f000 ---p 00000000 00:00 0 
7f73b3f5f000-7f73b42af000 rwxp 00000000 00:00 0 
7f73b42af000-7f73c2f5f000 ---p 00000000 00:00 0 
7f73c2f5f000-7f73c2f7a000 r-xp 00000000 08:01 423092                     /usr/lib/jvm/jdk1.8.0_181/jre/lib/amd64/libzip.so
7f73c2f7a000-7f73c317a000 ---p 0001b000 08:01 423092                     /usr/lib/jvm/jdk1.8.0_181/jre/lib/amd64/libzip.so
7f73c317a000-7f73c317b000 rw-p 0001b000 08:01 423092                     /usr/lib/jvm/jdk1.8.0_181/jre/lib/amd64/libzip.so
7f73c317b000-7f73c3186000 r-xp 00000000 08:01 293372                     /lib/x86_64-linux-gnu/libnss_files-2.27.so
7f73c3186000-7f73c3385000 ---p 0000b000 08:01 293372                     /lib/x86_64-linux-gnu/libnss_files-2.27.so
7f73c3385000-7f73c3386000 r--p 0000a000 08:01 293372                     /lib/x86_64-linux-gnu/libnss_files-2.27.so
7f73c3386000-7f73c3387000 rw-p 0000b000 08:01 293372                     /lib/x86_64-linux-gnu/libnss_files-2.27.so
7f73c3387000-7f73c338d000 rw-p 00000000 00:00 0 
7f73c338d000-7f73c33a4000 r-xp 00000000 08:01 293367                     /lib/x86_64-linux-gnu/libnsl-2.27.so
7f73c33a4000-7f73c35a3000 ---p 00017000 08:01 293367                     /lib/x86_64-linux-gnu/libnsl-2.27.so
7f73c35a3000-7f73c35a4000 r--p 00016000 08:01 293367                     /lib/x86_64-linux-gnu/libnsl-2.27.so
7f73c35a4000-7f73c35a5000 rw-p 00017000 08:01 293367                     /lib/x86_64-linux-gnu/libnsl-2.27.so
7f73c35a5000-7f73c35a7000 rw-p 00000000 00:00 0 
7f73c35a7000-7f73c35b2000 r-xp 00000000 08:01 293374                     /lib/x86_64-linux-gnu/libnss_nis-2.27.so
7f73c35b2000-7f73c37b1000 ---p 0000b000 08:01 293374                     /lib/x86_64-linux-gnu/libnss_nis-2.27.so
7f73c37b1000-7f73c37b2000 r--p 0000a000 08:01 293374                     /lib/x86_64-linux-gnu/libnss_nis-2.27.so
7f73c37b2000-7f73c37b3000 rw-p 0000b000 08:01 293374                     /lib/x86_64-linux-gnu/libnss_nis-2.27.so
7f73c37b3000-7f73c37bb000 r-xp 00000000 08:01 293370                     /lib/x86_64-linux-gnu/libnss_compat-2.27.so
7f73c37bb000-7f73c39bb000 ---p 00008000 08:01 293370                     /lib/x86_64-linux-gnu/libnss_compat-2.27.so
7f73c39bb000-7f73c39bc000 r--p 00008000 08:01 293370                     /lib/x86_64-linux-gnu/libnss_compat-2.27.so
7f73c39bc000-7f73c39bd000 rw-p 00009000 08:01 293370                     /lib/x86_64-linux-gnu/libnss_compat-2.27.so
7f73c39bd000-7f73c39e8000 r-xp 00000000 08:01 423086                     /usr/lib/jvm/jdk1.8.0_181/jre/lib/amd64/libjava.so
7f73c39e8000-7f73c3be7000 ---p 0002b000 08:01 423086                     /usr/lib/jvm/jdk1.8.0_181/jre/lib/amd64/libjava.so
7f73c3be7000-7f73c3be9000 rw-p 0002a000 08:01 423086                     /usr/lib/jvm/jdk1.8.0_181/jre/lib/amd64/libjava.so
7f73c3be9000-7f73c3bf6000 r-xp 00000000 08:01 423091                     /usr/lib/jvm/jdk1.8.0_181/jre/lib/amd64/libverify.so
7f73c3bf6000-7f73c3df6000 ---p 0000d000 08:01 423091                     /usr/lib/jvm/jdk1.8.0_181/jre/lib/amd64/libverify.so
7f73c3df6000-7f73c3df8000 rw-p 0000d000 08:01 423091                     /usr/lib/jvm/jdk1.8.0_181/jre/lib/amd64/libverify.so
7f73c3df8000-7f73c3dff000 r-xp 00000000 08:01 293659                     /lib/x86_64-linux-gnu/librt-2.27.so
7f73c3dff000-7f73c3ffe000 ---p 00007000 08:01 293659                     /lib/x86_64-linux-gnu/librt-2.27.so
7f73c3ffe000-7f73c3fff000 r--p 00006000 08:01 293659                     /lib/x86_64-linux-gnu/librt-2.27.so
7f73c3fff000-7f73c4000000 rw-p 00007000 08:01 293659                     /lib/x86_64-linux-gnu/librt-2.27.so
7f73c4000000-7f73c417d000 rw-p 00000000 00:00 0 
7f73c417d000-7f73c8000000 ---p 00000000 00:00 0 
7f73c8000000-7f73c8001000 ---p 00000000 00:00 0 
7f73c8001000-7f73c8177000 rw-p 00000000 00:00 0 
7f73c8177000-7f73c8314000 r-xp 00000000 08:01 293364                     /lib/x86_64-linux-gnu/libm-2.27.so
7f73c8314000-7f73c8513000 ---p 0019d000 08:01 293364                     /lib/x86_64-linux-gnu/libm-2.27.so
7f73c8513000-7f73c8514000 r--p 0019c000 08:01 293364                     /lib/x86_64-linux-gnu/libm-2.27.so
7f73c8514000-7f73c8515000 rw-p 0019d000 08:01 293364                     /lib/x86_64-linux-gnu/libm-2.27.so
7f73c8515000-7f73c91f1000 r-xp 00000000 08:01 529445                     /usr/lib/jvm/jdk1.8.0_181/jre/lib/amd64/server/libjvm.so
7f73c91f1000-7f73c93f1000 ---p 00cdc000 08:01 529445                     /usr/lib/jvm/jdk1.8.0_181/jre/lib/amd64/server/libjvm.so
7f73c93f1000-7f73c94cb000 rw-p 00cdc000 08:01 529445                     /usr/lib/jvm/jdk1.8.0_181/jre/lib/amd64/server/libjvm.so
7f73c94cb000-7f73c9516000 rw-p 00000000 00:00 0 
7f73c9516000-7f73c96fd000 r-xp 00000000 08:01 293344                     /lib/x86_64-linux-gnu/libc-2.27.so
7f73c96fd000-7f73c98fd000 ---p 001e7000 08:01 293344                     /lib/x86_64-linux-gnu/libc-2.27.so
7f73c98fd000-7f73c9901000 r--p 001e7000 08:01 293344                     /lib/x86_64-linux-gnu/libc-2.27.so
7f73c9901000-7f73c9903000 rw-p 001eb000 08:01 293344                     /lib/x86_64-linux-gnu/libc-2.27.so
7f73c9903000-7f73c9907000 rw-p 00000000 00:00 0 
7f73c9907000-7f73c990a000 r-xp 00000000 08:01 293363                     /lib/x86_64-linux-gnu/libdl-2.27.so
7f73c990a000-7f73c9b09000 ---p 00003000 08:01 293363                     /lib/x86_64-linux-gnu/libdl-2.27.so
7f73c9b09000-7f73c9b0a000 r--p 00002000 08:01 293363                     /lib/x86_64-linux-gnu/libdl-2.27.so
7f73c9b0a000-7f73c9b0b000 rw-p 00003000 08:01 293363                     /lib/x86_64-linux-gnu/libdl-2.27.so
7f73c9b0b000-7f73c9b21000 r-xp 00000000 08:01 300951                     /usr/lib/jvm/jdk1.8.0_181/lib/amd64/jli/libjli.so
7f73c9b21000-7f73c9d20000 ---p 00016000 08:01 300951                     /usr/lib/jvm/jdk1.8.0_181/lib/amd64/jli/libjli.so
7f73c9d20000-7f73c9d21000 rw-p 00015000 08:01 300951                     /usr/lib/jvm/jdk1.8.0_181/lib/amd64/jli/libjli.so
7f73c9d21000-7f73c9d3b000 r-xp 00000000 08:01 293377                     /lib/x86_64-linux-gnu/libpthread-2.27.so
7f73c9d3b000-7f73c9f3a000 ---p 0001a000 08:01 293377                     /lib/x86_64-linux-gnu/libpthread-2.27.so
7f73c9f3a000-7f73c9f3b000 r--p 00019000 08:01 293377                     /lib/x86_64-linux-gnu/libpthread-2.27.so
7f73c9f3b000-7f73c9f3c000 rw-p 0001a000 08:01 293377                     /lib/x86_64-linux-gnu/libpthread-2.27.so
7f73c9f3c000-7f73c9f40000 rw-p 00000000 00:00 0 
7f73c9f40000-7f73c9f69000 r-xp 00000000 08:01 293340                     /lib/x86_64-linux-gnu/ld-2.27.so
7f73c9f72000-7f73c9f7f000 r--s 00077000 08:01 1053987                    /opt/resources/prism-library/prism/lib/colt.jar
7f73c9f7f000-7f73ca051000 rw-p 00000000 00:00 0 
7f73ca051000-7f73ca052000 ---p 00000000 00:00 0 
7f73ca052000-7f73ca055000 ---p 00000000 00:00 0 
7f73ca055000-7f73ca154000 rw-p 00000000 00:00 0 
7f73ca154000-7f73ca156000 r--s 00007000 08:01 423114                     /usr/lib/jvm/jdk1.8.0_181/jre/lib/jfxswt.jar
7f73ca156000-7f73ca159000 r--s 00015000 08:01 1053995                    /opt/resources/prism-library/prism/lib/pepa.zip
7f73ca159000-7f73ca15d000 r--s 0003d000 08:01 1053992                    /opt/resources/prism-library/prism/lib/jhoafparser.jar
7f73ca15d000-7f73ca165000 rw-s 00000000 08:01 942961                     /tmp/hsperfdata_new/24311
7f73ca165000-7f73ca166000 rw-p 00000000 00:00 0 
7f73ca166000-7f73ca167000 r--p 00000000 00:00 0 
7f73ca167000-7f73ca169000 rw-p 00000000 00:00 0 
7f73ca169000-7f73ca16a000 r--p 00029000 08:01 293340                     /lib/x86_64-linux-gnu/ld-2.27.so
7f73ca16a000-7f73ca16b000 rw-p 0002a000 08:01 293340                     /lib/x86_64-linux-gnu/ld-2.27.so
7f73ca16b000-7f73ca16c000 rw-p 00000000 00:00 0 
7ffdc395e000-7ffdc3980000 rw-p 00000000 00:00 0                          [stack]
7ffdc398b000-7ffdc398e000 r--p 00000000 00:00 0                          [vvar]
7ffdc398e000-7ffdc3990000 r-xp 00000000 00:00 0                          [vdso]
ffffffffff600000-ffffffffff601000 r-xp 00000000 00:00 0                  [vsyscall]

VM Arguments:
jvm_args: -Djava.library.path=/opt/resources/prism-library/prism/lib/ -Dfile.encoding=UTF-8 
java_command: aCheck.CheckingDriver 123
java_class_path (initial): /home/new/Documents/git/checker2/Rover/bin:/opt/resources/prism-library/prism/lib/colt.jar:/opt/resources/prism-library/prism/lib/jhoafparser.jar:/opt/resources/prism-library/prism/lib/pepa.zip:/opt/resources/prism-library/prism/lib/prism.jar:/usr/lib/jvm/jdk1.8.0_181/jre/lib/jfxswt.jar:/usr/lib/jvm/jdk1.8.0_121/jre/lib/ext/jfxrt.jar
Launcher Type: SUN_STANDARD

Environment Variables:
PATH=/usr/local/sbin:/usr/local/bin:/usr/sbin:/usr/bin:/sbin:/bin:/usr/games:/usr/local/games:/snap/bin
USERNAME=new
LD_LIBRARY_PATH=:/opt/resouces/prism-library/prism/lib/:/opt/resouces/prism-library/prism/lib/:/opt/resources/prism-library/prism/lib/
SHELL=/bin/bash
DISPLAY=:0

Signal Handlers:
SIGSEGV: [libjvm.so+0xad2a40], sa_mask[0]=11111111011111111101111111111110, sa_flags=SA_RESTART|SA_SIGINFO
SIGBUS: [libjvm.so+0xad2a40], sa_mask[0]=11111111011111111101111111111110, sa_flags=SA_RESTART|SA_SIGINFO
SIGFPE: [libjvm.so+0x92a610], sa_mask[0]=11111111011111111101111111111110, sa_flags=SA_RESTART|SA_SIGINFO
SIGPIPE: [libjvm.so+0x92a610], sa_mask[0]=11111111011111111101111111111110, sa_flags=SA_RESTART|SA_SIGINFO
SIGXFSZ: [libjvm.so+0x92a610], sa_mask[0]=11111111011111111101111111111110, sa_flags=SA_RESTART|SA_SIGINFO
SIGILL: [libjvm.so+0x92a610], sa_mask[0]=11111111011111111101111111111110, sa_flags=SA_RESTART|SA_SIGINFO
SIGUSR1: SIG_DFL, sa_mask[0]=00000000000000000000000000000000, sa_flags=none
SIGUSR2: [libjvm.so+0x92be70], sa_mask[0]=00000000000000000000000000000000, sa_flags=SA_RESTART|SA_SIGINFO
SIGHUP: [libjvm.so+0x92d270], sa_mask[0]=11111111011111111101111111111110, sa_flags=SA_RESTART|SA_SIGINFO
SIGINT: [libjvm.so+0x92d270], sa_mask[0]=11111111011111111101111111111110, sa_flags=SA_RESTART|SA_SIGINFO
SIGTERM: [libjvm.so+0x92d270], sa_mask[0]=11111111011111111101111111111110, sa_flags=SA_RESTART|SA_SIGINFO
SIGQUIT: [libjvm.so+0x92d270], sa_mask[0]=11111111011111111101111111111110, sa_flags=SA_RESTART|SA_SIGINFO


---------------  S Y S T E M  ---------------

OS:DISTRIB_ID=Ubuntu
DISTRIB_RELEASE=18.04
DISTRIB_CODENAME=bionic
DISTRIB_DESCRIPTION="Ubuntu 18.04.1 LTS"

uname:Linux 4.15.0-29-generic #31-Ubuntu SMP Tue Jul 17 15:39:52 UTC 2018 x86_64
libc:glibc 2.27 NPTL 2.27 
rlimit: STACK 8192k, CORE 0k, NPROC 46716, NOFILE 4096, AS infinity
load average:1.81 1.62 1.43

/proc/meminfo:
MemTotal:       12018728 kB
MemFree:         4884312 kB
MemAvailable:    7462940 kB
Buffers:          292720 kB
Cached:          2532652 kB
SwapCached:            0 kB
Active:          5094768 kB
Inactive:        1598000 kB
Active(anon):    3863480 kB
Inactive(anon):   144120 kB
Active(file):    1231288 kB
Inactive(file):  1453880 kB
Unevictable:          80 kB
Mlocked:              80 kB
SwapTotal:        581564 kB
SwapFree:         581564 kB
Dirty:               960 kB
Writeback:             0 kB
AnonPages:       3867452 kB
Mapped:           680612 kB
Shmem:            146380 kB
Slab:             272200 kB
SReclaimable:     212376 kB
SUnreclaim:        59824 kB
KernelStack:       19792 kB
PageTables:        76952 kB
NFS_Unstable:          0 kB
Bounce:                0 kB
WritebackTmp:          0 kB
CommitLimit:     6590928 kB
Committed_AS:   10323944 kB
VmallocTotal:   34359738367 kB
VmallocUsed:           0 kB
VmallocChunk:          0 kB
HardwareCorrupted:     0 kB
AnonHugePages:         0 kB
ShmemHugePages:        0 kB
ShmemPmdMapped:        0 kB
CmaTotal:              0 kB
CmaFree:               0 kB
HugePages_Total:       0
HugePages_Free:        0
HugePages_Rsvd:        0
HugePages_Surp:        0
Hugepagesize:       2048 kB
DirectMap4k:      202688 kB
DirectMap2M:    12097536 kB


CPU:total 1 (initial active 1) (1 cores per cpu, 1 threads per core) family 6 model 158 stepping 9, cmov, cx8, fxsr, mmx, sse, sse2, sse3, ssse3, sse4.1, sse4.2, popcnt, avx, avx2, aes, clmul, 3dnowpref, lzcnt, tsc, tscinvbit

/proc/cpuinfo:
processor	: 0
vendor_id	: GenuineIntel
cpu family	: 6
model		: 158
model name	: Intel(R) Core(TM) i7-7700HQ CPU @ 2.80GHz
stepping	: 9
cpu MHz		: 2807.998
cache size	: 6144 KB
physical id	: 0
siblings	: 1
core id		: 0
cpu cores	: 1
apicid		: 0
initial apicid	: 0
fpu		: yes
fpu_exception	: yes
cpuid level	: 22
wp		: yes
flags		: fpu vme de pse tsc msr pae mce cx8 apic sep mtrr pge mca cmov pat pse36 clflush mmx fxsr sse sse2 ht syscall nx rdtscp lm constant_tsc rep_good nopl xtopology nonstop_tsc cpuid pni pclmulqdq monitor ssse3 cx16 pcid sse4_1 sse4_2 x2apic movbe popcnt aes xsave avx rdrand hypervisor lahf_lm abm 3dnowprefetch invpcid_single pti fsgsbase avx2 invpcid rdseed clflushopt
bugs		: cpu_meltdown spectre_v1 spectre_v2 spec_store_bypass
bogomips	: 5615.99
clflush size	: 64
cache_alignment	: 64
address sizes	: 39 bits physical, 48 bits virtual
power management:



Memory: 4k page, physical 12018728k(4884312k free), swap 581564k(581564k free)

vm_info: Java HotSpot(TM) 64-Bit Server VM (25.181-b13) for linux-amd64 JRE (1.8.0_181-b13), built on Jul  7 2018 00:56:38 by "java_re" with gcc 4.3.0 20080428 (Red Hat 4.3.0-8)

time: Sun Mar 27 00:08:37 2022
elapsed time: 2 seconds (0d 0h 0m 2s)

